09:24:02.000  异常信息：由于连接方在一段时间后没有正确答复或连接的主机没有反应，连接尝试失败。 192.168.0.222:80
  堆栈信息:   在 AutoUpdate.AppUpdate.DownloadFile(String url, String localFilePath) 位置 D:\ProjectData\MLL\Mulaolao\Mulaolao\Class\AppUpdate.cs:行号 242
   在 AutoUpdate.AppUpdate.CheckAppVersion(String& msg) 位置 D:\ProjectData\MLL\Mulaolao\Mulaolao\Class\AppUpdate.cs:行号 310
09:24:52.000 UPDATE R_PQP SET GS73='T' FROM R_PQQ WHERE GS01=CP01 AND GS35=CP09 AND (GS35  LIKE '%丝印%' OR GS35 LIKE '%雕刻%' OR GS35  LIKE '%砂皮%' OR GS35  LIKE '%走台印%' OR GS35  LIKE '%冲印%') 
09:24:52.000 UPDATE R_PQP SET GS73='T' FROM R_PQAH WHERE GS01=AH01 AND GS35=AH18 AND (GS35  LIKE '%丝印%' OR GS35 LIKE '%雕刻%' OR GS35  LIKE '%砂皮%' OR GS35  LIKE '%走台印%' OR GS35  LIKE '%冲印%')
09:24:52.000 UPDATE R_PQP SET GS73='T' FROM R_PQI WHERE GS01=YQ03 AND  GS35 LIKE '%油漆%'  AND YQ139='1'
09:24:52.000 UPDATE R_PQP SET GS73='T' FROM R_PQAF WHERE GS01=AF002 AND GS07=AF015 AND GS02=AF084 AND GS08 ='Φ'+CONVERT(VARCHAR,CONVERT(FLOAT,AF022*10))+'*'+CONVERT(VARCHAR,CONVERT(FLOAT,AF020*10)) 
09:24:53.000 UPDATE R_PQP SET GS73='T' FROM R_PQU WHERE GS01=PQU01 AND GS07=PQU10 AND GS08=PQU12  
09:24:53.000 UPDATE R_PQP SET GS73='T' FROM R_PQS WHERE GS01=PJ01 AND GS56=PJ09 AND GS57=PJ89  
09:24:53.000 UPDATE R_PQP SET GS73='T' FROM R_PQT WHERE GS01=WX01 AND GS56=WX10 AND GS57=WX11 
09:24:53.000 WITH CET AS (select GS70,GS01,GS46,GS49,GS71,GS02,right(GS08,len(GS08) - charindex('*',GS08) ) a from R_PQP  WHERE GS70='R_338' AND GS73='F' ),CFT AS (SELECT GS70,GS01,GS46,GS49,GS71,GS02,right(a,LEN(a)-charindex('*',a)) GS08 FROM CET  ),CHT AS( SELECT DISTINCT GS70,GS01,GS46,GS49,GS71,GS02,CONVERT(FLOAT,CONVERT(DECIMAL(11,2),GS08)*1.0/10) GS08 FROM CFT  )SELECT GS70,GS01,GS46,GS49,GS71,GS02,CONVERT(VARCHAR,GS08) GS08,'' GS07,PQF13,PQF31 FROM CHT A INNER JOIN R_PQF B ON A.GS01=B.PQF01  WHERE (SELECT COUNT(1) FROM R_PQO WHERE GS01=JM90 AND GS02=JM09 AND CONVERT(VARCHAR,GS08)=CONVERT(VARCHAR,CONVERT(FLOAT,CONVERT(DECIMAL(11,4),JM96))))=0 and GS01 not in (SELECT JM90 FROM R_PQO WHERE JM116='1' )
09:24:53.000 从数据类型 nvarchar 转换为 numeric 时出错。
09:26:44.000  异常信息：由于连接方在一段时间后没有正确答复或连接的主机没有反应，连接尝试失败。 192.168.0.222:80
  堆栈信息:   在 AutoUpdate.AppUpdate.DownloadFile(String url, String localFilePath) 位置 D:\ProjectData\MLL\Mulaolao\Mulaolao\Class\AppUpdate.cs:行号 242
   在 AutoUpdate.AppUpdate.CheckAppVersion(String& msg) 位置 D:\ProjectData\MLL\Mulaolao\Mulaolao\Class\AppUpdate.cs:行号 310
09:26:53.000 UPDATE R_PQP SET GS73='T' FROM R_PQQ WHERE GS01=CP01 AND GS35=CP09 AND (GS35  LIKE '%丝印%' OR GS35 LIKE '%雕刻%' OR GS35  LIKE '%砂皮%' OR GS35  LIKE '%走台印%' OR GS35  LIKE '%冲印%') 
09:26:53.000 UPDATE R_PQP SET GS73='T' FROM R_PQAH WHERE GS01=AH01 AND GS35=AH18 AND (GS35  LIKE '%丝印%' OR GS35 LIKE '%雕刻%' OR GS35  LIKE '%砂皮%' OR GS35  LIKE '%走台印%' OR GS35  LIKE '%冲印%')
09:26:53.000 UPDATE R_PQP SET GS73='T' FROM R_PQI WHERE GS01=YQ03 AND  GS35 LIKE '%油漆%'  AND YQ139='1'
09:26:53.000 UPDATE R_PQP SET GS73='T' FROM R_PQAF WHERE GS01=AF002 AND GS07=AF015 AND GS02=AF084 AND GS08 ='Φ'+CONVERT(VARCHAR,CONVERT(FLOAT,AF022*10))+'*'+CONVERT(VARCHAR,CONVERT(FLOAT,AF020*10)) 
09:26:53.000 UPDATE R_PQP SET GS73='T' FROM R_PQU WHERE GS01=PQU01 AND GS07=PQU10 AND GS08=PQU12  
09:26:53.000 UPDATE R_PQP SET GS73='T' FROM R_PQS WHERE GS01=PJ01 AND GS56=PJ09 AND GS57=PJ89  
09:26:53.000 UPDATE R_PQP SET GS73='T' FROM R_PQT WHERE GS01=WX01 AND GS56=WX10 AND GS57=WX11 
09:26:54.000 WITH CET AS (select GS70,GS01,GS46,GS49,GS71,GS02,right(GS08,len(GS08) - charindex('*',GS08) ) a from R_PQP  WHERE GS70='R_338' AND GS73='F' ),CFT AS (SELECT GS70,GS01,GS46,GS49,GS71,GS02,right(a,LEN(a)-charindex('*',a)) GS08 FROM CET  ),CHT AS( SELECT DISTINCT GS70,GS01,GS46,GS49,GS71,GS02,CONVERT(FLOAT,CONVERT(DECIMAL(11,2),GS08)*1.0/10) GS08 FROM CFT  )SELECT GS70,GS01,GS46,GS49,GS71,GS02,CONVERT(VARCHAR,GS08) GS08,'' GS07,PQF13,PQF31 FROM CHT A INNER JOIN R_PQF B ON A.GS01=B.PQF01  WHERE (SELECT COUNT(1) FROM R_PQO WHERE GS01=JM90 AND GS02=JM09 AND CONVERT(VARCHAR,GS08)=CONVERT(VARCHAR,CONVERT(FLOAT,CONVERT(DECIMAL(11,4),JM96))))=0 and GS01 not in (SELECT JM90 FROM R_PQO WHERE JM116='1' )
09:26:54.000 从数据类型 nvarchar 转换为 numeric 时出错。
14:44:10.000  异常信息：由于连接方在一段时间后没有正确答复或连接的主机没有反应，连接尝试失败。 192.168.0.222:80
  堆栈信息:   在 AutoUpdate.AppUpdate.DownloadFile(String url, String localFilePath) 位置 D:\ProjectData\MLL\Mulaolao\Mulaolao\Class\AppUpdate.cs:行号 242
   在 AutoUpdate.AppUpdate.CheckAppVersion(String& msg) 位置 D:\ProjectData\MLL\Mulaolao\Mulaolao\Class\AppUpdate.cs:行号 310
14:44:30.000 UPDATE R_PQP SET GS73='T' FROM R_PQQ WHERE GS01=CP01 AND GS35=CP09 AND (GS35  LIKE '%丝印%' OR GS35 LIKE '%雕刻%' OR GS35  LIKE '%砂皮%' OR GS35  LIKE '%走台印%' OR GS35  LIKE '%冲印%') 
14:44:30.000 UPDATE R_PQP SET GS73='T' FROM R_PQAH WHERE GS01=AH01 AND GS35=AH18 AND (GS35  LIKE '%丝印%' OR GS35 LIKE '%雕刻%' OR GS35  LIKE '%砂皮%' OR GS35  LIKE '%走台印%' OR GS35  LIKE '%冲印%')
14:44:30.000 UPDATE R_PQP SET GS73='T' FROM R_PQI WHERE GS01=YQ03 AND  GS35 LIKE '%油漆%'  AND YQ139='1'
14:44:30.000 UPDATE R_PQP SET GS73='T' FROM R_PQAF WHERE GS01=AF002 AND GS07=AF015 AND GS02=AF084 AND GS08 ='Φ'+CONVERT(VARCHAR,CONVERT(FLOAT,AF022*10))+'*'+CONVERT(VARCHAR,CONVERT(FLOAT,AF020*10)) 
14:44:31.000 UPDATE R_PQP SET GS73='T' FROM R_PQU WHERE GS01=PQU01 AND GS07=PQU10 AND GS08=PQU12  
14:44:31.000 UPDATE R_PQP SET GS73='T' FROM R_PQS WHERE GS01=PJ01 AND GS56=PJ09 AND GS57=PJ89  
14:44:31.000 UPDATE R_PQP SET GS73='T' FROM R_PQT WHERE GS01=WX01 AND GS56=WX10 AND GS57=WX11 
14:44:31.000 WITH CET AS (select GS70,GS01,GS46,GS49,GS71,GS02,right(GS08,len(GS08) - charindex('*',GS08) ) a from R_PQP  WHERE GS70='R_338' AND GS73='F' ),CFT AS (SELECT GS70,GS01,GS46,GS49,GS71,GS02,right(a,LEN(a)-charindex('*',a)) GS08 FROM CET  ),CHT AS( SELECT DISTINCT GS70,GS01,GS46,GS49,GS71,GS02,CONVERT(FLOAT,CONVERT(DECIMAL(11,2),GS08)*1.0/10) GS08 FROM CFT  )SELECT GS70,GS01,GS46,GS49,GS71,GS02,CONVERT(VARCHAR,GS08) GS08,'' GS07,PQF13,PQF31 FROM CHT A INNER JOIN R_PQF B ON A.GS01=B.PQF01  WHERE (SELECT COUNT(1) FROM R_PQO WHERE GS01=JM90 AND GS02=JM09 AND CONVERT(VARCHAR,GS08)=CONVERT(VARCHAR,CONVERT(FLOAT,CONVERT(DECIMAL(11,4),JM96))))=0 and GS01 not in (SELECT JM90 FROM R_PQO WHERE JM116='1' )
14:44:31.000 从数据类型 nvarchar 转换为 numeric 时出错。
14:45:24.000 UPDATE R_PQAF SET AF082='T' WHERE AF001 IN ('R_342-20160506001,R_342-20160511012','R_342-20160506001,R_342-20160511012','R_342-20160506001,R_342-20160511012','R_342-20160506001,R_342-20160511012','R_342-20160506001,R_342-20160511012','R_342-20160506001,R_342-20160511012','R_342-20160506001,R_342-20160511012','R_342-20160506001,R_342-20160511012','R_342-20160506001,R_342-20160511012','R_342-20160506001,R_342-20160511012','R_342-20160506001,R_342-20160511012','R_342-20160506001,R_342-20160511012','R_342-20160506004','R_342-20160511011','R_342-20160511011','R_342-20160511011','R_342-20160511011')
14:45:24.000 UPDATE R_PQAC SET AC17='T' WHERE AC18 IN ('R_342-20160506001,R_342-20160511012','R_342-20160506001,R_342-20160511012','R_342-20160506001,R_342-20160511012','R_342-20160506001,R_342-20160511012','R_342-20160506001,R_342-20160511012','R_342-20160506001,R_342-20160511012','R_342-20160506001,R_342-20160511012','R_342-20160506001,R_342-20160511012','R_342-20160506001,R_342-20160511012','R_342-20160506001,R_342-20160511012','R_342-20160506001,R_342-20160511012','R_342-20160506001,R_342-20160511012','R_342-20160506004','R_342-20160511011','R_342-20160511011','R_342-20160511011','R_342-20160511011')
14:45:48.000 SELECT CONVERT(DECIMAL(18,0),CASE WHEN AF020*AF021*AF022=0 THEN 0 ELSE AF023/AF020/AF021/AF022*1000000 END) AF FROM R_PQAF WHERE AF002=(SELECT MAX(AF002) FROM R_PQAF WHERE AF004='303898-2' AND AF002!='18050127' AND AF015='System.Data.DataRowView' AND AF020='' AND AF021='' AND AF022='') AND AF004='303898-2' AND AF015='System.Data.DataRowView' AND AF020='' AND AF021='' AND AF022=''
14:45:48.000 从数据类型 varchar 转换为 numeric 时出错。
14:45:48.000 SELECT CONVERT(DECIMAL(18,2),AF023*AF019) AF FROM R_PQAF WHERE AF002=(SELECT MAX(AF002) FROM R_PQAF WHERE AF004='303898-2' AND AF002!='18050127' AND AF015='System.Data.DataRowView' AND AF020='' AND AF021='' AND AF022='') AND AF004='303898-2' AND AF015='System.Data.DataRowView' AND AF020='' AND AF021='' AND AF022=''
14:45:48.000 从数据类型 varchar 转换为 numeric 时出错。
14:45:48.000 SELECT CONVERT(DECIMAL(18,0),CASE WHEN AF020*AF021*AF022=0 THEN 0 ELSE AF023/AF020/AF021/AF022*1000000 END) AF FROM R_PQAF WHERE AF002=(SELECT MAX(AF002) FROM R_PQAF WHERE AF004='' AND AF002!='' AND AF015='' AND AF020='' AND AF021='' AND AF022='') AND AF004='' AND AF015='' AND AF020='' AND AF021='' AND AF022=''
14:45:48.000 从数据类型 varchar 转换为 numeric 时出错。
14:45:48.000 SELECT CONVERT(DECIMAL(18,2),AF023*AF019) AF FROM R_PQAF WHERE AF002=(SELECT MAX(AF002) FROM R_PQAF WHERE AF004='' AND AF002!='' AND AF015='' AND AF020='' AND AF021='' AND AF022='') AND AF004='' AND AF015='' AND AF020='' AND AF021='' AND AF022=''
14:45:48.000 从数据类型 varchar 转换为 numeric 时出错。
14:45:50.000 SELECT CONVERT(DECIMAL(18,0),CASE WHEN AF020*AF021*AF022=0 THEN 0 ELSE AF023/AF020/AF021/AF022*1000000 END) AF FROM R_PQAF WHERE AF002=(SELECT MAX(AF002) FROM R_PQAF WHERE AF004='303898-2' AND AF002!='18050127' AND AF015='偏长方体' AND AF020='' AND AF021='' AND AF022='') AND AF004='303898-2' AND AF015='偏长方体' AND AF020='' AND AF021='' AND AF022=''
14:45:50.000 从数据类型 varchar 转换为 numeric 时出错。
14:45:50.000 SELECT CONVERT(DECIMAL(18,2),AF023*AF019) AF FROM R_PQAF WHERE AF002=(SELECT MAX(AF002) FROM R_PQAF WHERE AF004='303898-2' AND AF002!='18050127' AND AF015='偏长方体' AND AF020='' AND AF021='' AND AF022='') AND AF004='303898-2' AND AF015='偏长方体' AND AF020='' AND AF021='' AND AF022=''
14:45:50.000 从数据类型 varchar 转换为 numeric 时出错。
14:45:50.000 SELECT CONVERT(DECIMAL(18,0),CASE WHEN AF020*AF021*AF022=0 THEN 0 ELSE AF023/AF020/AF021/AF022*1000000 END) AF FROM R_PQAF WHERE AF002=(SELECT MAX(AF002) FROM R_PQAF WHERE AF004='303898-2' AND AF002!='18050127' AND AF015='红小拱桥' AND AF020='' AND AF021='' AND AF022='') AND AF004='303898-2' AND AF015='红小拱桥' AND AF020='' AND AF021='' AND AF022=''
14:45:50.000 从数据类型 varchar 转换为 numeric 时出错。
14:45:50.000 SELECT CONVERT(DECIMAL(18,2),AF023*AF019) AF FROM R_PQAF WHERE AF002=(SELECT MAX(AF002) FROM R_PQAF WHERE AF004='303898-2' AND AF002!='18050127' AND AF015='红小拱桥' AND AF020='' AND AF021='' AND AF022='') AND AF004='303898-2' AND AF015='红小拱桥' AND AF020='' AND AF021='' AND AF022=''
14:45:50.000 从数据类型 varchar 转换为 numeric 时出错。
14:45:50.000 SELECT CONVERT(DECIMAL(18,0),CASE WHEN AF020*AF021*AF022=0 THEN 0 ELSE AF023/AF020/AF021/AF022*1000000 END) AF FROM R_PQAF WHERE AF002=(SELECT MAX(AF002) FROM R_PQAF WHERE AF004='303898-2' AND AF002!='18050127' AND AF015='红小拱桥' AND AF020='5.40' AND AF021='' AND AF022='') AND AF004='303898-2' AND AF015='红小拱桥' AND AF020='5.40' AND AF021='' AND AF022=''
14:45:50.000 从数据类型 varchar 转换为 numeric 时出错。
14:45:50.000 SELECT CONVERT(DECIMAL(18,0),CASE WHEN AF020*AF021*AF022=0 THEN 0 ELSE AF023/AF020/AF021/AF022*1000000 END) AF FROM R_PQAF WHERE AF002=(SELECT MAX(AF002) FROM R_PQAF WHERE AF004='303898-2' AND AF002!='18050127' AND AF015='红小拱桥' AND AF020='5.40' AND AF021='' AND AF022='') AND AF004='303898-2' AND AF015='红小拱桥' AND AF020='5.40' AND AF021='' AND AF022=''
14:45:50.000 从数据类型 varchar 转换为 numeric 时出错。
14:45:50.000 SELECT CONVERT(DECIMAL(18,0),CASE WHEN AF020*AF021*AF022=0 THEN 0 ELSE AF023/AF020/AF021/AF022*1000000 END) AF FROM R_PQAF WHERE AF002=(SELECT MAX(AF002) FROM R_PQAF WHERE AF004='303898-2' AND AF002!='18050127' AND AF015='红小拱桥' AND AF020='5.40' AND AF021='2.7' AND AF022='') AND AF004='303898-2' AND AF015='红小拱桥' AND AF020='5.40' AND AF021='2.7' AND AF022=''
14:45:50.000 从数据类型 varchar 转换为 numeric 时出错。
14:45:56.000 SELECT CONVERT(DECIMAL(18,0),CASE WHEN AF020*AF021*AF022=0 THEN 0 ELSE AF023/AF020/AF021/AF022*1000000 END) AF FROM R_PQAF WHERE AF002=(SELECT MAX(AF002) FROM R_PQAF WHERE AF004='303898-2' AND AF002!='18050127' AND AF015='桔梯形' AND AF020='.00' AND AF021='' AND AF022='2.70') AND AF004='303898-2' AND AF015='桔梯形' AND AF020='.00' AND AF021='' AND AF022='2.70'
14:45:56.000 从数据类型 varchar 转换为 numeric 时出错。
14:45:56.000 SELECT CONVERT(DECIMAL(18,0),CASE WHEN AF020*AF021*AF022=0 THEN 0 ELSE AF023/AF020/AF021/AF022*1000000 END) AF FROM R_PQAF WHERE AF002=(SELECT MAX(AF002) FROM R_PQAF WHERE AF004='303898-2' AND AF002!='18050127' AND AF015='桔梯形' AND AF020='.00' AND AF021='' AND AF022='') AND AF004='303898-2' AND AF015='桔梯形' AND AF020='.00' AND AF021='' AND AF022=''
14:45:56.000 从数据类型 varchar 转换为 numeric 时出错。
14:45:57.000 SELECT CONVERT(DECIMAL(18,0),CASE WHEN AF020*AF021*AF022=0 THEN 0 ELSE AF023/AF020/AF021/AF022*1000000 END) AF FROM R_PQAF WHERE AF002=(SELECT MAX(AF002) FROM R_PQAF WHERE AF004='303898-2' AND AF002!='18050127' AND AF015='桔梯形' AND AF020='9.30' AND AF021='' AND AF022='') AND AF004='303898-2' AND AF015='桔梯形' AND AF020='9.30' AND AF021='' AND AF022=''
14:45:57.000 从数据类型 varchar 转换为 numeric 时出错。
14:45:57.000 SELECT CONVERT(DECIMAL(18,0),CASE WHEN AF020*AF021*AF022=0 THEN 0 ELSE AF023/AF020/AF021/AF022*1000000 END) AF FROM R_PQAF WHERE AF002=(SELECT MAX(AF002) FROM R_PQAF WHERE AF004='303898-2' AND AF002!='18050127' AND AF015='桔梯形' AND AF020='9.30' AND AF021='' AND AF022='') AND AF004='303898-2' AND AF015='桔梯形' AND AF020='9.30' AND AF021='' AND AF022=''
14:45:57.000 从数据类型 varchar 转换为 numeric 时出错。
14:45:57.000 SELECT CONVERT(DECIMAL(18,0),CASE WHEN AF020*AF021*AF022=0 THEN 0 ELSE AF023/AF020/AF021/AF022*1000000 END) AF FROM R_PQAF WHERE AF002=(SELECT MAX(AF002) FROM R_PQAF WHERE AF004='303898-2' AND AF002!='18050127' AND AF015='桔梯形' AND AF020='9.30' AND AF021='2.7' AND AF022='') AND AF004='303898-2' AND AF015='桔梯形' AND AF020='9.30' AND AF021='2.7' AND AF022=''
14:45:57.000 从数据类型 varchar 转换为 numeric 时出错。
14:45:59.000 UPDATE R_PQAF SET AF085='2018/9/11 14:45:59' WHERE AF001='R_342-20180830001'
