09:18:54.000  异常信息：由于连接方在一段时间后没有正确答复或连接的主机没有反应，连接尝试失败。 192.168.0.222:80
  堆栈信息:   在 AutoUpdate.AppUpdate.DownloadFile(String url, String localFilePath) 位置 D:\ProjectData\MLL\Mulaolao\Mulaolao\Class\AppUpdate.cs:行号 242
   在 AutoUpdate.AppUpdate.CheckAppVersion(String& msg) 位置 D:\ProjectData\MLL\Mulaolao\Mulaolao\Class\AppUpdate.cs:行号 310
09:19:38.000  异常信息：由于连接方在一段时间后没有正确答复或连接的主机没有反应，连接尝试失败。 192.168.0.222:80
  堆栈信息:   在 AutoUpdate.AppUpdate.DownloadFile(String url, String localFilePath) 位置 D:\ProjectData\MLL\Mulaolao\Mulaolao\Class\AppUpdate.cs:行号 242
   在 AutoUpdate.AppUpdate.CheckAppVersion(String& msg) 位置 D:\ProjectData\MLL\Mulaolao\Mulaolao\Class\AppUpdate.cs:行号 310
09:21:08.000 UPDATE R_PQP SET GS73='T' FROM R_PQQ WHERE GS01=CP01 AND GS35=CP09 AND (GS35  LIKE '%丝印%' OR GS35 LIKE '%雕刻%' OR GS35  LIKE '%砂皮%' OR GS35  LIKE '%走台印%' OR GS35  LIKE '%冲印%') 
09:21:08.000 UPDATE R_PQP SET GS73='T' FROM R_PQAH WHERE GS01=AH01 AND GS35=AH18 AND (GS35  LIKE '%丝印%' OR GS35 LIKE '%雕刻%' OR GS35  LIKE '%砂皮%' OR GS35  LIKE '%走台印%' OR GS35  LIKE '%冲印%')
09:21:08.000 UPDATE R_PQP SET GS73='T' FROM R_PQI WHERE GS01=YQ03 AND  GS35 LIKE '%油漆%'  AND YQ139='1'
09:21:08.000 UPDATE R_PQP SET GS73='T' FROM R_PQAF WHERE GS01=AF002 AND GS07=AF015 AND GS02=AF084 AND GS08 ='Φ'+CONVERT(VARCHAR,CONVERT(FLOAT,AF022*10))+'*'+CONVERT(VARCHAR,CONVERT(FLOAT,AF020*10)) 
09:21:09.000 UPDATE R_PQP SET GS73='T' FROM R_PQU WHERE GS01=PQU01 AND GS07=PQU10 AND GS08=PQU12  
09:21:09.000 UPDATE R_PQP SET GS73='T' FROM R_PQS WHERE GS01=PJ01 AND GS56=PJ09 AND GS57=PJ89  
09:21:09.000 UPDATE R_PQP SET GS73='T' FROM R_PQT WHERE GS01=WX01 AND GS56=WX10 AND GS57=WX11 
09:21:09.000 WITH CET AS (select GS70,GS01,GS46,GS49,GS71,GS02,right(GS08,len(GS08) - charindex('*',GS08) ) a from R_PQP  WHERE GS70='R_338' AND GS73='F' ),CFT AS (SELECT GS70,GS01,GS46,GS49,GS71,GS02,right(a,LEN(a)-charindex('*',a)) GS08 FROM CET  ),CHT AS( SELECT DISTINCT GS70,GS01,GS46,GS49,GS71,GS02,CONVERT(FLOAT,CONVERT(DECIMAL(11,2),GS08)*1.0/10) GS08 FROM CFT  )SELECT GS70,GS01,GS46,GS49,GS71,GS02,CONVERT(VARCHAR,GS08) GS08,'' GS07,PQF13,PQF31 FROM CHT A INNER JOIN R_PQF B ON A.GS01=B.PQF01  WHERE (SELECT COUNT(1) FROM R_PQO WHERE GS01=JM90 AND GS02=JM09 AND CONVERT(VARCHAR,GS08)=CONVERT(VARCHAR,CONVERT(FLOAT,CONVERT(DECIMAL(11,4),JM96))))=0 and GS01 not in (SELECT JM90 FROM R_PQO WHERE JM116='1' )
09:21:09.000 从数据类型 nvarchar 转换为 numeric 时出错。
09:21:46.000 UPDATE R_PQAMB SET AMB307='11969.40' WHERE AMB001='R_338-20180903005'
09:21:46.000 UPDATE R_PQAM SET AM307=11969.40 WHERE AM002='18080296'
09:21:46.000 @RES06[R_338-20180903005]
09:21:46.000 @RES01[R_338]
09:21:50.000 UPDATE R_PQO SET JM09='胶合板',JM10='117.90000',JM11='36.0000',JM12='4253.31',JM13='72.5900',JM14='外购',JM15='0',JM16='2018/9/25 0:00:00',JM17='2018/9/3 0:00:00',JM91='0.00',JM92='杨子',JM93='E1',JM94='92.00',JM95='92.00',JM96='1.00',JM103='2004',JM104='17',JM112='36.0000',JM118='0' WHERE JM01='R_338-20180903005' AND idx='5882'
09:21:50.000 INSERT INTO R_PQBF (BF001,BF002,BF003,BF004,BF005,BF006,BF007,BF008) VALUES ('R_338','胶合板、密度板采购合同书','系统管理者','2018/9/7 9:21:50','R_338-20180903005','UPDATE R_PQO SET JM09=''胶合板'',JM10=''117.90000'',JM11=''36.0000'',JM12=''4253.31'',JM13=''72.5900'',JM14=''外购'',JM15=''0'',JM16=''2018/9/25 0:00:00'',JM17=''2018/9/3 0:00:00'',JM91=''0.00'',JM92=''杨子'',JM93=''E1'',JM94=''92.00'',JM95=''92.00'',JM96=''1.00'',JM103=''2004'',JM104=''17'',JM112=''36.0000'',JM118=''0'' WHERE JM01=''R_338-20180903005'' AND idx=''5882''','编辑','维护编辑')
09:22:06.000 UPDATE R_PQO SET JM09='胶合板',JM10='5.20520',JM11='29.5000',JM12='4356.69',JM13='787.8000',JM14='外购',JM15='0',JM16='2018/9/25 0:00:00',JM17='2018/9/3 0:00:00',JM91='0.00',JM92='杨子',JM93='E1',JM94='92.00',JM95='92.00',JM96='0.80',JM103='2004',JM104='385',JM112='29.5000',JM118='0' WHERE JM01='R_338-20180903005' AND idx='5881'
09:22:06.000 INSERT INTO R_PQBF (BF001,BF002,BF003,BF004,BF005,BF006,BF007,BF008) VALUES ('R_338','胶合板、密度板采购合同书','系统管理者','2018/9/7 9:22:06','R_338-20180903005','UPDATE R_PQO SET JM09=''胶合板'',JM10=''5.20520'',JM11=''29.5000'',JM12=''4356.69'',JM13=''787.8000'',JM14=''外购'',JM15=''0'',JM16=''2018/9/25 0:00:00'',JM17=''2018/9/3 0:00:00'',JM91=''0.00'',JM92=''杨子'',JM93=''E1'',JM94=''92.00'',JM95=''92.00'',JM96=''0.80'',JM103=''2004'',JM104=''385'',JM112=''29.5000'',JM118=''0'' WHERE JM01=''R_338-20180903005'' AND idx=''5881''','编辑','维护编辑')
09:27:56.000  异常信息：由于连接方在一段时间后没有正确答复或连接的主机没有反应，连接尝试失败。 192.168.0.222:80
  堆栈信息:   在 AutoUpdate.AppUpdate.DownloadFile(String url, String localFilePath) 位置 D:\ProjectData\MLL\Mulaolao\Mulaolao\Class\AppUpdate.cs:行号 242
   在 AutoUpdate.AppUpdate.CheckAppVersion(String& msg) 位置 D:\ProjectData\MLL\Mulaolao\Mulaolao\Class\AppUpdate.cs:行号 310
09:29:02.000 UPDATE R_PQP SET GS73='T' FROM R_PQQ WHERE GS01=CP01 AND GS35=CP09 AND (GS35  LIKE '%丝印%' OR GS35 LIKE '%雕刻%' OR GS35  LIKE '%砂皮%' OR GS35  LIKE '%走台印%' OR GS35  LIKE '%冲印%') 
09:29:02.000 UPDATE R_PQP SET GS73='T' FROM R_PQAH WHERE GS01=AH01 AND GS35=AH18 AND (GS35  LIKE '%丝印%' OR GS35 LIKE '%雕刻%' OR GS35  LIKE '%砂皮%' OR GS35  LIKE '%走台印%' OR GS35  LIKE '%冲印%')
09:29:02.000 UPDATE R_PQP SET GS73='T' FROM R_PQI WHERE GS01=YQ03 AND  GS35 LIKE '%油漆%'  AND YQ139='1'
09:29:03.000 UPDATE R_PQP SET GS73='T' FROM R_PQAF WHERE GS01=AF002 AND GS07=AF015 AND GS02=AF084 AND GS08 ='Φ'+CONVERT(VARCHAR,CONVERT(FLOAT,AF022*10))+'*'+CONVERT(VARCHAR,CONVERT(FLOAT,AF020*10)) 
09:29:03.000 UPDATE R_PQP SET GS73='T' FROM R_PQU WHERE GS01=PQU01 AND GS07=PQU10 AND GS08=PQU12  
09:29:03.000 UPDATE R_PQP SET GS73='T' FROM R_PQS WHERE GS01=PJ01 AND GS56=PJ09 AND GS57=PJ89  
09:29:03.000 UPDATE R_PQP SET GS73='T' FROM R_PQT WHERE GS01=WX01 AND GS56=WX10 AND GS57=WX11 
09:29:03.000 WITH CET AS (select GS70,GS01,GS46,GS49,GS71,GS02,right(GS08,len(GS08) - charindex('*',GS08) ) a from R_PQP  WHERE GS70='R_338' AND GS73='F' ),CFT AS (SELECT GS70,GS01,GS46,GS49,GS71,GS02,right(a,LEN(a)-charindex('*',a)) GS08 FROM CET  ),CHT AS( SELECT DISTINCT GS70,GS01,GS46,GS49,GS71,GS02,CONVERT(FLOAT,CONVERT(DECIMAL(11,2),GS08)*1.0/10) GS08 FROM CFT  )SELECT GS70,GS01,GS46,GS49,GS71,GS02,CONVERT(VARCHAR,GS08) GS08,'' GS07,PQF13,PQF31 FROM CHT A INNER JOIN R_PQF B ON A.GS01=B.PQF01  WHERE (SELECT COUNT(1) FROM R_PQO WHERE GS01=JM90 AND GS02=JM09 AND CONVERT(VARCHAR,GS08)=CONVERT(VARCHAR,CONVERT(FLOAT,CONVERT(DECIMAL(11,4),JM96))))=0 and GS01 not in (SELECT JM90 FROM R_PQO WHERE JM116='1' )
09:29:03.000 从数据类型 nvarchar 转换为 numeric 时出错。
09:49:05.000  异常信息：由于连接方在一段时间后没有正确答复或连接的主机没有反应，连接尝试失败。 192.168.0.222:80
  堆栈信息:   在 AutoUpdate.AppUpdate.DownloadFile(String url, String localFilePath) 位置 D:\ProjectData\MLL\Mulaolao\Mulaolao\Class\AppUpdate.cs:行号 242
   在 AutoUpdate.AppUpdate.CheckAppVersion(String& msg) 位置 D:\ProjectData\MLL\Mulaolao\Mulaolao\Class\AppUpdate.cs:行号 310
09:49:13.000 UPDATE R_PQP SET GS73='T' FROM R_PQQ WHERE GS01=CP01 AND GS35=CP09 AND (GS35  LIKE '%丝印%' OR GS35 LIKE '%雕刻%' OR GS35  LIKE '%砂皮%' OR GS35  LIKE '%走台印%' OR GS35  LIKE '%冲印%') 
09:49:13.000 UPDATE R_PQP SET GS73='T' FROM R_PQAH WHERE GS01=AH01 AND GS35=AH18 AND (GS35  LIKE '%丝印%' OR GS35 LIKE '%雕刻%' OR GS35  LIKE '%砂皮%' OR GS35  LIKE '%走台印%' OR GS35  LIKE '%冲印%')
09:49:13.000 UPDATE R_PQP SET GS73='T' FROM R_PQI WHERE GS01=YQ03 AND  GS35 LIKE '%油漆%'  AND YQ139='1'
09:49:13.000 UPDATE R_PQP SET GS73='T' FROM R_PQAF WHERE GS01=AF002 AND GS07=AF015 AND GS02=AF084 AND GS08 ='Φ'+CONVERT(VARCHAR,CONVERT(FLOAT,AF022*10))+'*'+CONVERT(VARCHAR,CONVERT(FLOAT,AF020*10)) 
09:49:13.000 UPDATE R_PQP SET GS73='T' FROM R_PQU WHERE GS01=PQU01 AND GS07=PQU10 AND GS08=PQU12  
09:49:14.000 UPDATE R_PQP SET GS73='T' FROM R_PQS WHERE GS01=PJ01 AND GS56=PJ09 AND GS57=PJ89  
09:49:14.000 UPDATE R_PQP SET GS73='T' FROM R_PQT WHERE GS01=WX01 AND GS56=WX10 AND GS57=WX11 
09:49:14.000 WITH CET AS (select GS70,GS01,GS46,GS49,GS71,GS02,right(GS08,len(GS08) - charindex('*',GS08) ) a from R_PQP  WHERE GS70='R_338' AND GS73='F' ),CFT AS (SELECT GS70,GS01,GS46,GS49,GS71,GS02,right(a,LEN(a)-charindex('*',a)) GS08 FROM CET  ),CHT AS( SELECT DISTINCT GS70,GS01,GS46,GS49,GS71,GS02,CONVERT(FLOAT,CONVERT(DECIMAL(11,2),GS08)*1.0/10) GS08 FROM CFT  )SELECT GS70,GS01,GS46,GS49,GS71,GS02,CONVERT(VARCHAR,GS08) GS08,'' GS07,PQF13,PQF31 FROM CHT A INNER JOIN R_PQF B ON A.GS01=B.PQF01  WHERE (SELECT COUNT(1) FROM R_PQO WHERE GS01=JM90 AND GS02=JM09 AND CONVERT(VARCHAR,GS08)=CONVERT(VARCHAR,CONVERT(FLOAT,CONVERT(DECIMAL(11,4),JM96))))=0 and GS01 not in (SELECT JM90 FROM R_PQO WHERE JM116='1' )
09:49:14.000 从数据类型 nvarchar 转换为 numeric 时出错。
09:52:46.000  异常信息：由于连接方在一段时间后没有正确答复或连接的主机没有反应，连接尝试失败。 192.168.0.222:80
  堆栈信息:   在 AutoUpdate.AppUpdate.DownloadFile(String url, String localFilePath) 位置 D:\ProjectData\MLL\Mulaolao\Mulaolao\Class\AppUpdate.cs:行号 242
   在 AutoUpdate.AppUpdate.CheckAppVersion(String& msg) 位置 D:\ProjectData\MLL\Mulaolao\Mulaolao\Class\AppUpdate.cs:行号 310
09:52:55.000 UPDATE R_PQP SET GS73='T' FROM R_PQQ WHERE GS01=CP01 AND GS35=CP09 AND (GS35  LIKE '%丝印%' OR GS35 LIKE '%雕刻%' OR GS35  LIKE '%砂皮%' OR GS35  LIKE '%走台印%' OR GS35  LIKE '%冲印%') 
09:52:55.000 UPDATE R_PQP SET GS73='T' FROM R_PQAH WHERE GS01=AH01 AND GS35=AH18 AND (GS35  LIKE '%丝印%' OR GS35 LIKE '%雕刻%' OR GS35  LIKE '%砂皮%' OR GS35  LIKE '%走台印%' OR GS35  LIKE '%冲印%')
09:52:55.000 UPDATE R_PQP SET GS73='T' FROM R_PQI WHERE GS01=YQ03 AND  GS35 LIKE '%油漆%'  AND YQ139='1'
09:52:55.000 UPDATE R_PQP SET GS73='T' FROM R_PQAF WHERE GS01=AF002 AND GS07=AF015 AND GS02=AF084 AND GS08 ='Φ'+CONVERT(VARCHAR,CONVERT(FLOAT,AF022*10))+'*'+CONVERT(VARCHAR,CONVERT(FLOAT,AF020*10)) 
09:52:55.000 UPDATE R_PQP SET GS73='T' FROM R_PQU WHERE GS01=PQU01 AND GS07=PQU10 AND GS08=PQU12  
09:52:55.000 UPDATE R_PQP SET GS73='T' FROM R_PQS WHERE GS01=PJ01 AND GS56=PJ09 AND GS57=PJ89  
09:52:55.000 UPDATE R_PQP SET GS73='T' FROM R_PQT WHERE GS01=WX01 AND GS56=WX10 AND GS57=WX11 
09:52:56.000 WITH CET AS (select GS70,GS01,GS46,GS49,GS71,GS02,right(GS08,len(GS08) - charindex('*',GS08) ) a from R_PQP  WHERE GS70='R_338' AND GS73='F' ),CFT AS (SELECT GS70,GS01,GS46,GS49,GS71,GS02,right(a,LEN(a)-charindex('*',a)) GS08 FROM CET  ),CHT AS( SELECT DISTINCT GS70,GS01,GS46,GS49,GS71,GS02,CONVERT(FLOAT,CONVERT(DECIMAL(11,2),GS08)*1.0/10) GS08 FROM CFT  )SELECT GS70,GS01,GS46,GS49,GS71,GS02,CONVERT(VARCHAR,GS08) GS08,'' GS07,PQF13,PQF31 FROM CHT A INNER JOIN R_PQF B ON A.GS01=B.PQF01  WHERE (SELECT COUNT(1) FROM R_PQO WHERE GS01=JM90 AND GS02=JM09 AND CONVERT(VARCHAR,GS08)=CONVERT(VARCHAR,CONVERT(FLOAT,CONVERT(DECIMAL(11,4),JM96))))=0 and GS01 not in (SELECT JM90 FROM R_PQO WHERE JM116='1' )
09:52:56.000 从数据类型 nvarchar 转换为 numeric 时出错。
09:55:08.000  异常信息：由于连接方在一段时间后没有正确答复或连接的主机没有反应，连接尝试失败。 192.168.0.222:80
  堆栈信息:   在 AutoUpdate.AppUpdate.DownloadFile(String url, String localFilePath) 位置 D:\ProjectData\MLL\Mulaolao\Mulaolao\Class\AppUpdate.cs:行号 242
   在 AutoUpdate.AppUpdate.CheckAppVersion(String& msg) 位置 D:\ProjectData\MLL\Mulaolao\Mulaolao\Class\AppUpdate.cs:行号 310
09:55:19.000 UPDATE R_PQP SET GS73='T' FROM R_PQQ WHERE GS01=CP01 AND GS35=CP09 AND (GS35  LIKE '%丝印%' OR GS35 LIKE '%雕刻%' OR GS35  LIKE '%砂皮%' OR GS35  LIKE '%走台印%' OR GS35  LIKE '%冲印%') 
09:55:19.000 UPDATE R_PQP SET GS73='T' FROM R_PQAH WHERE GS01=AH01 AND GS35=AH18 AND (GS35  LIKE '%丝印%' OR GS35 LIKE '%雕刻%' OR GS35  LIKE '%砂皮%' OR GS35  LIKE '%走台印%' OR GS35  LIKE '%冲印%')
09:55:19.000 UPDATE R_PQP SET GS73='T' FROM R_PQI WHERE GS01=YQ03 AND  GS35 LIKE '%油漆%'  AND YQ139='1'
09:55:19.000 UPDATE R_PQP SET GS73='T' FROM R_PQAF WHERE GS01=AF002 AND GS07=AF015 AND GS02=AF084 AND GS08 ='Φ'+CONVERT(VARCHAR,CONVERT(FLOAT,AF022*10))+'*'+CONVERT(VARCHAR,CONVERT(FLOAT,AF020*10)) 
09:55:19.000 UPDATE R_PQP SET GS73='T' FROM R_PQU WHERE GS01=PQU01 AND GS07=PQU10 AND GS08=PQU12  
09:55:19.000 UPDATE R_PQP SET GS73='T' FROM R_PQS WHERE GS01=PJ01 AND GS56=PJ09 AND GS57=PJ89  
09:55:19.000 UPDATE R_PQP SET GS73='T' FROM R_PQT WHERE GS01=WX01 AND GS56=WX10 AND GS57=WX11 
09:55:19.000 WITH CET AS (select GS70,GS01,GS46,GS49,GS71,GS02,right(GS08,len(GS08) - charindex('*',GS08) ) a from R_PQP  WHERE GS70='R_338' AND GS73='F' ),CFT AS (SELECT GS70,GS01,GS46,GS49,GS71,GS02,right(a,LEN(a)-charindex('*',a)) GS08 FROM CET  ),CHT AS( SELECT DISTINCT GS70,GS01,GS46,GS49,GS71,GS02,CONVERT(FLOAT,CONVERT(DECIMAL(11,2),GS08)*1.0/10) GS08 FROM CFT  )SELECT GS70,GS01,GS46,GS49,GS71,GS02,CONVERT(VARCHAR,GS08) GS08,'' GS07,PQF13,PQF31 FROM CHT A INNER JOIN R_PQF B ON A.GS01=B.PQF01  WHERE (SELECT COUNT(1) FROM R_PQO WHERE GS01=JM90 AND GS02=JM09 AND CONVERT(VARCHAR,GS08)=CONVERT(VARCHAR,CONVERT(FLOAT,CONVERT(DECIMAL(11,4),JM96))))=0 and GS01 not in (SELECT JM90 FROM R_PQO WHERE JM116='1' )
09:55:19.000 从数据类型 nvarchar 转换为 numeric 时出错。
09:57:20.000  异常信息：由于连接方在一段时间后没有正确答复或连接的主机没有反应，连接尝试失败。 192.168.0.222:80
  堆栈信息:   在 AutoUpdate.AppUpdate.DownloadFile(String url, String localFilePath) 位置 D:\ProjectData\MLL\Mulaolao\Mulaolao\Class\AppUpdate.cs:行号 242
   在 AutoUpdate.AppUpdate.CheckAppVersion(String& msg) 位置 D:\ProjectData\MLL\Mulaolao\Mulaolao\Class\AppUpdate.cs:行号 310
09:58:59.000 UPDATE R_PQP SET GS73='T' FROM R_PQQ WHERE GS01=CP01 AND GS35=CP09 AND (GS35  LIKE '%丝印%' OR GS35 LIKE '%雕刻%' OR GS35  LIKE '%砂皮%' OR GS35  LIKE '%走台印%' OR GS35  LIKE '%冲印%') 
09:58:59.000 UPDATE R_PQP SET GS73='T' FROM R_PQAH WHERE GS01=AH01 AND GS35=AH18 AND (GS35  LIKE '%丝印%' OR GS35 LIKE '%雕刻%' OR GS35  LIKE '%砂皮%' OR GS35  LIKE '%走台印%' OR GS35  LIKE '%冲印%')
09:58:59.000 UPDATE R_PQP SET GS73='T' FROM R_PQI WHERE GS01=YQ03 AND  GS35 LIKE '%油漆%'  AND YQ139='1'
09:58:59.000 UPDATE R_PQP SET GS73='T' FROM R_PQAF WHERE GS01=AF002 AND GS07=AF015 AND GS02=AF084 AND GS08 ='Φ'+CONVERT(VARCHAR,CONVERT(FLOAT,AF022*10))+'*'+CONVERT(VARCHAR,CONVERT(FLOAT,AF020*10)) 
09:58:59.000 UPDATE R_PQP SET GS73='T' FROM R_PQU WHERE GS01=PQU01 AND GS07=PQU10 AND GS08=PQU12  
09:58:59.000 UPDATE R_PQP SET GS73='T' FROM R_PQS WHERE GS01=PJ01 AND GS56=PJ09 AND GS57=PJ89  
09:58:59.000 UPDATE R_PQP SET GS73='T' FROM R_PQT WHERE GS01=WX01 AND GS56=WX10 AND GS57=WX11 
09:59:00.000 WITH CET AS (select GS70,GS01,GS46,GS49,GS71,GS02,right(GS08,len(GS08) - charindex('*',GS08) ) a from R_PQP  WHERE GS70='R_338' AND GS73='F' ),CFT AS (SELECT GS70,GS01,GS46,GS49,GS71,GS02,right(a,LEN(a)-charindex('*',a)) GS08 FROM CET  ),CHT AS( SELECT DISTINCT GS70,GS01,GS46,GS49,GS71,GS02,CONVERT(FLOAT,CONVERT(DECIMAL(11,2),GS08)*1.0/10) GS08 FROM CFT  )SELECT GS70,GS01,GS46,GS49,GS71,GS02,CONVERT(VARCHAR,GS08) GS08,'' GS07,PQF13,PQF31 FROM CHT A INNER JOIN R_PQF B ON A.GS01=B.PQF01  WHERE (SELECT COUNT(1) FROM R_PQO WHERE GS01=JM90 AND GS02=JM09 AND CONVERT(VARCHAR,GS08)=CONVERT(VARCHAR,CONVERT(FLOAT,CONVERT(DECIMAL(11,4),JM96))))=0 and GS01 not in (SELECT JM90 FROM R_PQO WHERE JM116='1' )
09:59:00.000 从数据类型 nvarchar 转换为 numeric 时出错。
09:59:44.000 @RES06[R_338-20180903003]
09:59:44.000 @RES01[R_338]
09:59:48.000 UPDATE R_PQO SET JM09='密度板',JM10='45.00000',JM11='74.5000',JM12='1668.46',JM13='0.0000',JM14='外购',JM15='0',JM16='2018/9/8 0:00:00',JM17='2018/9/7 9:59:46',JM91='0.00',JM92='巨江',JM93='E1',JM94='244.00',JM95='122.00',JM96='1.50',JM103='15500',JM104='344',JM112='74.5000',JM118='10' WHERE JM01='R_338-20180903003' AND idx='5879'
09:59:48.000 INSERT INTO R_PQBF (BF001,BF002,BF003,BF004,BF005,BF006,BF007,BF008) VALUES ('R_338','胶合板、密度板采购合同书','系统管理者','2018/9/7 9:59:48','R_338-20180903003','UPDATE R_PQO SET JM09=''密度板'',JM10=''45.00000'',JM11=''74.5000'',JM12=''1668.46'',JM13=''0.0000'',JM14=''外购'',JM15=''0'',JM16=''2018/9/8 0:00:00'',JM17=''2018/9/7 9:59:46'',JM91=''0.00'',JM92=''巨江'',JM93=''E1'',JM94=''244.00'',JM95=''122.00'',JM96=''1.50'',JM103=''15500'',JM104=''344'',JM112=''74.5000'',JM118=''10'' WHERE JM01=''R_338-20180903003'' AND idx=''5879''','编辑','更改编辑')
09:59:59.000 UPDATE R_PQO SET JM09='密度板',JM10='45.00000',JM11='74.5000',JM12='1668.46',JM13='0.0000',JM14='外购',JM15='0',JM16='2018/9/8 0:00:00',JM17='2018/9/7 0:00:00',JM91='0.00',JM92='巨江',JM93='E1',JM94='244.00',JM95='122.00',JM96='1.50',JM103='15500',JM104='344',JM112='74.5000',JM118='50' WHERE JM01='R_338-20180903003' AND idx='5879'
09:59:59.000 INSERT INTO R_PQBF (BF001,BF002,BF003,BF004,BF005,BF006,BF007,BF008) VALUES ('R_338','胶合板、密度板采购合同书','系统管理者','2018/9/7 9:59:59','R_338-20180903003','UPDATE R_PQO SET JM09=''密度板'',JM10=''45.00000'',JM11=''74.5000'',JM12=''1668.46'',JM13=''0.0000'',JM14=''外购'',JM15=''0'',JM16=''2018/9/8 0:00:00'',JM17=''2018/9/7 0:00:00'',JM91=''0.00'',JM92=''巨江'',JM93=''E1'',JM94=''244.00'',JM95=''122.00'',JM96=''1.50'',JM103=''15500'',JM104=''344'',JM112=''74.5000'',JM118=''50'' WHERE JM01=''R_338-20180903003'' AND idx=''5879''','编辑','更改编辑')
10:00:05.000 UPDATE R_PQO SET JM09='密度板',JM10='45.00000',JM11='74.5000',JM12='1668.46',JM13='0.0000',JM14='外购',JM15='0',JM16='2018/9/8 0:00:00',JM17='2018/9/7 0:00:00',JM91='0.00',JM92='巨江',JM93='E1',JM94='244.00',JM95='122.00',JM96='1.50',JM103='15500',JM104='344',JM112='74.5000',JM118='100' WHERE JM01='R_338-20180903003' AND idx='5879'
10:00:05.000 INSERT INTO R_PQBF (BF001,BF002,BF003,BF004,BF005,BF006,BF007,BF008) VALUES ('R_338','胶合板、密度板采购合同书','系统管理者','2018/9/7 10:00:05','R_338-20180903003','UPDATE R_PQO SET JM09=''密度板'',JM10=''45.00000'',JM11=''74.5000'',JM12=''1668.46'',JM13=''0.0000'',JM14=''外购'',JM15=''0'',JM16=''2018/9/8 0:00:00'',JM17=''2018/9/7 0:00:00'',JM91=''0.00'',JM92=''巨江'',JM93=''E1'',JM94=''244.00'',JM95=''122.00'',JM96=''1.50'',JM103=''15500'',JM104=''344'',JM112=''74.5000'',JM118=''100'' WHERE JM01=''R_338-20180903003'' AND idx=''5879''','编辑','更改编辑')
10:00:10.000 UPDATE R_PQO SET JM09='密度板',JM10='45.00000',JM11='74.5000',JM12='1668.46',JM13='0.0000',JM14='外购',JM15='0',JM16='2018/9/8 0:00:00',JM17='2018/9/7 0:00:00',JM91='0.00',JM92='巨江',JM93='E1',JM94='244.00',JM95='122.00',JM96='1.50',JM103='15500',JM104='344',JM112='74.5000',JM118='300' WHERE JM01='R_338-20180903003' AND idx='5879'
10:00:10.000 INSERT INTO R_PQBF (BF001,BF002,BF003,BF004,BF005,BF006,BF007,BF008) VALUES ('R_338','胶合板、密度板采购合同书','系统管理者','2018/9/7 10:00:10','R_338-20180903003','UPDATE R_PQO SET JM09=''密度板'',JM10=''45.00000'',JM11=''74.5000'',JM12=''1668.46'',JM13=''0.0000'',JM14=''外购'',JM15=''0'',JM16=''2018/9/8 0:00:00'',JM17=''2018/9/7 0:00:00'',JM91=''0.00'',JM92=''巨江'',JM93=''E1'',JM94=''244.00'',JM95=''122.00'',JM96=''1.50'',JM103=''15500'',JM104=''344'',JM112=''74.5000'',JM118=''300'' WHERE JM01=''R_338-20180903003'' AND idx=''5879''','编辑','更改编辑')
10:01:27.000  异常信息：由于连接方在一段时间后没有正确答复或连接的主机没有反应，连接尝试失败。 192.168.0.222:80
  堆栈信息:   在 AutoUpdate.AppUpdate.DownloadFile(String url, String localFilePath) 位置 D:\ProjectData\MLL\Mulaolao\Mulaolao\Class\AppUpdate.cs:行号 242
   在 AutoUpdate.AppUpdate.CheckAppVersion(String& msg) 位置 D:\ProjectData\MLL\Mulaolao\Mulaolao\Class\AppUpdate.cs:行号 310
10:01:36.000 UPDATE R_PQP SET GS73='T' FROM R_PQQ WHERE GS01=CP01 AND GS35=CP09 AND (GS35  LIKE '%丝印%' OR GS35 LIKE '%雕刻%' OR GS35  LIKE '%砂皮%' OR GS35  LIKE '%走台印%' OR GS35  LIKE '%冲印%') 
10:01:36.000 UPDATE R_PQP SET GS73='T' FROM R_PQAH WHERE GS01=AH01 AND GS35=AH18 AND (GS35  LIKE '%丝印%' OR GS35 LIKE '%雕刻%' OR GS35  LIKE '%砂皮%' OR GS35  LIKE '%走台印%' OR GS35  LIKE '%冲印%')
10:01:36.000 UPDATE R_PQP SET GS73='T' FROM R_PQI WHERE GS01=YQ03 AND  GS35 LIKE '%油漆%'  AND YQ139='1'
10:01:36.000 UPDATE R_PQP SET GS73='T' FROM R_PQAF WHERE GS01=AF002 AND GS07=AF015 AND GS02=AF084 AND GS08 ='Φ'+CONVERT(VARCHAR,CONVERT(FLOAT,AF022*10))+'*'+CONVERT(VARCHAR,CONVERT(FLOAT,AF020*10)) 
10:01:36.000 UPDATE R_PQP SET GS73='T' FROM R_PQU WHERE GS01=PQU01 AND GS07=PQU10 AND GS08=PQU12  
10:01:37.000 UPDATE R_PQP SET GS73='T' FROM R_PQS WHERE GS01=PJ01 AND GS56=PJ09 AND GS57=PJ89  
10:01:37.000 UPDATE R_PQP SET GS73='T' FROM R_PQT WHERE GS01=WX01 AND GS56=WX10 AND GS57=WX11 
10:01:37.000 WITH CET AS (select GS70,GS01,GS46,GS49,GS71,GS02,right(GS08,len(GS08) - charindex('*',GS08) ) a from R_PQP  WHERE GS70='R_338' AND GS73='F' ),CFT AS (SELECT GS70,GS01,GS46,GS49,GS71,GS02,right(a,LEN(a)-charindex('*',a)) GS08 FROM CET  ),CHT AS( SELECT DISTINCT GS70,GS01,GS46,GS49,GS71,GS02,CONVERT(FLOAT,CONVERT(DECIMAL(11,2),GS08)*1.0/10) GS08 FROM CFT  )SELECT GS70,GS01,GS46,GS49,GS71,GS02,CONVERT(VARCHAR,GS08) GS08,'' GS07,PQF13,PQF31 FROM CHT A INNER JOIN R_PQF B ON A.GS01=B.PQF01  WHERE (SELECT COUNT(1) FROM R_PQO WHERE GS01=JM90 AND GS02=JM09 AND CONVERT(VARCHAR,GS08)=CONVERT(VARCHAR,CONVERT(FLOAT,CONVERT(DECIMAL(11,4),JM96))))=0 and GS01 not in (SELECT JM90 FROM R_PQO WHERE JM116='1' )
10:01:37.000 从数据类型 nvarchar 转换为 numeric 时出错。
10:05:43.000 @RES06[R_338-20180903003]
10:05:43.000 @RES01[R_338]
10:05:46.000 UPDATE R_PQO SET JM09='密度板',JM10='72.00000',JM11='32.5000',JM12='2322.93',JM13='0.0000',JM14='外购',JM15='0',JM16='2018/9/8 0:00:00',JM17='2018/9/7 10:05:41',JM91='0.00',JM92='宝源',JM93='E1',JM94='244.00',JM95='122.00',JM96='0.47',JM103='15500',JM104='215',JM112='32.5000',JM118='10' WHERE JM01='R_338-20180903003' AND idx='5878'
10:05:46.000 INSERT INTO R_PQBF (BF001,BF002,BF003,BF004,BF005,BF006,BF007,BF008) VALUES ('R_338','胶合板、密度板采购合同书','系统管理者','2018/9/7 10:05:46','R_338-20180903003','UPDATE R_PQO SET JM09=''密度板'',JM10=''72.00000'',JM11=''32.5000'',JM12=''2322.93'',JM13=''0.0000'',JM14=''外购'',JM15=''0'',JM16=''2018/9/8 0:00:00'',JM17=''2018/9/7 10:05:41'',JM91=''0.00'',JM92=''宝源'',JM93=''E1'',JM94=''244.00'',JM95=''122.00'',JM96=''0.47'',JM103=''15500'',JM104=''215'',JM112=''32.5000'',JM118=''10'' WHERE JM01=''R_338-20180903003'' AND idx=''5878''','编辑','更改编辑')
10:05:51.000 UPDATE R_PQO SET JM09='密度板',JM10='5.45650',JM11='18.3000',JM12='2208.97',JM13='0.0000',JM14='外购',JM15='0',JM16='2018/9/8 0:00:00',JM17='2018/9/7 10:05:47',JM91='0.00',JM92='宝源',JM93='E1',JM94='251.50',JM95='122.00',JM96='0.27',JM103='15500',JM104='2841',JM112='18.3000',JM118='20' WHERE JM01='R_338-20180903003' AND idx='5877'
10:05:51.000 INSERT INTO R_PQBF (BF001,BF002,BF003,BF004,BF005,BF006,BF007,BF008) VALUES ('R_338','胶合板、密度板采购合同书','系统管理者','2018/9/7 10:05:51','R_338-20180903003','UPDATE R_PQO SET JM09=''密度板'',JM10=''5.45650'',JM11=''18.3000'',JM12=''2208.97'',JM13=''0.0000'',JM14=''外购'',JM15=''0'',JM16=''2018/9/8 0:00:00'',JM17=''2018/9/7 10:05:47'',JM91=''0.00'',JM92=''宝源'',JM93=''E1'',JM94=''251.50'',JM95=''122.00'',JM96=''0.27'',JM103=''15500'',JM104=''2841'',JM112=''18.3000'',JM118=''20'' WHERE JM01=''R_338-20180903003'' AND idx=''5877''','编辑','更改编辑')
10:06:14.000 UPDATE R_PQO SET JM02='MLL-0024',JM03='000214',JM04='廖灵飞',JM05='2018/9/3 0:00:00',JM06='',JM07='2018/9/3 0:00:00',JM08='MLL-00010151',JM19='美国',JM20='3+',JM21='F',JM22='F',JM23='F',JM24='F',JM25='F',JM26='F',JM27='',JM28='2018/9/3 0:00:00',JM29='',JM30='2018/9/3 0:00:00',JM31='',JM32='2018/9/3 0:00:00',JM33='',JM34='',JM35='在内',JM36='有',JM37='未检测',JM38='',JM39='F',JM40='F',JM41='F',JM42='F',JM43='F',JM44='F',JM45='F',JM46='F',JM47='F',JM48='F',JM49='F',JM50='',JM51='2018/9/3 0:00:00',JM52='',JM53='2018/9/3 0:00:00',JM54='椴木芯',JM55='浅白色',JM56='',JM57='',JM58='',JM59='',JM60='',JM61='',JM62='',JM63='',JM64='',JM65='',JM66='',JM67='0',JM68='',JM69='',JM70='',JM71='',JM72='',JM73='0',JM74='0',JM75='0',JM76='0',JM77='0',JM78='0',JM79='0',JM80='0',JM81='0',JM82='廖灵飞',JM83='',JM84='2018/9/3 0:00:00',JM85='',JM86='2018/9/3 0:00:00',JM87='',JM88='2018/9/3 0:00:00',JM89='2018/9/3 0:00:00',JM90='18090297',JM98='',JM99='',JM100='MGA大房子',JM101='2659800',JM102='5555001E7C',JM106='',JM107='F',JM108='张朝云',JM113='F' WHERE JM01='R_338-20180903003'
10:06:14.000 INSERT INTO R_PQBF (BF001,BF002,BF003,BF004,BF005,BF006,BF007,BF008) VALUES ('R_338','胶合板、密度板采购合同书','系统管理者','2018/9/7 10:06:14','R_338-20180903003','UPDATE R_PQO SET JM02=''MLL-0024'',JM03=''000214'',JM04=''廖灵飞'',JM05=''2018/9/3 0:00:00'',JM06='''',JM07=''2018/9/3 0:00:00'',JM08=''MLL-00010151'',JM19=''美国'',JM20=''3+'',JM21=''F'',JM22=''F'',JM23=''F'',JM24=''F'',JM25=''F'',JM26=''F'',JM27='''',JM28=''2018/9/3 0:00:00'',JM29='''',JM30=''2018/9/3 0:00:00'',JM31='''',JM32=''2018/9/3 0:00:00'',JM33='''',JM34='''',JM35=''在内'',JM36=''有'',JM37=''未检测'',JM38='''',JM39=''F'',JM40=''F'',JM41=''F'',JM42=''F'',JM43=''F'',JM44=''F'',JM45=''F'',JM46=''F'',JM47=''F'',JM48=''F'',JM49=''F'',JM50='''',JM51=''2018/9/3 0:00:00'',JM52='''',JM53=''2018/9/3 0:00:00'',JM54=''椴木芯'',JM55=''浅白色'',JM56='''',JM57='''',JM58='''',JM59='''',JM60='''',JM61='''',JM62='''',JM63='''',JM64='''',JM65='''',JM66='''',JM67=''0'',JM68='''',JM69='''',JM70='''',JM71='''',JM72='''',JM73=''0'',JM74=''0'',JM75=''0'',JM76=''0'',JM77=''0'',JM78=''0'',JM79=''0'',JM80=''0'',JM81=''0'',JM82=''廖灵飞'',JM83='''',JM84=''2018/9/3 0:00:00'',JM85='''',JM86=''2018/9/3 0:00:00'',JM87='''',JM88=''2018/9/3 0:00:00'',JM89=''2018/9/3 0:00:00'',JM90=''18090297'',JM98='''',JM99='''',JM100=''MGA大房子'',JM101=''2659800'',JM102=''5555001E7C'',JM106='''',JM107=''F'',JM108=''张朝云'',JM113=''F'' WHERE JM01=''R_338-20180903003''','保存','更改保存')
10:12:02.000  异常信息：由于连接方在一段时间后没有正确答复或连接的主机没有反应，连接尝试失败。 192.168.0.222:80
  堆栈信息:   在 AutoUpdate.AppUpdate.DownloadFile(String url, String localFilePath) 位置 D:\ProjectData\MLL\Mulaolao\Mulaolao\Class\AppUpdate.cs:行号 242
   在 AutoUpdate.AppUpdate.CheckAppVersion(String& msg) 位置 D:\ProjectData\MLL\Mulaolao\Mulaolao\Class\AppUpdate.cs:行号 310
10:12:41.000  异常信息：由于连接方在一段时间后没有正确答复或连接的主机没有反应，连接尝试失败。 192.168.0.222:80
  堆栈信息:   在 AutoUpdate.AppUpdate.DownloadFile(String url, String localFilePath) 位置 D:\ProjectData\MLL\Mulaolao\Mulaolao\Class\AppUpdate.cs:行号 242
   在 AutoUpdate.AppUpdate.CheckAppVersion(String& msg) 位置 D:\ProjectData\MLL\Mulaolao\Mulaolao\Class\AppUpdate.cs:行号 310
10:12:50.000 UPDATE R_PQP SET GS73='T' FROM R_PQQ WHERE GS01=CP01 AND GS35=CP09 AND (GS35  LIKE '%丝印%' OR GS35 LIKE '%雕刻%' OR GS35  LIKE '%砂皮%' OR GS35  LIKE '%走台印%' OR GS35  LIKE '%冲印%') 
10:12:50.000 UPDATE R_PQP SET GS73='T' FROM R_PQAH WHERE GS01=AH01 AND GS35=AH18 AND (GS35  LIKE '%丝印%' OR GS35 LIKE '%雕刻%' OR GS35  LIKE '%砂皮%' OR GS35  LIKE '%走台印%' OR GS35  LIKE '%冲印%')
10:12:50.000 UPDATE R_PQP SET GS73='T' FROM R_PQI WHERE GS01=YQ03 AND  GS35 LIKE '%油漆%'  AND YQ139='1'
10:12:50.000 UPDATE R_PQP SET GS73='T' FROM R_PQAF WHERE GS01=AF002 AND GS07=AF015 AND GS02=AF084 AND GS08 ='Φ'+CONVERT(VARCHAR,CONVERT(FLOAT,AF022*10))+'*'+CONVERT(VARCHAR,CONVERT(FLOAT,AF020*10)) 
10:12:50.000 UPDATE R_PQP SET GS73='T' FROM R_PQU WHERE GS01=PQU01 AND GS07=PQU10 AND GS08=PQU12  
10:12:50.000 UPDATE R_PQP SET GS73='T' FROM R_PQS WHERE GS01=PJ01 AND GS56=PJ09 AND GS57=PJ89  
10:12:51.000 UPDATE R_PQP SET GS73='T' FROM R_PQT WHERE GS01=WX01 AND GS56=WX10 AND GS57=WX11 
10:12:51.000 WITH CET AS (select GS70,GS01,GS46,GS49,GS71,GS02,right(GS08,len(GS08) - charindex('*',GS08) ) a from R_PQP  WHERE GS70='R_338' AND GS73='F' ),CFT AS (SELECT GS70,GS01,GS46,GS49,GS71,GS02,right(a,LEN(a)-charindex('*',a)) GS08 FROM CET  ),CHT AS( SELECT DISTINCT GS70,GS01,GS46,GS49,GS71,GS02,CONVERT(FLOAT,CONVERT(DECIMAL(11,2),GS08)*1.0/10) GS08 FROM CFT  )SELECT GS70,GS01,GS46,GS49,GS71,GS02,CONVERT(VARCHAR,GS08) GS08,'' GS07,PQF13,PQF31 FROM CHT A INNER JOIN R_PQF B ON A.GS01=B.PQF01  WHERE (SELECT COUNT(1) FROM R_PQO WHERE GS01=JM90 AND GS02=JM09 AND CONVERT(VARCHAR,GS08)=CONVERT(VARCHAR,CONVERT(FLOAT,CONVERT(DECIMAL(11,4),JM96))))=0 and GS01 not in (SELECT JM90 FROM R_PQO WHERE JM116='1' )
10:12:51.000 从数据类型 nvarchar 转换为 numeric 时出错。
15:29:22.000  异常信息：由于连接方在一段时间后没有正确答复或连接的主机没有反应，连接尝试失败。 192.168.0.222:80
  堆栈信息:   在 AutoUpdate.AppUpdate.DownloadFile(String url, String localFilePath) 位置 D:\ProjectData\MLL\Mulaolao\Mulaolao\Class\AppUpdate.cs:行号 242
   在 AutoUpdate.AppUpdate.CheckAppVersion(String& msg) 位置 D:\ProjectData\MLL\Mulaolao\Mulaolao\Class\AppUpdate.cs:行号 310
15:29:29.000 UPDATE R_PQP SET GS73='T' FROM R_PQQ WHERE GS01=CP01 AND GS35=CP09 AND (GS35  LIKE '%丝印%' OR GS35 LIKE '%雕刻%' OR GS35  LIKE '%砂皮%' OR GS35  LIKE '%走台印%' OR GS35  LIKE '%冲印%') 
15:29:30.000 UPDATE R_PQP SET GS73='T' FROM R_PQAH WHERE GS01=AH01 AND GS35=AH18 AND (GS35  LIKE '%丝印%' OR GS35 LIKE '%雕刻%' OR GS35  LIKE '%砂皮%' OR GS35  LIKE '%走台印%' OR GS35  LIKE '%冲印%')
15:29:30.000 UPDATE R_PQP SET GS73='T' FROM R_PQI WHERE GS01=YQ03 AND  GS35 LIKE '%油漆%'  AND YQ139='1'
15:29:30.000 UPDATE R_PQP SET GS73='T' FROM R_PQAF WHERE GS01=AF002 AND GS07=AF015 AND GS02=AF084 AND GS08 ='Φ'+CONVERT(VARCHAR,CONVERT(FLOAT,AF022*10))+'*'+CONVERT(VARCHAR,CONVERT(FLOAT,AF020*10)) 
15:29:31.000 UPDATE R_PQP SET GS73='T' FROM R_PQU WHERE GS01=PQU01 AND GS07=PQU10 AND GS08=PQU12  
15:29:31.000 UPDATE R_PQP SET GS73='T' FROM R_PQS WHERE GS01=PJ01 AND GS56=PJ09 AND GS57=PJ89  
15:29:31.000 UPDATE R_PQP SET GS73='T' FROM R_PQT WHERE GS01=WX01 AND GS56=WX10 AND GS57=WX11 
15:29:31.000 WITH CET AS (select GS70,GS01,GS46,GS49,GS71,GS02,right(GS08,len(GS08) - charindex('*',GS08) ) a from R_PQP  WHERE GS70='R_338' AND GS73='F' ),CFT AS (SELECT GS70,GS01,GS46,GS49,GS71,GS02,right(a,LEN(a)-charindex('*',a)) GS08 FROM CET  ),CHT AS( SELECT DISTINCT GS70,GS01,GS46,GS49,GS71,GS02,CONVERT(FLOAT,CONVERT(DECIMAL(11,2),GS08)*1.0/10) GS08 FROM CFT  )SELECT GS70,GS01,GS46,GS49,GS71,GS02,CONVERT(VARCHAR,GS08) GS08,'' GS07,PQF13,PQF31 FROM CHT A INNER JOIN R_PQF B ON A.GS01=B.PQF01  WHERE (SELECT COUNT(1) FROM R_PQO WHERE GS01=JM90 AND GS02=JM09 AND CONVERT(VARCHAR,GS08)=CONVERT(VARCHAR,CONVERT(FLOAT,CONVERT(DECIMAL(11,4),JM96))))=0 and GS01 not in (SELECT JM90 FROM R_PQO WHERE JM116='1' )
15:29:31.000 从数据类型 nvarchar 转换为 numeric 时出错。
15:30:01.000 WITH CET AS(SELECT AK003,SUM(AK011) AK011 FROM R_PQAK WHERE AK003 NOT LIKE 'R_195%' AND AK003 NOT LIKE 'R_196%' AND AK003 NOT LIKE 'R_199%' AND AK003 NOT LIKE 'R_339%' AND AK003 NOT LIKE 'R_344%' AND AK003 NOT LIKE 'R_495%' AND AK003 NOT LIKE 'R_505%' GROUP BY AK003),CFT AS(SELECT AC16,SUM(AC09*AC10) AC FROM R_PQAC WHERE (AC24='未结' OR AC24='未结完' OR AC24='' OR AC24 IS NULL) GROUP BY AC16),CHT AS (SELECT AC16,CONVERT(FLOAT,AC-AK011) KC FROM CFT A LEFT JOIN CET B ON A.AC16=B.AK003) UPDATE R_PQAC SET AC24=(SELECT CASE WHEN KC IS NULL THEN '未结' WHEN KC<=100 OR KC>=-100 THEN '已结' ELSE '未结完' END KC1 FROM CHT  A WHERE A.AC16=CHT.AC16  ) FROM CHT WHERE R_PQAC.AC16=CHT.AC16 
15:30:02.000 UPDATE R_PQAC SET AC24='已结' WHERE LEN(AC16)>17
15:30:34.000 INSERT INTO R_PQBF (BF001,BF002,BF003,BF004,BF005,BF006,BF007,BF008) VALUES ('R_464','采购库存专用产品物资跟踪报表(R_464)','系统管理者','2018/9/7 15:30:34','R_464-20180529001','UPDATE R_PQAC SET AC01=''便携艺术画板'',AC02=''ZE1009A'',AC03=''10000'',AC04=''胶合板'',AC05=''105.00*92.00*1.00'',AC06=''张'',AC07=''50'',AC09=''46.67'',AC10=''200'',AC15='''',AC19='''',AC20=''0'',AC21=''2018/9/7 15:30:34'' WHERE AC18=''R_464-20180529001''','编辑','编辑入库')
15:30:34.000 未将对象引用设置到对象的实例。
   在 MulaolaoBll.LogHelperToSql.SaveLog(String cmdText, Object[] parameters) 位置 D:\ProjectData\MLL\Mulaolao\MulaolaoBll\LogHelperToSql.cs:行号 69
   在 StudentMgr.SqlHelper.ExecuteSqlTran(Hashtable SQLStringList) 位置 D:\ProjectData\MLL\Mulaolao\MulaolaoBll\SqlHelper.cs:行号 651
15:30:34.000 UPDATE R_PQAC SET AC01='便携艺术画板',AC02='ZE1009A',AC03='10000',AC04='胶合板',AC05='105.00*92.00*1.00',AC06='张',AC07='50',AC09='46.67',AC10='200',AC15='',AC19='',AC20='0',AC21='2018/9/7 15:30:34' WHERE AC18='R_464-20180529001'
15:30:34.000 未将对象引用设置到对象的实例。
   在 MulaolaoBll.LogHelperToSql.SaveLog(String cmdText, Object[] parameters) 位置 D:\ProjectData\MLL\Mulaolao\MulaolaoBll\LogHelperToSql.cs:行号 69
   在 StudentMgr.SqlHelper.ExecuteSqlTran(Hashtable SQLStringList) 位置 D:\ProjectData\MLL\Mulaolao\MulaolaoBll\SqlHelper.cs:行号 651
15:40:43.000 INSERT INTO R_PQBF (BF001,BF002,BF003,BF004,BF005,BF006,BF007,BF008) VALUES ('R_464','采购库存专用产品物资跟踪报表(R_464)','系统管理者','2018/9/7 15:40:43','R_464-20170621001','UPDATE R_PQAC SET AC01=''白色厨房'',AC02=''ZE3152A'',AC03=''3469'',AC04=''胶合板'',AC05=''152.50*152.50*0.80'',AC06=''张'',AC07=''0'',AC09=''85.58'',AC10=''222'',AC15='''',AC19='''',AC20=''0'',AC21=''2018/9/7 15:40:43'' WHERE AC18=''R_464-20170621001''','编辑','编辑入库')
15:40:43.000 未将对象引用设置到对象的实例。
   在 MulaolaoBll.LogHelperToSql.SaveLog(String cmdText, Object[] parameters) 位置 D:\ProjectData\MLL\Mulaolao\MulaolaoBll\LogHelperToSql.cs:行号 69
   在 StudentMgr.SqlHelper.ExecuteSqlTran(Hashtable SQLStringList) 位置 D:\ProjectData\MLL\Mulaolao\MulaolaoBll\SqlHelper.cs:行号 651
15:40:43.000 UPDATE R_PQAC SET AC01='白色厨房',AC02='ZE3152A',AC03='3469',AC04='胶合板',AC05='152.50*152.50*0.80',AC06='张',AC07='0',AC09='85.58',AC10='222',AC15='',AC19='',AC20='0',AC21='2018/9/7 15:40:43' WHERE AC18='R_464-20170621001'
15:40:43.000 未将对象引用设置到对象的实例。
   在 MulaolaoBll.LogHelperToSql.SaveLog(String cmdText, Object[] parameters) 位置 D:\ProjectData\MLL\Mulaolao\MulaolaoBll\LogHelperToSql.cs:行号 69
   在 StudentMgr.SqlHelper.ExecuteSqlTran(Hashtable SQLStringList) 位置 D:\ProjectData\MLL\Mulaolao\MulaolaoBll\SqlHelper.cs:行号 651
15:44:40.000 DELETE FROM R_PQAD WHERE AD01='R_464-20180529001'
15:44:40.000 未将对象引用设置到对象的实例。
   在 MulaolaoBll.LogHelperToSql.SaveLog(String cmdText, Object[] parameters) 位置 D:\ProjectData\MLL\Mulaolao\MulaolaoBll\LogHelperToSql.cs:行号 69
   在 StudentMgr.SqlHelper.ExecuteSqlTran(Hashtable SQLStringList) 位置 D:\ProjectData\MLL\Mulaolao\MulaolaoBll\SqlHelper.cs:行号 651
15:44:40.000 DELETE FROM R_PQAC WHERE AC18='R_464-20180529001'
15:44:41.000 未将对象引用设置到对象的实例。
   在 MulaolaoBll.LogHelperToSql.SaveLog(String cmdText, Object[] parameters) 位置 D:\ProjectData\MLL\Mulaolao\MulaolaoBll\LogHelperToSql.cs:行号 69
   在 StudentMgr.SqlHelper.ExecuteSqlTran(Hashtable SQLStringList) 位置 D:\ProjectData\MLL\Mulaolao\MulaolaoBll\SqlHelper.cs:行号 651
15:44:41.000 INSERT INTO R_PQBF (BF001,BF002,BF003,BF004,BF005,BF006,BF007,BF008) VALUES ('R_464','采购库存专用产品物资跟踪报表(R_464)','系统管理者','2018/9/7 15:44:40','R_464-20180529001','DELETE FROM R_PQAC WHERE AC18=''R_464-20180529001''','删除','删除入库')
15:44:41.000 未将对象引用设置到对象的实例。
   在 MulaolaoBll.LogHelperToSql.SaveLog(String cmdText, Object[] parameters) 位置 D:\ProjectData\MLL\Mulaolao\MulaolaoBll\LogHelperToSql.cs:行号 69
   在 StudentMgr.SqlHelper.ExecuteSqlTran(Hashtable SQLStringList) 位置 D:\ProjectData\MLL\Mulaolao\MulaolaoBll\SqlHelper.cs:行号 651
15:46:37.000 UPDATE R_PQO SET JM111='T' WHERE JM01 IN ('R_338-20180529001')
15:46:37.000 UPDATE R_PQAC SET AC17='T' WHERE AC18 IN ('R_464-20180907001')
15:56:43.000  异常信息：由于连接方在一段时间后没有正确答复或连接的主机没有反应，连接尝试失败。 192.168.0.222:80
  堆栈信息:   在 AutoUpdate.AppUpdate.DownloadFile(String url, String localFilePath) 位置 D:\ProjectData\MLL\Mulaolao\Mulaolao\Class\AppUpdate.cs:行号 242
   在 AutoUpdate.AppUpdate.CheckAppVersion(String& msg) 位置 D:\ProjectData\MLL\Mulaolao\Mulaolao\Class\AppUpdate.cs:行号 310
15:57:16.000 UPDATE R_PQP SET GS73='T' FROM R_PQQ WHERE GS01=CP01 AND GS35=CP09 AND (GS35  LIKE '%丝印%' OR GS35 LIKE '%雕刻%' OR GS35  LIKE '%砂皮%' OR GS35  LIKE '%走台印%' OR GS35  LIKE '%冲印%') 
15:57:16.000 UPDATE R_PQP SET GS73='T' FROM R_PQAH WHERE GS01=AH01 AND GS35=AH18 AND (GS35  LIKE '%丝印%' OR GS35 LIKE '%雕刻%' OR GS35  LIKE '%砂皮%' OR GS35  LIKE '%走台印%' OR GS35  LIKE '%冲印%')
15:57:16.000 UPDATE R_PQP SET GS73='T' FROM R_PQI WHERE GS01=YQ03 AND  GS35 LIKE '%油漆%'  AND YQ139='1'
15:57:16.000 UPDATE R_PQP SET GS73='T' FROM R_PQAF WHERE GS01=AF002 AND GS07=AF015 AND GS02=AF084 AND GS08 ='Φ'+CONVERT(VARCHAR,CONVERT(FLOAT,AF022*10))+'*'+CONVERT(VARCHAR,CONVERT(FLOAT,AF020*10)) 
15:57:17.000 UPDATE R_PQP SET GS73='T' FROM R_PQU WHERE GS01=PQU01 AND GS07=PQU10 AND GS08=PQU12  
15:57:17.000 UPDATE R_PQP SET GS73='T' FROM R_PQS WHERE GS01=PJ01 AND GS56=PJ09 AND GS57=PJ89  
15:57:17.000 UPDATE R_PQP SET GS73='T' FROM R_PQT WHERE GS01=WX01 AND GS56=WX10 AND GS57=WX11 
15:57:17.000 WITH CET AS (select GS70,GS01,GS46,GS49,GS71,GS02,right(GS08,len(GS08) - charindex('*',GS08) ) a from R_PQP  WHERE GS70='R_338' AND GS73='F' ),CFT AS (SELECT GS70,GS01,GS46,GS49,GS71,GS02,right(a,LEN(a)-charindex('*',a)) GS08 FROM CET  ),CHT AS( SELECT DISTINCT GS70,GS01,GS46,GS49,GS71,GS02,CONVERT(FLOAT,CONVERT(DECIMAL(11,2),GS08)*1.0/10) GS08 FROM CFT  )SELECT GS70,GS01,GS46,GS49,GS71,GS02,CONVERT(VARCHAR,GS08) GS08,'' GS07,PQF13,PQF31 FROM CHT A INNER JOIN R_PQF B ON A.GS01=B.PQF01  WHERE (SELECT COUNT(1) FROM R_PQO WHERE GS01=JM90 AND GS02=JM09 AND CONVERT(VARCHAR,GS08)=CONVERT(VARCHAR,CONVERT(FLOAT,CONVERT(DECIMAL(11,4),JM96))))=0 and GS01 not in (SELECT JM90 FROM R_PQO WHERE JM116='1' )
15:57:17.000 从数据类型 nvarchar 转换为 numeric 时出错。
15:57:21.000 WITH CET AS(SELECT AK003,SUM(AK011) AK011 FROM R_PQAK WHERE AK003 NOT LIKE 'R_195%' AND AK003 NOT LIKE 'R_196%' AND AK003 NOT LIKE 'R_199%' AND AK003 NOT LIKE 'R_339%' AND AK003 NOT LIKE 'R_344%' AND AK003 NOT LIKE 'R_495%' AND AK003 NOT LIKE 'R_505%' GROUP BY AK003),CFT AS(SELECT AC16,SUM(AC09*AC10) AC FROM R_PQAC WHERE (AC24='未结' OR AC24='未结完' OR AC24='' OR AC24 IS NULL) GROUP BY AC16),CHT AS (SELECT AC16,CONVERT(FLOAT,AC-AK011) KC FROM CFT A LEFT JOIN CET B ON A.AC16=B.AK003) UPDATE R_PQAC SET AC24=(SELECT CASE WHEN KC IS NULL THEN '未结' WHEN KC<=100 OR KC>=-100 THEN '已结' ELSE '未结完' END KC1 FROM CHT  A WHERE A.AC16=CHT.AC16  ) FROM CHT WHERE R_PQAC.AC16=CHT.AC16 
15:57:22.000 UPDATE R_PQAC SET AC24='已结' WHERE LEN(AC16)>17
15:57:30.000 INSERT INTO R_PQBF (BF001,BF002,BF003,BF004,BF005,BF006,BF007,BF008) VALUES ('R_464','采购库存专用产品物资跟踪报表(R_464)','王军','2018/9/7 15:57:30','R_464-20180711004','UPDATE R_PQAC SET AC01=''蛐彩康'',AC02=''滚漆'',AC03=''0'',AC04=''色面'',AC05=''黑色'',AC06=''蛐彩康'',AC07=''0'',AC09=''21'',AC10=''100'',AC15='''',AC19='''',AC20=''0'',AC21=''2018/9/7 15:57:30'' WHERE AC18=''R_464-20180711004''','编辑','编辑入库')
15:57:30.000 未将对象引用设置到对象的实例。
   在 MulaolaoBll.LogHelperToSql.SaveLog(String cmdText, Object[] parameters) 位置 D:\ProjectData\MLL\Mulaolao\MulaolaoBll\LogHelperToSql.cs:行号 69
   在 StudentMgr.SqlHelper.ExecuteSqlTran(Hashtable SQLStringList) 位置 D:\ProjectData\MLL\Mulaolao\MulaolaoBll\SqlHelper.cs:行号 651
15:57:30.000 UPDATE R_PQAC SET AC01='蛐彩康',AC02='滚漆',AC03='0',AC04='色面',AC05='黑色',AC06='蛐彩康',AC07='0',AC09='21',AC10='100',AC15='',AC19='',AC20='0',AC21='2018/9/7 15:57:30' WHERE AC18='R_464-20180711004'
15:57:30.000 未将对象引用设置到对象的实例。
   在 MulaolaoBll.LogHelperToSql.SaveLog(String cmdText, Object[] parameters) 位置 D:\ProjectData\MLL\Mulaolao\MulaolaoBll\LogHelperToSql.cs:行号 69
   在 StudentMgr.SqlHelper.ExecuteSqlTran(Hashtable SQLStringList) 位置 D:\ProjectData\MLL\Mulaolao\MulaolaoBll\SqlHelper.cs:行号 651
17:08:16.000  异常信息：由于连接方在一段时间后没有正确答复或连接的主机没有反应，连接尝试失败。 192.168.0.222:80
  堆栈信息:   在 AutoUpdate.AppUpdate.DownloadFile(String url, String localFilePath) 位置 D:\ProjectData\MLL\Mulaolao\Mulaolao\Class\AppUpdate.cs:行号 242
   在 AutoUpdate.AppUpdate.CheckAppVersion(String& msg) 位置 D:\ProjectData\MLL\Mulaolao\Mulaolao\Class\AppUpdate.cs:行号 310
17:09:20.000 UPDATE R_PQP SET GS73='T' FROM R_PQQ WHERE GS01=CP01 AND GS35=CP09 AND (GS35  LIKE '%丝印%' OR GS35 LIKE '%雕刻%' OR GS35  LIKE '%砂皮%' OR GS35  LIKE '%走台印%' OR GS35  LIKE '%冲印%') 
17:09:20.000 UPDATE R_PQP SET GS73='T' FROM R_PQAH WHERE GS01=AH01 AND GS35=AH18 AND (GS35  LIKE '%丝印%' OR GS35 LIKE '%雕刻%' OR GS35  LIKE '%砂皮%' OR GS35  LIKE '%走台印%' OR GS35  LIKE '%冲印%')
17:09:20.000 UPDATE R_PQP SET GS73='T' FROM R_PQI WHERE GS01=YQ03 AND  GS35 LIKE '%油漆%'  AND YQ139='1'
17:09:20.000 UPDATE R_PQP SET GS73='T' FROM R_PQAF WHERE GS01=AF002 AND GS07=AF015 AND GS02=AF084 AND GS08 ='Φ'+CONVERT(VARCHAR,CONVERT(FLOAT,AF022*10))+'*'+CONVERT(VARCHAR,CONVERT(FLOAT,AF020*10)) 
17:09:20.000 UPDATE R_PQP SET GS73='T' FROM R_PQU WHERE GS01=PQU01 AND GS07=PQU10 AND GS08=PQU12  
17:09:21.000 UPDATE R_PQP SET GS73='T' FROM R_PQS WHERE GS01=PJ01 AND GS56=PJ09 AND GS57=PJ89  
17:09:21.000 UPDATE R_PQP SET GS73='T' FROM R_PQT WHERE GS01=WX01 AND GS56=WX10 AND GS57=WX11 
17:09:21.000 WITH CET AS (select GS70,GS01,GS46,GS49,GS71,GS02,right(GS08,len(GS08) - charindex('*',GS08) ) a from R_PQP  WHERE GS70='R_338' AND GS73='F' ),CFT AS (SELECT GS70,GS01,GS46,GS49,GS71,GS02,right(a,LEN(a)-charindex('*',a)) GS08 FROM CET  ),CHT AS( SELECT DISTINCT GS70,GS01,GS46,GS49,GS71,GS02,CONVERT(FLOAT,CONVERT(DECIMAL(11,2),GS08)*1.0/10) GS08 FROM CFT  )SELECT GS70,GS01,GS46,GS49,GS71,GS02,CONVERT(VARCHAR,GS08) GS08,'' GS07,PQF13,PQF31 FROM CHT A INNER JOIN R_PQF B ON A.GS01=B.PQF01  WHERE (SELECT COUNT(1) FROM R_PQO WHERE GS01=JM90 AND GS02=JM09 AND CONVERT(VARCHAR,GS08)=CONVERT(VARCHAR,CONVERT(FLOAT,CONVERT(DECIMAL(11,4),JM96))))=0 and GS01 not in (SELECT JM90 FROM R_PQO WHERE JM116='1' )
17:09:21.000 从数据类型 nvarchar 转换为 numeric 时出错。
17:12:47.000 @RES06[R_338-20180903003]
17:12:47.000 @RES01[R_338]
17:12:50.000 UPDATE R_PQO SET JM09='密度板',JM10='1.86020',JM11='46.5000',JM12='1698.52',JM13='0.0000',JM14='外购',JM15='0',JM16='2018/9/8 0:00:00',JM17='2018/9/7 17:12:45',JM91='0.00',JM92='巨江',JM93='E1',JM94='255.00',JM95='122.00',JM96='0.88',JM103='15500',JM104='8332',JM112='46.5000',JM118='10' WHERE JM01='R_338-20180903003' AND idx='5876'
17:12:50.000 INSERT INTO R_PQBF (BF001,BF002,BF003,BF004,BF005,BF006,BF007,BF008) VALUES ('R_338','胶合板、密度板采购合同书','系统管理者','2018/9/7 17:12:50','R_338-20180903003','UPDATE R_PQO SET JM09=''密度板'',JM10=''1.86020'',JM11=''46.5000'',JM12=''1698.52'',JM13=''0.0000'',JM14=''外购'',JM15=''0'',JM16=''2018/9/8 0:00:00'',JM17=''2018/9/7 17:12:45'',JM91=''0.00'',JM92=''巨江'',JM93=''E1'',JM94=''255.00'',JM95=''122.00'',JM96=''0.88'',JM103=''15500'',JM104=''8332'',JM112=''46.5000'',JM118=''10'' WHERE JM01=''R_338-20180903003'' AND idx=''5876''','编辑','更改编辑')
17:23:35.000  异常信息：由于连接方在一段时间后没有正确答复或连接的主机没有反应，连接尝试失败。 192.168.0.222:80
  堆栈信息:   在 AutoUpdate.AppUpdate.DownloadFile(String url, String localFilePath) 位置 D:\ProjectData\MLL\Mulaolao\Mulaolao\Class\AppUpdate.cs:行号 242
   在 AutoUpdate.AppUpdate.CheckAppVersion(String& msg) 位置 D:\ProjectData\MLL\Mulaolao\Mulaolao\Class\AppUpdate.cs:行号 310
17:23:45.000 UPDATE R_PQP SET GS73='T' FROM R_PQQ WHERE GS01=CP01 AND GS35=CP09 AND (GS35  LIKE '%丝印%' OR GS35 LIKE '%雕刻%' OR GS35  LIKE '%砂皮%' OR GS35  LIKE '%走台印%' OR GS35  LIKE '%冲印%') 
17:23:45.000 UPDATE R_PQP SET GS73='T' FROM R_PQAH WHERE GS01=AH01 AND GS35=AH18 AND (GS35  LIKE '%丝印%' OR GS35 LIKE '%雕刻%' OR GS35  LIKE '%砂皮%' OR GS35  LIKE '%走台印%' OR GS35  LIKE '%冲印%')
17:23:45.000 UPDATE R_PQP SET GS73='T' FROM R_PQI WHERE GS01=YQ03 AND  GS35 LIKE '%油漆%'  AND YQ139='1'
17:23:45.000 UPDATE R_PQP SET GS73='T' FROM R_PQAF WHERE GS01=AF002 AND GS07=AF015 AND GS02=AF084 AND GS08 ='Φ'+CONVERT(VARCHAR,CONVERT(FLOAT,AF022*10))+'*'+CONVERT(VARCHAR,CONVERT(FLOAT,AF020*10)) 
17:23:45.000 UPDATE R_PQP SET GS73='T' FROM R_PQU WHERE GS01=PQU01 AND GS07=PQU10 AND GS08=PQU12  
17:23:45.000 UPDATE R_PQP SET GS73='T' FROM R_PQS WHERE GS01=PJ01 AND GS56=PJ09 AND GS57=PJ89  
17:23:45.000 UPDATE R_PQP SET GS73='T' FROM R_PQT WHERE GS01=WX01 AND GS56=WX10 AND GS57=WX11 
17:23:46.000 WITH CET AS (select GS70,GS01,GS46,GS49,GS71,GS02,right(GS08,len(GS08) - charindex('*',GS08) ) a from R_PQP  WHERE GS70='R_338' AND GS73='F' ),CFT AS (SELECT GS70,GS01,GS46,GS49,GS71,GS02,right(a,LEN(a)-charindex('*',a)) GS08 FROM CET  ),CHT AS( SELECT DISTINCT GS70,GS01,GS46,GS49,GS71,GS02,CONVERT(FLOAT,CONVERT(DECIMAL(11,2),GS08)*1.0/10) GS08 FROM CFT  )SELECT GS70,GS01,GS46,GS49,GS71,GS02,CONVERT(VARCHAR,GS08) GS08,'' GS07,PQF13,PQF31 FROM CHT A INNER JOIN R_PQF B ON A.GS01=B.PQF01  WHERE (SELECT COUNT(1) FROM R_PQO WHERE GS01=JM90 AND GS02=JM09 AND CONVERT(VARCHAR,GS08)=CONVERT(VARCHAR,CONVERT(FLOAT,CONVERT(DECIMAL(11,4),JM96))))=0 and GS01 not in (SELECT JM90 FROM R_PQO WHERE JM116='1' )
17:23:46.000 从数据类型 nvarchar 转换为 numeric 时出错。
17:26:32.000  异常信息：由于连接方在一段时间后没有正确答复或连接的主机没有反应，连接尝试失败。 192.168.0.222:80
  堆栈信息:   在 AutoUpdate.AppUpdate.DownloadFile(String url, String localFilePath) 位置 D:\ProjectData\MLL\Mulaolao\Mulaolao\Class\AppUpdate.cs:行号 242
   在 AutoUpdate.AppUpdate.CheckAppVersion(String& msg) 位置 D:\ProjectData\MLL\Mulaolao\Mulaolao\Class\AppUpdate.cs:行号 310
17:26:41.000 UPDATE R_PQP SET GS73='T' FROM R_PQQ WHERE GS01=CP01 AND GS35=CP09 AND (GS35  LIKE '%丝印%' OR GS35 LIKE '%雕刻%' OR GS35  LIKE '%砂皮%' OR GS35  LIKE '%走台印%' OR GS35  LIKE '%冲印%') 
17:26:41.000 UPDATE R_PQP SET GS73='T' FROM R_PQAH WHERE GS01=AH01 AND GS35=AH18 AND (GS35  LIKE '%丝印%' OR GS35 LIKE '%雕刻%' OR GS35  LIKE '%砂皮%' OR GS35  LIKE '%走台印%' OR GS35  LIKE '%冲印%')
17:26:42.000 UPDATE R_PQP SET GS73='T' FROM R_PQI WHERE GS01=YQ03 AND  GS35 LIKE '%油漆%'  AND YQ139='1'
17:26:42.000 UPDATE R_PQP SET GS73='T' FROM R_PQAF WHERE GS01=AF002 AND GS07=AF015 AND GS02=AF084 AND GS08 ='Φ'+CONVERT(VARCHAR,CONVERT(FLOAT,AF022*10))+'*'+CONVERT(VARCHAR,CONVERT(FLOAT,AF020*10)) 
17:26:42.000 UPDATE R_PQP SET GS73='T' FROM R_PQU WHERE GS01=PQU01 AND GS07=PQU10 AND GS08=PQU12  
17:26:42.000 UPDATE R_PQP SET GS73='T' FROM R_PQS WHERE GS01=PJ01 AND GS56=PJ09 AND GS57=PJ89  
17:26:42.000 UPDATE R_PQP SET GS73='T' FROM R_PQT WHERE GS01=WX01 AND GS56=WX10 AND GS57=WX11 
17:26:42.000 WITH CET AS (select GS70,GS01,GS46,GS49,GS71,GS02,right(GS08,len(GS08) - charindex('*',GS08) ) a from R_PQP  WHERE GS70='R_338' AND GS73='F' ),CFT AS (SELECT GS70,GS01,GS46,GS49,GS71,GS02,right(a,LEN(a)-charindex('*',a)) GS08 FROM CET  ),CHT AS( SELECT DISTINCT GS70,GS01,GS46,GS49,GS71,GS02,CONVERT(FLOAT,CONVERT(DECIMAL(11,2),GS08)*1.0/10) GS08 FROM CFT  )SELECT GS70,GS01,GS46,GS49,GS71,GS02,CONVERT(VARCHAR,GS08) GS08,'' GS07,PQF13,PQF31 FROM CHT A INNER JOIN R_PQF B ON A.GS01=B.PQF01  WHERE (SELECT COUNT(1) FROM R_PQO WHERE GS01=JM90 AND GS02=JM09 AND CONVERT(VARCHAR,GS08)=CONVERT(VARCHAR,CONVERT(FLOAT,CONVERT(DECIMAL(11,4),JM96))))=0 and GS01 not in (SELECT JM90 FROM R_PQO WHERE JM116='1' )
17:26:43.000 从数据类型 nvarchar 转换为 numeric 时出错。
17:27:28.000  异常信息：由于连接方在一段时间后没有正确答复或连接的主机没有反应，连接尝试失败。 192.168.0.222:80
  堆栈信息:   在 AutoUpdate.AppUpdate.DownloadFile(String url, String localFilePath) 位置 D:\ProjectData\MLL\Mulaolao\Mulaolao\Class\AppUpdate.cs:行号 242
   在 AutoUpdate.AppUpdate.CheckAppVersion(String& msg) 位置 D:\ProjectData\MLL\Mulaolao\Mulaolao\Class\AppUpdate.cs:行号 310
17:27:40.000 UPDATE R_PQP SET GS73='T' FROM R_PQQ WHERE GS01=CP01 AND GS35=CP09 AND (GS35  LIKE '%丝印%' OR GS35 LIKE '%雕刻%' OR GS35  LIKE '%砂皮%' OR GS35  LIKE '%走台印%' OR GS35  LIKE '%冲印%') 
17:27:40.000 UPDATE R_PQP SET GS73='T' FROM R_PQAH WHERE GS01=AH01 AND GS35=AH18 AND (GS35  LIKE '%丝印%' OR GS35 LIKE '%雕刻%' OR GS35  LIKE '%砂皮%' OR GS35  LIKE '%走台印%' OR GS35  LIKE '%冲印%')
17:27:40.000 UPDATE R_PQP SET GS73='T' FROM R_PQI WHERE GS01=YQ03 AND  GS35 LIKE '%油漆%'  AND YQ139='1'
17:27:40.000 UPDATE R_PQP SET GS73='T' FROM R_PQAF WHERE GS01=AF002 AND GS07=AF015 AND GS02=AF084 AND GS08 ='Φ'+CONVERT(VARCHAR,CONVERT(FLOAT,AF022*10))+'*'+CONVERT(VARCHAR,CONVERT(FLOAT,AF020*10)) 
17:27:41.000 UPDATE R_PQP SET GS73='T' FROM R_PQU WHERE GS01=PQU01 AND GS07=PQU10 AND GS08=PQU12  
17:27:41.000 UPDATE R_PQP SET GS73='T' FROM R_PQS WHERE GS01=PJ01 AND GS56=PJ09 AND GS57=PJ89  
17:27:42.000 UPDATE R_PQP SET GS73='T' FROM R_PQT WHERE GS01=WX01 AND GS56=WX10 AND GS57=WX11 
17:27:43.000 WITH CET AS (select GS70,GS01,GS46,GS49,GS71,GS02,right(GS08,len(GS08) - charindex('*',GS08) ) a from R_PQP  WHERE GS70='R_338' AND GS73='F' ),CFT AS (SELECT GS70,GS01,GS46,GS49,GS71,GS02,right(a,LEN(a)-charindex('*',a)) GS08 FROM CET  ),CHT AS( SELECT DISTINCT GS70,GS01,GS46,GS49,GS71,GS02,CONVERT(FLOAT,CONVERT(DECIMAL(11,2),GS08)*1.0/10) GS08 FROM CFT  )SELECT GS70,GS01,GS46,GS49,GS71,GS02,CONVERT(VARCHAR,GS08) GS08,'' GS07,PQF13,PQF31 FROM CHT A INNER JOIN R_PQF B ON A.GS01=B.PQF01  WHERE (SELECT COUNT(1) FROM R_PQO WHERE GS01=JM90 AND GS02=JM09 AND CONVERT(VARCHAR,GS08)=CONVERT(VARCHAR,CONVERT(FLOAT,CONVERT(DECIMAL(11,4),JM96))))=0 and GS01 not in (SELECT JM90 FROM R_PQO WHERE JM116='1' )
17:27:43.000 从数据类型 nvarchar 转换为 numeric 时出错。
17:28:08.000 @RES06[R_338-20180903003]
17:28:08.000 @RES01[R_338]
17:28:10.000 UPDATE R_PQO SET JM02='MLL-0024',JM03='000214',JM04='廖灵飞',JM05='2018/9/3 0:00:00',JM06='廖灵飞',JM07='2018/9/7 17:28:09',JM08='MLL-00010151',JM19='美国',JM20='3+',JM21='F',JM22='F',JM23='F',JM24='F',JM25='F',JM26='F',JM27='',JM28='2018/9/3 0:00:00',JM29='',JM30='2018/9/3 0:00:00',JM31='',JM32='2018/9/3 0:00:00',JM33='',JM34='',JM35='在内',JM36='有',JM37='未检测',JM38='',JM39='F',JM40='F',JM41='F',JM42='F',JM43='F',JM44='F',JM45='F',JM46='F',JM47='F',JM48='F',JM49='F',JM50='',JM51='2018/9/3 0:00:00',JM52='',JM53='2018/9/3 0:00:00',JM54='椴木芯',JM55='浅白色',JM56='',JM57='',JM58='',JM59='',JM60='',JM61='',JM62='',JM63='',JM64='',JM65='',JM66='',JM67='0',JM68='',JM69='',JM70='',JM71='',JM72='',JM73='0',JM74='0',JM75='0',JM76='0',JM77='0',JM78='0',JM79='0',JM80='0',JM81='0',JM82='廖灵飞',JM83='',JM84='2018/9/3 0:00:00',JM85='',JM86='2018/9/3 0:00:00',JM87='',JM88='2018/9/3 0:00:00',JM89='2018/9/3 0:00:00',JM90='18090297',JM98='',JM99='',JM100='MGA大房子',JM101='2659800',JM102='5555001E7C',JM106='',JM107='F',JM108='张朝云',JM113='F' WHERE JM01='R_338-20180903003'
17:28:10.000 INSERT INTO R_PQBF (BF001,BF002,BF003,BF004,BF005,BF006,BF007,BF008) VALUES ('R_338','胶合板、密度板采购合同书','廖灵飞','2018/9/7 17:28:10','R_338-20180903003','UPDATE R_PQO SET JM02=''MLL-0024'',JM03=''000214'',JM04=''廖灵飞'',JM05=''2018/9/3 0:00:00'',JM06=''廖灵飞'',JM07=''2018/9/7 17:28:09'',JM08=''MLL-00010151'',JM19=''美国'',JM20=''3+'',JM21=''F'',JM22=''F'',JM23=''F'',JM24=''F'',JM25=''F'',JM26=''F'',JM27='''',JM28=''2018/9/3 0:00:00'',JM29='''',JM30=''2018/9/3 0:00:00'',JM31='''',JM32=''2018/9/3 0:00:00'',JM33='''',JM34='''',JM35=''在内'',JM36=''有'',JM37=''未检测'',JM38='''',JM39=''F'',JM40=''F'',JM41=''F'',JM42=''F'',JM43=''F'',JM44=''F'',JM45=''F'',JM46=''F'',JM47=''F'',JM48=''F'',JM49=''F'',JM50='''',JM51=''2018/9/3 0:00:00'',JM52='''',JM53=''2018/9/3 0:00:00'',JM54=''椴木芯'',JM55=''浅白色'',JM56='''',JM57='''',JM58='''',JM59='''',JM60='''',JM61='''',JM62='''',JM63='''',JM64='''',JM65='''',JM66='''',JM67=''0'',JM68='''',JM69='''',JM70='''',JM71='''',JM72='''',JM73=''0'',JM74=''0'',JM75=''0'',JM76=''0'',JM77=''0'',JM78=''0'',JM79=''0'',JM80=''0'',JM81=''0'',JM82=''廖灵飞'',JM83='''',JM84=''2018/9/3 0:00:00'',JM85='''',JM86=''2018/9/3 0:00:00'',JM87='''',JM88=''2018/9/3 0:00:00'',JM89=''2018/9/3 0:00:00'',JM90=''18090297'',JM98='''',JM99='''',JM100=''MGA大房子'',JM101=''2659800'',JM102=''5555001E7C'',JM106='''',JM107=''F'',JM108=''张朝云'',JM113=''F'' WHERE JM01=''R_338-20180903003''','保存','更改保存')
17:28:14.000 INSERT INTO R_PQAMB (AMB001,AMB296,AMB298,AMB300,AMB301,AMB304,AMB306,AMB307,AMB311,AMB313,AMB315,AMB318,AMB320,AMB321,AMB324,AMB326,AMB328) VALUES ('R_338-20180903003','0','0','0','0','0','0','0','526904.11','0','0','0','0','0','0','0','0')
17:28:14.000 UPDATE R_PQAM SET AM311=526904.11 WHERE AM002='18090297'
17:28:16.000 UPDATE R_REVIEWS SET RES08='2018/9/7 17:28:16' WHERE RES06='R_338-20180903003'
17:28:16.000 UPDATE R_PQO SET JM114='2018/9/7 17:28:16' WHERE JM01='R_338-20180903003'
17:32:27.000  异常信息：由于连接方在一段时间后没有正确答复或连接的主机没有反应，连接尝试失败。 192.168.0.222:80
  堆栈信息:   在 AutoUpdate.AppUpdate.DownloadFile(String url, String localFilePath) 位置 D:\ProjectData\MLL\Mulaolao\Mulaolao\Class\AppUpdate.cs:行号 242
   在 AutoUpdate.AppUpdate.CheckAppVersion(String& msg) 位置 D:\ProjectData\MLL\Mulaolao\Mulaolao\Class\AppUpdate.cs:行号 310
17:32:36.000 UPDATE R_PQP SET GS73='T' FROM R_PQQ WHERE GS01=CP01 AND GS35=CP09 AND (GS35  LIKE '%丝印%' OR GS35 LIKE '%雕刻%' OR GS35  LIKE '%砂皮%' OR GS35  LIKE '%走台印%' OR GS35  LIKE '%冲印%') 
17:32:36.000 UPDATE R_PQP SET GS73='T' FROM R_PQAH WHERE GS01=AH01 AND GS35=AH18 AND (GS35  LIKE '%丝印%' OR GS35 LIKE '%雕刻%' OR GS35  LIKE '%砂皮%' OR GS35  LIKE '%走台印%' OR GS35  LIKE '%冲印%')
17:32:36.000 UPDATE R_PQP SET GS73='T' FROM R_PQI WHERE GS01=YQ03 AND  GS35 LIKE '%油漆%'  AND YQ139='1'
17:32:36.000 UPDATE R_PQP SET GS73='T' FROM R_PQAF WHERE GS01=AF002 AND GS07=AF015 AND GS02=AF084 AND GS08 ='Φ'+CONVERT(VARCHAR,CONVERT(FLOAT,AF022*10))+'*'+CONVERT(VARCHAR,CONVERT(FLOAT,AF020*10)) 
17:32:37.000 UPDATE R_PQP SET GS73='T' FROM R_PQU WHERE GS01=PQU01 AND GS07=PQU10 AND GS08=PQU12  
17:32:37.000 UPDATE R_PQP SET GS73='T' FROM R_PQS WHERE GS01=PJ01 AND GS56=PJ09 AND GS57=PJ89  
17:32:37.000 UPDATE R_PQP SET GS73='T' FROM R_PQT WHERE GS01=WX01 AND GS56=WX10 AND GS57=WX11 
17:32:38.000 WITH CET AS (select GS70,GS01,GS46,GS49,GS71,GS02,right(GS08,len(GS08) - charindex('*',GS08) ) a from R_PQP  WHERE GS70='R_338' AND GS73='F' ),CFT AS (SELECT GS70,GS01,GS46,GS49,GS71,GS02,right(a,LEN(a)-charindex('*',a)) GS08 FROM CET  ),CHT AS( SELECT DISTINCT GS70,GS01,GS46,GS49,GS71,GS02,CONVERT(FLOAT,CONVERT(DECIMAL(11,2),GS08)*1.0/10) GS08 FROM CFT  )SELECT GS70,GS01,GS46,GS49,GS71,GS02,CONVERT(VARCHAR,GS08) GS08,'' GS07,PQF13,PQF31 FROM CHT A INNER JOIN R_PQF B ON A.GS01=B.PQF01  WHERE (SELECT COUNT(1) FROM R_PQO WHERE GS01=JM90 AND GS02=JM09 AND CONVERT(VARCHAR,GS08)=CONVERT(VARCHAR,CONVERT(FLOAT,CONVERT(DECIMAL(11,4),JM96))))=0 and GS01 not in (SELECT JM90 FROM R_PQO WHERE JM116='1' )
17:32:38.000 从数据类型 nvarchar 转换为 numeric 时出错。
17:33:04.000 UPDATE R_PQO SET JM114='2018/9/7 17:33:04' WHERE JM01='R_338-20180903003'
17:33:45.000 UPDATE R_PQS SET PJ107='2018/9/7 17:33:45' WHERE PJ92='R_347-20180324014'
17:34:44.000 UPDATE R_PQS SET PJ107='2018/9/7 17:34:44' WHERE PJ92='R_347-20180324014'
17:43:09.000  异常信息：由于连接方在一段时间后没有正确答复或连接的主机没有反应，连接尝试失败。 192.168.0.222:80
  堆栈信息:   在 AutoUpdate.AppUpdate.DownloadFile(String url, String localFilePath) 位置 D:\ProjectData\MLL\Mulaolao\Mulaolao\Class\AppUpdate.cs:行号 242
   在 AutoUpdate.AppUpdate.CheckAppVersion(String& msg) 位置 D:\ProjectData\MLL\Mulaolao\Mulaolao\Class\AppUpdate.cs:行号 310
17:43:23.000 UPDATE R_PQP SET GS73='T' FROM R_PQQ WHERE GS01=CP01 AND GS35=CP09 AND (GS35  LIKE '%丝印%' OR GS35 LIKE '%雕刻%' OR GS35  LIKE '%砂皮%' OR GS35  LIKE '%走台印%' OR GS35  LIKE '%冲印%') 
17:43:23.000 UPDATE R_PQP SET GS73='T' FROM R_PQAH WHERE GS01=AH01 AND GS35=AH18 AND (GS35  LIKE '%丝印%' OR GS35 LIKE '%雕刻%' OR GS35  LIKE '%砂皮%' OR GS35  LIKE '%走台印%' OR GS35  LIKE '%冲印%')
17:43:23.000 UPDATE R_PQP SET GS73='T' FROM R_PQI WHERE GS01=YQ03 AND  GS35 LIKE '%油漆%'  AND YQ139='1'
17:43:24.000 UPDATE R_PQP SET GS73='T' FROM R_PQAF WHERE GS01=AF002 AND GS07=AF015 AND GS02=AF084 AND GS08 ='Φ'+CONVERT(VARCHAR,CONVERT(FLOAT,AF022*10))+'*'+CONVERT(VARCHAR,CONVERT(FLOAT,AF020*10)) 
17:43:25.000 UPDATE R_PQP SET GS73='T' FROM R_PQU WHERE GS01=PQU01 AND GS07=PQU10 AND GS08=PQU12  
17:43:25.000 UPDATE R_PQP SET GS73='T' FROM R_PQS WHERE GS01=PJ01 AND GS56=PJ09 AND GS57=PJ89  
17:43:25.000 UPDATE R_PQP SET GS73='T' FROM R_PQT WHERE GS01=WX01 AND GS56=WX10 AND GS57=WX11 
17:43:25.000 WITH CET AS (select GS70,GS01,GS46,GS49,GS71,GS02,right(GS08,len(GS08) - charindex('*',GS08) ) a from R_PQP  WHERE GS70='R_338' AND GS73='F' ),CFT AS (SELECT GS70,GS01,GS46,GS49,GS71,GS02,right(a,LEN(a)-charindex('*',a)) GS08 FROM CET  ),CHT AS( SELECT DISTINCT GS70,GS01,GS46,GS49,GS71,GS02,CONVERT(FLOAT,CONVERT(DECIMAL(11,2),GS08)*1.0/10) GS08 FROM CFT  )SELECT GS70,GS01,GS46,GS49,GS71,GS02,CONVERT(VARCHAR,GS08) GS08,'' GS07,PQF13,PQF31 FROM CHT A INNER JOIN R_PQF B ON A.GS01=B.PQF01  WHERE (SELECT COUNT(1) FROM R_PQO WHERE GS01=JM90 AND GS02=JM09 AND CONVERT(VARCHAR,GS08)=CONVERT(VARCHAR,CONVERT(FLOAT,CONVERT(DECIMAL(11,4),JM96))))=0 and GS01 not in (SELECT JM90 FROM R_PQO WHERE JM116='1' )
17:43:25.000 从数据类型 nvarchar 转换为 numeric 时出错。
17:44:10.000 @GS02[椴木]
17:44:10.000 @GS04[0.0000]
17:44:10.000 @GS05[0.00]
17:44:10.000 @GS07[主体中间木块]
17:44:10.000 @GS08[77*19*23]
17:44:10.000 @GS09[块]
17:44:10.000 @GS10[1.0000]
17:44:10.000 @GS11[0.600]
17:44:10.000 @GS13[0]
17:44:10.000 @GS14[]
17:44:10.000 @GS15[]
17:44:10.000 @GS16[严少荣]
17:44:10.000 @GS17[吴书松]
17:44:10.000 @GS18[吴小毛]
17:44:10.000 @GS19[2018/9/7 17:44:06]
17:44:10.000 @GS51[0.000]
17:44:10.000 @idx[49407]
17:44:10.000 @GS2[椴木]
17:44:10.000 @GS7[主体中间木块]
17:44:10.000 @GS20[]
17:44:10.000 @GS70[R_341]
17:44:10.000 @GS71[木材]
17:44:10.000 UPDATE R_PQP SET GS02=@GS2,GS04=@GS04,GS05=@GS05,GS07=@GS7,GS08=@GS08,GS09=@GS09,GS10=@GS10,GS11=@GS11,GS13=@GS13,GS14=@GS14,GS15=@GS15,GS16=@GS16,GS17=@GS17,GS18=@GS18,GS19=@GS19,GS20=@GS20,GS51=@GS51,GS70=@GS70,GS71=@GS71 WHERE idx=@idx
17:44:16.000 @GS34[R_509-20180904002]
17:44:16.000 @GS02[椴木]
17:44:16.000 @GS04[0.0000]
17:44:16.000 @GS05[0.00]
17:44:16.000 @GS07[主体中间木块]
17:44:16.000 @GS08[77*19*33]
17:44:16.000 @GS09[块]
17:44:16.000 @GS10[1.0000]
17:44:16.000 @GS11[0.600]
17:44:16.000 @GS13[0]
17:44:16.000 @GS14[]
17:44:16.000 @GS15[]
17:44:16.000 @GS16[严少荣]
17:44:16.000 @GS17[吴书松]
17:44:16.000 @GS18[吴小毛]
17:44:16.000 @GS19[2018/9/7 17:44:06]
17:44:16.000 @GS20[]
17:44:16.000 @GS49[3024]
17:44:16.000 @GS51[0.000]
17:44:16.000 @GS70[R_341]
17:44:16.000 @GS71[木材]
17:44:16.000 INSERT INTO R_PQP (GS34,GS02,GS04,GS05,GS07,GS08,GS09,GS10,GS11,GS13,GS14,GS15,GS16,GS17,GS18,GS19,GS20,GS49,GS51,GS70,GS71) VALUES (@GS34,@GS02,@GS04,@GS05,@GS07,@GS08,@GS09,@GS10,@GS11,@GS13,@GS14,@GS15,@GS16,@GS17,@GS18,@GS19,@GS20,@GS49,@GS51,@GS70,@GS71)
17:44:29.000 @GS34[R_509-20180904002]
17:44:29.000 @GS02[椴木]
17:44:29.000 @GS04[0.0000]
17:44:29.000 @GS05[0.00]
17:44:29.000 @GS07[主体中间木块]
17:44:29.000 @GS08[77*19*34]
17:44:29.000 @GS09[块]
17:44:29.000 @GS10[1.0000]
17:44:29.000 @GS11[0.600]
17:44:29.000 @GS13[0]
17:44:29.000 @GS14[]
17:44:29.000 @GS15[]
17:44:29.000 @GS16[严少荣]
17:44:29.000 @GS17[吴书松]
17:44:29.000 @GS18[吴小毛]
17:44:29.000 @GS19[2018/9/7 0:00:00]
17:44:29.000 @GS20[]
17:44:29.000 @GS49[3024]
17:44:29.000 @GS51[0.000]
17:44:29.000 @GS70[R_341]
17:44:29.000 @GS71[木材]
17:44:29.000 INSERT INTO R_PQP (GS34,GS02,GS04,GS05,GS07,GS08,GS09,GS10,GS11,GS13,GS14,GS15,GS16,GS17,GS18,GS19,GS20,GS49,GS51,GS70,GS71) VALUES (@GS34,@GS02,@GS04,@GS05,@GS07,@GS08,@GS09,@GS10,@GS11,@GS13,@GS14,@GS15,@GS16,@GS17,@GS18,@GS19,@GS20,@GS49,@GS51,@GS70,@GS71)
17:44:44.000 @GS02[椴木]
17:44:44.000 @GS04[0.0000]
17:44:44.000 @GS05[0.00]
17:44:44.000 @GS07[主体中间木块]
17:44:44.000 @GS08[77*19*31]
17:44:44.000 @GS09[块]
17:44:44.000 @GS10[1.0000]
17:44:44.000 @GS11[0.600]
17:44:44.000 @GS13[0]
17:44:44.000 @GS14[]
17:44:44.000 @GS15[]
17:44:44.000 @GS16[严少荣]
17:44:44.000 @GS17[吴书松]
17:44:44.000 @GS18[吴小毛]
17:44:44.000 @GS19[2018/9/7 0:00:00]
17:44:44.000 @GS51[0.000]
17:44:44.000 @idx[49432]
17:44:44.000 @GS2[椴木]
17:44:44.000 @GS7[主体中间木块]
17:44:44.000 @GS20[]
17:44:44.000 @GS70[R_341]
17:44:44.000 @GS71[木材]
17:44:44.000 UPDATE R_PQP SET GS02=@GS2,GS04=@GS04,GS05=@GS05,GS07=@GS7,GS08=@GS08,GS09=@GS09,GS10=@GS10,GS11=@GS11,GS13=@GS13,GS14=@GS14,GS15=@GS15,GS16=@GS16,GS17=@GS17,GS18=@GS18,GS19=@GS19,GS20=@GS20,GS51=@GS51,GS70=@GS70,GS71=@GS71 WHERE idx=@idx
17:44:48.000 @GS34[R_509-20180904002]
17:44:48.000 @GS03[老单]
17:44:48.000 @GS22[]
17:44:48.000 @GS23[2018/9/4 0:00:00]
17:44:48.000 @GS24[]
17:44:48.000 @GS25[2018/9/4 0:00:00]
17:44:48.000 @GS26[]
17:44:48.000 @GS27[2018/9/4 0:00:00]
17:44:48.000 @GS28[]
17:44:48.000 @GS29[2018/9/4 0:00:00]
17:44:48.000 @GS30[]
17:44:48.000 @GS31[0]
17:44:48.000 @GS32[更改名称]
17:44:48.000 @GS33[[廖灵飞20180907]]
17:44:48.000 @GS46[旋转摇摇响]
17:44:48.000 @GS47[yyx001]
17:44:48.000 @GS48[ZE0611A]
17:44:48.000 @GS49[3024]
17:44:48.000 @GS50[]
17:44:48.000 @GS01[18080294]
17:44:48.000 UPDATE R_PQP SET GS01=@GS01,GS46=@GS46,GS47=@GS47,GS48=@GS48,GS49=@GS49,GS50=@GS50,GS03=@GS03,GS22=@GS22,GS23=@GS23,GS24=@GS24,GS25=@GS25,GS26=@GS26,GS27=@GS27,GS28=@GS28,GS29=@GS29,GS30=@GS30,GS31=@GS31,GS32=@GS32,GS33=@GS33 WHERE GS34=@GS34
