08:49:37.000  异常信息：由于连接方在一段时间后没有正确答复或连接的主机没有反应，连接尝试失败。 192.168.0.222:80
  堆栈信息:   在 AutoUpdate.AppUpdate.DownloadFile(String url, String localFilePath) 位置 D:\ProjectData\MLL\Mulaolao\Mulaolao\Class\AppUpdate.cs:行号 242
   在 AutoUpdate.AppUpdate.CheckAppVersion(String& msg) 位置 D:\ProjectData\MLL\Mulaolao\Mulaolao\Class\AppUpdate.cs:行号 310
08:49:52.000 UPDATE R_PQP SET GS73='T' FROM R_PQQ WHERE GS01=CP01 AND GS35=CP09 AND (GS35  LIKE '%丝印%' OR GS35 LIKE '%雕刻%' OR GS35  LIKE '%砂皮%' OR GS35  LIKE '%走台印%' OR GS35  LIKE '%冲印%') 
08:49:52.000 UPDATE R_PQP SET GS73='T' FROM R_PQAH WHERE GS01=AH01 AND GS35=AH18 AND (GS35  LIKE '%丝印%' OR GS35 LIKE '%雕刻%' OR GS35  LIKE '%砂皮%' OR GS35  LIKE '%走台印%' OR GS35  LIKE '%冲印%')
08:49:52.000 UPDATE R_PQP SET GS73='T' FROM R_PQI WHERE GS01=YQ03 AND  GS35 LIKE '%油漆%'  AND YQ139='1'
08:49:52.000 UPDATE R_PQP SET GS73='T' FROM R_PQAF WHERE GS01=AF002 AND GS07=AF015 AND GS02=AF084 AND GS08 ='Φ'+CONVERT(VARCHAR,CONVERT(FLOAT,AF022*10))+'*'+CONVERT(VARCHAR,CONVERT(FLOAT,AF020*10)) 
08:49:53.000 UPDATE R_PQP SET GS73='T' FROM R_PQU WHERE GS01=PQU01 AND GS07=PQU10 AND GS08=PQU12  
08:49:53.000 UPDATE R_PQP SET GS73='T' FROM R_PQS WHERE GS01=PJ01 AND GS56=PJ09 AND GS57=PJ89  
08:49:53.000 UPDATE R_PQP SET GS73='T' FROM R_PQT WHERE GS01=WX01 AND GS56=WX10 AND GS57=WX11 
08:49:54.000 WITH CET AS (select GS70,GS01,GS46,GS49,GS71,GS02,right(GS08,len(GS08) - charindex('*',GS08) ) a from R_PQP  WHERE GS70='R_338' AND GS73='F' ),CFT AS (SELECT GS70,GS01,GS46,GS49,GS71,GS02,right(a,LEN(a)-charindex('*',a)) GS08 FROM CET  ),CHT AS( SELECT DISTINCT GS70,GS01,GS46,GS49,GS71,GS02,CONVERT(FLOAT,CONVERT(DECIMAL(11,2),GS08)*1.0/10) GS08 FROM CFT  )SELECT GS70,GS01,GS46,GS49,GS71,GS02,CONVERT(VARCHAR,GS08) GS08,'' GS07,PQF13,PQF31 FROM CHT A INNER JOIN R_PQF B ON A.GS01=B.PQF01  WHERE (SELECT COUNT(1) FROM R_PQO WHERE GS01=JM90 AND GS02=JM09 AND CONVERT(VARCHAR,GS08)=CONVERT(VARCHAR,CONVERT(FLOAT,CONVERT(DECIMAL(11,4),JM96))))=0 and GS01 not in (SELECT JM90 FROM R_PQO WHERE JM116='1' )
08:49:54.000 从数据类型 nvarchar 转换为 numeric 时出错。
08:50:04.000 INSERT INTO R_PQQZC (QZ002,QZ003,QZ004,QZ005,QZ006,QZ007,QZ008,U22,U0,U23,U1,QZ009,QZ011,QZ014,U4,U5,U6,U7,QZ012,QZ013,QZ017,QZ018,QZ019,U13,U14,U15,U16,U17,U18,QZ020,QZ021,QZ022,QZ023,QZ024,QZ025,QZ026,QZ027,QZ028,QZ029,QZ030,QZ039,DBA960,QZ015,QZ040,QZ016,QZ041,QZ043,QZ044,QZ045,QZ046,QZ047,QZ048,QZ049) VALUES ('2018/5/1 0:00:00','王祖汉','兰邦松','累计','57.7','42.0','423926.5','0.000000','0.000000','0.0','0','0.0013','51','2069.5','35.866551','0.00000','0.000000','0','0.028','0','140','0.3','0','0.00000','0','0','0','0','0','0.2','0','-300','0','-300','0','20','0','300','0','-300','64','其他','0.001','0.001','31','31','0.02','90','120','0','0','0','0')
08:50:04.000 INSERT INTO R_PQQZC (QZ002,QZ003,QZ004,QZ005,QZ006,QZ007,QZ008,U22,U0,U23,U1,QZ009,QZ011,QZ014,U4,U5,U6,U7,QZ012,QZ013,QZ017,QZ018,QZ019,U13,U14,U15,U16,U17,U18,QZ020,QZ021,QZ022,QZ023,QZ024,QZ025,QZ026,QZ027,QZ028,QZ029,QZ030,QZ039,DBA960,QZ015,QZ040,QZ016,QZ041,QZ043,QZ044,QZ045,QZ046,QZ047,QZ048,QZ049) VALUES ('2018/5/1 0:00:00','王祖汉','周家任','累计','185.2','130.0','2554274.2','3320.556460','17.929570','9445.2','51','0.0013','51','11383.7','61.467062','0.00000','0.000000','25928.0','0.028','0','140','0.3','0','0.00000','0','0','0','9300','0','0.2','0','-300','0','-300','0','20','31','300','0','-300','120','男','0.001','0.001','31','31','0.02','90','120','0','0','0','0')
08:50:04.000 INSERT INTO R_PQQZC (QZ002,QZ003,QZ004,QZ005,QZ006,QZ007,QZ008,U22,U0,U23,U1,QZ009,QZ011,QZ014,U4,U5,U6,U7,QZ012,QZ013,QZ017,QZ018,QZ019,U13,U14,U15,U16,U17,U18,QZ020,QZ021,QZ022,QZ023,QZ024,QZ025,QZ026,QZ027,QZ028,QZ029,QZ030,QZ039,DBA960,QZ015,QZ040,QZ016,QZ041,QZ043,QZ044,QZ045,QZ046,QZ047,QZ048,QZ049) VALUES ('2018/5/1 0:00:00','王祖汉','廖少林','累计','188.1','134.0','2042021.5','2042.021500','10.856041','5831.1','31','0.0013','51','7050.0','37.480063','0.00000','0.000000','16929.0','0.028','0','140','0.3','0','0.00000','0','0','0','0','0','0.2','0','-300','0','-300','0','20','0','300','0','-300','168','女','0.001','0.001','31','31','0.02','90','120','0','0','0','0')
08:50:04.000 INSERT INTO R_PQQZC (QZ002,QZ003,QZ004,QZ005,QZ006,QZ007,QZ008,U22,U0,U23,U1,QZ009,QZ011,QZ014,U4,U5,U6,U7,QZ012,QZ013,QZ017,QZ018,QZ019,U13,U14,U15,U16,U17,U18,QZ020,QZ021,QZ022,QZ023,QZ024,QZ025,QZ026,QZ027,QZ028,QZ029,QZ030,QZ039,DBA960,QZ015,QZ040,QZ016,QZ041,QZ043,QZ044,QZ045,QZ046,QZ047,QZ048,QZ049) VALUES ('2018/5/1 0:00:00','王祖汉','张朝云','累计','57.1','41.0','524838.7','0.000000','0.000000','0.0','0','0.0013','51','2497.7','43.742556','0.00000','0.000000','0','0.028','0','140','0.3','0','0.00000','0','0','0','0','0','0.2','0','-300','0','-300','0','20','4','300','0','-300','32','男','0.001','0.001','31','31','0.02','90','120','0','0','0','0')
08:50:04.000 INSERT INTO R_PQQZC (QZ002,QZ003,QZ004,QZ005,QZ006,QZ007,QZ008,U22,U0,U23,U1,QZ009,QZ011,QZ014,U4,U5,U6,U7,QZ012,QZ013,QZ017,QZ018,QZ019,U13,U14,U15,U16,U17,U18,QZ020,QZ021,QZ022,QZ023,QZ024,QZ025,QZ026,QZ027,QZ028,QZ029,QZ030,QZ039,DBA960,QZ015,QZ040,QZ016,QZ041,QZ043,QZ044,QZ045,QZ046,QZ047,QZ048,QZ049) VALUES ('2018/5/1 0:00:00','王祖汉','张林娟','累计','191.7','135.0','2887143.2','2887.143200','15.060736','5942.7','31','0.0013','51','9054.9','47.234741','0.00000','0.000000','17253.0','0.028','0','140','0.3','0','0.00000','0','0','0','0','0','0.2','0','-300','0','-300','0','20','0','300','0','-300','201','女','0.001','0.001','31','31','0.02','90','120','0','0','0','0')
08:50:04.000 INSERT INTO R_PQQZC (QZ002,QZ003,QZ004,QZ005,QZ006,QZ007,QZ008,U22,U0,U23,U1,QZ009,QZ011,QZ014,U4,U5,U6,U7,QZ012,QZ013,QZ017,QZ018,QZ019,U13,U14,U15,U16,U17,U18,QZ020,QZ021,QZ022,QZ023,QZ024,QZ025,QZ026,QZ027,QZ028,QZ029,QZ030,QZ039,DBA960,QZ015,QZ040,QZ016,QZ041,QZ043,QZ044,QZ045,QZ046,QZ047,QZ048,QZ049) VALUES ('2018/5/1 0:00:00','王祖汉','赖冬秀','累计','165.4','125.0','2554274.2','2554.274200','15.443012','5127.4','31','0.0013','51','7335.2','44.348246','0.00000','0.000000','14886.0','0.028','0','140','0.3','0','0.00000','0','0','0','0','0','0.2','0','-300','0','-300','0','20','0','300','0','-300','120','女','0.001','0.001','31','31','0.02','90','120','0','0','0','0')
08:50:04.000 INSERT INTO R_PQQZC (QZ002,QZ003,QZ004,QZ005,QZ006,QZ007,QZ008,U22,U0,U23,U1,QZ009,QZ011,QZ014,U4,U5,U6,U7,QZ012,QZ013,QZ017,QZ018,QZ019,U13,U14,U15,U16,U17,U18,QZ020,QZ021,QZ022,QZ023,QZ024,QZ025,QZ026,QZ027,QZ028,QZ029,QZ030,QZ039,DBA960,QZ015,QZ040,QZ016,QZ041,QZ043,QZ044,QZ045,QZ046,QZ047,QZ048,QZ049) VALUES ('2018/5/1 0:00:00','王祖汉','赖仁通','累计','188.1','132.0','2810730.8','3653.950040','19.425571','9593.1','51','0.0013','51','10324.5','54.888357','0.00000','0.000000','26334.0','0.028','0','140','0.3','0','0.00000','0','0','0','13500','0','0.2','0','-300','0','-300','0','20','45','300','0','-300','235','男','0.001','0.001','31','31','0.02','90','120','0','0','0','0')
08:50:04.000 INSERT INTO R_PQQZC (QZ002,QZ003,QZ004,QZ005,QZ006,QZ007,QZ008,U22,U0,U23,U1,QZ009,QZ011,QZ014,U4,U5,U6,U7,QZ012,QZ013,QZ017,QZ018,QZ019,U13,U14,U15,U16,U17,U18,QZ020,QZ021,QZ022,QZ023,QZ024,QZ025,QZ026,QZ027,QZ028,QZ029,QZ030,QZ039,DBA960,QZ015,QZ040,QZ016,QZ041,QZ043,QZ044,QZ045,QZ046,QZ047,QZ048,QZ049) VALUES ('2018/5/1 0:00:00','王祖汉','阙宪富','累计','189.5','134.0','2017521.7','2622.778210','13.840518','9664.5','51','0.0013','51','9783.0','51.625329','0.00000','0.000000','26530.0','0.028','0','140','0.3','0','0.00000','0','0','0','9300','0','0.2','0','-300','0','-300','0','20','31','300','0','-300','166','男','0.001','0.001','31','31','0.02','90','120','0','0','0','0')
08:50:06.000 DELETE FROM R_PQQZ WHERE QZ001='R_351-20180920001'
08:50:06.000 DELETE FROM R_REVIEWS WHERE RES06='R_351-20180920001'
08:50:06.000 DELETE FROM R_PQQZC WHERE QZ002 LIKE '2018-05%'
08:50:12.000 INSERT INTO R_PQQZC (QZ002,QZ003,QZ004,QZ005,QZ006,QZ007,QZ008,U22,U0,U23,U1,QZ009,QZ011,QZ014,U4,U5,U6,U7,QZ012,QZ013,QZ017,QZ018,QZ019,U13,U14,U15,U16,U17,U18,QZ020,QZ021,QZ022,QZ023,QZ024,QZ025,QZ026,QZ027,QZ028,QZ029,QZ030,QZ039,DBA960,QZ015,QZ040,QZ016,QZ041,QZ043,QZ044,QZ045,QZ046,QZ047,QZ048,QZ049) VALUES ('2018/4/1 0:00:00','王祖汉','兰邦松','累计','57.7','42.0','423926.5','0.000000','0.000000','0.0','0','0.0013','51','2069.5','35.866551','0.00000','0.000000','0','0.028','0','140','0.3','0','0.00000','0','0','0','0','0','0.2','0','-300','0','-300','0','20','0','300','0','-300','64','其他','0.001','0.001','31','31','0.02','90','120','0','0','0','0')
08:50:12.000 INSERT INTO R_PQQZC (QZ002,QZ003,QZ004,QZ005,QZ006,QZ007,QZ008,U22,U0,U23,U1,QZ009,QZ011,QZ014,U4,U5,U6,U7,QZ012,QZ013,QZ017,QZ018,QZ019,U13,U14,U15,U16,U17,U18,QZ020,QZ021,QZ022,QZ023,QZ024,QZ025,QZ026,QZ027,QZ028,QZ029,QZ030,QZ039,DBA960,QZ015,QZ040,QZ016,QZ041,QZ043,QZ044,QZ045,QZ046,QZ047,QZ048,QZ049) VALUES ('2018/4/1 0:00:00','王祖汉','周家任','累计','140.7','100.0','1841461.4','2393.899820','17.014213','7175.7','51','0.0013','51','7812.9','55.528784','0.00000','0.000000','19698.0','0.028','0','140','0.3','0','0.00000','0','0','0','7200','0','0.2','0','-300','0','-300','0','20','24','300','0','-300','93','男','0.001','0.001','31','31','0.02','90','120','0','0','0','0')
08:50:12.000 INSERT INTO R_PQQZC (QZ002,QZ003,QZ004,QZ005,QZ006,QZ007,QZ008,U22,U0,U23,U1,QZ009,QZ011,QZ014,U4,U5,U6,U7,QZ012,QZ013,QZ017,QZ018,QZ019,U13,U14,U15,U16,U17,U18,QZ020,QZ021,QZ022,QZ023,QZ024,QZ025,QZ026,QZ027,QZ028,QZ029,QZ030,QZ039,DBA960,QZ015,QZ040,QZ016,QZ041,QZ043,QZ044,QZ045,QZ046,QZ047,QZ048,QZ049) VALUES ('2018/4/1 0:00:00','王祖汉','廖少林','累计','143.1','104.0','1329208.7','1329.208700','9.288670','4436.1','31','0.0013','51','4905.0','34.276729','0.00000','0.000000','12879.0','0.028','0','140','0.3','0','0.00000','0','0','0','0','0','0.2','0','-300','0','-300','0','20','0','300','0','-300','118','女','0.001','0.001','31','31','0.02','90','120','0','0','0','0')
08:50:12.000 INSERT INTO R_PQQZC (QZ002,QZ003,QZ004,QZ005,QZ006,QZ007,QZ008,U22,U0,U23,U1,QZ009,QZ011,QZ014,U4,U5,U6,U7,QZ012,QZ013,QZ017,QZ018,QZ019,U13,U14,U15,U16,U17,U18,QZ020,QZ021,QZ022,QZ023,QZ024,QZ025,QZ026,QZ027,QZ028,QZ029,QZ030,QZ039,DBA960,QZ015,QZ040,QZ016,QZ041,QZ043,QZ044,QZ045,QZ046,QZ047,QZ048,QZ049) VALUES ('2018/4/1 0:00:00','王祖汉','张朝云','累计','57.1','41.0','524838.7','0.000000','0.000000','0.0','0','0.0013','51','2497.7','43.742556','0.00000','0.000000','0','0.028','0','140','0.3','0','0.00000','0','0','0','0','0','0.2','0','-300','0','-300','0','20','4','300','0','-300','32','男','0.001','0.001','31','31','0.02','90','120','0','0','0','0')
08:50:12.000 INSERT INTO R_PQQZC (QZ002,QZ003,QZ004,QZ005,QZ006,QZ007,QZ008,U22,U0,U23,U1,QZ009,QZ011,QZ014,U4,U5,U6,U7,QZ012,QZ013,QZ017,QZ018,QZ019,U13,U14,U15,U16,U17,U18,QZ020,QZ021,QZ022,QZ023,QZ024,QZ025,QZ026,QZ027,QZ028,QZ029,QZ030,QZ039,DBA960,QZ015,QZ040,QZ016,QZ041,QZ043,QZ044,QZ045,QZ046,QZ047,QZ048,QZ049) VALUES ('2018/4/1 0:00:00','王祖汉','张林娟','累计','150.4','106.0','2174330.4','2174.330400','14.456984','4662.4','31','0.0013','51','7666.8','50.976063','0.00000','0.000000','13536.0','0.028','0','140','0.3','0','0.00000','0','0','0','0','0','0.2','0','-300','0','-300','0','20','0','300','0','-300','128','女','0.001','0.001','31','31','0.02','90','120','0','0','0','0')
08:50:12.000 INSERT INTO R_PQQZC (QZ002,QZ003,QZ004,QZ005,QZ006,QZ007,QZ008,U22,U0,U23,U1,QZ009,QZ011,QZ014,U4,U5,U6,U7,QZ012,QZ013,QZ017,QZ018,QZ019,U13,U14,U15,U16,U17,U18,QZ020,QZ021,QZ022,QZ023,QZ024,QZ025,QZ026,QZ027,QZ028,QZ029,QZ030,QZ039,DBA960,QZ015,QZ040,QZ016,QZ041,QZ043,QZ044,QZ045,QZ046,QZ047,QZ048,QZ049) VALUES ('2018/4/1 0:00:00','王祖汉','赖冬秀','累计','124.1','96.0','1841461.4','1841.461400','14.838528','3847.1','31','0.0013','51','4950.9','39.894439','0.00000','0.000000','11169.0','0.028','0','140','0.3','0','0.00000','0','0','0','0','0','0.2','0','-300','0','-300','0','20','0','300','0','-300','93','女','0.001','0.001','31','31','0.02','90','120','0','0','0','0')
08:50:12.000 INSERT INTO R_PQQZC (QZ002,QZ003,QZ004,QZ005,QZ006,QZ007,QZ008,U22,U0,U23,U1,QZ009,QZ011,QZ014,U4,U5,U6,U7,QZ012,QZ013,QZ017,QZ018,QZ019,U13,U14,U15,U16,U17,U18,QZ020,QZ021,QZ022,QZ023,QZ024,QZ025,QZ026,QZ027,QZ028,QZ029,QZ030,QZ039,DBA960,QZ015,QZ040,QZ016,QZ041,QZ043,QZ044,QZ045,QZ046,QZ047,QZ048,QZ049) VALUES ('2018/4/1 0:00:00','王祖汉','赖仁通','累计','143.7','102.0','2097918.0','2727.293400','18.979077','7328.7','51','0.0013','51','7654.0','53.263743','0.00000','0.000000','20118.0','0.028','0','140','0.3','0','0.00000','0','0','0','10200','0','0.2','0','-300','0','-300','0','20','34','300','0','-300','162','男','0.001','0.001','31','31','0.02','90','120','0','0','0','0')
08:50:12.000 INSERT INTO R_PQQZC (QZ002,QZ003,QZ004,QZ005,QZ006,QZ007,QZ008,U22,U0,U23,U1,QZ009,QZ011,QZ014,U4,U5,U6,U7,QZ012,QZ013,QZ017,QZ018,QZ019,U13,U14,U15,U16,U17,U18,QZ020,QZ021,QZ022,QZ023,QZ024,QZ025,QZ026,QZ027,QZ028,QZ029,QZ030,QZ039,DBA960,QZ015,QZ040,QZ016,QZ041,QZ043,QZ044,QZ045,QZ046,QZ047,QZ048,QZ049) VALUES ('2018/4/1 0:00:00','王祖汉','阙宪富','累计','144.5','104.0','1304708.9','1696.121570','11.737865','7369.5','51','0.0013','51','6817.5','47.179930','0.00000','0.000000','20230.0','0.028','0','140','0.3','0','0.00000','0','0','0','6000','0','0.2','0','-300','0','-300','0','20','20','300','0','-300','116','男','0.001','0.001','31','31','0.02','90','120','0','0','0','0')
08:50:17.000 DELETE FROM R_PQQZ WHERE QZ001='R_351-20180606003'
08:50:17.000 DELETE FROM R_REVIEWS WHERE RES06='R_351-20180606003'
08:50:17.000 DELETE FROM R_PQQZC WHERE QZ002 LIKE '2018-04%'
08:50:20.000 INSERT INTO R_PQQZ (QZ001,QZ002,QZ003,QZ004,QZ005,QZ006,QZ007,QZ008,QZ009,QZ010,QZ011,QZ012,QZ013,QZ014,QZ015,QZ016,QZ017,QZ018,QZ020,QZ022,QZ024,QZ026,QZ028,QZ030,QZ039,QZ040,QZ041,QZ042,QZ043,QZ044,QZ045,QZ046,QZ048,QZ027) VALUES ('R_351-20180926001','2018/4/1 0:00:00','王祖汉','周家任','本月','43.0','29.0','777644.7','0.0013','001','51','0.028','0','2814.8','0.001','31','140','0.3','0.2','-300','-300','20','300','-300','23','0.001','31','0.02','0.02','90','120','0','0','9')
08:50:20.000 INSERT INTO R_PQQZ (QZ001,QZ002,QZ003,QZ004,QZ005,QZ006,QZ007,QZ008,QZ009,QZ010,QZ011,QZ012,QZ013,QZ014,QZ015,QZ016,QZ017,QZ018,QZ020,QZ022,QZ024,QZ026,QZ028,QZ030,QZ039,QZ040,QZ041,QZ042,QZ043,QZ044,QZ045,QZ046,QZ048,QZ027) VALUES ('R_351-20180926001','2018/4/1 0:00:00','王祖汉','阙宪富','本月','43.0','29.0','690857.4','0.0013','002','51','0.028','0','2380.5','0.001','31','140','0.3','0.2','-300','-300','20','300','-300','27','0.001','31','0.02','0.02','90','120','0','0','7')
08:50:20.000 INSERT INTO R_PQQZ (QZ001,QZ002,QZ003,QZ004,QZ005,QZ006,QZ007,QZ008,QZ009,QZ010,QZ011,QZ012,QZ013,QZ014,QZ015,QZ016,QZ017,QZ018,QZ020,QZ022,QZ024,QZ026,QZ028,QZ030,QZ039,QZ040,QZ041,QZ042,QZ043,QZ044,QZ045,QZ046,QZ048,QZ027) VALUES ('R_351-20180926001','2018/4/1 0:00:00','王祖汉','张林娟','本月','42.9','30.0','0.0','0.0013','003','51','0.028','0','2497.8','0.001','31','140','0.3','0.2','-300','-300','20','300','-300','66','0.001','31','0.02','0.02','90','120','0','0','0')
08:50:20.000 INSERT INTO R_PQQZ (QZ001,QZ002,QZ003,QZ004,QZ005,QZ006,QZ007,QZ008,QZ009,QZ010,QZ011,QZ012,QZ013,QZ014,QZ015,QZ016,QZ017,QZ018,QZ020,QZ022,QZ024,QZ026,QZ028,QZ030,QZ039,QZ040,QZ041,QZ042,QZ043,QZ044,QZ045,QZ046,QZ048,QZ027) VALUES ('R_351-20180926001','2018/4/1 0:00:00','王祖汉','赖仁通','本月','39.5','27.0','1375617.3','0.0013','004','51','0.028','0','2645.3','0.001','31','140','0.3','0.2','-300','-300','20','300','-300','66','0.001','31','0.02','0.02','90','120','0','0','16')
08:50:20.000 INSERT INTO R_PQQZ (QZ001,QZ002,QZ003,QZ004,QZ005,QZ006,QZ007,QZ008,QZ009,QZ010,QZ011,QZ012,QZ013,QZ014,QZ015,QZ016,QZ017,QZ018,QZ020,QZ022,QZ024,QZ026,QZ028,QZ030,QZ039,QZ040,QZ041,QZ042,QZ043,QZ044,QZ045,QZ046,QZ048,QZ027) VALUES ('R_351-20180926001','2018/4/1 0:00:00','王祖汉','赖冬秀','本月','41.0','29.0','0.0','0.0013','005','51','0.028','0','1781.0','0.001','31','140','0.3','0.2','-300','-300','20','300','-300','23','0.001','31','0.02','0.02','90','120','0','0','0')
08:50:20.000 INSERT INTO R_PQQZ (QZ001,QZ002,QZ003,QZ004,QZ005,QZ006,QZ007,QZ008,QZ009,QZ010,QZ011,QZ012,QZ013,QZ014,QZ015,QZ016,QZ017,QZ018,QZ020,QZ022,QZ024,QZ026,QZ028,QZ030,QZ039,QZ040,QZ041,QZ042,QZ043,QZ044,QZ045,QZ046,QZ048,QZ027) VALUES ('R_351-20180926001','2018/4/1 0:00:00','王祖汉','廖少林','本月','44.0','30.0','0.0','0.0013','006','51','0.028','0','1325.0','0.001','31','140','0.3','0.2','-300','-300','20','300','-300','27','0.001','31','0.02','0.02','90','120','0','0','0')
08:50:21.000 UPDATE R_PQQZ SET QZ008='777644.7' WHERE QZ001='R_351-20180926001' AND QZ004 IN (SELECT DBA002 FROM TPADBA WHERE DBA961='2')
08:50:21.000 UPDATE R_PQQZ SET QZ008='690857.4' WHERE QZ001='R_351-20180926001' AND QZ004 IN (SELECT DBA002 FROM TPADBA WHERE DBA961='2')
08:50:21.000 UPDATE R_PQQZ SET QZ008='1375617.3' WHERE QZ001='R_351-20180926001' AND QZ004 IN (SELECT DBA002 FROM TPADBA WHERE DBA961='2')
08:50:22.000 INSERT INTO R_PQQZC (QZ002,QZ003,QZ004,QZ005,QZ006,QZ007,QZ008,U22,U0,U23,U1,QZ009,QZ011,QZ014,U4,U5,U6,U7,QZ012,QZ013,QZ017,QZ018,QZ019,U13,U14,U15,U16,U17,U18,QZ020,QZ021,QZ022,QZ023,QZ024,QZ025,QZ026,QZ027,QZ028,QZ029,QZ030,QZ039,DBA960,QZ015,QZ040,QZ016,QZ041,QZ043,QZ044,QZ045,QZ046,QZ047,QZ048,QZ049) VALUES ('2018/4/1 0:00:00','王祖汉','兰邦松','累计','57.7','42.0','423926.5','0.000000','0.000000','0.0','0','0.0013','51','2069.5','35.866551','0.00000','0.000000','0','0.028','0','140','0.3','0','0.00000','0','0','0','0','0','0.2','0','-300','0','-300','0','20','0','300','0','-300','64','其他','0.001','0.001','31','31','0.02','90','120','0','0','0','0')
08:50:22.000 INSERT INTO R_PQQZC (QZ002,QZ003,QZ004,QZ005,QZ006,QZ007,QZ008,U22,U0,U23,U1,QZ009,QZ011,QZ014,U4,U5,U6,U7,QZ012,QZ013,QZ017,QZ018,QZ019,U13,U14,U15,U16,U17,U18,QZ020,QZ021,QZ022,QZ023,QZ024,QZ025,QZ026,QZ027,QZ028,QZ029,QZ030,QZ039,DBA960,QZ015,QZ040,QZ016,QZ041,QZ043,QZ044,QZ045,QZ046,QZ047,QZ048,QZ049) VALUES ('2018/4/1 0:00:00','王祖汉','周家任','累计','140.7','100.0','2439434.0','3171.264200','22.539191','7175.7','51','0.0013','51','7812.9','55.528784','0.00000','0.000000','19698.0','0.028','0','140','0.3','0','0.00000','0','0','0','7200','0','0.2','0','-300','0','-300','0','20','24','300','0','-300','100','男','0.001','0.001','31','31','0.02','90','120','0','0','0','0')
08:50:22.000 INSERT INTO R_PQQZC (QZ002,QZ003,QZ004,QZ005,QZ006,QZ007,QZ008,U22,U0,U23,U1,QZ009,QZ011,QZ014,U4,U5,U6,U7,QZ012,QZ013,QZ017,QZ018,QZ019,U13,U14,U15,U16,U17,U18,QZ020,QZ021,QZ022,QZ023,QZ024,QZ025,QZ026,QZ027,QZ028,QZ029,QZ030,QZ039,DBA960,QZ015,QZ040,QZ016,QZ041,QZ043,QZ044,QZ045,QZ046,QZ047,QZ048,QZ049) VALUES ('2018/4/1 0:00:00','王祖汉','廖少林','累计','143.1','104.0','2013968.6','2013.968600','14.073854','4436.1','31','0.0013','51','4905.0','34.276729','0.00000','0.000000','12879.0','0.028','0','140','0.3','0','0.00000','0','0','0','0','0','0.2','0','-300','0','-300','0','20','0','300','0','-300','129','女','0.001','0.001','31','31','0.02','90','120','0','0','0','0')
08:50:22.000 INSERT INTO R_PQQZC (QZ002,QZ003,QZ004,QZ005,QZ006,QZ007,QZ008,U22,U0,U23,U1,QZ009,QZ011,QZ014,U4,U5,U6,U7,QZ012,QZ013,QZ017,QZ018,QZ019,U13,U14,U15,U16,U17,U18,QZ020,QZ021,QZ022,QZ023,QZ024,QZ025,QZ026,QZ027,QZ028,QZ029,QZ030,QZ039,DBA960,QZ015,QZ040,QZ016,QZ041,QZ043,QZ044,QZ045,QZ046,QZ047,QZ048,QZ049) VALUES ('2018/4/1 0:00:00','王祖汉','张朝云','累计','57.1','41.0','524838.7','0.000000','0.000000','0.0','0','0.0013','51','2497.7','43.742556','0.00000','0.000000','0','0.028','0','140','0.3','0','0.00000','0','0','0','0','0','0.2','0','-300','0','-300','0','20','4','300','0','-300','32','男','0.001','0.001','31','31','0.02','90','120','0','0','0','0')
08:50:22.000 INSERT INTO R_PQQZC (QZ002,QZ003,QZ004,QZ005,QZ006,QZ007,QZ008,U22,U0,U23,U1,QZ009,QZ011,QZ014,U4,U5,U6,U7,QZ012,QZ013,QZ017,QZ018,QZ019,U13,U14,U15,U16,U17,U18,QZ020,QZ021,QZ022,QZ023,QZ024,QZ025,QZ026,QZ027,QZ028,QZ029,QZ030,QZ039,DBA960,QZ015,QZ040,QZ016,QZ041,QZ043,QZ044,QZ045,QZ046,QZ047,QZ048,QZ049) VALUES ('2018/4/1 0:00:00','王祖汉','张林娟','累计','150.4','106.0','2174330.4','2174.330400','14.456984','4662.4','31','0.0013','51','7666.8','50.976063','0.00000','0.000000','13536.0','0.028','0','140','0.3','0','0.00000','0','0','0','0','0','0.2','0','-300','0','-300','0','20','0','300','0','-300','145','女','0.001','0.001','31','31','0.02','90','120','0','0','0','0')
08:50:22.000 INSERT INTO R_PQQZC (QZ002,QZ003,QZ004,QZ005,QZ006,QZ007,QZ008,U22,U0,U23,U1,QZ009,QZ011,QZ014,U4,U5,U6,U7,QZ012,QZ013,QZ017,QZ018,QZ019,U13,U14,U15,U16,U17,U18,QZ020,QZ021,QZ022,QZ023,QZ024,QZ025,QZ026,QZ027,QZ028,QZ029,QZ030,QZ039,DBA960,QZ015,QZ040,QZ016,QZ041,QZ043,QZ044,QZ045,QZ046,QZ047,QZ048,QZ049) VALUES ('2018/4/1 0:00:00','王祖汉','赖冬秀','累计','124.1','96.0','2439434.0','2439.434000','19.657002','3847.1','31','0.0013','51','4950.9','39.894439','0.00000','0.000000','11169.0','0.028','0','140','0.3','0','0.00000','0','0','0','0','0','0.2','0','-300','0','-300','0','20','0','300','0','-300','100','女','0.001','0.001','31','31','0.02','90','120','0','0','0','0')
08:50:22.000 INSERT INTO R_PQQZC (QZ002,QZ003,QZ004,QZ005,QZ006,QZ007,QZ008,U22,U0,U23,U1,QZ009,QZ011,QZ014,U4,U5,U6,U7,QZ012,QZ013,QZ017,QZ018,QZ019,U13,U14,U15,U16,U17,U18,QZ020,QZ021,QZ022,QZ023,QZ024,QZ025,QZ026,QZ027,QZ028,QZ029,QZ030,QZ039,DBA960,QZ015,QZ040,QZ016,QZ041,QZ043,QZ044,QZ045,QZ046,QZ047,QZ048,QZ049) VALUES ('2018/4/1 0:00:00','王祖汉','赖仁通','累计','143.7','102.0','2097918.0','2727.293400','18.979077','7328.7','51','0.0013','51','7654.0','53.263743','0.00000','0.000000','20118.0','0.028','0','140','0.3','0','0.00000','0','0','0','10200','0','0.2','0','-300','0','-300','0','20','34','300','0','-300','179','男','0.001','0.001','31','31','0.02','90','120','0','0','0','0')
08:50:22.000 INSERT INTO R_PQQZC (QZ002,QZ003,QZ004,QZ005,QZ006,QZ007,QZ008,U22,U0,U23,U1,QZ009,QZ011,QZ014,U4,U5,U6,U7,QZ012,QZ013,QZ017,QZ018,QZ019,U13,U14,U15,U16,U17,U18,QZ020,QZ021,QZ022,QZ023,QZ024,QZ025,QZ026,QZ027,QZ028,QZ029,QZ030,QZ039,DBA960,QZ015,QZ040,QZ016,QZ041,QZ043,QZ044,QZ045,QZ046,QZ047,QZ048,QZ049) VALUES ('2018/4/1 0:00:00','王祖汉','阙宪富','累计','144.5','104.0','1989468.8','2586.309440','17.898335','7369.5','51','0.0013','51','6817.5','47.179930','0.00000','0.000000','20230.0','0.028','0','140','0.3','0','0.00000','0','0','0','6000','0','0.2','0','-300','0','-300','0','20','20','300','0','-300','127','男','0.001','0.001','31','31','0.02','90','120','0','0','0','0')
09:02:32.000  异常信息：由于连接方在一段时间后没有正确答复或连接的主机没有反应，连接尝试失败。 192.168.0.222:80
  堆栈信息:   在 AutoUpdate.AppUpdate.DownloadFile(String url, String localFilePath) 位置 D:\ProjectData\MLL\Mulaolao\Mulaolao\Class\AppUpdate.cs:行号 242
   在 AutoUpdate.AppUpdate.CheckAppVersion(String& msg) 位置 D:\ProjectData\MLL\Mulaolao\Mulaolao\Class\AppUpdate.cs:行号 310
09:02:43.000 UPDATE R_PQP SET GS73='T' FROM R_PQQ WHERE GS01=CP01 AND GS35=CP09 AND (GS35  LIKE '%丝印%' OR GS35 LIKE '%雕刻%' OR GS35  LIKE '%砂皮%' OR GS35  LIKE '%走台印%' OR GS35  LIKE '%冲印%') 
09:02:43.000 UPDATE R_PQP SET GS73='T' FROM R_PQAH WHERE GS01=AH01 AND GS35=AH18 AND (GS35  LIKE '%丝印%' OR GS35 LIKE '%雕刻%' OR GS35  LIKE '%砂皮%' OR GS35  LIKE '%走台印%' OR GS35  LIKE '%冲印%')
09:02:43.000 UPDATE R_PQP SET GS73='T' FROM R_PQI WHERE GS01=YQ03 AND  GS35 LIKE '%油漆%'  AND YQ139='1'
09:02:43.000 UPDATE R_PQP SET GS73='T' FROM R_PQAF WHERE GS01=AF002 AND GS07=AF015 AND GS02=AF084 AND GS08 ='Φ'+CONVERT(VARCHAR,CONVERT(FLOAT,AF022*10))+'*'+CONVERT(VARCHAR,CONVERT(FLOAT,AF020*10)) 
09:02:44.000 UPDATE R_PQP SET GS73='T' FROM R_PQU WHERE GS01=PQU01 AND GS07=PQU10 AND GS08=PQU12  
09:02:45.000 UPDATE R_PQP SET GS73='T' FROM R_PQS WHERE GS01=PJ01 AND GS56=PJ09 AND GS57=PJ89  
09:02:45.000 UPDATE R_PQP SET GS73='T' FROM R_PQT WHERE GS01=WX01 AND GS56=WX10 AND GS57=WX11 
09:02:46.000 WITH CET AS (select GS70,GS01,GS46,GS49,GS71,GS02,right(GS08,len(GS08) - charindex('*',GS08) ) a from R_PQP  WHERE GS70='R_338' AND GS73='F' ),CFT AS (SELECT GS70,GS01,GS46,GS49,GS71,GS02,right(a,LEN(a)-charindex('*',a)) GS08 FROM CET  ),CHT AS( SELECT DISTINCT GS70,GS01,GS46,GS49,GS71,GS02,CONVERT(FLOAT,CONVERT(DECIMAL(11,2),GS08)*1.0/10) GS08 FROM CFT  )SELECT GS70,GS01,GS46,GS49,GS71,GS02,CONVERT(VARCHAR,GS08) GS08,'' GS07,PQF13,PQF31 FROM CHT A INNER JOIN R_PQF B ON A.GS01=B.PQF01  WHERE (SELECT COUNT(1) FROM R_PQO WHERE GS01=JM90 AND GS02=JM09 AND CONVERT(VARCHAR,GS08)=CONVERT(VARCHAR,CONVERT(FLOAT,CONVERT(DECIMAL(11,4),JM96))))=0 and GS01 not in (SELECT JM90 FROM R_PQO WHERE JM116='1' )
09:02:46.000 从数据类型 nvarchar 转换为 numeric 时出错。
09:03:31.000 WITH CET AS(SELECT AK003,SUM(AK011) AK011 FROM R_PQAK WHERE AK003 NOT LIKE 'R_195%' AND AK003 NOT LIKE 'R_196%' AND AK003 NOT LIKE 'R_199%' AND AK003 NOT LIKE 'R_339%' AND AK003 NOT LIKE 'R_344%' AND AK003 NOT LIKE 'R_495%' AND AK003 NOT LIKE 'R_505%' GROUP BY AK003),CFT AS(SELECT AC16,SUM(AC09*AC10) AC FROM R_PQAC WHERE (AC24='未结' OR AC24='未结完' OR AC24='' OR AC24 IS NULL) GROUP BY AC16),CHT AS (SELECT AC16,CONVERT(FLOAT,AC-AK011) KC FROM CFT A LEFT JOIN CET B ON A.AC16=B.AK003) UPDATE R_PQAC SET AC24=(SELECT CASE WHEN KC IS NULL THEN '未结' WHEN KC<=100 OR KC>=-100 THEN '已结' ELSE '未结完' END KC1 FROM CHT  A WHERE A.AC16=CHT.AC16  ) FROM CHT WHERE R_PQAC.AC16=CHT.AC16 
09:03:31.000 UPDATE R_PQAC SET AC24='已结' WHERE LEN(AC16)>17
09:15:50.000  异常信息：由于连接方在一段时间后没有正确答复或连接的主机没有反应，连接尝试失败。 192.168.0.222:80
  堆栈信息:   在 AutoUpdate.AppUpdate.DownloadFile(String url, String localFilePath) 位置 D:\ProjectData\MLL\Mulaolao\Mulaolao\Class\AppUpdate.cs:行号 242
   在 AutoUpdate.AppUpdate.CheckAppVersion(String& msg) 位置 D:\ProjectData\MLL\Mulaolao\Mulaolao\Class\AppUpdate.cs:行号 310
09:18:30.000 UPDATE R_PQP SET GS73='T' FROM R_PQQ WHERE GS01=CP01 AND GS35=CP09 AND (GS35  LIKE '%丝印%' OR GS35 LIKE '%雕刻%' OR GS35  LIKE '%砂皮%' OR GS35  LIKE '%走台印%' OR GS35  LIKE '%冲印%') 
09:18:30.000 UPDATE R_PQP SET GS73='T' FROM R_PQAH WHERE GS01=AH01 AND GS35=AH18 AND (GS35  LIKE '%丝印%' OR GS35 LIKE '%雕刻%' OR GS35  LIKE '%砂皮%' OR GS35  LIKE '%走台印%' OR GS35  LIKE '%冲印%')
09:18:30.000 UPDATE R_PQP SET GS73='T' FROM R_PQI WHERE GS01=YQ03 AND  GS35 LIKE '%油漆%'  AND YQ139='1'
09:18:30.000 UPDATE R_PQP SET GS73='T' FROM R_PQAF WHERE GS01=AF002 AND GS07=AF015 AND GS02=AF084 AND GS08 ='Φ'+CONVERT(VARCHAR,CONVERT(FLOAT,AF022*10))+'*'+CONVERT(VARCHAR,CONVERT(FLOAT,AF020*10)) 
09:18:30.000 UPDATE R_PQP SET GS73='T' FROM R_PQU WHERE GS01=PQU01 AND GS07=PQU10 AND GS08=PQU12  
09:18:30.000 UPDATE R_PQP SET GS73='T' FROM R_PQS WHERE GS01=PJ01 AND GS56=PJ09 AND GS57=PJ89  
09:18:31.000 UPDATE R_PQP SET GS73='T' FROM R_PQT WHERE GS01=WX01 AND GS56=WX10 AND GS57=WX11 
09:18:31.000 WITH CET AS (select GS70,GS01,GS46,GS49,GS71,GS02,right(GS08,len(GS08) - charindex('*',GS08) ) a from R_PQP  WHERE GS70='R_338' AND GS73='F' ),CFT AS (SELECT GS70,GS01,GS46,GS49,GS71,GS02,right(a,LEN(a)-charindex('*',a)) GS08 FROM CET  ),CHT AS( SELECT DISTINCT GS70,GS01,GS46,GS49,GS71,GS02,CONVERT(FLOAT,CONVERT(DECIMAL(11,2),GS08)*1.0/10) GS08 FROM CFT  )SELECT GS70,GS01,GS46,GS49,GS71,GS02,CONVERT(VARCHAR,GS08) GS08,'' GS07,PQF13,PQF31 FROM CHT A INNER JOIN R_PQF B ON A.GS01=B.PQF01  WHERE (SELECT COUNT(1) FROM R_PQO WHERE GS01=JM90 AND GS02=JM09 AND CONVERT(VARCHAR,GS08)=CONVERT(VARCHAR,CONVERT(FLOAT,CONVERT(DECIMAL(11,4),JM96))))=0 and GS01 not in (SELECT JM90 FROM R_PQO WHERE JM116='1' )
09:18:31.000 从数据类型 nvarchar 转换为 numeric 时出错。
09:28:58.000  异常信息：由于连接方在一段时间后没有正确答复或连接的主机没有反应，连接尝试失败。 192.168.0.222:80
  堆栈信息:   在 AutoUpdate.AppUpdate.DownloadFile(String url, String localFilePath) 位置 D:\ProjectData\MLL\Mulaolao\Mulaolao\Class\AppUpdate.cs:行号 242
   在 AutoUpdate.AppUpdate.CheckAppVersion(String& msg) 位置 D:\ProjectData\MLL\Mulaolao\Mulaolao\Class\AppUpdate.cs:行号 310
09:32:21.000 UPDATE R_PQP SET GS73='T' FROM R_PQQ WHERE GS01=CP01 AND GS35=CP09 AND (GS35  LIKE '%丝印%' OR GS35 LIKE '%雕刻%' OR GS35  LIKE '%砂皮%' OR GS35  LIKE '%走台印%' OR GS35  LIKE '%冲印%') 
09:32:21.000 UPDATE R_PQP SET GS73='T' FROM R_PQAH WHERE GS01=AH01 AND GS35=AH18 AND (GS35  LIKE '%丝印%' OR GS35 LIKE '%雕刻%' OR GS35  LIKE '%砂皮%' OR GS35  LIKE '%走台印%' OR GS35  LIKE '%冲印%')
09:32:21.000 UPDATE R_PQP SET GS73='T' FROM R_PQI WHERE GS01=YQ03 AND  GS35 LIKE '%油漆%'  AND YQ139='1'
09:32:21.000 UPDATE R_PQP SET GS73='T' FROM R_PQAF WHERE GS01=AF002 AND GS07=AF015 AND GS02=AF084 AND GS08 ='Φ'+CONVERT(VARCHAR,CONVERT(FLOAT,AF022*10))+'*'+CONVERT(VARCHAR,CONVERT(FLOAT,AF020*10)) 
09:32:21.000 UPDATE R_PQP SET GS73='T' FROM R_PQU WHERE GS01=PQU01 AND GS07=PQU10 AND GS08=PQU12  
09:32:21.000 UPDATE R_PQP SET GS73='T' FROM R_PQS WHERE GS01=PJ01 AND GS56=PJ09 AND GS57=PJ89  
09:32:22.000 UPDATE R_PQP SET GS73='T' FROM R_PQT WHERE GS01=WX01 AND GS56=WX10 AND GS57=WX11 
09:32:22.000 WITH CET AS (select GS70,GS01,GS46,GS49,GS71,GS02,right(GS08,len(GS08) - charindex('*',GS08) ) a from R_PQP  WHERE GS70='R_338' AND GS73='F' ),CFT AS (SELECT GS70,GS01,GS46,GS49,GS71,GS02,right(a,LEN(a)-charindex('*',a)) GS08 FROM CET  ),CHT AS( SELECT DISTINCT GS70,GS01,GS46,GS49,GS71,GS02,CONVERT(FLOAT,CONVERT(DECIMAL(11,2),GS08)*1.0/10) GS08 FROM CFT  )SELECT GS70,GS01,GS46,GS49,GS71,GS02,CONVERT(VARCHAR,GS08) GS08,'' GS07,PQF13,PQF31 FROM CHT A INNER JOIN R_PQF B ON A.GS01=B.PQF01  WHERE (SELECT COUNT(1) FROM R_PQO WHERE GS01=JM90 AND GS02=JM09 AND CONVERT(VARCHAR,GS08)=CONVERT(VARCHAR,CONVERT(FLOAT,CONVERT(DECIMAL(11,4),JM96))))=0 and GS01 not in (SELECT JM90 FROM R_PQO WHERE JM116='1' )
09:32:22.000 从数据类型 nvarchar 转换为 numeric 时出错。
13:55:37.000  异常信息：由于连接方在一段时间后没有正确答复或连接的主机没有反应，连接尝试失败。 192.168.0.222:80
  堆栈信息:   在 AutoUpdate.AppUpdate.DownloadFile(String url, String localFilePath) 位置 D:\ProjectData\MLL\Mulaolao\Mulaolao\Class\AppUpdate.cs:行号 242
   在 AutoUpdate.AppUpdate.CheckAppVersion(String& msg) 位置 D:\ProjectData\MLL\Mulaolao\Mulaolao\Class\AppUpdate.cs:行号 310
13:55:45.000 UPDATE R_PQP SET GS73='T' FROM R_PQQ WHERE GS01=CP01 AND GS35=CP09 AND (GS35  LIKE '%丝印%' OR GS35 LIKE '%雕刻%' OR GS35  LIKE '%砂皮%' OR GS35  LIKE '%走台印%' OR GS35  LIKE '%冲印%') 
13:55:45.000 UPDATE R_PQP SET GS73='T' FROM R_PQAH WHERE GS01=AH01 AND GS35=AH18 AND (GS35  LIKE '%丝印%' OR GS35 LIKE '%雕刻%' OR GS35  LIKE '%砂皮%' OR GS35  LIKE '%走台印%' OR GS35  LIKE '%冲印%')
13:55:45.000 UPDATE R_PQP SET GS73='T' FROM R_PQI WHERE GS01=YQ03 AND  GS35 LIKE '%油漆%'  AND YQ139='1'
13:55:45.000 UPDATE R_PQP SET GS73='T' FROM R_PQAF WHERE GS01=AF002 AND GS07=AF015 AND GS02=AF084 AND GS08 ='Φ'+CONVERT(VARCHAR,CONVERT(FLOAT,AF022*10))+'*'+CONVERT(VARCHAR,CONVERT(FLOAT,AF020*10)) 
13:55:46.000 UPDATE R_PQP SET GS73='T' FROM R_PQU WHERE GS01=PQU01 AND GS07=PQU10 AND GS08=PQU12  
13:55:46.000 UPDATE R_PQP SET GS73='T' FROM R_PQS WHERE GS01=PJ01 AND GS56=PJ09 AND GS57=PJ89  
13:55:46.000 UPDATE R_PQP SET GS73='T' FROM R_PQT WHERE GS01=WX01 AND GS56=WX10 AND GS57=WX11 
13:55:47.000 WITH CET AS (select GS70,GS01,GS46,GS49,GS71,GS02,right(GS08,len(GS08) - charindex('*',GS08) ) a from R_PQP  WHERE GS70='R_338' AND GS73='F' ),CFT AS (SELECT GS70,GS01,GS46,GS49,GS71,GS02,right(a,LEN(a)-charindex('*',a)) GS08 FROM CET  ),CHT AS( SELECT DISTINCT GS70,GS01,GS46,GS49,GS71,GS02,CONVERT(FLOAT,CONVERT(DECIMAL(11,2),GS08)*1.0/10) GS08 FROM CFT  )SELECT GS70,GS01,GS46,GS49,GS71,GS02,CONVERT(VARCHAR,GS08) GS08,'' GS07,PQF13,PQF31 FROM CHT A INNER JOIN R_PQF B ON A.GS01=B.PQF01  WHERE (SELECT COUNT(1) FROM R_PQO WHERE GS01=JM90 AND GS02=JM09 AND CONVERT(VARCHAR,GS08)=CONVERT(VARCHAR,CONVERT(FLOAT,CONVERT(DECIMAL(11,4),JM96))))=0 and GS01 not in (SELECT JM90 FROM R_PQO WHERE JM116='1' )
13:55:47.000 从数据类型 nvarchar 转换为 numeric 时出错。
13:55:50.000 WITH CET AS(SELECT AK003,SUM(AK011) AK011 FROM R_PQAK WHERE AK003 NOT LIKE 'R_195%' AND AK003 NOT LIKE 'R_196%' AND AK003 NOT LIKE 'R_199%' AND AK003 NOT LIKE 'R_339%' AND AK003 NOT LIKE 'R_344%' AND AK003 NOT LIKE 'R_495%' AND AK003 NOT LIKE 'R_505%' GROUP BY AK003),CFT AS(SELECT AC16,SUM(AC09*AC10) AC FROM R_PQAC WHERE (AC24='未结' OR AC24='未结完' OR AC24='' OR AC24 IS NULL) GROUP BY AC16),CHT AS (SELECT AC16,CONVERT(FLOAT,AC-AK011) KC FROM CFT A LEFT JOIN CET B ON A.AC16=B.AK003) UPDATE R_PQAC SET AC24=(SELECT CASE WHEN KC IS NULL THEN '未结' WHEN KC<=100 OR KC>=-100 THEN '已结' ELSE '未结完' END KC1 FROM CHT  A WHERE A.AC16=CHT.AC16  ) FROM CHT WHERE R_PQAC.AC16=CHT.AC16 
13:55:51.000 UPDATE R_PQAC SET AC24='已结' WHERE LEN(AC16)>17
14:18:08.000  异常信息：由于连接方在一段时间后没有正确答复或连接的主机没有反应，连接尝试失败。 192.168.0.222:80
  堆栈信息:   在 AutoUpdate.AppUpdate.DownloadFile(String url, String localFilePath) 位置 D:\ProjectData\MLL\Mulaolao\Mulaolao\Class\AppUpdate.cs:行号 242
   在 AutoUpdate.AppUpdate.CheckAppVersion(String& msg) 位置 D:\ProjectData\MLL\Mulaolao\Mulaolao\Class\AppUpdate.cs:行号 310
14:18:17.000 UPDATE R_PQP SET GS73='T' FROM R_PQQ WHERE GS01=CP01 AND GS35=CP09 AND (GS35  LIKE '%丝印%' OR GS35 LIKE '%雕刻%' OR GS35  LIKE '%砂皮%' OR GS35  LIKE '%走台印%' OR GS35  LIKE '%冲印%') 
14:18:18.000 UPDATE R_PQP SET GS73='T' FROM R_PQAH WHERE GS01=AH01 AND GS35=AH18 AND (GS35  LIKE '%丝印%' OR GS35 LIKE '%雕刻%' OR GS35  LIKE '%砂皮%' OR GS35  LIKE '%走台印%' OR GS35  LIKE '%冲印%')
14:18:18.000 UPDATE R_PQP SET GS73='T' FROM R_PQI WHERE GS01=YQ03 AND  GS35 LIKE '%油漆%'  AND YQ139='1'
14:18:18.000 UPDATE R_PQP SET GS73='T' FROM R_PQAF WHERE GS01=AF002 AND GS07=AF015 AND GS02=AF084 AND GS08 ='Φ'+CONVERT(VARCHAR,CONVERT(FLOAT,AF022*10))+'*'+CONVERT(VARCHAR,CONVERT(FLOAT,AF020*10)) 
14:18:20.000 UPDATE R_PQP SET GS73='T' FROM R_PQU WHERE GS01=PQU01 AND GS07=PQU10 AND GS08=PQU12  
14:18:20.000 UPDATE R_PQP SET GS73='T' FROM R_PQS WHERE GS01=PJ01 AND GS56=PJ09 AND GS57=PJ89  
14:18:20.000 UPDATE R_PQP SET GS73='T' FROM R_PQT WHERE GS01=WX01 AND GS56=WX10 AND GS57=WX11 
14:18:21.000 WITH CET AS (select GS70,GS01,GS46,GS49,GS71,GS02,right(GS08,len(GS08) - charindex('*',GS08) ) a from R_PQP  WHERE GS70='R_338' AND GS73='F' ),CFT AS (SELECT GS70,GS01,GS46,GS49,GS71,GS02,right(a,LEN(a)-charindex('*',a)) GS08 FROM CET  ),CHT AS( SELECT DISTINCT GS70,GS01,GS46,GS49,GS71,GS02,CONVERT(FLOAT,CONVERT(DECIMAL(11,2),GS08)*1.0/10) GS08 FROM CFT  )SELECT GS70,GS01,GS46,GS49,GS71,GS02,CONVERT(VARCHAR,GS08) GS08,'' GS07,PQF13,PQF31 FROM CHT A INNER JOIN R_PQF B ON A.GS01=B.PQF01  WHERE (SELECT COUNT(1) FROM R_PQO WHERE GS01=JM90 AND GS02=JM09 AND CONVERT(VARCHAR,GS08)=CONVERT(VARCHAR,CONVERT(FLOAT,CONVERT(DECIMAL(11,4),JM96))))=0 and GS01 not in (SELECT JM90 FROM R_PQO WHERE JM116='1' )
14:18:21.000 从数据类型 nvarchar 转换为 numeric 时出错。
14:21:37.000  异常信息：由于连接方在一段时间后没有正确答复或连接的主机没有反应，连接尝试失败。 192.168.0.222:80
  堆栈信息:   在 AutoUpdate.AppUpdate.DownloadFile(String url, String localFilePath) 位置 D:\ProjectData\MLL\Mulaolao\Mulaolao\Class\AppUpdate.cs:行号 242
   在 AutoUpdate.AppUpdate.CheckAppVersion(String& msg) 位置 D:\ProjectData\MLL\Mulaolao\Mulaolao\Class\AppUpdate.cs:行号 310
14:21:45.000 UPDATE R_PQP SET GS73='T' FROM R_PQQ WHERE GS01=CP01 AND GS35=CP09 AND (GS35  LIKE '%丝印%' OR GS35 LIKE '%雕刻%' OR GS35  LIKE '%砂皮%' OR GS35  LIKE '%走台印%' OR GS35  LIKE '%冲印%') 
14:21:47.000 UPDATE R_PQP SET GS73='T' FROM R_PQAH WHERE GS01=AH01 AND GS35=AH18 AND (GS35  LIKE '%丝印%' OR GS35 LIKE '%雕刻%' OR GS35  LIKE '%砂皮%' OR GS35  LIKE '%走台印%' OR GS35  LIKE '%冲印%')
14:21:48.000 UPDATE R_PQP SET GS73='T' FROM R_PQI WHERE GS01=YQ03 AND  GS35 LIKE '%油漆%'  AND YQ139='1'
14:21:48.000 UPDATE R_PQP SET GS73='T' FROM R_PQAF WHERE GS01=AF002 AND GS07=AF015 AND GS02=AF084 AND GS08 ='Φ'+CONVERT(VARCHAR,CONVERT(FLOAT,AF022*10))+'*'+CONVERT(VARCHAR,CONVERT(FLOAT,AF020*10)) 
14:21:48.000 UPDATE R_PQP SET GS73='T' FROM R_PQU WHERE GS01=PQU01 AND GS07=PQU10 AND GS08=PQU12  
14:21:48.000 UPDATE R_PQP SET GS73='T' FROM R_PQS WHERE GS01=PJ01 AND GS56=PJ09 AND GS57=PJ89  
14:21:48.000 UPDATE R_PQP SET GS73='T' FROM R_PQT WHERE GS01=WX01 AND GS56=WX10 AND GS57=WX11 
14:21:49.000 WITH CET AS (select GS70,GS01,GS46,GS49,GS71,GS02,right(GS08,len(GS08) - charindex('*',GS08) ) a from R_PQP  WHERE GS70='R_338' AND GS73='F' ),CFT AS (SELECT GS70,GS01,GS46,GS49,GS71,GS02,right(a,LEN(a)-charindex('*',a)) GS08 FROM CET  ),CHT AS( SELECT DISTINCT GS70,GS01,GS46,GS49,GS71,GS02,CONVERT(FLOAT,CONVERT(DECIMAL(11,2),GS08)*1.0/10) GS08 FROM CFT  )SELECT GS70,GS01,GS46,GS49,GS71,GS02,CONVERT(VARCHAR,GS08) GS08,'' GS07,PQF13,PQF31 FROM CHT A INNER JOIN R_PQF B ON A.GS01=B.PQF01  WHERE (SELECT COUNT(1) FROM R_PQO WHERE GS01=JM90 AND GS02=JM09 AND CONVERT(VARCHAR,GS08)=CONVERT(VARCHAR,CONVERT(FLOAT,CONVERT(DECIMAL(11,4),JM96))))=0 and GS01 not in (SELECT JM90 FROM R_PQO WHERE JM116='1' )
14:21:49.000 从数据类型 nvarchar 转换为 numeric 时出错。
14:23:49.000 @QJB001[异型规格]
14:23:49.000 @QJB002[久丰郭玉云]
14:23:49.000 @QJB003[92*93*0.2]
14:23:49.000 @QJB004[99]
14:23:49.000 @QJB005[99]
14:23:49.000 @QJB006[0]
14:23:49.000 @QJB007[121]
14:23:49.000 @QJB008[11]
14:23:49.000 @QJB009[0]
14:23:49.000 @QJB010[0.2]
14:23:49.000 @QJB011[E1]
14:23:49.000 @QJB012[具体情况是搜二哥呢]
14:27:22.000  异常信息：由于连接方在一段时间后没有正确答复或连接的主机没有反应，连接尝试失败。 192.168.0.222:80
  堆栈信息:   在 AutoUpdate.AppUpdate.DownloadFile(String url, String localFilePath) 位置 D:\ProjectData\MLL\Mulaolao\Mulaolao\Class\AppUpdate.cs:行号 242
   在 AutoUpdate.AppUpdate.CheckAppVersion(String& msg) 位置 D:\ProjectData\MLL\Mulaolao\Mulaolao\Class\AppUpdate.cs:行号 310
14:27:36.000 UPDATE R_PQP SET GS73='T' FROM R_PQQ WHERE GS01=CP01 AND GS35=CP09 AND (GS35  LIKE '%丝印%' OR GS35 LIKE '%雕刻%' OR GS35  LIKE '%砂皮%' OR GS35  LIKE '%走台印%' OR GS35  LIKE '%冲印%') 
14:27:36.000 UPDATE R_PQP SET GS73='T' FROM R_PQAH WHERE GS01=AH01 AND GS35=AH18 AND (GS35  LIKE '%丝印%' OR GS35 LIKE '%雕刻%' OR GS35  LIKE '%砂皮%' OR GS35  LIKE '%走台印%' OR GS35  LIKE '%冲印%')
14:27:36.000 UPDATE R_PQP SET GS73='T' FROM R_PQI WHERE GS01=YQ03 AND  GS35 LIKE '%油漆%'  AND YQ139='1'
14:27:36.000 UPDATE R_PQP SET GS73='T' FROM R_PQAF WHERE GS01=AF002 AND GS07=AF015 AND GS02=AF084 AND GS08 ='Φ'+CONVERT(VARCHAR,CONVERT(FLOAT,AF022*10))+'*'+CONVERT(VARCHAR,CONVERT(FLOAT,AF020*10)) 
14:27:36.000 UPDATE R_PQP SET GS73='T' FROM R_PQU WHERE GS01=PQU01 AND GS07=PQU10 AND GS08=PQU12  
14:27:36.000 UPDATE R_PQP SET GS73='T' FROM R_PQS WHERE GS01=PJ01 AND GS56=PJ09 AND GS57=PJ89  
14:27:36.000 UPDATE R_PQP SET GS73='T' FROM R_PQT WHERE GS01=WX01 AND GS56=WX10 AND GS57=WX11 
14:27:38.000 WITH CET AS (select GS70,GS01,GS46,GS49,GS71,GS02,right(GS08,len(GS08) - charindex('*',GS08) ) a from R_PQP  WHERE GS70='R_338' AND GS73='F' ),CFT AS (SELECT GS70,GS01,GS46,GS49,GS71,GS02,right(a,LEN(a)-charindex('*',a)) GS08 FROM CET  ),CHT AS( SELECT DISTINCT GS70,GS01,GS46,GS49,GS71,GS02,CONVERT(FLOAT,CONVERT(DECIMAL(11,2),GS08)*1.0/10) GS08 FROM CFT  )SELECT GS70,GS01,GS46,GS49,GS71,GS02,CONVERT(VARCHAR,GS08) GS08,'' GS07,PQF13,PQF31 FROM CHT A INNER JOIN R_PQF B ON A.GS01=B.PQF01  WHERE (SELECT COUNT(1) FROM R_PQO WHERE GS01=JM90 AND GS02=JM09 AND CONVERT(VARCHAR,GS08)=CONVERT(VARCHAR,CONVERT(FLOAT,CONVERT(DECIMAL(11,4),JM96))))=0 and GS01 not in (SELECT JM90 FROM R_PQO WHERE JM116='1' )
14:27:38.000 从数据类型 nvarchar 转换为 numeric 时出错。
16:47:24.000  异常信息：由于连接方在一段时间后没有正确答复或连接的主机没有反应，连接尝试失败。 192.168.0.222:80
  堆栈信息:   在 AutoUpdate.AppUpdate.DownloadFile(String url, String localFilePath) 位置 D:\ProjectData\MLL\Mulaolao\Mulaolao\Class\AppUpdate.cs:行号 242
   在 AutoUpdate.AppUpdate.CheckAppVersion(String& msg) 位置 D:\ProjectData\MLL\Mulaolao\Mulaolao\Class\AppUpdate.cs:行号 310
16:50:37.000 UPDATE R_PQP SET GS73='T' FROM R_PQQ WHERE GS01=CP01 AND GS35=CP09 AND (GS35  LIKE '%丝印%' OR GS35 LIKE '%雕刻%' OR GS35  LIKE '%砂皮%' OR GS35  LIKE '%走台印%' OR GS35  LIKE '%冲印%') 
16:50:37.000 UPDATE R_PQP SET GS73='T' FROM R_PQAH WHERE GS01=AH01 AND GS35=AH18 AND (GS35  LIKE '%丝印%' OR GS35 LIKE '%雕刻%' OR GS35  LIKE '%砂皮%' OR GS35  LIKE '%走台印%' OR GS35  LIKE '%冲印%')
16:50:38.000 UPDATE R_PQP SET GS73='T' FROM R_PQI WHERE GS01=YQ03 AND  GS35 LIKE '%油漆%'  AND YQ139='1'
16:50:38.000 UPDATE R_PQP SET GS73='T' FROM R_PQAF WHERE GS01=AF002 AND GS07=AF015 AND GS02=AF084 AND GS08 ='Φ'+CONVERT(VARCHAR,CONVERT(FLOAT,AF022*10))+'*'+CONVERT(VARCHAR,CONVERT(FLOAT,AF020*10)) 
16:50:38.000 UPDATE R_PQP SET GS73='T' FROM R_PQU WHERE GS01=PQU01 AND GS07=PQU10 AND GS08=PQU12  
16:50:39.000 UPDATE R_PQP SET GS73='T' FROM R_PQS WHERE GS01=PJ01 AND GS56=PJ09 AND GS57=PJ89  
16:50:39.000 UPDATE R_PQP SET GS73='T' FROM R_PQT WHERE GS01=WX01 AND GS56=WX10 AND GS57=WX11 
16:50:39.000 WITH CET AS (select GS70,GS01,GS46,GS49,GS71,GS02,right(GS08,len(GS08) - charindex('*',GS08) ) a from R_PQP  WHERE GS70='R_338' AND GS73='F' ),CFT AS (SELECT GS70,GS01,GS46,GS49,GS71,GS02,right(a,LEN(a)-charindex('*',a)) GS08 FROM CET  ),CHT AS( SELECT DISTINCT GS70,GS01,GS46,GS49,GS71,GS02,CONVERT(FLOAT,CONVERT(DECIMAL(11,2),GS08)*1.0/10) GS08 FROM CFT  )SELECT GS70,GS01,GS46,GS49,GS71,GS02,CONVERT(VARCHAR,GS08) GS08,'' GS07,PQF13,PQF31 FROM CHT A INNER JOIN R_PQF B ON A.GS01=B.PQF01  WHERE (SELECT COUNT(1) FROM R_PQO WHERE GS01=JM90 AND GS02=JM09 AND CONVERT(VARCHAR,GS08)=CONVERT(VARCHAR,CONVERT(FLOAT,CONVERT(DECIMAL(11,4),JM96))))=0 and GS01 not in (SELECT JM90 FROM R_PQO WHERE JM116='1' )
16:50:39.000 从数据类型 nvarchar 转换为 numeric 时出错。
