08:33:44.000 UPDATE R_PQP SET GS73='T' FROM R_PQQ WHERE GS01=CP01 AND GS35=CP09 AND (GS35  LIKE '%丝印%' OR GS35 LIKE '%雕刻%' OR GS35  LIKE '%砂皮%' OR GS35  LIKE '%走台印%' OR GS35  LIKE '%冲印%') 
08:33:44.000 UPDATE R_PQP SET GS73='T' FROM R_PQAH WHERE GS01=AH01 AND GS35=AH18 AND (GS35  LIKE '%丝印%' OR GS35 LIKE '%雕刻%' OR GS35  LIKE '%砂皮%' OR GS35  LIKE '%走台印%' OR GS35  LIKE '%冲印%')
08:33:44.000 UPDATE R_PQP SET GS73='T' FROM R_PQI WHERE GS01=YQ03 AND  GS35 LIKE '%油漆%'  AND YQ139='1'
08:33:44.000 UPDATE R_PQP SET GS73='T' FROM R_PQAF WHERE GS01=AF002 AND GS07=AF015 AND GS02=AF084 AND GS08 ='Φ'+CONVERT(VARCHAR,CONVERT(FLOAT,AF022*10))+'*'+CONVERT(VARCHAR,CONVERT(FLOAT,AF020*10)) 
08:33:45.000 UPDATE R_PQP SET GS73='T' FROM R_PQU WHERE GS01=PQU01 AND GS07=PQU10 AND GS08=PQU12  
08:33:45.000 UPDATE R_PQP SET GS73='T' FROM R_PQS WHERE GS01=PJ01 AND GS56=PJ09 AND GS57=PJ89  
08:33:45.000 UPDATE R_PQP SET GS73='T' FROM R_PQT WHERE GS01=WX01 AND GS56=WX10 AND GS57=WX11 
08:33:45.000 WITH CET AS (select GS70,GS01,GS46,GS49,GS71,GS02,right(GS08,len(GS08) - charindex('*',GS08) ) a from R_PQP  WHERE GS70='R_338' AND GS73='F' ),CFT AS (SELECT GS70,GS01,GS46,GS49,GS71,GS02,right(a,LEN(a)-charindex('*',a)) GS08 FROM CET  ),CHT AS( SELECT DISTINCT GS70,GS01,GS46,GS49,GS71,GS02,CONVERT(FLOAT,CONVERT(DECIMAL(11,2),GS08)*1.0/10) GS08 FROM CFT  )SELECT GS70,GS01,GS46,GS49,GS71,GS02,CONVERT(VARCHAR,GS08) GS08,'' GS07,PQF13,PQF31 FROM CHT A INNER JOIN R_PQF B ON A.GS01=B.PQF01  WHERE (SELECT COUNT(1) FROM R_PQO WHERE GS01=JM90 AND GS02=JM09 AND CONVERT(VARCHAR,GS08)=CONVERT(VARCHAR,CONVERT(FLOAT,CONVERT(DECIMAL(11,4),JM96))))=0 and GS01 not in (SELECT JM90 FROM R_PQO WHERE JM116='1' )
08:33:45.000 从数据类型 nvarchar 转换为 numeric 时出错。
09:20:33.000 DELETE FROM R_PQQ WHERE CP03='R_195-20181214001'
09:20:33.000 INSERT INTO R_PQBF (BF001,BF002,BF003,BF004,BF005,BF006,BF007,BF008) VALUES ('R_195','','廖灵飞','2018/12/14 9:20:33','R_195-20181214001','DELETE FROM R_PQQ WHERE CP03=''R_195-20181214001''','取消','新增取消')
10:15:37.000 UPDATE R_PQP SET GS73='T' FROM R_PQQ WHERE GS01=CP01 AND GS35=CP09 AND (GS35  LIKE '%丝印%' OR GS35 LIKE '%雕刻%' OR GS35  LIKE '%砂皮%' OR GS35  LIKE '%走台印%' OR GS35  LIKE '%冲印%') 
10:15:37.000 UPDATE R_PQP SET GS73='T' FROM R_PQAH WHERE GS01=AH01 AND GS35=AH18 AND (GS35  LIKE '%丝印%' OR GS35 LIKE '%雕刻%' OR GS35  LIKE '%砂皮%' OR GS35  LIKE '%走台印%' OR GS35  LIKE '%冲印%')
10:15:37.000 UPDATE R_PQP SET GS73='T' FROM R_PQI WHERE GS01=YQ03 AND  GS35 LIKE '%油漆%'  AND YQ139='1'
10:15:37.000 UPDATE R_PQP SET GS73='T' FROM R_PQAF WHERE GS01=AF002 AND GS07=AF015 AND GS02=AF084 AND GS08 ='Φ'+CONVERT(VARCHAR,CONVERT(FLOAT,AF022*10))+'*'+CONVERT(VARCHAR,CONVERT(FLOAT,AF020*10)) 
10:15:37.000 UPDATE R_PQP SET GS73='T' FROM R_PQU WHERE GS01=PQU01 AND GS07=PQU10 AND GS08=PQU12  
10:15:38.000 UPDATE R_PQP SET GS73='T' FROM R_PQS WHERE GS01=PJ01 AND GS56=PJ09 AND GS57=PJ89  
10:15:38.000 UPDATE R_PQP SET GS73='T' FROM R_PQT WHERE GS01=WX01 AND GS56=WX10 AND GS57=WX11 
10:15:39.000 WITH CET AS (select GS70,GS01,GS46,GS49,GS71,GS02,right(GS08,len(GS08) - charindex('*',GS08) ) a from R_PQP  WHERE GS70='R_338' AND GS73='F' ),CFT AS (SELECT GS70,GS01,GS46,GS49,GS71,GS02,right(a,LEN(a)-charindex('*',a)) GS08 FROM CET  ),CHT AS( SELECT DISTINCT GS70,GS01,GS46,GS49,GS71,GS02,CONVERT(FLOAT,CONVERT(DECIMAL(11,2),GS08)*1.0/10) GS08 FROM CFT  )SELECT GS70,GS01,GS46,GS49,GS71,GS02,CONVERT(VARCHAR,GS08) GS08,'' GS07,PQF13,PQF31 FROM CHT A INNER JOIN R_PQF B ON A.GS01=B.PQF01  WHERE (SELECT COUNT(1) FROM R_PQO WHERE GS01=JM90 AND GS02=JM09 AND CONVERT(VARCHAR,GS08)=CONVERT(VARCHAR,CONVERT(FLOAT,CONVERT(DECIMAL(11,4),JM96))))=0 and GS01 not in (SELECT JM90 FROM R_PQO WHERE JM116='1' )
10:15:39.000 从数据类型 nvarchar 转换为 numeric 时出错。
10:25:09.000 UPDATE R_PQP SET GS73='T' FROM R_PQQ WHERE GS01=CP01 AND GS35=CP09 AND (GS35  LIKE '%丝印%' OR GS35 LIKE '%雕刻%' OR GS35  LIKE '%砂皮%' OR GS35  LIKE '%走台印%' OR GS35  LIKE '%冲印%') 
10:25:09.000 UPDATE R_PQP SET GS73='T' FROM R_PQAH WHERE GS01=AH01 AND GS35=AH18 AND (GS35  LIKE '%丝印%' OR GS35 LIKE '%雕刻%' OR GS35  LIKE '%砂皮%' OR GS35  LIKE '%走台印%' OR GS35  LIKE '%冲印%')
10:25:09.000 UPDATE R_PQP SET GS73='T' FROM R_PQI WHERE GS01=YQ03 AND  GS35 LIKE '%油漆%'  AND YQ139='1'
10:25:09.000 UPDATE R_PQP SET GS73='T' FROM R_PQAF WHERE GS01=AF002 AND GS07=AF015 AND GS02=AF084 AND GS08 ='Φ'+CONVERT(VARCHAR,CONVERT(FLOAT,AF022*10))+'*'+CONVERT(VARCHAR,CONVERT(FLOAT,AF020*10)) 
10:25:10.000 UPDATE R_PQP SET GS73='T' FROM R_PQU WHERE GS01=PQU01 AND GS07=PQU10 AND GS08=PQU12  
10:25:10.000 UPDATE R_PQP SET GS73='T' FROM R_PQS WHERE GS01=PJ01 AND GS56=PJ09 AND GS57=PJ89  
10:25:10.000 UPDATE R_PQP SET GS73='T' FROM R_PQT WHERE GS01=WX01 AND GS56=WX10 AND GS57=WX11 
10:25:10.000 WITH CET AS (select GS70,GS01,GS46,GS49,GS71,GS02,right(GS08,len(GS08) - charindex('*',GS08) ) a from R_PQP  WHERE GS70='R_338' AND GS73='F' ),CFT AS (SELECT GS70,GS01,GS46,GS49,GS71,GS02,right(a,LEN(a)-charindex('*',a)) GS08 FROM CET  ),CHT AS( SELECT DISTINCT GS70,GS01,GS46,GS49,GS71,GS02,CONVERT(FLOAT,CONVERT(DECIMAL(11,2),GS08)*1.0/10) GS08 FROM CFT  )SELECT GS70,GS01,GS46,GS49,GS71,GS02,CONVERT(VARCHAR,GS08) GS08,'' GS07,PQF13,PQF31 FROM CHT A INNER JOIN R_PQF B ON A.GS01=B.PQF01  WHERE (SELECT COUNT(1) FROM R_PQO WHERE GS01=JM90 AND GS02=JM09 AND CONVERT(VARCHAR,GS08)=CONVERT(VARCHAR,CONVERT(FLOAT,CONVERT(DECIMAL(11,4),JM96))))=0 and GS01 not in (SELECT JM90 FROM R_PQO WHERE JM116='1' )
10:25:10.000 从数据类型 nvarchar 转换为 numeric 时出错。
10:37:46.000 UPDATE R_PQP SET GS73='T' FROM R_PQQ WHERE GS01=CP01 AND GS35=CP09 AND (GS35  LIKE '%丝印%' OR GS35 LIKE '%雕刻%' OR GS35  LIKE '%砂皮%' OR GS35  LIKE '%走台印%' OR GS35  LIKE '%冲印%') 
10:37:46.000 UPDATE R_PQP SET GS73='T' FROM R_PQAH WHERE GS01=AH01 AND GS35=AH18 AND (GS35  LIKE '%丝印%' OR GS35 LIKE '%雕刻%' OR GS35  LIKE '%砂皮%' OR GS35  LIKE '%走台印%' OR GS35  LIKE '%冲印%')
10:37:46.000 UPDATE R_PQP SET GS73='T' FROM R_PQI WHERE GS01=YQ03 AND  GS35 LIKE '%油漆%'  AND YQ139='1'
10:37:46.000 UPDATE R_PQP SET GS73='T' FROM R_PQAF WHERE GS01=AF002 AND GS07=AF015 AND GS02=AF084 AND GS08 ='Φ'+CONVERT(VARCHAR,CONVERT(FLOAT,AF022*10))+'*'+CONVERT(VARCHAR,CONVERT(FLOAT,AF020*10)) 
10:37:46.000 UPDATE R_PQP SET GS73='T' FROM R_PQU WHERE GS01=PQU01 AND GS07=PQU10 AND GS08=PQU12  
10:37:47.000 UPDATE R_PQP SET GS73='T' FROM R_PQS WHERE GS01=PJ01 AND GS56=PJ09 AND GS57=PJ89  
10:37:47.000 UPDATE R_PQP SET GS73='T' FROM R_PQT WHERE GS01=WX01 AND GS56=WX10 AND GS57=WX11 
10:37:47.000 WITH CET AS (select GS70,GS01,GS46,GS49,GS71,GS02,right(GS08,len(GS08) - charindex('*',GS08) ) a from R_PQP  WHERE GS70='R_338' AND GS73='F' ),CFT AS (SELECT GS70,GS01,GS46,GS49,GS71,GS02,right(a,LEN(a)-charindex('*',a)) GS08 FROM CET  ),CHT AS( SELECT DISTINCT GS70,GS01,GS46,GS49,GS71,GS02,CONVERT(FLOAT,CONVERT(DECIMAL(11,2),GS08)*1.0/10) GS08 FROM CFT  )SELECT GS70,GS01,GS46,GS49,GS71,GS02,CONVERT(VARCHAR,GS08) GS08,'' GS07,PQF13,PQF31 FROM CHT A INNER JOIN R_PQF B ON A.GS01=B.PQF01  WHERE (SELECT COUNT(1) FROM R_PQO WHERE GS01=JM90 AND GS02=JM09 AND CONVERT(VARCHAR,GS08)=CONVERT(VARCHAR,CONVERT(FLOAT,CONVERT(DECIMAL(11,4),JM96))))=0 and GS01 not in (SELECT JM90 FROM R_PQO WHERE JM116='1' )
10:37:47.000 从数据类型 nvarchar 转换为 numeric 时出错。
10:37:56.000 @PS001[2018]
10:37:56.000 @PS002[业务部]
10:37:56.000 @PS003[刘芬芬]
10:37:56.000 @PS001[2018]
10:37:56.000 @PS002[业务部]
10:37:56.000 @PS003[吴小毛]
10:37:56.000 @PS001[2018]
10:37:56.000 @PS002[业务部]
10:37:56.000 @PS003[大海燕]
10:37:56.000 @PS001[2018]
10:37:56.000 @PS002[业务部]
10:37:56.000 @PS003[张海敏]
10:37:56.000 @PS001[2018]
10:37:56.000 @PS002[业务部]
10:37:56.000 @PS003[梅燕婷]
10:37:56.000 @PS001[2018]
10:37:56.000 @PS002[业务部]
10:37:56.000 @PS003[陈燕]
10:37:56.000 @PS001[2018]
10:37:56.000 @PS002[业务部]
10:37:56.000 @PS003[饶玲]
10:37:57.000 @PS001[2018]
10:37:57.000 @PS002[包装组]
10:37:57.000 @PS003[王凤梅]
10:37:57.000 @PS001[2018]
10:37:57.000 @PS002[工程部]
10:37:57.000 @PS003[胡存仁]
10:37:57.000 @PS001[2018]
10:37:57.000 @PS002[工程部]
10:37:57.000 @PS003[饶云祥]
10:37:57.000 @PS001[2018]
10:37:57.000 @PS002[总经理]
10:37:57.000 @PS003[廖灵飞]
10:37:57.000 @PS001[2018]
10:37:57.000 @PS002[杂工]
10:37:57.000 @PS003[刘全康]
10:37:57.000 @PS001[2018]
10:37:57.000 @PS002[杂工]
10:37:57.000 @PS003[叶世友]
10:37:57.000 @PS001[2018]
10:37:57.000 @PS002[杂工]
10:37:57.000 @PS003[叶舟]
10:37:57.000 @PS001[2018]
10:37:57.000 @PS002[杂工]
10:37:57.000 @PS003[叶子林]
10:37:57.000 @PS001[2018]
10:37:57.000 @PS002[杂工]
10:37:57.000 @PS003[叶好富]
10:37:57.000 @PS001[2018]
10:37:57.000 @PS002[杂工]
10:37:57.000 @PS003[叶文华]
10:37:57.000 @PS001[2018]
10:37:57.000 @PS002[杂工]
10:37:57.000 @PS003[叶岩德]
10:37:57.000 @PS001[2018]
10:37:57.000 @PS002[杂工]
10:37:57.000 @PS003[吴国春]
10:37:57.000 @PS001[2018]
10:37:57.000 @PS002[杂工]
10:37:57.000 @PS003[周昌望]
10:37:57.000 @PS001[2018]
10:37:57.000 @PS002[杂工]
10:37:57.000 @PS003[周世东]
10:37:57.000 @PS001[2018]
10:37:57.000 @PS002[杂工]
10:37:57.000 @PS003[周世严]
10:37:57.000 @PS001[2018]
10:37:57.000 @PS002[杂工]
10:37:57.000 @PS003[周世珍]
10:37:57.000 @PS001[2018]
10:37:57.000 @PS002[杂工]
10:37:57.000 @PS003[周樟法]
10:37:57.000 @PS001[2018]
10:37:57.000 @PS002[杂工]
10:37:57.000 @PS003[周永元]
10:37:57.000 @PS001[2018]
10:37:57.000 @PS002[杂工]
10:37:57.000 @PS003[周加浩]
10:37:57.000 @PS001[2018]
10:37:57.000 @PS002[杂工]
10:37:57.000 @PS003[季敏和]
10:37:57.000 @PS001[2018]
10:37:57.000 @PS002[杂工]
10:37:57.000 @PS003[张启兴]
10:37:57.000 @PS001[2018]
10:37:57.000 @PS002[杂工]
10:37:57.000 @PS003[张启钱]
10:37:57.000 @PS001[2018]
10:37:57.000 @PS002[杂工]
10:37:57.000 @PS003[张永聪]
10:37:57.000 @PS001[2018]
10:37:57.000 @PS002[杂工]
10:37:57.000 @PS003[张丽伟]
10:37:57.000 @PS001[2018]
10:37:57.000 @PS002[杂工]
10:37:57.000 @PS003[张金旺]
10:37:57.000 @PS001[2018]
10:37:57.000 @PS002[杂工]
10:37:57.000 @PS003[彭良生]
10:37:57.000 @PS001[2018]
10:37:57.000 @PS002[杂工]
10:37:57.000 @PS003[徐金根]
10:37:57.000 @PS001[2018]
10:37:57.000 @PS002[杂工]
10:37:57.000 @PS003[杨森林]
10:37:57.000 @PS001[2018]
10:37:57.000 @PS002[杂工]
10:37:57.000 @PS003[林存付]
10:37:57.000 @PS001[2018]
10:37:57.000 @PS002[杂工]
10:37:57.000 @PS003[柳先龙]
10:37:57.000 @PS001[2018]
10:37:57.000 @PS002[杂工]
10:37:57.000 @PS003[梅有饶]
10:37:57.000 @PS001[2018]
10:37:57.000 @PS002[杂工]
10:37:57.000 @PS003[梅晓林]
10:37:57.000 @PS001[2018]
10:37:57.000 @PS002[杂工]
10:37:57.000 @PS003[梅金水]
10:37:57.000 @PS001[2018]
10:37:57.000 @PS002[杂工]
10:37:57.000 @PS003[江诗有]
10:37:57.000 @PS001[2018]
10:37:57.000 @PS002[杂工]
10:37:57.000 @PS003[潘世土]
10:37:57.000 @PS001[2018]
10:37:57.000 @PS002[杂工]
10:37:57.000 @PS003[王宝岐]
10:37:57.000 @PS001[2018]
10:37:57.000 @PS002[杂工]
10:37:57.000 @PS003[王岩水]
10:37:57.000 @PS001[2018]
10:37:57.000 @PS002[杂工]
10:37:57.000 @PS003[练良启]
10:37:57.000 @PS001[2018]
10:37:57.000 @PS002[杂工]
10:37:57.000 @PS003[胡有帮]
10:37:57.000 @PS001[2018]
10:37:57.000 @PS002[杂工]
10:37:57.000 @PS003[蓝余东]
10:37:57.000 @PS001[2018]
10:37:57.000 @PS002[杂工]
10:37:57.000 @PS003[蓝富仓]
10:37:57.000 @PS001[2018]
10:37:57.000 @PS002[杂工]
10:37:57.000 @PS003[邱根沛]
10:37:57.000 @PS001[2018]
10:37:57.000 @PS002[杂工]
10:37:57.000 @PS003[邱义芳]
10:37:57.000 @PS001[2018]
10:37:57.000 @PS002[杂工]
10:37:57.000 @PS003[邱细松]
10:37:57.000 @PS001[2018]
10:37:57.000 @PS002[杂工]
10:37:57.000 @PS003[陈建和]
10:37:57.000 @PS001[2018]
10:37:57.000 @PS002[杂工]
10:37:57.000 @PS003[雷土根]
10:37:57.000 @PS001[2018]
10:37:57.000 @PS002[杂工]
10:37:57.000 @PS003[颜君龙]
10:37:57.000 @PS001[2018]
10:37:57.000 @PS002[第一组]
10:37:57.000 @PS003[兰邦松]
10:37:57.000 @PS001[2018]
10:37:57.000 @PS002[第一组]
10:37:57.000 @PS003[廖少林]
10:37:57.000 @PS001[2018]
10:37:57.000 @PS002[第一组]
10:37:57.000 @PS003[阙宪富]
10:37:57.000 @PS001[2018]
10:37:57.000 @PS002[第三组]
10:37:57.000 @PS003[张朝云]
10:37:57.000 @PS001[2018]
10:37:57.000 @PS002[第三组]
10:37:57.000 @PS003[张林娟]
10:37:57.000 @PS001[2018]
10:37:57.000 @PS002[第三组]
10:37:57.000 @PS003[赖仁通]
10:37:58.000 @PS001[2018]
10:37:58.000 @PS002[第二组]
10:37:58.000 @PS003[周家任]
10:37:58.000 @PS001[2018]
10:37:58.000 @PS002[第二组]
10:37:58.000 @PS003[赖冬秀]
10:37:58.000 @PS001[2018]
10:37:58.000 @PS002[第五组]
10:37:58.000 @PS003[王夏英]
10:37:58.000 @PS001[2018]
10:37:58.000 @PS002[第四组]
10:37:58.000 @PS003[吴会英]
10:37:58.000 @PS001[2018]
10:37:58.000 @PS002[第四组]
10:37:58.000 @PS003[吴伟英]
10:37:58.000 @PS001[2018]
10:37:58.000 @PS002[第四组]
10:37:58.000 @PS003[夏汝伟]
10:37:58.000 @PS001[2018]
10:37:58.000 @PS002[第四组]
10:37:58.000 @PS003[廖少林]
10:37:58.000 @PS001[2018]
10:37:58.000 @PS002[第四组]
10:37:58.000 @PS003[赖仁通]
10:37:58.000 @PS001[2018]
10:37:58.000 @PS002[统计员]
10:37:58.000 @PS003[姚红]
10:37:58.000 @PS001[2018]
10:37:58.000 @PS002[统计员]
10:37:58.000 @PS003[王少英]
10:37:58.000 @PS001[2018]
10:37:58.000 @PS002[行政后勤]
10:37:58.000 @PS003[吴永升]
10:37:58.000 @PS001[2018]
10:37:58.000 @PS002[行政后勤]
10:37:58.000 @PS003[张启余]
10:37:58.000 @PS001[2018]
10:37:58.000 @PS002[行政后勤]
10:37:58.000 @PS003[江雪云]
10:37:58.000 @PS001[2018]
10:37:58.000 @PS002[行政后勤]
10:37:58.000 @PS003[邱根沛]
10:37:58.000 @PS001[2018]
10:37:58.000 @PS002[行政后勤]
10:37:58.000 @PS003[邱仁兰]
10:37:58.000 @PS001[2018]
10:37:58.000 @PS002[行政后勤]
10:37:58.000 @PS003[郭树堂]
10:37:58.000 @PS001[2018]
10:37:58.000 @PS002[行政管理]
10:37:58.000 @PS003[王小红]
10:37:58.000 @PS001[2018]
10:37:58.000 @PS002[行政管理]
10:37:58.000 @PS003[胡红燕]
10:37:58.000 @PS001[2018]
10:37:58.000 @PS002[行政管理]
10:37:58.000 @PS003[钟兰元]
10:37:58.000 @PS001[2018]
10:37:58.000 @PS002[设计开发]
10:37:58.000 @PS003[吴兴俭]
10:37:58.000 @PS001[2018]
10:37:58.000 @PS002[设计开发]
10:37:58.000 @PS003[陈新娟]
10:37:58.000 @PS001[2018]
10:37:58.000 @PS002[设计开发]
10:37:58.000 @PS003[项明华]
10:37:58.000 @PS001[2018]
10:37:58.000 @PS002[设计开发]
10:37:58.000 @PS003[魏芸]
10:37:58.000 @PS001[2018]
10:37:58.000 @PS002[财务管理]
10:37:58.000 @PS003[叶少娥]
10:37:58.000 @PS001[2018]
10:37:58.000 @PS002[财务管理]
10:37:58.000 @PS003[张伟芳]
10:37:58.000 @PS001[2018]
10:37:58.000 @PS002[财务管理]
10:37:58.000 @PS003[王海燕]
10:37:58.000 @PS001[2018]
10:37:58.000 @PS002[财务管理]
10:37:58.000 @PS003[王军]
10:37:58.000 @PS001[2018]
10:37:58.000 @PS002[质检部]
10:37:58.000 @PS003[周竹云]
10:37:58.000 @PS001[2018]
10:37:58.000 @PS002[质检部]
10:37:58.000 @PS003[张河平]
10:37:58.000 @PS001[2018]
10:37:58.000 @PS002[质检部]
10:37:58.000 @PS003[柳洪明]
10:37:58.000 @PS001[2018]
10:37:58.000 @PS002[质检部]
10:37:58.000 @PS003[马达庆]
10:37:58.000 @PS001[2018]
10:37:58.000 @PS002[车间主任]
10:37:58.000 @PS003[吴书松]
10:37:58.000 @PS001[2018]
10:37:58.000 @PS002[车间主任]
10:37:58.000 @PS003[王祖汉]
10:37:58.000 @PS001[2018]
10:37:58.000 @PS002[采购部]
10:37:58.000 @PS003[严少荣]
10:37:58.000 @PS001[2018]
10:37:58.000 @PS002[采购部]
10:37:58.000 @PS003[严丽珠]
10:37:58.000 @PS001[2018]
10:37:58.000 @PS002[采购部]
10:37:58.000 @PS003[张永聪]
10:37:58.000 @PS001[2018]
10:37:58.000 @PS002[采购部]
10:37:58.000 @PS003[林国超]
10:37:58.000 @PS001[2018]
10:37:58.000 @PS002[采购部]
10:37:58.000 @PS003[许张伟]
10:37:58.000 @PS001[2018]
10:37:58.000 @PS002[杂工]
10:37:58.000 @PS003[潘世土]
10:37:58.000 @PS004[8]
10:37:58.000 @PS005[80.06]
10:37:58.000 @PS006[11461.50000]
10:37:58.000 @PS007[204.50]
10:37:58.000 @PS008[29310.00000]
10:37:58.000 @PS009[0.00]
10:37:58.000 @PS010[0.00]
10:37:58.000 @PS011[0.00]
10:37:58.000 @PS012[0]
10:37:58.000 @PS013[40771.50000]
10:37:58.000 @PS014[0]
10:37:58.000 @PS015[0]
10:37:58.000 @PS028[False]
10:37:58.000 INSERT INTO R_PQPS(PS001,PS002,PS003,PS004,PS005,PS006,PS007,PS008,PS009,PS010,PS011,PS012,PS013,PS014,PS015,PS028) VALUES (@PS001,@PS002,@PS003,@PS004,@PS005,@PS006,@PS007,@PS008,@PS009,@PS010,@PS011,@PS012,@PS013,@PS014,@PS015,@PS028)
10:37:58.000 @PS001[2018]
10:37:58.000 @PS002[杂工]
10:37:58.000 @PS003[季敏和]
10:37:58.000 @PS004[9]
10:37:58.000 @PS005[114.00]
10:37:58.000 @PS006[12062.00000]
10:37:58.000 @PS007[257.00]
10:37:58.000 @PS008[26914.00000]
10:37:58.000 @PS009[0.00]
10:37:58.000 @PS010[0.00]
10:37:58.000 @PS011[0.00]
10:37:58.000 @PS012[0]
10:37:58.000 @PS013[38976.00000]
10:37:58.000 @PS014[0.00]
10:37:58.000 @PS015[0.00]
10:37:58.000 @PS028[False]
10:37:58.000 UPDATE R_PQPS SET PS004=@PS004,PS005=@PS005,PS006=@PS006,PS007=@PS007,PS008=@PS008,PS009=@PS009,PS010=@PS010,PS011=@PS011,PS012=@PS012,PS013=@PS013,PS014=@PS014,PS015=@PS015,PS028=@PS028 WHERE PS001=@PS001 AND PS002=@PS002 AND PS003=@PS003
10:37:58.000 @PS001[2018]
10:37:58.000 @PS002[杂工]
10:37:58.000 @PS003[周世严]
10:37:58.000 @PS004[1]
10:37:58.000 @PS005[4.00]
10:37:58.000 @PS006[600.00000]
10:37:58.000 @PS007[16.50]
10:37:58.000 @PS008[2475.00000]
10:37:58.000 @PS009[0.00]
10:37:58.000 @PS010[0.00]
10:37:58.000 @PS011[0.00]
10:37:58.000 @PS012[0]
10:37:58.000 @PS013[3075.00000]
10:37:58.000 @PS014[0]
10:37:58.000 @PS015[0]
10:37:58.000 @PS028[False]
10:37:58.000 INSERT INTO R_PQPS(PS001,PS002,PS003,PS004,PS005,PS006,PS007,PS008,PS009,PS010,PS011,PS012,PS013,PS014,PS015,PS028) VALUES (@PS001,@PS002,@PS003,@PS004,@PS005,@PS006,@PS007,@PS008,@PS009,@PS010,@PS011,@PS012,@PS013,@PS014,@PS015,@PS028)
10:37:58.000 @PS001[2018]
10:37:58.000 @PS002[杂工]
10:37:58.000 @PS003[周樟法]
10:37:58.000 @PS004[7]
10:37:58.000 @PS005[31.50]
10:37:58.000 @PS006[2835.00000]
10:37:58.000 @PS007[135.50]
10:37:58.000 @PS008[12465.00000]
10:37:58.000 @PS009[0.00]
10:37:58.000 @PS010[0.00]
10:37:58.000 @PS011[0.00]
10:37:58.000 @PS012[0]
10:37:58.000 @PS013[15300.00000]
10:37:58.000 @PS014[0.00]
10:37:58.000 @PS015[0.00]
10:37:58.000 @PS028[False]
10:37:58.000 UPDATE R_PQPS SET PS004=@PS004,PS005=@PS005,PS006=@PS006,PS007=@PS007,PS008=@PS008,PS009=@PS009,PS010=@PS010,PS011=@PS011,PS012=@PS012,PS013=@PS013,PS014=@PS014,PS015=@PS015,PS028=@PS028 WHERE PS001=@PS001 AND PS002=@PS002 AND PS003=@PS003
10:37:58.000 @PS001[2018]
10:37:58.000 @PS002[质检部]
10:37:58.000 @PS003[周竹云]
10:37:58.000 @PS004[20]
10:37:58.000 @PS005[136.71]
10:37:58.000 @PS006[12332.40000]
10:37:58.000 @PS007[295.50]
10:37:58.000 @PS008[26652.00000]
10:37:58.000 @PS009[0.00]
10:37:58.000 @PS010[7574.20]
10:37:58.000 @PS011[0.00]
10:37:58.000 @PS012[0]
10:37:58.000 @PS013[46486.10000]
10:37:58.000 @PS014[0.00]
10:37:58.000 @PS015[0.00]
10:37:58.000 @PS028[False]
10:37:58.000 UPDATE R_PQPS SET PS004=@PS004,PS005=@PS005,PS006=@PS006,PS007=@PS007,PS008=@PS008,PS009=@PS009,PS010=@PS010,PS011=@PS011,PS012=@PS012,PS013=@PS013,PS014=@PS014,PS015=@PS015,PS028=@PS028 WHERE PS001=@PS001 AND PS002=@PS002 AND PS003=@PS003
10:37:58.000 @PS001[2018]
10:37:58.000 @PS002[采购部]
10:37:58.000 @PS003[严丽珠]
10:37:58.000 @PS004[11]
10:37:58.000 @PS005[67.00]
10:37:58.000 @PS006[9433.54839]
10:37:58.000 @PS007[267.00]
10:37:58.000 @PS008[38668.11828]
10:37:58.000 @PS009[0.00]
10:37:58.000 @PS010[0.00]
10:37:58.000 @PS011[0.00]
10:37:58.000 @PS012[0]
10:37:58.000 @PS013[48101.66667]
10:37:58.000 @PS014[0.00]
10:37:58.000 @PS015[0.00]
10:37:58.000 @PS028[True]
10:37:58.000 UPDATE R_PQPS SET PS004=@PS004,PS005=@PS005,PS006=@PS006,PS007=@PS007,PS008=@PS008,PS009=@PS009,PS010=@PS010,PS011=@PS011,PS012=@PS012,PS013=@PS013,PS014=@PS014,PS015=@PS015,PS028=@PS028 WHERE PS001=@PS001 AND PS002=@PS002 AND PS003=@PS003
10:37:59.000 @PS001[2018]
10:37:59.000 @PS002[杂工]
10:37:59.000 @PS003[王岩水]
10:37:59.000 @PS004[2]
10:37:59.000 @PS005[14.50]
10:37:59.000 @PS006[2180.00000]
10:37:59.000 @PS007[31.00]
10:37:59.000 @PS008[4665.00000]
10:37:59.000 @PS009[0.00]
10:37:59.000 @PS010[0.00]
10:37:59.000 @PS011[0.00]
10:37:59.000 @PS012[0]
10:37:59.000 @PS013[6845.00000]
10:37:59.000 @PS014[0]
10:37:59.000 @PS015[0]
10:37:59.000 @PS028[False]
10:37:59.000 INSERT INTO R_PQPS(PS001,PS002,PS003,PS004,PS005,PS006,PS007,PS008,PS009,PS010,PS011,PS012,PS013,PS014,PS015,PS028) VALUES (@PS001,@PS002,@PS003,@PS004,@PS005,@PS006,@PS007,@PS008,@PS009,@PS010,@PS011,@PS012,@PS013,@PS014,@PS015,@PS028)
10:37:59.000 @PS001[2018]
10:37:59.000 @PS002[杂工]
10:37:59.000 @PS003[张启钱]
10:37:59.000 @PS004[2]
10:37:59.000 @PS005[10.00]
10:37:59.000 @PS006[1507.50000]
10:37:59.000 @PS007[32.00]
10:37:59.000 @PS008[4870.00000]
10:37:59.000 @PS009[0.00]
10:37:59.000 @PS010[0.00]
10:37:59.000 @PS011[0.00]
10:37:59.000 @PS012[0]
10:37:59.000 @PS013[6377.50000]
10:37:59.000 @PS014[0]
10:37:59.000 @PS015[0]
10:37:59.000 @PS028[False]
10:37:59.000 INSERT INTO R_PQPS(PS001,PS002,PS003,PS004,PS005,PS006,PS007,PS008,PS009,PS010,PS011,PS012,PS013,PS014,PS015,PS028) VALUES (@PS001,@PS002,@PS003,@PS004,@PS005,@PS006,@PS007,@PS008,@PS009,@PS010,@PS011,@PS012,@PS013,@PS014,@PS015,@PS028)
10:37:59.000 @PS001[2018]
10:37:59.000 @PS002[杂工]
10:37:59.000 @PS003[周昌望]
10:37:59.000 @PS004[1]
10:37:59.000 @PS005[3.00]
10:37:59.000 @PS006[465.00000]
10:37:59.000 @PS007[8.00]
10:37:59.000 @PS008[1240.00000]
10:37:59.000 @PS009[0.00]
10:37:59.000 @PS010[0.00]
10:37:59.000 @PS011[0.00]
10:37:59.000 @PS012[0]
10:37:59.000 @PS013[1705.00000]
10:37:59.000 @PS014[0]
10:37:59.000 @PS015[0]
10:37:59.000 @PS028[False]
10:37:59.000 INSERT INTO R_PQPS(PS001,PS002,PS003,PS004,PS005,PS006,PS007,PS008,PS009,PS010,PS011,PS012,PS013,PS014,PS015,PS028) VALUES (@PS001,@PS002,@PS003,@PS004,@PS005,@PS006,@PS007,@PS008,@PS009,@PS010,@PS011,@PS012,@PS013,@PS014,@PS015,@PS028)
10:37:59.000 @PS001[2018]
10:37:59.000 @PS002[采购部]
10:37:59.000 @PS003[林国超]
10:37:59.000 @PS004[11]
10:37:59.000 @PS005[67.00]
10:37:59.000 @PS006[8085.89862]
10:37:59.000 @PS007[279.66]
10:37:59.000 @PS008[34781.26036]
10:37:59.000 @PS009[0.00]
10:37:59.000 @PS010[1228.00]
10:37:59.000 @PS011[0.00]
10:37:59.000 @PS012[0]
10:37:59.000 @PS013[40427.16900]
10:37:59.000 @PS014[0.00]
10:37:59.000 @PS015[0.00]
10:37:59.000 @PS028[True]
10:37:59.000 UPDATE R_PQPS SET PS004=@PS004,PS005=@PS005,PS006=@PS006,PS007=@PS007,PS008=@PS008,PS009=@PS009,PS010=@PS010,PS011=@PS011,PS012=@PS012,PS013=@PS013,PS014=@PS014,PS015=@PS015,PS028=@PS028 WHERE PS001=@PS001 AND PS002=@PS002 AND PS003=@PS003
10:37:59.000 @PS001[2018]
10:37:59.000 @PS002[第三组]
10:37:59.000 @PS003[赖仁通]
10:37:59.000 @PS004[18]
10:37:59.000 @PS005[126.20]
10:37:59.000 @PS006[15202.00000]
10:37:59.000 @PS007[266.00]
10:37:59.000 @PS008[32044.00000]
10:37:59.000 @PS009[0.00]
10:37:59.000 @PS010[23532.00]
10:37:59.000 @PS011[450.00]
10:37:59.000 @PS012[0]
10:37:59.000 @PS013[68052.47000]
10:37:59.000 @PS014[0.00]
10:37:59.000 @PS015[0.00]
10:37:59.000 @PS028[False]
10:37:59.000 UPDATE R_PQPS SET PS004=@PS004,PS005=@PS005,PS006=@PS006,PS007=@PS007,PS008=@PS008,PS009=@PS009,PS010=@PS010,PS011=@PS011,PS012=@PS012,PS013=@PS013,PS014=@PS014,PS015=@PS015,PS028=@PS028 WHERE PS001=@PS001 AND PS002=@PS002 AND PS003=@PS003
10:37:59.000 @PS001[2018]
10:37:59.000 @PS002[杂工]
10:37:59.000 @PS003[吴国春]
10:37:59.000 @PS004[6]
10:37:59.000 @PS005[36.60]
10:37:59.000 @PS006[5532.50000]
10:37:59.000 @PS007[126.20]
10:37:59.000 @PS008[19022.50000]
10:37:59.000 @PS009[0.00]
10:37:59.000 @PS010[0.00]
10:37:59.000 @PS011[0.00]
10:37:59.000 @PS012[0]
10:37:59.000 @PS013[24555.00000]
10:37:59.000 @PS014[0]
10:37:59.000 @PS015[0]
10:37:59.000 @PS028[False]
10:37:59.000 INSERT INTO R_PQPS(PS001,PS002,PS003,PS004,PS005,PS006,PS007,PS008,PS009,PS010,PS011,PS012,PS013,PS014,PS015,PS028) VALUES (@PS001,@PS002,@PS003,@PS004,@PS005,@PS006,@PS007,@PS008,@PS009,@PS010,@PS011,@PS012,@PS013,@PS014,@PS015,@PS028)
10:37:59.000 @PS001[2018]
10:37:59.000 @PS002[杂工]
10:37:59.000 @PS003[梅金水]
10:37:59.000 @PS004[10]
10:37:59.000 @PS005[50.10]
10:37:59.000 @PS006[7580.00000]
10:37:59.000 @PS007[211.50]
10:37:59.000 @PS008[31880.00000]
10:37:59.000 @PS009[0.00]
10:37:59.000 @PS010[0.00]
10:37:59.000 @PS011[0.00]
10:37:59.000 @PS012[0]
10:37:59.000 @PS013[39460.00000]
10:37:59.000 @PS014[0.00]
10:37:59.000 @PS015[0.00]
10:37:59.000 @PS028[False]
10:37:59.000 UPDATE R_PQPS SET PS004=@PS004,PS005=@PS005,PS006=@PS006,PS007=@PS007,PS008=@PS008,PS009=@PS009,PS010=@PS010,PS011=@PS011,PS012=@PS012,PS013=@PS013,PS014=@PS014,PS015=@PS015,PS028=@PS028 WHERE PS001=@PS001 AND PS002=@PS002 AND PS003=@PS003
10:37:59.000 @PS001[2018]
10:37:59.000 @PS002[工程部]
10:37:59.000 @PS003[胡存仁]
10:37:59.000 @PS004[2]
10:37:59.000 @PS005[12.00]
10:37:59.000 @PS006[1850.80645]
10:37:59.000 @PS007[34.00]
10:37:59.000 @PS008[5059.90784]
10:37:59.000 @PS009[0.00]
10:37:59.000 @PS010[0.00]
10:37:59.000 @PS011[0.00]
10:37:59.000 @PS012[0]
10:37:59.000 @PS013[6910.71429]
10:37:59.000 @PS014[0.00]
10:37:59.000 @PS015[0.00]
10:37:59.000 @PS028[True]
10:37:59.000 UPDATE R_PQPS SET PS004=@PS004,PS005=@PS005,PS006=@PS006,PS007=@PS007,PS008=@PS008,PS009=@PS009,PS010=@PS010,PS011=@PS011,PS012=@PS012,PS013=@PS013,PS014=@PS014,PS015=@PS015,PS028=@PS028 WHERE PS001=@PS001 AND PS002=@PS002 AND PS003=@PS003
10:37:59.000 @PS001[2018]
10:37:59.000 @PS002[杂工]
10:37:59.000 @PS003[周世东]
10:37:59.000 @PS004[1]
10:37:59.000 @PS005[3.50]
10:37:59.000 @PS006[525.00000]
10:37:59.000 @PS007[17.00]
10:37:59.000 @PS008[2550.00000]
10:37:59.000 @PS009[0.00]
10:37:59.000 @PS010[0.00]
10:37:59.000 @PS011[0.00]
10:37:59.000 @PS012[0]
10:37:59.000 @PS013[3075.00000]
10:37:59.000 @PS014[0]
10:37:59.000 @PS015[0]
10:37:59.000 @PS028[False]
10:37:59.000 INSERT INTO R_PQPS(PS001,PS002,PS003,PS004,PS005,PS006,PS007,PS008,PS009,PS010,PS011,PS012,PS013,PS014,PS015,PS028) VALUES (@PS001,@PS002,@PS003,@PS004,@PS005,@PS006,@PS007,@PS008,@PS009,@PS010,@PS011,@PS012,@PS013,@PS014,@PS015,@PS028)
10:37:59.000 @PS001[2018]
10:37:59.000 @PS002[工程部]
10:37:59.000 @PS003[饶云祥]
10:37:59.000 @PS004[11]
10:37:59.000 @PS005[67.00]
10:37:59.000 @PS006[12128.84793]
10:37:59.000 @PS007[284.00]
10:37:59.000 @PS008[53004.02074]
10:37:59.000 @PS009[0.00]
10:37:59.000 @PS010[1034.22]
10:37:59.000 @PS011[0.00]
10:37:59.000 @PS012[0]
10:37:59.000 @PS013[61877.41866]
10:37:59.000 @PS014[0.00]
10:37:59.000 @PS015[0.00]
10:37:59.000 @PS028[True]
10:37:59.000 UPDATE R_PQPS SET PS004=@PS004,PS005=@PS005,PS006=@PS006,PS007=@PS007,PS008=@PS008,PS009=@PS009,PS010=@PS010,PS011=@PS011,PS012=@PS012,PS013=@PS013,PS014=@PS014,PS015=@PS015,PS028=@PS028 WHERE PS001=@PS001 AND PS002=@PS002 AND PS003=@PS003
10:37:59.000 @PS001[2018]
10:37:59.000 @PS002[第一组]
10:37:59.000 @PS003[兰邦松]
10:37:59.000 @PS004[2]
10:37:59.000 @PS005[15.70]
10:37:59.000 @PS006[1884.00000]
10:37:59.000 @PS007[42.00]
10:37:59.000 @PS008[5040.00000]
10:37:59.000 @PS009[0.00]
10:37:59.000 @PS010[0.00]
10:37:59.000 @PS011[0.00]
10:37:59.000 @PS012[0]
10:37:59.000 @PS013[6241.50000]
10:37:59.000 @PS014[0.00]
10:37:59.000 @PS015[0.00]
10:37:59.000 @PS028[False]
10:37:59.000 UPDATE R_PQPS SET PS004=@PS004,PS005=@PS005,PS006=@PS006,PS007=@PS007,PS008=@PS008,PS009=@PS009,PS010=@PS010,PS011=@PS011,PS012=@PS012,PS013=@PS013,PS014=@PS014,PS015=@PS015,PS028=@PS028 WHERE PS001=@PS001 AND PS002=@PS002 AND PS003=@PS003
10:37:59.000 @PS001[2018]
10:37:59.000 @PS002[业务部]
10:37:59.000 @PS003[张海敏]
10:37:59.000 @PS004[11]
10:37:59.000 @PS005[67.00]
10:37:59.000 @PS006[8085.89862]
10:37:59.000 @PS007[289.00]
10:37:59.000 @PS008[36042.00462]
10:37:59.000 @PS009[0.00]
10:37:59.000 @PS010[743.09]
10:37:59.000 @PS011[0.00]
10:37:59.000 @PS012[0]
10:37:59.000 @PS013[41203.83322]
10:37:59.000 @PS014[0.00]
10:37:59.000 @PS015[0.00]
10:37:59.000 @PS028[True]
10:37:59.000 UPDATE R_PQPS SET PS004=@PS004,PS005=@PS005,PS006=@PS006,PS007=@PS007,PS008=@PS008,PS009=@PS009,PS010=@PS010,PS011=@PS011,PS012=@PS012,PS013=@PS013,PS014=@PS014,PS015=@PS015,PS028=@PS028 WHERE PS001=@PS001 AND PS002=@PS002 AND PS003=@PS003
10:37:59.000 @PS001[2018]
10:37:59.000 @PS002[杂工]
10:37:59.000 @PS003[张丽伟]
10:37:59.000 @PS004[1]
10:37:59.000 @PS005[0.00]
10:37:59.000 @PS006[0.00000]
10:37:59.000 @PS007[27.00]
10:37:59.000 @PS008[4050.00000]
10:37:59.000 @PS009[0.00]
10:37:59.000 @PS010[0.00]
10:37:59.000 @PS011[0.00]
10:37:59.000 @PS012[0]
10:37:59.000 @PS013[4050.00000]
10:37:59.000 @PS014[0]
10:37:59.000 @PS015[0]
10:37:59.000 @PS028[False]
10:37:59.000 INSERT INTO R_PQPS(PS001,PS002,PS003,PS004,PS005,PS006,PS007,PS008,PS009,PS010,PS011,PS012,PS013,PS014,PS015,PS028) VALUES (@PS001,@PS002,@PS003,@PS004,@PS005,@PS006,@PS007,@PS008,@PS009,@PS010,@PS011,@PS012,@PS013,@PS014,@PS015,@PS028)
10:37:59.000 @PS001[2018]
10:37:59.000 @PS002[财务管理]
10:37:59.000 @PS003[叶少娥]
10:37:59.000 @PS004[11]
10:37:59.000 @PS005[67.00]
10:37:59.000 @PS006[6507.37327]
10:37:59.000 @PS007[264.70]
10:37:59.000 @PS008[25762.84563]
10:37:59.000 @PS009[0.00]
10:37:59.000 @PS010[200.32]
10:37:59.000 @PS011[0.00]
10:37:59.000 @PS012[0]
10:37:59.000 @PS013[32470.53890]
10:37:59.000 @PS014[0.00]
10:37:59.000 @PS015[0.00]
10:37:59.000 @PS028[True]
10:37:59.000 UPDATE R_PQPS SET PS004=@PS004,PS005=@PS005,PS006=@PS006,PS007=@PS007,PS008=@PS008,PS009=@PS009,PS010=@PS010,PS011=@PS011,PS012=@PS012,PS013=@PS013,PS014=@PS014,PS015=@PS015,PS028=@PS028 WHERE PS001=@PS001 AND PS002=@PS002 AND PS003=@PS003
10:37:59.000 @PS001[2018]
10:37:59.000 @PS002[质检部]
10:37:59.000 @PS003[马达庆]
10:37:59.000 @PS004[11]
10:37:59.000 @PS005[67.00]
10:37:59.000 @PS006[13476.49770]
10:37:59.000 @PS007[295.50]
10:37:59.000 @PS008[61315.74501]
10:37:59.000 @PS009[0.00]
10:37:59.000 @PS010[3533.50]
10:37:59.000 @PS011[0.00]
10:37:59.000 @PS012[0]
10:37:59.000 @PS013[73105.90271]
10:37:59.000 @PS014[0.00]
10:37:59.000 @PS015[0.00]
10:37:59.000 @PS028[True]
10:37:59.000 UPDATE R_PQPS SET PS004=@PS004,PS005=@PS005,PS006=@PS006,PS007=@PS007,PS008=@PS008,PS009=@PS009,PS010=@PS010,PS011=@PS011,PS012=@PS012,PS013=@PS013,PS014=@PS014,PS015=@PS015,PS028=@PS028 WHERE PS001=@PS001 AND PS002=@PS002 AND PS003=@PS003
10:37:59.000 @PS001[2018]
10:37:59.000 @PS002[车间主任]
10:37:59.000 @PS003[王祖汉]
10:37:59.000 @PS004[11]
10:37:59.000 @PS005[67.00]
10:37:59.000 @PS006[9812.90323]
10:37:59.000 @PS007[303.00]
10:37:59.000 @PS008[56357.79570]
10:37:59.000 @PS009[0.00]
10:37:59.000 @PS010[14436.73]
10:37:59.000 @PS011[0.00]
10:37:59.000 @PS012[0]
10:37:59.000 @PS013[75225.24893]
10:37:59.000 @PS014[0.00]
10:37:59.000 @PS015[0.00]
10:37:59.000 @PS028[True]
10:37:59.000 UPDATE R_PQPS SET PS004=@PS004,PS005=@PS005,PS006=@PS006,PS007=@PS007,PS008=@PS008,PS009=@PS009,PS010=@PS010,PS011=@PS011,PS012=@PS012,PS013=@PS013,PS014=@PS014,PS015=@PS015,PS028=@PS028 WHERE PS001=@PS001 AND PS002=@PS002 AND PS003=@PS003
10:37:59.000 @PS001[2018]
10:37:59.000 @PS002[杂工]
10:37:59.000 @PS003[江诗有]
10:37:59.000 @PS004[3]
10:37:59.000 @PS005[18.00]
10:37:59.000 @PS006[2720.00000]
10:37:59.000 @PS007[50.00]
10:37:59.000 @PS008[7585.00000]
10:37:59.000 @PS009[0.00]
10:37:59.000 @PS010[0.00]
10:37:59.000 @PS011[0.00]
10:37:59.000 @PS012[0]
10:37:59.000 @PS013[10305.00000]
10:37:59.000 @PS014[0]
10:37:59.000 @PS015[0]
10:37:59.000 @PS028[False]
10:37:59.000 INSERT INTO R_PQPS(PS001,PS002,PS003,PS004,PS005,PS006,PS007,PS008,PS009,PS010,PS011,PS012,PS013,PS014,PS015,PS028) VALUES (@PS001,@PS002,@PS003,@PS004,@PS005,@PS006,@PS007,@PS008,@PS009,@PS010,@PS011,@PS012,@PS013,@PS014,@PS015,@PS028)
10:37:59.000 @PS001[2018]
10:37:59.000 @PS002[设计开发]
10:37:59.000 @PS003[陈新娟]
10:37:59.000 @PS004[20]
10:37:59.000 @PS005[7.03]
10:37:59.000 @PS006[635.70000]
10:37:59.000 @PS007[256.60]
10:37:59.000 @PS008[23173.80000]
10:37:59.000 @PS009[0.00]
10:37:59.000 @PS010[4632.60]
10:37:59.000 @PS011[0.00]
10:37:59.000 @PS012[0]
10:37:59.000 @PS013[26804.10000]
10:37:59.000 @PS014[0.00]
10:38:00.000 @PS015[0.00]
10:38:00.000 @PS028[False]
10:38:00.000 UPDATE R_PQPS SET PS004=@PS004,PS005=@PS005,PS006=@PS006,PS007=@PS007,PS008=@PS008,PS009=@PS009,PS010=@PS010,PS011=@PS011,PS012=@PS012,PS013=@PS013,PS014=@PS014,PS015=@PS015,PS028=@PS028 WHERE PS001=@PS001 AND PS002=@PS002 AND PS003=@PS003
10:38:00.000 @PS001[2018]
10:38:00.000 @PS002[第二组]
10:38:00.000 @PS003[周家任]
10:38:00.000 @PS004[20]
10:38:00.000 @PS005[144.80]
10:38:00.000 @PS006[17728.00000]
10:38:00.000 @PS007[310.90]
10:38:00.000 @PS008[38220.00000]
10:38:00.000 @PS009[0.00]
10:38:00.000 @PS010[24108.00]
10:38:00.000 @PS011[868.00]
10:38:00.000 @PS012[0]
10:38:00.000 @PS013[76997.97000]
10:38:00.000 @PS014[0.00]
10:38:00.000 @PS015[0.00]
10:38:00.000 @PS028[False]
10:38:00.000 UPDATE R_PQPS SET PS004=@PS004,PS005=@PS005,PS006=@PS006,PS007=@PS007,PS008=@PS008,PS009=@PS009,PS010=@PS010,PS011=@PS011,PS012=@PS012,PS013=@PS013,PS014=@PS014,PS015=@PS015,PS028=@PS028 WHERE PS001=@PS001 AND PS002=@PS002 AND PS003=@PS003
10:38:00.000 @PS001[2018]
10:38:00.000 @PS002[杂工]
10:38:00.000 @PS003[练良启]
10:38:00.000 @PS004[3]
10:38:00.000 @PS005[15.56]
10:38:00.000 @PS006[1867.20000]
10:38:00.000 @PS007[71.50]
10:38:00.000 @PS008[8652.00000]
10:38:00.000 @PS009[0.00]
10:38:00.000 @PS010[0.00]
10:38:00.000 @PS011[0.00]
10:38:00.000 @PS012[0]
10:38:00.000 @PS013[10519.20000]
10:38:00.000 @PS014[0]
10:38:00.000 @PS015[0]
10:38:00.000 @PS028[False]
10:38:00.000 INSERT INTO R_PQPS(PS001,PS002,PS003,PS004,PS005,PS006,PS007,PS008,PS009,PS010,PS011,PS012,PS013,PS014,PS015,PS028) VALUES (@PS001,@PS002,@PS003,@PS004,@PS005,@PS006,@PS007,@PS008,@PS009,@PS010,@PS011,@PS012,@PS013,@PS014,@PS015,@PS028)
10:38:00.000 @PS001[2018]
10:38:00.000 @PS002[采购部]
10:38:00.000 @PS003[许张伟]
10:38:00.000 @PS004[7]
10:38:00.000 @PS005[46.00]
10:38:00.000 @PS006[5389.44701]
10:38:00.000 @PS007[164.57]
10:38:00.000 @PS008[20079.10276]
10:38:00.000 @PS009[0.00]
10:38:00.000 @PS010[809.69]
10:38:00.000 @PS011[0.00]
10:38:00.000 @PS012[0]
10:38:00.000 @PS013[23954.32977]
10:38:00.000 @PS014[0.00]
10:38:00.000 @PS015[0.00]
10:38:00.000 @PS028[True]
10:38:00.000 UPDATE R_PQPS SET PS004=@PS004,PS005=@PS005,PS006=@PS006,PS007=@PS007,PS008=@PS008,PS009=@PS009,PS010=@PS010,PS011=@PS011,PS012=@PS012,PS013=@PS013,PS014=@PS014,PS015=@PS015,PS028=@PS028 WHERE PS001=@PS001 AND PS002=@PS002 AND PS003=@PS003
10:38:00.000 @PS001[2018]
10:38:00.000 @PS002[杂工]
10:38:00.000 @PS003[梅有饶]
10:38:00.000 @PS004[2]
10:38:00.000 @PS005[19.50]
10:38:00.000 @PS006[2947.50000]
10:38:00.000 @PS007[48.00]
10:38:00.000 @PS008[7290.00000]
10:38:00.000 @PS009[0.00]
10:38:00.000 @PS010[0.00]
10:38:00.000 @PS011[0.00]
10:38:00.000 @PS012[0]
10:38:00.000 @PS013[10237.50000]
10:38:00.000 @PS014[0]
10:38:00.000 @PS015[0]
10:38:00.000 @PS028[False]
10:38:00.000 INSERT INTO R_PQPS(PS001,PS002,PS003,PS004,PS005,PS006,PS007,PS008,PS009,PS010,PS011,PS012,PS013,PS014,PS015,PS028) VALUES (@PS001,@PS002,@PS003,@PS004,@PS005,@PS006,@PS007,@PS008,@PS009,@PS010,@PS011,@PS012,@PS013,@PS014,@PS015,@PS028)
10:38:00.000 @PS001[2018]
10:38:00.000 @PS002[行政后勤]
10:38:00.000 @PS003[邱仁兰]
10:38:00.000 @PS004[11]
10:38:00.000 @PS005[0.00]
10:38:00.000 @PS006[0.00000]
10:38:00.000 @PS007[334.00]
10:38:00.000 @PS008[19860.00000]
10:38:00.000 @PS009[0.00]
10:38:00.000 @PS010[0.00]
10:38:00.000 @PS011[0.00]
10:38:00.000 @PS012[0]
10:38:00.000 @PS013[19860.00000]
10:38:00.000 @PS014[0.00]
10:38:00.000 @PS015[0.00]
10:38:00.000 @PS028[True]
10:38:00.000 UPDATE R_PQPS SET PS004=@PS004,PS005=@PS005,PS006=@PS006,PS007=@PS007,PS008=@PS008,PS009=@PS009,PS010=@PS010,PS011=@PS011,PS012=@PS012,PS013=@PS013,PS014=@PS014,PS015=@PS015,PS028=@PS028 WHERE PS001=@PS001 AND PS002=@PS002 AND PS003=@PS003
10:38:00.000 @PS001[2018]
10:38:00.000 @PS002[杂工]
10:38:00.000 @PS003[陈建和]
10:38:00.000 @PS004[2]
10:38:00.000 @PS005[9.50]
10:38:00.000 @PS006[1445.00000]
10:38:00.000 @PS007[43.50]
10:38:00.000 @PS008[6602.50000]
10:38:00.000 @PS009[0.00]
10:38:00.000 @PS010[0.00]
10:38:00.000 @PS011[0.00]
10:38:00.000 @PS012[0]
10:38:00.000 @PS013[8047.50000]
10:38:00.000 @PS014[0]
10:38:00.000 @PS015[0]
10:38:00.000 @PS028[False]
10:38:00.000 INSERT INTO R_PQPS(PS001,PS002,PS003,PS004,PS005,PS006,PS007,PS008,PS009,PS010,PS011,PS012,PS013,PS014,PS015,PS028) VALUES (@PS001,@PS002,@PS003,@PS004,@PS005,@PS006,@PS007,@PS008,@PS009,@PS010,@PS011,@PS012,@PS013,@PS014,@PS015,@PS028)
10:38:00.000 @PS001[2018]
10:38:00.000 @PS002[杂工]
10:38:00.000 @PS003[周世珍]
10:38:00.000 @PS004[3]
10:38:00.000 @PS005[17.00]
10:38:00.000 @PS006[2040.00000]
10:38:00.000 @PS007[61.00]
10:38:00.000 @PS008[7320.00000]
10:38:00.000 @PS009[0.00]
10:38:00.000 @PS010[0.00]
10:38:00.000 @PS011[0.00]
10:38:00.000 @PS012[0]
10:38:00.000 @PS013[9360.00000]
10:38:00.000 @PS014[0]
10:38:00.000 @PS015[0]
10:38:00.000 @PS028[False]
10:38:00.000 INSERT INTO R_PQPS(PS001,PS002,PS003,PS004,PS005,PS006,PS007,PS008,PS009,PS010,PS011,PS012,PS013,PS014,PS015,PS028) VALUES (@PS001,@PS002,@PS003,@PS004,@PS005,@PS006,@PS007,@PS008,@PS009,@PS010,@PS011,@PS012,@PS013,@PS014,@PS015,@PS028)
10:38:00.000 @PS001[2018]
10:38:00.000 @PS002[设计开发]
10:38:00.000 @PS003[吴兴俭]
10:38:00.000 @PS004[20]
10:38:00.000 @PS005[128.93]
10:38:00.000 @PS006[15725.60000]
10:38:01.000 @PS007[314.00]
10:38:01.000 @PS008[38634.00000]
10:38:01.000 @PS009[0.00]
10:38:01.000 @PS010[23485.80]
10:38:01.000 @PS011[0.00]
10:38:01.000 @PS012[0]
10:38:01.000 @PS013[73970.97000]
10:38:01.000 @PS014[0.00]
10:38:01.000 @PS015[0.00]
10:38:01.000 @PS028[False]
10:38:01.000 UPDATE R_PQPS SET PS004=@PS004,PS005=@PS005,PS006=@PS006,PS007=@PS007,PS008=@PS008,PS009=@PS009,PS010=@PS010,PS011=@PS011,PS012=@PS012,PS013=@PS013,PS014=@PS014,PS015=@PS015,PS028=@PS028 WHERE PS001=@PS001 AND PS002=@PS002 AND PS003=@PS003
10:38:01.000 @PS001[2018]
10:38:01.000 @PS002[业务部]
10:38:01.000 @PS003[吴小毛]
10:38:01.000 @PS004[2]
10:38:01.000 @PS005[12.00]
10:38:01.000 @PS006[2056.45161]
10:38:01.000 @PS007[36.00]
10:38:01.000 @PS008[5944.70046]
10:38:01.000 @PS009[0.00]
10:38:01.000 @PS010[0.00]
10:38:01.000 @PS011[0.00]
10:38:01.000 @PS012[0]
10:38:01.000 @PS013[6709.64208]
10:38:01.000 @PS014[0.00]
10:38:01.000 @PS015[0.00]
10:38:01.000 @PS028[True]
10:38:01.000 UPDATE R_PQPS SET PS004=@PS004,PS005=@PS005,PS006=@PS006,PS007=@PS007,PS008=@PS008,PS009=@PS009,PS010=@PS010,PS011=@PS011,PS012=@PS012,PS013=@PS013,PS014=@PS014,PS015=@PS015,PS028=@PS028 WHERE PS001=@PS001 AND PS002=@PS002 AND PS003=@PS003
10:38:01.000 @PS001[2018]
10:38:01.000 @PS002[设计开发]
10:38:01.000 @PS003[项明华]
10:38:01.000 @PS004[11]
10:38:01.000 @PS005[67.00]
10:38:01.000 @PS006[10781.19816]
10:38:01.000 @PS007[283.50]
10:38:01.000 @PS008[47131.95085]
10:38:01.000 @PS009[0.00]
10:38:01.000 @PS010[1960.40]
10:38:01.000 @PS011[0.00]
10:38:01.000 @PS012[0]
10:38:01.000 @PS013[55945.58900]
10:38:01.000 @PS014[0.00]
10:38:01.000 @PS015[0.00]
10:38:01.000 @PS028[True]
10:38:01.000 UPDATE R_PQPS SET PS004=@PS004,PS005=@PS005,PS006=@PS006,PS007=@PS007,PS008=@PS008,PS009=@PS009,PS010=@PS010,PS011=@PS011,PS012=@PS012,PS013=@PS013,PS014=@PS014,PS015=@PS015,PS028=@PS028 WHERE PS001=@PS001 AND PS002=@PS002 AND PS003=@PS003
10:38:01.000 @PS001[2018]
10:38:01.000 @PS002[杂工]
10:38:01.000 @PS003[王宝岐]
10:38:01.000 @PS004[5]
10:38:01.000 @PS005[15.00]
10:38:01.000 @PS006[1800.00000]
10:38:01.000 @PS007[86.50]
10:38:01.000 @PS008[10460.00000]
10:38:01.000 @PS009[0.00]
10:38:01.000 @PS010[0.00]
10:38:01.000 @PS011[0.00]
10:38:01.000 @PS012[0]
10:38:01.000 @PS013[12260.00000]
10:38:01.000 @PS014[0]
10:38:01.000 @PS015[0]
10:38:01.000 @PS028[False]
10:38:01.000 INSERT INTO R_PQPS(PS001,PS002,PS003,PS004,PS005,PS006,PS007,PS008,PS009,PS010,PS011,PS012,PS013,PS014,PS015,PS028) VALUES (@PS001,@PS002,@PS003,@PS004,@PS005,@PS006,@PS007,@PS008,@PS009,@PS010,@PS011,@PS012,@PS013,@PS014,@PS015,@PS028)
10:38:01.000 @PS001[2018]
10:38:01.000 @PS002[杂工]
10:38:01.000 @PS003[雷土根]
10:38:01.000 @PS004[1]
10:38:01.000 @PS005[0.00]
10:38:01.000 @PS006[0.00000]
10:38:01.000 @PS007[24.50]
10:38:01.000 @PS008[2205.00000]
10:38:01.000 @PS009[0.00]
10:38:01.000 @PS010[0.00]
10:38:01.000 @PS011[0.00]
10:38:01.000 @PS012[0]
10:38:01.000 @PS013[2205.00000]
10:38:01.000 @PS014[0]
10:38:01.000 @PS015[0]
10:38:01.000 @PS028[False]
10:38:01.000 INSERT INTO R_PQPS(PS001,PS002,PS003,PS004,PS005,PS006,PS007,PS008,PS009,PS010,PS011,PS012,PS013,PS014,PS015,PS028) VALUES (@PS001,@PS002,@PS003,@PS004,@PS005,@PS006,@PS007,@PS008,@PS009,@PS010,@PS011,@PS012,@PS013,@PS014,@PS015,@PS028)
10:38:01.000 @PS001[2018]
10:38:01.000 @PS002[财务管理]
10:38:01.000 @PS003[张伟芳]
10:38:01.000 @PS004[11]
10:38:01.000 @PS005[67.00]
10:38:01.000 @PS006[9029.25344]
10:38:01.000 @PS007[249.31]
10:38:01.000 @PS008[34520.62560]
10:38:01.000 @PS009[0.00]
10:38:01.000 @PS010[147.51]
10:38:01.000 @PS011[0.00]
10:38:01.000 @PS012[0]
10:38:01.000 @PS013[40040.24909]
10:38:01.000 @PS014[0.00]
10:38:01.000 @PS015[0.00]
10:38:01.000 @PS028[True]
10:38:01.000 UPDATE R_PQPS SET PS004=@PS004,PS005=@PS005,PS006=@PS006,PS007=@PS007,PS008=@PS008,PS009=@PS009,PS010=@PS010,PS011=@PS011,PS012=@PS012,PS013=@PS013,PS014=@PS014,PS015=@PS015,PS028=@PS028 WHERE PS001=@PS001 AND PS002=@PS002 AND PS003=@PS003
10:38:01.000 @PS001[2018]
10:38:01.000 @PS002[杂工]
10:38:01.000 @PS003[邱细松]
10:38:01.000 @PS004[2]
10:38:01.000 @PS005[13.70]
10:38:01.000 @PS006[2063.50000]
10:38:01.000 @PS007[28.00]
10:38:01.000 @PS008[4217.50000]
10:38:01.000 @PS009[0.00]
10:38:01.000 @PS010[0.00]
10:38:01.000 @PS011[0.00]
10:38:01.000 @PS012[0]
10:38:01.000 @PS013[6281.00000]
10:38:01.000 @PS014[0]
10:38:01.000 @PS015[0]
10:38:01.000 @PS028[False]
10:38:01.000 INSERT INTO R_PQPS(PS001,PS002,PS003,PS004,PS005,PS006,PS007,PS008,PS009,PS010,PS011,PS012,PS013,PS014,PS015,PS028) VALUES (@PS001,@PS002,@PS003,@PS004,@PS005,@PS006,@PS007,@PS008,@PS009,@PS010,@PS011,@PS012,@PS013,@PS014,@PS015,@PS028)
10:38:01.000 @PS001[2018]
10:38:01.000 @PS002[第五组]
10:38:01.000 @PS003[王夏英]
10:38:01.000 @PS004[1]
10:38:01.000 @PS005[0.00]
10:38:01.000 @PS006[0.00000]
10:38:01.000 @PS007[0.00]
10:38:01.000 @PS008[0.00000]
10:38:01.000 @PS009[2700.00]
10:38:01.000 @PS010[0.00]
10:38:01.000 @PS011[0.00]
10:38:01.000 @PS012[0]
10:38:01.000 @PS013[2385.00000]
10:38:01.000 @PS014[0.00]
10:38:01.000 @PS015[0.00]
10:38:01.000 @PS028[False]
10:38:01.000 UPDATE R_PQPS SET PS004=@PS004,PS005=@PS005,PS006=@PS006,PS007=@PS007,PS008=@PS008,PS009=@PS009,PS010=@PS010,PS011=@PS011,PS012=@PS012,PS013=@PS013,PS014=@PS014,PS015=@PS015,PS028=@PS028 WHERE PS001=@PS001 AND PS002=@PS002 AND PS003=@PS003
10:38:02.000 @PS001[2018]
10:38:02.000 @PS002[行政后勤]
10:38:02.000 @PS003[张启余]
10:38:02.000 @PS004[11]
10:38:02.000 @PS005[0.00]
10:38:02.000 @PS006[0.00000]
10:38:02.000 @PS007[334.00]
10:38:02.000 @PS008[25376.66667]
10:38:02.000 @PS009[0.00]
10:38:02.000 @PS010[0.00]
10:38:02.000 @PS011[0.00]
10:38:02.000 @PS012[0]
10:38:02.000 @PS013[25376.66667]
10:38:02.000 @PS014[0.00]
10:38:02.000 @PS015[0.00]
10:38:02.000 @PS028[True]
10:38:02.000 UPDATE R_PQPS SET PS004=@PS004,PS005=@PS005,PS006=@PS006,PS007=@PS007,PS008=@PS008,PS009=@PS009,PS010=@PS010,PS011=@PS011,PS012=@PS012,PS013=@PS013,PS014=@PS014,PS015=@PS015,PS028=@PS028 WHERE PS001=@PS001 AND PS002=@PS002 AND PS003=@PS003
10:38:02.000 @PS001[2018]
10:38:02.000 @PS002[车间主任]
10:38:02.000 @PS003[吴书松]
10:38:02.000 @PS004[2]
10:38:02.000 @PS005[12.00]
10:38:02.000 @PS006[0.00000]
10:38:02.000 @PS007[32.00]
10:38:02.000 @PS008[0.00000]
10:38:02.000 @PS009[0.00]
10:38:02.000 @PS010[7500.00]
10:38:02.000 @PS011[0.00]
10:38:02.000 @PS012[0]
10:38:02.000 @PS013[6818.70000]
10:38:02.000 @PS014[0.00]
10:38:02.000 @PS015[0.00]
10:38:02.000 @PS028[True]
10:38:02.000 UPDATE R_PQPS SET PS004=@PS004,PS005=@PS005,PS006=@PS006,PS007=@PS007,PS008=@PS008,PS009=@PS009,PS010=@PS010,PS011=@PS011,PS012=@PS012,PS013=@PS013,PS014=@PS014,PS015=@PS015,PS028=@PS028 WHERE PS001=@PS001 AND PS002=@PS002 AND PS003=@PS003
10:38:02.000 @PS001[2018]
10:38:02.000 @PS002[杂工]
10:38:02.000 @PS003[叶岩德]
10:38:02.000 @PS004[3]
10:38:02.000 @PS005[3.50]
10:38:02.000 @PS006[530.00000]
10:38:02.000 @PS007[9.50]
10:38:02.000 @PS008[1442.50000]
10:38:02.000 @PS009[0.00]
10:38:02.000 @PS010[0.00]
10:38:02.000 @PS011[0.00]
10:38:02.000 @PS012[0]
10:38:02.000 @PS013[1972.50000]
10:38:02.000 @PS014[0]
10:38:02.000 @PS015[0]
10:38:02.000 @PS028[False]
10:38:02.000 INSERT INTO R_PQPS(PS001,PS002,PS003,PS004,PS005,PS006,PS007,PS008,PS009,PS010,PS011,PS012,PS013,PS014,PS015,PS028) VALUES (@PS001,@PS002,@PS003,@PS004,@PS005,@PS006,@PS007,@PS008,@PS009,@PS010,@PS011,@PS012,@PS013,@PS014,@PS015,@PS028)
10:38:02.000 @PS001[2018]
10:38:02.000 @PS002[第一组]
10:38:02.000 @PS003[阙宪富]
10:38:02.000 @PS004[20]
10:38:02.000 @PS005[139.60]
10:38:02.000 @PS006[17132.00000]
10:38:02.000 @PS007[305.00]
10:38:02.000 @PS008[37566.00000]
10:38:02.000 @PS009[0.00]
10:38:02.000 @PS010[23166.00]
10:38:02.000 @PS011[0.00]
10:38:02.000 @PS012[0]
10:38:02.000 @PS013[73950.88000]
10:38:02.000 @PS014[0.00]
10:38:02.000 @PS015[0.00]
10:38:02.000 @PS028[False]
10:38:02.000 UPDATE R_PQPS SET PS004=@PS004,PS005=@PS005,PS006=@PS006,PS007=@PS007,PS008=@PS008,PS009=@PS009,PS010=@PS010,PS011=@PS011,PS012=@PS012,PS013=@PS013,PS014=@PS014,PS015=@PS015,PS028=@PS028 WHERE PS001=@PS001 AND PS002=@PS002 AND PS003=@PS003
10:38:02.000 @PS001[2018]
10:38:02.000 @PS002[杂工]
10:38:02.000 @PS003[叶文华]
10:38:02.000 @PS004[4]
10:38:02.000 @PS005[29.50]
10:38:02.000 @PS006[2655.00000]
10:38:02.000 @PS007[112.10]
10:38:02.000 @PS008[10089.00000]
10:38:02.000 @PS009[0.00]
10:38:02.000 @PS010[0.00]
10:38:02.000 @PS011[0.00]
10:38:02.000 @PS012[0]
10:38:02.000 @PS013[12744.00000]
10:38:02.000 @PS014[0.00]
10:38:02.000 @PS015[0.00]
10:38:02.000 @PS028[False]
10:38:02.000 UPDATE R_PQPS SET PS004=@PS004,PS005=@PS005,PS006=@PS006,PS007=@PS007,PS008=@PS008,PS009=@PS009,PS010=@PS010,PS011=@PS011,PS012=@PS012,PS013=@PS013,PS014=@PS014,PS015=@PS015,PS028=@PS028 WHERE PS001=@PS001 AND PS002=@PS002 AND PS003=@PS003
10:38:02.000 @PS001[2018]
10:38:02.000 @PS002[杂工]
10:38:02.000 @PS003[刘全康]
10:38:02.000 @PS004[5]
10:38:02.000 @PS005[27.00]
10:38:02.000 @PS006[3256.00000]
10:38:02.000 @PS007[107.00]
10:38:02.000 @PS008[12964.00000]
10:38:02.000 @PS009[0.00]
10:38:02.000 @PS010[0.00]
10:38:02.000 @PS011[0.00]
10:38:02.000 @PS012[0]
10:38:02.000 @PS013[16220.00000]
10:38:02.000 @PS014[0]
10:38:02.000 @PS015[0]
10:38:02.000 @PS028[False]
10:38:02.000 INSERT INTO R_PQPS(PS001,PS002,PS003,PS004,PS005,PS006,PS007,PS008,PS009,PS010,PS011,PS012,PS013,PS014,PS015,PS028) VALUES (@PS001,@PS002,@PS003,@PS004,@PS005,@PS006,@PS007,@PS008,@PS009,@PS010,@PS011,@PS012,@PS013,@PS014,@PS015,@PS028)
10:38:02.000 @PS001[2018]
10:38:02.000 @PS002[第一组]
10:38:02.000 @PS003[廖少林]
10:38:02.000 @PS004[18]
10:38:02.000 @PS005[127.10]
10:38:02.000 @PS006[11485.50000]
10:38:02.000 @PS007[272.50]
10:38:02.000 @PS008[24618.00000]
10:38:02.000 @PS009[0.00]
10:38:02.000 @PS010[7992.00]
10:38:02.000 @PS011[879.00]
10:38:02.000 @PS012[0]
10:38:02.000 @PS013[41978.63000]
10:38:02.000 @PS014[0.00]
10:38:02.000 @PS015[0.00]
10:38:02.000 @PS028[False]
10:38:02.000 UPDATE R_PQPS SET PS004=@PS004,PS005=@PS005,PS006=@PS006,PS007=@PS007,PS008=@PS008,PS009=@PS009,PS010=@PS010,PS011=@PS011,PS012=@PS012,PS013=@PS013,PS014=@PS014,PS015=@PS015,PS028=@PS028 WHERE PS001=@PS001 AND PS002=@PS002 AND PS003=@PS003
10:38:02.000 @PS001[2018]
10:38:02.000 @PS002[业务部]
10:38:02.000 @PS003[刘芬芬]
10:38:02.000 @PS004[11]
10:38:02.000 @PS005[46.00]
10:38:02.000 @PS006[5416.49770]
10:38:02.000 @PS007[139.56]
10:38:02.000 @PS008[17195.97695]
10:38:02.000 @PS009[9000.00]
10:38:02.000 @PS010[0.00]
10:38:02.000 @PS011[0.00]
10:38:02.000 @PS012[0]
10:38:02.000 @PS013[25589.97466]
10:38:02.000 @PS014[0.00]
10:38:02.000 @PS015[0.00]
10:38:02.000 @PS028[True]
10:38:02.000 UPDATE R_PQPS SET PS004=@PS004,PS005=@PS005,PS006=@PS006,PS007=@PS007,PS008=@PS008,PS009=@PS009,PS010=@PS010,PS011=@PS011,PS012=@PS012,PS013=@PS013,PS014=@PS014,PS015=@PS015,PS028=@PS028 WHERE PS001=@PS001 AND PS002=@PS002 AND PS003=@PS003
10:38:02.000 @PS001[2018]
10:38:02.000 @PS002[杂工]
10:38:02.000 @PS003[颜君龙]
10:38:02.000 @PS004[4]
10:38:02.000 @PS005[7.50]
10:38:02.000 @PS006[975.00000]
10:38:02.000 @PS007[70.00]
10:38:02.000 @PS008[9280.00000]
10:38:02.000 @PS009[0.00]
10:38:02.000 @PS010[0.00]
10:38:02.000 @PS011[0.00]
10:38:02.000 @PS012[0]
10:38:02.000 @PS013[10255.00000]
10:38:02.000 @PS014[0.00]
10:38:02.000 @PS015[0.00]
10:38:02.000 @PS028[False]
10:38:02.000 UPDATE R_PQPS SET PS004=@PS004,PS005=@PS005,PS006=@PS006,PS007=@PS007,PS008=@PS008,PS009=@PS009,PS010=@PS010,PS011=@PS011,PS012=@PS012,PS013=@PS013,PS014=@PS014,PS015=@PS015,PS028=@PS028 WHERE PS001=@PS001 AND PS002=@PS002 AND PS003=@PS003
10:38:02.000 @PS001[2018]
10:38:02.000 @PS002[第四组]
10:38:02.000 @PS003[吴会英]
10:38:02.000 @PS004[3]
10:38:02.000 @PS005[29.40]
10:38:02.000 @PS006[3528.00000]
10:38:02.000 @PS007[86.00]
10:38:02.000 @PS008[10320.00000]
10:38:02.000 @PS009[0.00]
10:38:02.000 @PS010[0.00]
10:38:02.000 @PS011[0.00]
10:38:02.000 @PS012[0]
10:38:02.000 @PS013[13848.00000]
10:38:02.000 @PS014[0]
10:38:02.000 @PS015[0]
10:38:02.000 @PS028[False]
10:38:02.000 INSERT INTO R_PQPS(PS001,PS002,PS003,PS004,PS005,PS006,PS007,PS008,PS009,PS010,PS011,PS012,PS013,PS014,PS015,PS028) VALUES (@PS001,@PS002,@PS003,@PS004,@PS005,@PS006,@PS007,@PS008,@PS009,@PS010,@PS011,@PS012,@PS013,@PS014,@PS015,@PS028)
10:38:02.000 @PS001[2018]
10:38:02.000 @PS002[杂工]
10:38:02.000 @PS003[周永元]
10:38:02.000 @PS004[1]
10:38:02.000 @PS005[1.50]
10:38:02.000 @PS006[225.00000]
10:38:02.000 @PS007[7.00]
10:38:02.000 @PS008[1050.00000]
10:38:02.000 @PS009[0.00]
10:38:02.000 @PS010[0.00]
10:38:02.000 @PS011[0.00]
10:38:02.000 @PS012[0]
10:38:02.000 @PS013[1275.00000]
10:38:02.000 @PS014[0]
10:38:02.000 @PS015[0]
10:38:02.000 @PS028[False]
10:38:02.000 INSERT INTO R_PQPS(PS001,PS002,PS003,PS004,PS005,PS006,PS007,PS008,PS009,PS010,PS011,PS012,PS013,PS014,PS015,PS028) VALUES (@PS001,@PS002,@PS003,@PS004,@PS005,@PS006,@PS007,@PS008,@PS009,@PS010,@PS011,@PS012,@PS013,@PS014,@PS015,@PS028)
10:38:02.000 @PS001[2018]
10:38:02.000 @PS002[行政管理]
10:38:02.000 @PS003[胡红燕]
10:38:02.000 @PS004[11]
10:38:02.000 @PS005[67.00]
10:38:02.000 @PS006[9972.60828]
10:38:02.000 @PS007[273.33]
10:38:02.000 @PS008[41863.24362]
10:38:02.000 @PS009[0.00]
10:38:02.000 @PS010[88.37]
10:38:02.000 @PS011[0.00]
10:38:02.000 @PS012[0]
10:38:02.000 @PS013[51924.22191]
10:38:02.000 @PS014[0.00]
10:38:02.000 @PS015[0.00]
10:38:02.000 @PS028[True]
10:38:02.000 UPDATE R_PQPS SET PS004=@PS004,PS005=@PS005,PS006=@PS006,PS007=@PS007,PS008=@PS008,PS009=@PS009,PS010=@PS010,PS011=@PS011,PS012=@PS012,PS013=@PS013,PS014=@PS014,PS015=@PS015,PS028=@PS028 WHERE PS001=@PS001 AND PS002=@PS002 AND PS003=@PS003
10:38:02.000 @PS001[2018]
10:38:02.000 @PS002[杂工]
10:38:02.000 @PS003[叶子林]
10:38:03.000 @PS004[3]
10:38:03.000 @PS005[20.50]
10:38:03.000 @PS006[3117.50000]
10:38:03.000 @PS007[46.50]
10:38:03.000 @PS008[7055.00000]
10:38:03.000 @PS009[0.00]
10:38:03.000 @PS010[0.00]
10:38:03.000 @PS011[0.00]
10:38:03.000 @PS012[0]
10:38:03.000 @PS013[10172.50000]
10:38:03.000 @PS014[0]
10:38:03.000 @PS015[0]
10:38:03.000 @PS028[False]
10:38:03.000 INSERT INTO R_PQPS(PS001,PS002,PS003,PS004,PS005,PS006,PS007,PS008,PS009,PS010,PS011,PS012,PS013,PS014,PS015,PS028) VALUES (@PS001,@PS002,@PS003,@PS004,@PS005,@PS006,@PS007,@PS008,@PS009,@PS010,@PS011,@PS012,@PS013,@PS014,@PS015,@PS028)
10:38:03.000 @PS001[2018]
10:38:03.000 @PS002[包装组]
10:38:03.000 @PS003[王凤梅]
10:38:03.000 @PS004[20]
10:38:03.000 @PS005[130.10]
10:38:03.000 @PS006[13059.00000]
10:38:03.000 @PS007[305.00]
10:38:03.000 @PS008[30603.33333]
10:38:03.000 @PS009[0.00]
10:38:03.000 @PS010[7672.00]
10:38:03.000 @PS011[0.00]
10:38:03.000 @PS012[0]
10:38:03.000 @PS013[47667.21333]
10:38:03.000 @PS014[0.00]
10:38:03.000 @PS015[0.00]
10:38:03.000 @PS028[False]
10:38:03.000 UPDATE R_PQPS SET PS004=@PS004,PS005=@PS005,PS006=@PS006,PS007=@PS007,PS008=@PS008,PS009=@PS009,PS010=@PS010,PS011=@PS011,PS012=@PS012,PS013=@PS013,PS014=@PS014,PS015=@PS015,PS028=@PS028 WHERE PS001=@PS001 AND PS002=@PS002 AND PS003=@PS003
10:38:03.000 @PS001[2018]
10:38:03.000 @PS002[第四组]
10:38:03.000 @PS003[吴伟英]
10:38:03.000 @PS004[2]
10:38:03.000 @PS005[23.60]
10:38:03.000 @PS006[2868.00000]
10:38:03.000 @PS007[56.50]
10:38:03.000 @PS008[6900.00000]
10:38:03.000 @PS009[0.00]
10:38:03.000 @PS010[0.00]
10:38:03.000 @PS011[0.00]
10:38:03.000 @PS012[0]
10:38:03.000 @PS013[9768.00000]
10:38:03.000 @PS014[0]
10:38:03.000 @PS015[0]
10:38:03.000 @PS028[False]
10:38:03.000 INSERT INTO R_PQPS(PS001,PS002,PS003,PS004,PS005,PS006,PS007,PS008,PS009,PS010,PS011,PS012,PS013,PS014,PS015,PS028) VALUES (@PS001,@PS002,@PS003,@PS004,@PS005,@PS006,@PS007,@PS008,@PS009,@PS010,@PS011,@PS012,@PS013,@PS014,@PS015,@PS028)
10:38:03.000 @PS001[2018]
10:38:03.000 @PS002[采购部]
10:38:03.000 @PS003[张永聪]
10:38:03.000 @PS004[3]
10:38:03.000 @PS005[14.00]
10:38:03.000 @PS006[1786.45161]
10:38:03.000 @PS007[72.00]
10:38:03.000 @PS008[9234.19355]
10:38:03.000 @PS009[0.00]
10:38:03.000 @PS010[422.08]
10:38:03.000 @PS011[0.00]
10:38:03.000 @PS012[0]
10:38:03.000 @PS013[11442.72516]
10:38:03.000 @PS014[0]
10:38:03.000 @PS015[0]
10:38:03.000 @PS028[True]
10:38:03.000 INSERT INTO R_PQPS(PS001,PS002,PS003,PS004,PS005,PS006,PS007,PS008,PS009,PS010,PS011,PS012,PS013,PS014,PS015,PS028) VALUES (@PS001,@PS002,@PS003,@PS004,@PS005,@PS006,@PS007,@PS008,@PS009,@PS010,@PS011,@PS012,@PS013,@PS014,@PS015,@PS028)
10:38:03.000 @PS001[2018]
10:38:03.000 @PS002[行政后勤]
10:38:03.000 @PS003[邱根沛]
10:38:03.000 @PS004[4]
10:38:03.000 @PS005[0.00]
10:38:03.000 @PS006[0.00000]
10:38:03.000 @PS007[123.00]
10:38:03.000 @PS008[9276.66667]
10:38:03.000 @PS009[0.00]
10:38:03.000 @PS010[0.00]
10:38:03.000 @PS011[0.00]
10:38:03.000 @PS012[0]
10:38:03.000 @PS013[9276.66667]
10:38:03.000 @PS014[0]
10:38:03.000 @PS015[0]
10:38:03.000 @PS028[True]
10:38:03.000 INSERT INTO R_PQPS(PS001,PS002,PS003,PS004,PS005,PS006,PS007,PS008,PS009,PS010,PS011,PS012,PS013,PS014,PS015,PS028) VALUES (@PS001,@PS002,@PS003,@PS004,@PS005,@PS006,@PS007,@PS008,@PS009,@PS010,@PS011,@PS012,@PS013,@PS014,@PS015,@PS028)
10:38:03.000 @PS001[2018]
10:38:03.000 @PS002[第二组]
10:38:03.000 @PS003[赖冬秀]
10:38:03.000 @PS004[20]
10:38:03.000 @PS005[131.40]
10:38:03.000 @PS006[11868.30000]
10:38:03.000 @PS007[296.80]
10:38:03.000 @PS008[26805.00000]
10:38:03.000 @PS009[0.00]
10:38:03.000 @PS010[7668.00]
10:38:03.000 @PS011[793.00]
10:38:03.000 @PS012[0]
10:38:03.000 @PS013[43511.80000]
10:38:03.000 @PS014[0.00]
10:38:03.000 @PS015[0.00]
10:38:03.000 @PS028[False]
10:38:03.000 UPDATE R_PQPS SET PS004=@PS004,PS005=@PS005,PS006=@PS006,PS007=@PS007,PS008=@PS008,PS009=@PS009,PS010=@PS010,PS011=@PS011,PS012=@PS012,PS013=@PS013,PS014=@PS014,PS015=@PS015,PS028=@PS028 WHERE PS001=@PS001 AND PS002=@PS002 AND PS003=@PS003
10:38:03.000 @PS001[2018]
10:38:03.000 @PS002[行政后勤]
10:38:03.000 @PS003[郭树堂]
10:38:03.000 @PS004[11]
10:38:03.000 @PS005[0.00]
10:38:03.000 @PS006[0.00000]
10:38:03.000 @PS007[334.00]
10:38:03.000 @PS008[19860.00000]
10:38:03.000 @PS009[0.00]
10:38:03.000 @PS010[0.00]
10:38:03.000 @PS011[0.00]
10:38:03.000 @PS012[0]
10:38:03.000 @PS013[19860.00000]
10:38:03.000 @PS014[0.00]
10:38:03.000 @PS015[0.00]
10:38:03.000 @PS028[True]
10:38:03.000 UPDATE R_PQPS SET PS004=@PS004,PS005=@PS005,PS006=@PS006,PS007=@PS007,PS008=@PS008,PS009=@PS009,PS010=@PS010,PS011=@PS011,PS012=@PS012,PS013=@PS013,PS014=@PS014,PS015=@PS015,PS028=@PS028 WHERE PS001=@PS001 AND PS002=@PS002 AND PS003=@PS003
10:38:03.000 @PS001[2018]
10:38:03.000 @PS002[第四组]
10:38:03.000 @PS003[廖少林]
10:38:03.000 @PS004[2]
10:38:03.000 @PS005[13.40]
10:38:03.000 @PS006[1206.00000]
10:38:03.000 @PS007[41.80]
10:38:03.000 @PS008[3762.00000]
10:38:03.000 @PS009[0.00]
10:38:03.000 @PS010[0.00]
10:38:03.000 @PS011[838.00]
10:38:03.000 @PS012[0]
10:38:03.000 @PS013[5147.23000]
10:38:03.000 @PS014[0.00]
10:38:03.000 @PS015[0.00]
10:38:03.000 @PS028[False]
10:38:03.000 UPDATE R_PQPS SET PS004=@PS004,PS005=@PS005,PS006=@PS006,PS007=@PS007,PS008=@PS008,PS009=@PS009,PS010=@PS010,PS011=@PS011,PS012=@PS012,PS013=@PS013,PS014=@PS014,PS015=@PS015,PS028=@PS028 WHERE PS001=@PS001 AND PS002=@PS002 AND PS003=@PS003
10:38:03.000 @PS001[2018]
10:38:03.000 @PS002[业务部]
10:38:03.000 @PS003[大海燕]
10:38:03.000 @PS004[6]
10:38:03.000 @PS005[25.00]
10:38:03.000 @PS006[3172.62674]
10:38:03.000 @PS007[125.94]
10:38:03.000 @PS008[15965.71014]
10:38:03.000 @PS009[0.00]
10:38:03.000 @PS010[338.80]
10:38:03.000 @PS011[0.00]
10:38:03.000 @PS012[0]
10:38:03.000 @PS013[18148.75686]
10:38:03.000 @PS014[0.00]
10:38:03.000 @PS015[0.00]
10:38:03.000 @PS028[True]
10:38:03.000 UPDATE R_PQPS SET PS004=@PS004,PS005=@PS005,PS006=@PS006,PS007=@PS007,PS008=@PS008,PS009=@PS009,PS010=@PS010,PS011=@PS011,PS012=@PS012,PS013=@PS013,PS014=@PS014,PS015=@PS015,PS028=@PS028 WHERE PS001=@PS001 AND PS002=@PS002 AND PS003=@PS003
10:38:03.000 @PS001[2018]
10:38:03.000 @PS002[行政后勤]
10:38:03.000 @PS003[江雪云]
10:38:03.000 @PS004[11]
10:38:03.000 @PS005[0.00]
10:38:03.000 @PS006[0.00000]
10:38:03.000 @PS007[334.00]
10:38:03.000 @PS008[27183.33333]
10:38:03.000 @PS009[0.00]
10:38:03.000 @PS010[0.00]
10:38:03.000 @PS011[0.00]
10:38:03.000 @PS012[0]
10:38:03.000 @PS013[27183.33333]
10:38:03.000 @PS014[0.00]
10:38:03.000 @PS015[0.00]
10:38:03.000 @PS028[True]
10:38:03.000 UPDATE R_PQPS SET PS004=@PS004,PS005=@PS005,PS006=@PS006,PS007=@PS007,PS008=@PS008,PS009=@PS009,PS010=@PS010,PS011=@PS011,PS012=@PS012,PS013=@PS013,PS014=@PS014,PS015=@PS015,PS028=@PS028 WHERE PS001=@PS001 AND PS002=@PS002 AND PS003=@PS003
10:38:03.000 @PS001[2018]
10:38:03.000 @PS002[第三组]
10:38:03.000 @PS003[张朝云]
10:38:03.000 @PS004[2]
10:38:03.000 @PS005[15.60]
10:38:03.000 @PS006[2184.00000]
10:38:03.000 @PS007[41.50]
10:38:03.000 @PS008[5810.00000]
10:38:03.000 @PS009[0.00]
10:38:03.000 @PS010[0.00]
10:38:03.000 @PS011[868.00]
10:38:03.000 @PS012[0]
10:38:03.000 @PS013[7984.55000]
10:38:03.000 @PS014[0.00]
10:38:03.000 @PS015[0.00]
10:38:03.000 @PS028[False]
10:38:03.000 UPDATE R_PQPS SET PS004=@PS004,PS005=@PS005,PS006=@PS006,PS007=@PS007,PS008=@PS008,PS009=@PS009,PS010=@PS010,PS011=@PS011,PS012=@PS012,PS013=@PS013,PS014=@PS014,PS015=@PS015,PS028=@PS028 WHERE PS001=@PS001 AND PS002=@PS002 AND PS003=@PS003
10:38:03.000 @PS001[2018]
10:38:03.000 @PS002[杂工]
10:38:03.000 @PS003[邱义芳]
10:38:03.000 @PS004[3]
10:38:03.000 @PS005[15.06]
10:38:03.000 @PS006[1957.80000]
10:38:03.000 @PS007[63.50]
10:38:03.000 @PS008[8350.33333]
10:38:03.000 @PS009[0.00]
10:38:03.000 @PS010[0.00]
10:38:03.000 @PS011[0.00]
10:38:03.000 @PS012[0]
10:38:03.000 @PS013[10308.13333]
10:38:03.000 @PS014[0]
10:38:03.000 @PS015[0]
10:38:03.000 @PS028[False]
10:38:03.000 INSERT INTO R_PQPS(PS001,PS002,PS003,PS004,PS005,PS006,PS007,PS008,PS009,PS010,PS011,PS012,PS013,PS014,PS015,PS028) VALUES (@PS001,@PS002,@PS003,@PS004,@PS005,@PS006,@PS007,@PS008,@PS009,@PS010,@PS011,@PS012,@PS013,@PS014,@PS015,@PS028)
10:38:03.000 @PS001[2018]
10:38:03.000 @PS002[杂工]
10:38:03.000 @PS003[张金旺]
10:38:03.000 @PS004[10]
10:38:03.000 @PS005[45.90]
10:38:03.000 @PS006[6947.50000]
10:38:03.000 @PS007[222.70]
10:38:03.000 @PS008[33550.00000]
10:38:03.000 @PS009[0.00]
10:38:03.000 @PS010[0.00]
10:38:03.000 @PS011[0.00]
10:38:03.000 @PS012[0]
10:38:03.000 @PS013[40497.50000]
10:38:03.000 @PS014[0.00]
10:38:03.000 @PS015[0.00]
10:38:03.000 @PS028[False]
10:38:03.000 UPDATE R_PQPS SET PS004=@PS004,PS005=@PS005,PS006=@PS006,PS007=@PS007,PS008=@PS008,PS009=@PS009,PS010=@PS010,PS011=@PS011,PS012=@PS012,PS013=@PS013,PS014=@PS014,PS015=@PS015,PS028=@PS028 WHERE PS001=@PS001 AND PS002=@PS002 AND PS003=@PS003
10:38:03.000 @PS001[2018]
10:38:03.000 @PS002[行政管理]
10:38:03.000 @PS003[王小红]
10:38:03.000 @PS004[4]
10:38:03.000 @PS005[27.00]
10:38:03.000 @PS006[2785.25345]
10:38:03.000 @PS007[69.50]
10:38:03.000 @PS008[6885.82950]
10:38:03.000 @PS009[0.00]
10:38:03.000 @PS010[0.00]
10:38:03.000 @PS011[0.00]
10:38:03.000 @PS012[0]
10:38:03.000 @PS013[8363.83295]
10:38:03.000 @PS014[0.00]
10:38:03.000 @PS015[0.00]
10:38:03.000 @PS028[True]
10:38:03.000 UPDATE R_PQPS SET PS004=@PS004,PS005=@PS005,PS006=@PS006,PS007=@PS007,PS008=@PS008,PS009=@PS009,PS010=@PS010,PS011=@PS011,PS012=@PS012,PS013=@PS013,PS014=@PS014,PS015=@PS015,PS028=@PS028 WHERE PS001=@PS001 AND PS002=@PS002 AND PS003=@PS003
10:38:03.000 @PS001[2018]
10:38:03.000 @PS002[第四组]
10:38:03.000 @PS003[夏汝伟]
10:38:03.000 @PS004[14]
10:38:03.000 @PS005[69.30]
10:38:03.000 @PS006[8352.80000]
10:38:03.000 @PS007[171.40]
10:38:03.000 @PS008[20668.00000]
10:38:03.000 @PS009[0.00]
10:38:03.000 @PS010[14442.00]
10:38:03.000 @PS011[0.00]
10:38:03.000 @PS012[0]
10:38:03.000 @PS013[43338.68000]
10:38:03.000 @PS014[0]
10:38:03.000 @PS015[0]
10:38:03.000 @PS028[False]
10:38:03.000 INSERT INTO R_PQPS(PS001,PS002,PS003,PS004,PS005,PS006,PS007,PS008,PS009,PS010,PS011,PS012,PS013,PS014,PS015,PS028) VALUES (@PS001,@PS002,@PS003,@PS004,@PS005,@PS006,@PS007,@PS008,@PS009,@PS010,@PS011,@PS012,@PS013,@PS014,@PS015,@PS028)
10:38:03.000 @PS001[2018]
10:38:03.000 @PS002[质检部]
10:38:03.000 @PS003[张河平]
10:38:03.000 @PS004[2]
10:38:03.000 @PS005[7.00]
10:38:03.000 @PS006[897.41935]
10:38:03.000 @PS007[49.00]
10:38:03.000 @PS008[6286.12903]
10:38:03.000 @PS009[0.00]
10:38:03.000 @PS010[254.25]
10:38:03.000 @PS011[0.00]
10:38:03.000 @PS012[0]
10:38:03.000 @PS013[7437.79839]
10:38:03.000 @PS014[0]
10:38:03.000 @PS015[0]
10:38:03.000 @PS028[True]
10:38:03.000 INSERT INTO R_PQPS(PS001,PS002,PS003,PS004,PS005,PS006,PS007,PS008,PS009,PS010,PS011,PS012,PS013,PS014,PS015,PS028) VALUES (@PS001,@PS002,@PS003,@PS004,@PS005,@PS006,@PS007,@PS008,@PS009,@PS010,@PS011,@PS012,@PS013,@PS014,@PS015,@PS028)
10:38:03.000 @PS001[2018]
10:38:03.000 @PS002[杂工]
10:38:03.000 @PS003[邱根沛]
10:38:03.000 @PS004[4]
10:38:03.000 @PS005[1.00]
10:38:03.000 @PS006[150.00000]
10:38:04.000 @PS007[22.50]
10:38:04.000 @PS008[3375.00000]
10:38:04.000 @PS009[0.00]
10:38:04.000 @PS010[0.00]
10:38:04.000 @PS011[0.00]
10:38:04.000 @PS012[0]
10:38:04.000 @PS013[3525.00000]
10:38:04.000 @PS014[0.00]
10:38:04.000 @PS015[0.00]
10:38:04.000 @PS028[False]
10:38:04.000 UPDATE R_PQPS SET PS004=@PS004,PS005=@PS005,PS006=@PS006,PS007=@PS007,PS008=@PS008,PS009=@PS009,PS010=@PS010,PS011=@PS011,PS012=@PS012,PS013=@PS013,PS014=@PS014,PS015=@PS015,PS028=@PS028 WHERE PS001=@PS001 AND PS002=@PS002 AND PS003=@PS003
10:38:04.000 @PS001[2018]
10:38:04.000 @PS002[行政管理]
10:38:04.000 @PS003[钟兰元]
10:38:04.000 @PS004[11]
10:38:04.000 @PS005[67.00]
10:38:04.000 @PS006[7999.35484]
10:38:04.000 @PS007[341.63]
10:38:04.000 @PS008[40235.31774]
10:38:04.000 @PS009[0.00]
10:38:04.000 @PS010[2393.89]
10:38:04.000 @PS011[0.00]
10:38:04.000 @PS012[0]
10:38:04.000 @PS013[50410.45258]
10:38:04.000 @PS014[0.00]
10:38:04.000 @PS015[0.00]
10:38:04.000 @PS028[True]
10:38:04.000 UPDATE R_PQPS SET PS004=@PS004,PS005=@PS005,PS006=@PS006,PS007=@PS007,PS008=@PS008,PS009=@PS009,PS010=@PS010,PS011=@PS011,PS012=@PS012,PS013=@PS013,PS014=@PS014,PS015=@PS015,PS028=@PS028 WHERE PS001=@PS001 AND PS002=@PS002 AND PS003=@PS003
10:38:04.000 @PS001[2018]
10:38:04.000 @PS002[杂工]
10:38:04.000 @PS003[彭良生]
10:38:04.000 @PS004[2]
10:38:04.000 @PS005[2.50]
10:38:04.000 @PS006[225.00000]
10:38:04.000 @PS007[32.50]
10:38:04.000 @PS008[2925.00000]
10:38:04.000 @PS009[0.00]
10:38:04.000 @PS010[0.00]
10:38:04.000 @PS011[0.00]
10:38:04.000 @PS012[0]
10:38:04.000 @PS013[3150.00000]
10:38:04.000 @PS014[0]
10:38:04.000 @PS015[0]
10:38:04.000 @PS028[False]
10:38:04.000 INSERT INTO R_PQPS(PS001,PS002,PS003,PS004,PS005,PS006,PS007,PS008,PS009,PS010,PS011,PS012,PS013,PS014,PS015,PS028) VALUES (@PS001,@PS002,@PS003,@PS004,@PS005,@PS006,@PS007,@PS008,@PS009,@PS010,@PS011,@PS012,@PS013,@PS014,@PS015,@PS028)
10:38:04.000 @PS001[2018]
10:38:04.000 @PS002[第三组]
10:38:04.000 @PS003[张林娟]
10:38:04.000 @PS004[20]
10:38:04.000 @PS005[143.70]
10:38:04.000 @PS006[12975.60000]
10:38:04.000 @PS007[311.00]
10:38:04.000 @PS008[28080.00000]
10:38:04.000 @PS009[0.00]
10:38:04.000 @PS010[8291.00]
10:38:04.000 @PS011[1342.00]
10:38:04.000 @PS012[0]
10:38:04.000 @PS013[47014.74000]
10:38:04.000 @PS014[0.00]
10:38:04.000 @PS015[0.00]
10:38:04.000 @PS028[False]
10:38:04.000 UPDATE R_PQPS SET PS004=@PS004,PS005=@PS005,PS006=@PS006,PS007=@PS007,PS008=@PS008,PS009=@PS009,PS010=@PS010,PS011=@PS011,PS012=@PS012,PS013=@PS013,PS014=@PS014,PS015=@PS015,PS028=@PS028 WHERE PS001=@PS001 AND PS002=@PS002 AND PS003=@PS003
10:38:04.000 @PS001[2018]
10:38:04.000 @PS002[财务管理]
10:38:04.000 @PS003[王军]
10:38:04.000 @PS004[11]
10:38:04.000 @PS005[67.00]
10:38:04.000 @PS006[10781.19816]
10:38:04.000 @PS007[265.55]
10:38:04.000 @PS008[43881.10907]
10:38:04.000 @PS009[0.00]
10:38:04.000 @PS010[603.21]
10:38:04.000 @PS011[0.00]
10:38:04.000 @PS012[0]
10:38:04.000 @PS013[46062.75722]
10:38:04.000 @PS014[0.00]
10:38:04.000 @PS015[0.00]
10:38:04.000 @PS028[True]
10:38:04.000 UPDATE R_PQPS SET PS004=@PS004,PS005=@PS005,PS006=@PS006,PS007=@PS007,PS008=@PS008,PS009=@PS009,PS010=@PS010,PS011=@PS011,PS012=@PS012,PS013=@PS013,PS014=@PS014,PS015=@PS015,PS028=@PS028 WHERE PS001=@PS001 AND PS002=@PS002 AND PS003=@PS003
10:38:04.000 @PS001[2018]
10:38:04.000 @PS002[杂工]
10:38:04.000 @PS003[周加浩]
10:38:04.000 @PS004[1]
10:38:04.000 @PS005[0.00]
10:38:04.000 @PS006[0.00000]
10:38:04.000 @PS007[7.50]
10:38:04.000 @PS008[900.00000]
10:38:04.000 @PS009[0.00]
10:38:04.000 @PS010[0.00]
10:38:04.000 @PS011[0.00]
10:38:04.000 @PS012[0]
10:38:04.000 @PS013[900.00000]
10:38:04.000 @PS014[0]
10:38:04.000 @PS015[0]
10:38:04.000 @PS028[False]
10:38:04.000 INSERT INTO R_PQPS(PS001,PS002,PS003,PS004,PS005,PS006,PS007,PS008,PS009,PS010,PS011,PS012,PS013,PS014,PS015,PS028) VALUES (@PS001,@PS002,@PS003,@PS004,@PS005,@PS006,@PS007,@PS008,@PS009,@PS010,@PS011,@PS012,@PS013,@PS014,@PS015,@PS028)
10:38:04.000 @PS001[2018]
10:38:04.000 @PS002[业务部]
10:38:04.000 @PS003[陈燕]
10:38:04.000 @PS004[11]
10:38:04.000 @PS005[67.00]
10:38:04.000 @PS006[8085.89862]
10:38:04.000 @PS007[267.16]
10:38:04.000 @PS008[33324.88940]
10:38:04.000 @PS009[0.00]
10:38:04.000 @PS010[228.59]
10:38:04.000 @PS011[0.00]
10:38:04.000 @PS012[0]
10:38:04.000 @PS013[38006.05802]
10:38:04.000 @PS014[0.00]
10:38:04.000 @PS015[0.00]
10:38:04.000 @PS028[True]
10:38:04.000 UPDATE R_PQPS SET PS004=@PS004,PS005=@PS005,PS006=@PS006,PS007=@PS007,PS008=@PS008,PS009=@PS009,PS010=@PS010,PS011=@PS011,PS012=@PS012,PS013=@PS013,PS014=@PS014,PS015=@PS015,PS028=@PS028 WHERE PS001=@PS001 AND PS002=@PS002 AND PS003=@PS003
10:38:04.000 @PS001[2018]
10:38:04.000 @PS002[第四组]
10:38:04.000 @PS003[赖仁通]
10:38:04.000 @PS004[2]
10:38:04.000 @PS005[17.80]
10:38:04.000 @PS006[2492.00000]
10:38:04.000 @PS007[43.50]
10:38:04.000 @PS008[6090.00000]
10:38:04.000 @PS009[0.00]
10:38:04.000 @PS010[0.00]
10:38:04.000 @PS011[789.00]
10:38:04.000 @PS012[0]
10:38:04.000 @PS013[8526.65000]
10:38:04.000 @PS014[0.00]
10:38:04.000 @PS015[0.00]
10:38:04.000 @PS028[False]
10:38:04.000 UPDATE R_PQPS SET PS004=@PS004,PS005=@PS005,PS006=@PS006,PS007=@PS007,PS008=@PS008,PS009=@PS009,PS010=@PS010,PS011=@PS011,PS012=@PS012,PS013=@PS013,PS014=@PS014,PS015=@PS015,PS028=@PS028 WHERE PS001=@PS001 AND PS002=@PS002 AND PS003=@PS003
10:38:04.000 @PS001[2018]
10:38:04.000 @PS002[业务部]
10:38:04.000 @PS003[饶玲]
10:38:04.000 @PS004[1]
10:38:04.000 @PS005[1.00]
10:38:04.000 @PS006[96.77419]
10:38:04.000 @PS007[11.00]
10:38:04.000 @PS008[1064.51613]
10:38:04.000 @PS009[0.00]
10:38:04.000 @PS010[0.00]
10:38:04.000 @PS011[0.00]
10:38:04.000 @PS012[0]
10:38:04.000 @PS013[1161.29032]
10:38:04.000 @PS014[0]
10:38:04.000 @PS015[0]
10:38:04.000 @PS028[True]
10:38:04.000 INSERT INTO R_PQPS(PS001,PS002,PS003,PS004,PS005,PS006,PS007,PS008,PS009,PS010,PS011,PS012,PS013,PS014,PS015,PS028) VALUES (@PS001,@PS002,@PS003,@PS004,@PS005,@PS006,@PS007,@PS008,@PS009,@PS010,@PS011,@PS012,@PS013,@PS014,@PS015,@PS028)
10:38:04.000 @PS001[2018]
10:38:04.000 @PS002[杂工]
10:38:04.000 @PS003[叶舟]
10:38:04.000 @PS004[2]
10:38:04.000 @PS005[0.00]
10:38:04.000 @PS006[0.00000]
10:38:04.000 @PS007[54.00]
10:38:04.000 @PS008[6480.00000]
10:38:04.000 @PS009[0.00]
10:38:04.000 @PS010[0.00]
10:38:04.000 @PS011[0.00]
10:38:04.000 @PS012[0]
10:38:04.000 @PS013[6480.00000]
10:38:04.000 @PS014[0]
10:38:04.000 @PS015[0]
10:38:04.000 @PS028[False]
10:38:04.000 INSERT INTO R_PQPS(PS001,PS002,PS003,PS004,PS005,PS006,PS007,PS008,PS009,PS010,PS011,PS012,PS013,PS014,PS015,PS028) VALUES (@PS001,@PS002,@PS003,@PS004,@PS005,@PS006,@PS007,@PS008,@PS009,@PS010,@PS011,@PS012,@PS013,@PS014,@PS015,@PS028)
10:38:04.000 @PS001[2018]
10:38:04.000 @PS002[统计员]
10:38:04.000 @PS003[王少英]
10:38:04.000 @PS004[20]
10:38:04.000 @PS005[105.03]
10:38:04.000 @PS006[9461.40000]
10:38:04.000 @PS007[294.00]
10:38:04.000 @PS008[26404.00000]
10:38:04.000 @PS009[3427.50]
10:38:04.000 @PS010[6971.80]
10:38:04.000 @PS011[250.00]
10:38:04.000 @PS012[0]
10:38:04.000 @PS013[45207.45000]
10:38:04.000 @PS014[0.00]
10:38:04.000 @PS015[0.00]
10:38:04.000 @PS028[False]
10:38:04.000 UPDATE R_PQPS SET PS004=@PS004,PS005=@PS005,PS006=@PS006,PS007=@PS007,PS008=@PS008,PS009=@PS009,PS010=@PS010,PS011=@PS011,PS012=@PS012,PS013=@PS013,PS014=@PS014,PS015=@PS015,PS028=@PS028 WHERE PS001=@PS001 AND PS002=@PS002 AND PS003=@PS003
10:38:04.000 @PS001[2018]
10:38:04.000 @PS002[杂工]
10:38:04.000 @PS003[叶好富]
10:38:04.000 @PS004[2]
10:38:04.000 @PS005[10.00]
10:38:04.000 @PS006[1540.00000]
10:38:04.000 @PS007[19.50]
10:38:04.000 @PS008[3005.00000]
10:38:04.000 @PS009[0.00]
10:38:04.000 @PS010[0.00]
10:38:04.000 @PS011[0.00]
10:38:04.000 @PS012[0]
10:38:04.000 @PS013[4545.00000]
10:38:04.000 @PS014[0]
10:38:04.000 @PS015[0]
10:38:04.000 @PS028[False]
10:38:04.000 INSERT INTO R_PQPS(PS001,PS002,PS003,PS004,PS005,PS006,PS007,PS008,PS009,PS010,PS011,PS012,PS013,PS014,PS015,PS028) VALUES (@PS001,@PS002,@PS003,@PS004,@PS005,@PS006,@PS007,@PS008,@PS009,@PS010,@PS011,@PS012,@PS013,@PS014,@PS015,@PS028)
10:38:04.000 @PS001[2018]
10:38:04.000 @PS002[杂工]
10:38:04.000 @PS003[蓝富仓]
10:38:04.000 @PS004[1]
10:38:04.000 @PS005[0.00]
10:38:04.000 @PS006[0.00000]
10:38:04.000 @PS007[2.00]
10:38:04.000 @PS008[300.00000]
10:38:04.000 @PS009[0.00]
10:38:04.000 @PS010[0.00]
10:38:04.000 @PS011[0.00]
10:38:04.000 @PS012[0]
10:38:04.000 @PS013[300.00000]
10:38:04.000 @PS014[0]
10:38:04.000 @PS015[0]
10:38:04.000 @PS028[False]
10:38:04.000 INSERT INTO R_PQPS(PS001,PS002,PS003,PS004,PS005,PS006,PS007,PS008,PS009,PS010,PS011,PS012,PS013,PS014,PS015,PS028) VALUES (@PS001,@PS002,@PS003,@PS004,@PS005,@PS006,@PS007,@PS008,@PS009,@PS010,@PS011,@PS012,@PS013,@PS014,@PS015,@PS028)
10:38:04.000 @PS001[2018]
10:38:04.000 @PS002[质检部]
10:38:04.000 @PS003[柳洪明]
10:38:04.000 @PS004[11]
10:38:04.000 @PS005[67.00]
10:38:04.000 @PS006[9433.54839]
10:38:04.000 @PS007[302.00]
10:38:04.000 @PS008[43878.60215]
10:38:04.000 @PS009[0.00]
10:38:04.000 @PS010[2329.09]
10:38:04.000 @PS011[0.00]
10:38:04.000 @PS012[0]
10:38:04.000 @PS013[51797.89053]
10:38:04.000 @PS014[0.00]
10:38:04.000 @PS015[0.00]
10:38:04.000 @PS028[True]
10:38:04.000 UPDATE R_PQPS SET PS004=@PS004,PS005=@PS005,PS006=@PS006,PS007=@PS007,PS008=@PS008,PS009=@PS009,PS010=@PS010,PS011=@PS011,PS012=@PS012,PS013=@PS013,PS014=@PS014,PS015=@PS015,PS028=@PS028 WHERE PS001=@PS001 AND PS002=@PS002 AND PS003=@PS003
10:38:04.000 @PS001[2018]
10:38:04.000 @PS002[统计员]
10:38:04.000 @PS003[姚红]
10:38:04.000 @PS004[20]
10:38:04.000 @PS005[85.06]
10:38:04.000 @PS006[7665.30000]
10:38:04.000 @PS007[285.50]
10:38:04.000 @PS008[25641.50000]
10:38:04.000 @PS009[0.00]
10:38:04.000 @PS010[6450.00]
10:38:04.000 @PS011[0.00]
10:38:04.000 @PS012[0]
10:38:04.000 @PS013[36134.30000]
10:38:04.000 @PS014[0.00]
10:38:04.000 @PS015[0.00]
10:38:04.000 @PS028[False]
10:38:04.000 UPDATE R_PQPS SET PS004=@PS004,PS005=@PS005,PS006=@PS006,PS007=@PS007,PS008=@PS008,PS009=@PS009,PS010=@PS010,PS011=@PS011,PS012=@PS012,PS013=@PS013,PS014=@PS014,PS015=@PS015,PS028=@PS028 WHERE PS001=@PS001 AND PS002=@PS002 AND PS003=@PS003
10:38:04.000 @PS001[2018]
10:38:04.000 @PS002[杂工]
10:38:04.000 @PS003[张启兴]
10:38:04.000 @PS004[3]
10:38:04.000 @PS005[20.50]
10:38:04.000 @PS006[3120.00000]
10:38:04.000 @PS007[46.00]
10:38:04.000 @PS008[6997.50000]
10:38:04.000 @PS009[0.00]
10:38:04.000 @PS010[0.00]
10:38:04.000 @PS011[0.00]
10:38:04.000 @PS012[0]
10:38:04.000 @PS013[10117.50000]
10:38:04.000 @PS014[0]
10:38:04.000 @PS015[0]
10:38:04.000 @PS028[False]
10:38:04.000 INSERT INTO R_PQPS(PS001,PS002,PS003,PS004,PS005,PS006,PS007,PS008,PS009,PS010,PS011,PS012,PS013,PS014,PS015,PS028) VALUES (@PS001,@PS002,@PS003,@PS004,@PS005,@PS006,@PS007,@PS008,@PS009,@PS010,@PS011,@PS012,@PS013,@PS014,@PS015,@PS028)
10:38:04.000 @PS001[2018]
10:38:04.000 @PS002[杂工]
10:38:04.000 @PS003[林存付]
10:38:04.000 @PS004[5]
10:38:04.000 @PS005[32.00]
10:38:04.000 @PS006[4832.50000]
10:38:04.000 @PS007[93.50]
10:38:04.000 @PS008[14152.50000]
10:38:04.000 @PS009[0.00]
10:38:04.000 @PS010[0.00]
10:38:04.000 @PS011[0.00]
10:38:04.000 @PS012[0]
10:38:04.000 @PS013[18985.00000]
10:38:04.000 @PS014[0]
10:38:04.000 @PS015[0]
10:38:04.000 @PS028[False]
10:38:04.000 INSERT INTO R_PQPS(PS001,PS002,PS003,PS004,PS005,PS006,PS007,PS008,PS009,PS010,PS011,PS012,PS013,PS014,PS015,PS028) VALUES (@PS001,@PS002,@PS003,@PS004,@PS005,@PS006,@PS007,@PS008,@PS009,@PS010,@PS011,@PS012,@PS013,@PS014,@PS015,@PS028)
10:38:04.000 @PS001[2018]
10:38:04.000 @PS002[杂工]
10:38:04.000 @PS003[徐金根]
10:38:04.000 @PS004[1]
10:38:04.000 @PS005[0.00]
10:38:04.000 @PS006[0.00000]
10:38:04.000 @PS007[3.00]
10:38:04.000 @PS008[450.00000]
10:38:04.000 @PS009[0.00]
10:38:04.000 @PS010[0.00]
10:38:04.000 @PS011[0.00]
10:38:04.000 @PS012[0]
10:38:05.000 @PS013[450.00000]
10:38:05.000 @PS014[0]
10:38:05.000 @PS015[0]
10:38:05.000 @PS028[False]
10:38:05.000 INSERT INTO R_PQPS(PS001,PS002,PS003,PS004,PS005,PS006,PS007,PS008,PS009,PS010,PS011,PS012,PS013,PS014,PS015,PS028) VALUES (@PS001,@PS002,@PS003,@PS004,@PS005,@PS006,@PS007,@PS008,@PS009,@PS010,@PS011,@PS012,@PS013,@PS014,@PS015,@PS028)
10:38:05.000 @PS001[2018]
10:38:05.000 @PS002[杂工]
10:38:05.000 @PS003[叶世友]
10:38:05.000 @PS004[4]
10:38:05.000 @PS005[17.00]
10:38:05.000 @PS006[2582.50000]
10:38:05.000 @PS007[43.00]
10:38:05.000 @PS008[6525.00000]
10:38:05.000 @PS009[0.00]
10:38:05.000 @PS010[0.00]
10:38:05.000 @PS011[0.00]
10:38:05.000 @PS012[0]
10:38:05.000 @PS013[9107.50000]
10:38:05.000 @PS014[0]
10:38:05.000 @PS015[0]
10:38:05.000 @PS028[False]
10:38:05.000 INSERT INTO R_PQPS(PS001,PS002,PS003,PS004,PS005,PS006,PS007,PS008,PS009,PS010,PS011,PS012,PS013,PS014,PS015,PS028) VALUES (@PS001,@PS002,@PS003,@PS004,@PS005,@PS006,@PS007,@PS008,@PS009,@PS010,@PS011,@PS012,@PS013,@PS014,@PS015,@PS028)
10:38:05.000 @PS001[2018]
10:38:05.000 @PS002[行政后勤]
10:38:05.000 @PS003[吴永升]
10:38:05.000 @PS004[8]
10:38:05.000 @PS005[0.00]
10:38:05.000 @PS006[0.00000]
10:38:05.000 @PS007[242.00]
10:38:05.000 @PS008[18400.00000]
10:38:05.000 @PS009[0.00]
10:38:05.000 @PS010[0.00]
10:38:05.000 @PS011[0.00]
10:38:05.000 @PS012[0]
10:38:05.000 @PS013[18400.00000]
10:38:05.000 @PS014[0.00]
10:38:05.000 @PS015[0.00]
10:38:05.000 @PS028[True]
10:38:05.000 UPDATE R_PQPS SET PS004=@PS004,PS005=@PS005,PS006=@PS006,PS007=@PS007,PS008=@PS008,PS009=@PS009,PS010=@PS010,PS011=@PS011,PS012=@PS012,PS013=@PS013,PS014=@PS014,PS015=@PS015,PS028=@PS028 WHERE PS001=@PS001 AND PS002=@PS002 AND PS003=@PS003
10:38:05.000 @PS001[2018]
10:38:05.000 @PS002[财务管理]
10:38:05.000 @PS003[王海燕]
10:38:05.000 @PS004[11]
10:38:05.000 @PS005[67.00]
10:38:05.000 @PS006[7546.83870]
10:38:05.000 @PS007[264.65]
10:38:05.000 @PS008[30703.74409]
10:38:05.000 @PS009[0.00]
10:38:05.000 @PS010[91.59]
10:38:05.000 @PS011[0.00]
10:38:05.000 @PS012[0]
10:38:05.000 @PS013[34719.67279]
10:38:05.000 @PS014[0.00]
10:38:05.000 @PS015[0.00]
10:38:05.000 @PS028[True]
10:38:05.000 UPDATE R_PQPS SET PS004=@PS004,PS005=@PS005,PS006=@PS006,PS007=@PS007,PS008=@PS008,PS009=@PS009,PS010=@PS010,PS011=@PS011,PS012=@PS012,PS013=@PS013,PS014=@PS014,PS015=@PS015,PS028=@PS028 WHERE PS001=@PS001 AND PS002=@PS002 AND PS003=@PS003
10:38:05.000 @PS001[2018]
10:38:05.000 @PS002[杂工]
10:38:05.000 @PS003[梅晓林]
10:38:05.000 @PS004[1]
10:38:05.000 @PS005[0.00]
10:38:05.000 @PS006[0.00000]
10:38:05.000 @PS007[7.50]
10:38:05.000 @PS008[900.00000]
10:38:05.000 @PS009[0.00]
10:38:05.000 @PS010[0.00]
10:38:05.000 @PS011[0.00]
10:38:05.000 @PS012[0]
10:38:05.000 @PS013[900.00000]
10:38:05.000 @PS014[0]
10:38:05.000 @PS015[0]
10:38:05.000 @PS028[False]
10:38:05.000 INSERT INTO R_PQPS(PS001,PS002,PS003,PS004,PS005,PS006,PS007,PS008,PS009,PS010,PS011,PS012,PS013,PS014,PS015,PS028) VALUES (@PS001,@PS002,@PS003,@PS004,@PS005,@PS006,@PS007,@PS008,@PS009,@PS010,@PS011,@PS012,@PS013,@PS014,@PS015,@PS028)
10:38:05.000 @PS001[2018]
10:38:05.000 @PS002[业务部]
10:38:05.000 @PS003[梅燕婷]
10:38:05.000 @PS004[1]
10:38:05.000 @PS005[0.00]
10:38:05.000 @PS006[0.00000]
10:38:05.000 @PS007[5.00]
10:38:05.000 @PS008[483.87097]
10:38:05.000 @PS009[0.00]
10:38:05.000 @PS010[0.00]
10:38:05.000 @PS011[0.00]
10:38:05.000 @PS012[0]
10:38:05.000 @PS013[483.87097]
10:38:05.000 @PS014[0]
10:38:05.000 @PS015[0]
10:38:05.000 @PS028[True]
10:38:05.000 INSERT INTO R_PQPS(PS001,PS002,PS003,PS004,PS005,PS006,PS007,PS008,PS009,PS010,PS011,PS012,PS013,PS014,PS015,PS028) VALUES (@PS001,@PS002,@PS003,@PS004,@PS005,@PS006,@PS007,@PS008,@PS009,@PS010,@PS011,@PS012,@PS013,@PS014,@PS015,@PS028)
10:38:05.000 @PS001[2018]
10:38:05.000 @PS002[杂工]
10:38:05.000 @PS003[张永聪]
10:38:05.000 @PS004[4]
10:38:05.000 @PS005[25.00]
10:38:05.000 @PS006[3805.00000]
10:38:05.000 @PS007[86.50]
10:38:05.000 @PS008[13107.50000]
10:38:05.000 @PS009[0.00]
10:38:05.000 @PS010[0.00]
10:38:05.000 @PS011[0.00]
10:38:05.000 @PS012[0]
10:38:05.000 @PS013[16912.50000]
10:38:05.000 @PS014[0]
10:38:05.000 @PS015[0]
10:38:05.000 @PS028[False]
10:38:05.000 INSERT INTO R_PQPS(PS001,PS002,PS003,PS004,PS005,PS006,PS007,PS008,PS009,PS010,PS011,PS012,PS013,PS014,PS015,PS028) VALUES (@PS001,@PS002,@PS003,@PS004,@PS005,@PS006,@PS007,@PS008,@PS009,@PS010,@PS011,@PS012,@PS013,@PS014,@PS015,@PS028)
10:38:05.000 @PS001[2018]
10:38:05.000 @PS002[杂工]
10:38:05.000 @PS003[胡有帮]
10:38:05.000 @PS004[4]
10:38:05.000 @PS005[22.00]
10:38:05.000 @PS006[1980.00000]
10:38:05.000 @PS007[80.00]
10:38:05.000 @PS008[7257.00000]
10:38:05.000 @PS009[0.00]
10:38:05.000 @PS010[0.00]
10:38:05.000 @PS011[0.00]
10:38:05.000 @PS012[0]
10:38:05.000 @PS013[9237.00000]
10:38:05.000 @PS014[0]
10:38:05.000 @PS015[0]
10:38:05.000 @PS028[False]
10:38:05.000 INSERT INTO R_PQPS(PS001,PS002,PS003,PS004,PS005,PS006,PS007,PS008,PS009,PS010,PS011,PS012,PS013,PS014,PS015,PS028) VALUES (@PS001,@PS002,@PS003,@PS004,@PS005,@PS006,@PS007,@PS008,@PS009,@PS010,@PS011,@PS012,@PS013,@PS014,@PS015,@PS028)
10:38:05.000 @PS001[2018]
10:38:05.000 @PS002[采购部]
10:38:05.000 @PS003[严少荣]
10:38:05.000 @PS004[11]
10:38:05.000 @PS005[67.00]
10:38:05.000 @PS006[13476.49770]
10:38:05.000 @PS007[301.88]
10:38:05.000 @PS008[62638.51767]
10:38:05.000 @PS009[700.00]
10:38:05.000 @PS010[2834.20]
10:38:05.000 @PS011[0.00]
10:38:05.000 @PS012[0]
10:38:05.000 @PS013[74383.44537]
10:38:05.000 @PS014[0.00]
10:38:05.000 @PS015[0.00]
10:38:05.000 @PS028[True]
10:38:05.000 UPDATE R_PQPS SET PS004=@PS004,PS005=@PS005,PS006=@PS006,PS007=@PS007,PS008=@PS008,PS009=@PS009,PS010=@PS010,PS011=@PS011,PS012=@PS012,PS013=@PS013,PS014=@PS014,PS015=@PS015,PS028=@PS028 WHERE PS001=@PS001 AND PS002=@PS002 AND PS003=@PS003
10:38:05.000 @PS001[2018]
10:38:05.000 @PS002[杂工]
10:38:05.000 @PS003[柳先龙]
10:38:05.000 @PS004[10]
10:38:05.000 @PS005[69.50]
10:38:05.000 @PS006[7140.00000]
10:38:05.000 @PS007[228.00]
10:38:05.000 @PS008[24235.00000]
10:38:05.000 @PS009[0.00]
10:38:05.000 @PS010[0.00]
10:38:05.000 @PS011[0.00]
10:38:05.000 @PS012[0]
10:38:05.000 @PS013[31375.00000]
10:38:05.000 @PS014[0.00]
10:38:05.000 @PS015[0.00]
10:38:05.000 @PS028[False]
10:38:05.000 UPDATE R_PQPS SET PS004=@PS004,PS005=@PS005,PS006=@PS006,PS007=@PS007,PS008=@PS008,PS009=@PS009,PS010=@PS010,PS011=@PS011,PS012=@PS012,PS013=@PS013,PS014=@PS014,PS015=@PS015,PS028=@PS028 WHERE PS001=@PS001 AND PS002=@PS002 AND PS003=@PS003
10:38:05.000 @PS001[2018]
10:38:05.000 @PS002[总经理]
10:38:05.000 @PS003[廖灵飞]
10:38:05.000 @PS004[11]
10:38:05.000 @PS005[67.00]
10:38:05.000 @PS006[12890.32258]
10:38:05.000 @PS007[267.00]
10:38:05.000 @PS008[54226.34409]
10:38:05.000 @PS009[0.00]
10:38:05.000 @PS010[0.00]
10:38:05.000 @PS011[0.00]
10:38:05.000 @PS012[0]
10:38:05.000 @PS013[67116.66667]
10:38:05.000 @PS014[0.00]
10:38:05.000 @PS015[0.00]
10:38:05.000 @PS028[True]
10:38:05.000 UPDATE R_PQPS SET PS004=@PS004,PS005=@PS005,PS006=@PS006,PS007=@PS007,PS008=@PS008,PS009=@PS009,PS010=@PS010,PS011=@PS011,PS012=@PS012,PS013=@PS013,PS014=@PS014,PS015=@PS015,PS028=@PS028 WHERE PS001=@PS001 AND PS002=@PS002 AND PS003=@PS003
10:38:05.000 @PS001[2018]
10:38:05.000 @PS002[设计开发]
10:38:05.000 @PS003[魏芸]
10:38:05.000 @PS004[11]
10:38:05.000 @PS005[67.00]
10:38:05.000 @PS006[8085.89862]
10:38:05.000 @PS007[267.00]
10:38:05.000 @PS008[33144.10138]
10:38:05.000 @PS009[0.00]
10:38:05.000 @PS010[0.00]
10:38:05.000 @PS011[0.00]
10:38:05.000 @PS012[0]
10:38:05.000 @PS013[32107.50000]
10:38:05.000 @PS014[0.00]
10:38:05.000 @PS015[0.00]
10:38:05.000 @PS028[True]
10:38:05.000 UPDATE R_PQPS SET PS004=@PS004,PS005=@PS005,PS006=@PS006,PS007=@PS007,PS008=@PS008,PS009=@PS009,PS010=@PS010,PS011=@PS011,PS012=@PS012,PS013=@PS013,PS014=@PS014,PS015=@PS015,PS028=@PS028 WHERE PS001=@PS001 AND PS002=@PS002 AND PS003=@PS003
10:38:05.000 @PS001[2018]
10:38:05.000 @PS002[杂工]
10:38:05.000 @PS003[杨森林]
10:38:05.000 @PS004[6]
10:38:05.000 @PS005[51.00]
10:38:05.000 @PS006[5445.00000]
10:38:05.000 @PS007[164.00]
10:38:05.000 @PS008[17342.00000]
10:38:05.000 @PS009[0.00]
10:38:05.000 @PS010[0.00]
10:38:05.000 @PS011[0.00]
10:38:05.000 @PS012[0]
10:38:05.000 @PS013[22787.00000]
10:38:05.000 @PS014[0.00]
10:38:05.000 @PS015[0.00]
10:38:05.000 @PS028[False]
10:38:05.000 UPDATE R_PQPS SET PS004=@PS004,PS005=@PS005,PS006=@PS006,PS007=@PS007,PS008=@PS008,PS009=@PS009,PS010=@PS010,PS011=@PS011,PS012=@PS012,PS013=@PS013,PS014=@PS014,PS015=@PS015,PS028=@PS028 WHERE PS001=@PS001 AND PS002=@PS002 AND PS003=@PS003
10:38:05.000 @PS001[2018]
10:38:05.000 @PS002[杂工]
10:38:05.000 @PS003[蓝余东]
10:38:05.000 @PS004[2]
10:38:05.000 @PS005[0.00]
10:38:05.000 @PS006[0.00000]
10:38:05.000 @PS007[47.00]
10:38:05.000 @PS008[5716.00000]
10:38:05.000 @PS009[0.00]
10:38:05.000 @PS010[0.00]
10:38:05.000 @PS011[0.00]
10:38:05.000 @PS012[0]
10:38:05.000 @PS013[5716.00000]
10:38:05.000 @PS014[0]
10:38:05.000 @PS015[0]
10:38:05.000 @PS028[False]
10:38:05.000 INSERT INTO R_PQPS(PS001,PS002,PS003,PS004,PS005,PS006,PS007,PS008,PS009,PS010,PS011,PS012,PS013,PS014,PS015,PS028) VALUES (@PS001,@PS002,@PS003,@PS004,@PS005,@PS006,@PS007,@PS008,@PS009,@PS010,@PS011,@PS012,@PS013,@PS014,@PS015,@PS028)
10:54:45.000 UPDATE R_PQP SET GS73='T' FROM R_PQQ WHERE GS01=CP01 AND GS35=CP09 AND (GS35  LIKE '%丝印%' OR GS35 LIKE '%雕刻%' OR GS35  LIKE '%砂皮%' OR GS35  LIKE '%走台印%' OR GS35  LIKE '%冲印%') 
10:54:45.000 UPDATE R_PQP SET GS73='T' FROM R_PQAH WHERE GS01=AH01 AND GS35=AH18 AND (GS35  LIKE '%丝印%' OR GS35 LIKE '%雕刻%' OR GS35  LIKE '%砂皮%' OR GS35  LIKE '%走台印%' OR GS35  LIKE '%冲印%')
10:54:47.000 UPDATE R_PQP SET GS73='T' FROM R_PQI WHERE GS01=YQ03 AND  GS35 LIKE '%油漆%'  AND YQ139='1'
10:54:47.000 UPDATE R_PQP SET GS73='T' FROM R_PQAF WHERE GS01=AF002 AND GS07=AF015 AND GS02=AF084 AND GS08 ='Φ'+CONVERT(VARCHAR,CONVERT(FLOAT,AF022*10))+'*'+CONVERT(VARCHAR,CONVERT(FLOAT,AF020*10)) 
10:54:47.000 UPDATE R_PQP SET GS73='T' FROM R_PQU WHERE GS01=PQU01 AND GS07=PQU10 AND GS08=PQU12  
10:54:48.000 UPDATE R_PQP SET GS73='T' FROM R_PQS WHERE GS01=PJ01 AND GS56=PJ09 AND GS57=PJ89  
10:54:49.000 UPDATE R_PQP SET GS73='T' FROM R_PQT WHERE GS01=WX01 AND GS56=WX10 AND GS57=WX11 
10:54:51.000 WITH CET AS (select GS70,GS01,GS46,GS49,GS71,GS02,right(GS08,len(GS08) - charindex('*',GS08) ) a from R_PQP  WHERE GS70='R_338' AND GS73='F' ),CFT AS (SELECT GS70,GS01,GS46,GS49,GS71,GS02,right(a,LEN(a)-charindex('*',a)) GS08 FROM CET  ),CHT AS( SELECT DISTINCT GS70,GS01,GS46,GS49,GS71,GS02,CONVERT(FLOAT,CONVERT(DECIMAL(11,2),GS08)*1.0/10) GS08 FROM CFT  )SELECT GS70,GS01,GS46,GS49,GS71,GS02,CONVERT(VARCHAR,GS08) GS08,'' GS07,PQF13,PQF31 FROM CHT A INNER JOIN R_PQF B ON A.GS01=B.PQF01  WHERE (SELECT COUNT(1) FROM R_PQO WHERE GS01=JM90 AND GS02=JM09 AND CONVERT(VARCHAR,GS08)=CONVERT(VARCHAR,CONVERT(FLOAT,CONVERT(DECIMAL(11,4),JM96))))=0 and GS01 not in (SELECT JM90 FROM R_PQO WHERE JM116='1' )
10:54:51.000 从数据类型 nvarchar 转换为 numeric 时出错。
