15:16:34.000  异常信息：由于连接方在一段时间后没有正确答复或连接的主机没有反应，连接尝试失败。 192.168.0.222:80
  堆栈信息:   在 AutoUpdate.AppUpdate.DownloadFile(String url, String localFilePath) 位置 D:\ProjectData\MLL\Mulaolao\Mulaolao\Class\AppUpdate.cs:行号 242
   在 AutoUpdate.AppUpdate.CheckAppVersion(String& msg) 位置 D:\ProjectData\MLL\Mulaolao\Mulaolao\Class\AppUpdate.cs:行号 310
15:16:42.000 UPDATE R_PQP SET GS73='T' FROM R_PQQ WHERE GS01=CP01 AND GS35=CP09 AND (GS35  LIKE '%丝印%' OR GS35 LIKE '%雕刻%' OR GS35  LIKE '%砂皮%' OR GS35  LIKE '%走台印%' OR GS35  LIKE '%冲印%') 
15:16:42.000 UPDATE R_PQP SET GS73='T' FROM R_PQAH WHERE GS01=AH01 AND GS35=AH18 AND (GS35  LIKE '%丝印%' OR GS35 LIKE '%雕刻%' OR GS35  LIKE '%砂皮%' OR GS35  LIKE '%走台印%' OR GS35  LIKE '%冲印%')
15:16:42.000 UPDATE R_PQP SET GS73='T' FROM R_PQI WHERE GS01=YQ03 AND  GS35 LIKE '%油漆%'  AND YQ139='1'
15:16:42.000 UPDATE R_PQP SET GS73='T' FROM R_PQAF WHERE GS01=AF002 AND GS07=AF015 AND GS02=AF084 AND GS08 ='Φ'+CONVERT(VARCHAR,CONVERT(FLOAT,AF022*10))+'*'+CONVERT(VARCHAR,CONVERT(FLOAT,AF020*10)) 
15:16:43.000 UPDATE R_PQP SET GS73='T' FROM R_PQU WHERE GS01=PQU01 AND GS07=PQU10 AND GS08=PQU12  
15:16:44.000 UPDATE R_PQP SET GS73='T' FROM R_PQS WHERE GS01=PJ01 AND GS56=PJ09 AND GS57=PJ89  
15:16:44.000 UPDATE R_PQP SET GS73='T' FROM R_PQT WHERE GS01=WX01 AND GS56=WX10 AND GS57=WX11 
15:16:44.000 WITH CET AS (select GS70,GS01,GS46,GS49,GS71,GS02,right(GS08,len(GS08) - charindex('*',GS08) ) a from R_PQP  WHERE GS70='R_338' AND GS73='F' ),CFT AS (SELECT GS70,GS01,GS46,GS49,GS71,GS02,right(a,LEN(a)-charindex('*',a)) GS08 FROM CET  ),CHT AS( SELECT DISTINCT GS70,GS01,GS46,GS49,GS71,GS02,CONVERT(FLOAT,CONVERT(DECIMAL(11,2),GS08)*1.0/10) GS08 FROM CFT  )SELECT GS70,GS01,GS46,GS49,GS71,GS02,CONVERT(VARCHAR,GS08) GS08,'' GS07,PQF13,PQF31 FROM CHT A INNER JOIN R_PQF B ON A.GS01=B.PQF01  WHERE (SELECT COUNT(1) FROM R_PQO WHERE GS01=JM90 AND GS02=JM09 AND CONVERT(VARCHAR,GS08)=CONVERT(VARCHAR,CONVERT(FLOAT,CONVERT(DECIMAL(11,4),JM96))))=0 and GS01 not in (SELECT JM90 FROM R_PQO WHERE JM116='1' )
15:16:44.000 从数据类型 nvarchar 转换为 numeric 时出错。
15:17:00.000 UPDATE R_PQV SET PQV93='T' WHERE PQV76 IN ('R_341-20160527005','R_341-20160528002','R_341-20160528011','R_341-20160530004','R_341-20161213003','R_341-20161213003','R_341-20171204002','R_341-20171221003','R_341-20180104002','R_341-20181103004','R_341-20181103004')
15:17:00.000 UPDATE R_PQAC SET AC17='T' WHERE AC16 IN ('R_464-20160527002','R_464-20160802001','R_464-20180412001','R_464-20160530001','R_464-20170116001','R_464-20170116002','R_464-20171208001','R_464-20171222001','R_464-20180413005','R_464-20181103001','R_464-20181103002')
15:22:05.000  异常信息：由于连接方在一段时间后没有正确答复或连接的主机没有反应，连接尝试失败。 192.168.0.222:80
  堆栈信息:   在 AutoUpdate.AppUpdate.DownloadFile(String url, String localFilePath) 位置 D:\ProjectData\MLL\Mulaolao\Mulaolao\Class\AppUpdate.cs:行号 242
   在 AutoUpdate.AppUpdate.CheckAppVersion(String& msg) 位置 D:\ProjectData\MLL\Mulaolao\Mulaolao\Class\AppUpdate.cs:行号 310
15:22:22.000 UPDATE R_PQP SET GS73='T' FROM R_PQQ WHERE GS01=CP01 AND GS35=CP09 AND (GS35  LIKE '%丝印%' OR GS35 LIKE '%雕刻%' OR GS35  LIKE '%砂皮%' OR GS35  LIKE '%走台印%' OR GS35  LIKE '%冲印%') 
15:22:22.000 UPDATE R_PQP SET GS73='T' FROM R_PQAH WHERE GS01=AH01 AND GS35=AH18 AND (GS35  LIKE '%丝印%' OR GS35 LIKE '%雕刻%' OR GS35  LIKE '%砂皮%' OR GS35  LIKE '%走台印%' OR GS35  LIKE '%冲印%')
15:22:22.000 UPDATE R_PQP SET GS73='T' FROM R_PQI WHERE GS01=YQ03 AND  GS35 LIKE '%油漆%'  AND YQ139='1'
15:22:22.000 UPDATE R_PQP SET GS73='T' FROM R_PQAF WHERE GS01=AF002 AND GS07=AF015 AND GS02=AF084 AND GS08 ='Φ'+CONVERT(VARCHAR,CONVERT(FLOAT,AF022*10))+'*'+CONVERT(VARCHAR,CONVERT(FLOAT,AF020*10)) 
15:22:22.000 UPDATE R_PQP SET GS73='T' FROM R_PQU WHERE GS01=PQU01 AND GS07=PQU10 AND GS08=PQU12  
15:22:23.000 UPDATE R_PQP SET GS73='T' FROM R_PQS WHERE GS01=PJ01 AND GS56=PJ09 AND GS57=PJ89  
15:22:23.000 UPDATE R_PQP SET GS73='T' FROM R_PQT WHERE GS01=WX01 AND GS56=WX10 AND GS57=WX11 
15:22:24.000 WITH CET AS (select GS70,GS01,GS46,GS49,GS71,GS02,right(GS08,len(GS08) - charindex('*',GS08) ) a from R_PQP  WHERE GS70='R_338' AND GS73='F' ),CFT AS (SELECT GS70,GS01,GS46,GS49,GS71,GS02,right(a,LEN(a)-charindex('*',a)) GS08 FROM CET  ),CHT AS( SELECT DISTINCT GS70,GS01,GS46,GS49,GS71,GS02,CONVERT(FLOAT,CONVERT(DECIMAL(11,2),GS08)*1.0/10) GS08 FROM CFT  )SELECT GS70,GS01,GS46,GS49,GS71,GS02,CONVERT(VARCHAR,GS08) GS08,'' GS07,PQF13,PQF31 FROM CHT A INNER JOIN R_PQF B ON A.GS01=B.PQF01  WHERE (SELECT COUNT(1) FROM R_PQO WHERE GS01=JM90 AND GS02=JM09 AND CONVERT(VARCHAR,GS08)=CONVERT(VARCHAR,CONVERT(FLOAT,CONVERT(DECIMAL(11,4),JM96))))=0 and GS01 not in (SELECT JM90 FROM R_PQO WHERE JM116='1' )
15:22:24.000 从数据类型 nvarchar 转换为 numeric 时出错。
15:23:16.000 UPDATE R_PQV SET PQV93='T' WHERE PQV76 IN ('R_341-20160527005','R_341-20160528002','R_341-20160528011','R_341-20160530004','R_341-20161213003','R_341-20161213003','R_341-20171204002','R_341-20171221003','R_341-20180104002','R_341-20181103004','R_341-20181103004')
15:23:16.000 UPDATE R_PQAC SET AC17='T' WHERE AC16 IN ('R_464-20160527002','R_464-20160802001','R_464-20180412001','R_464-20160530001','R_464-20170116001','R_464-20170116002','R_464-20171208001','R_464-20171222001','R_464-20180413005','R_464-20181103001','R_464-20181103002')
15:23:36.000 UPDATE R_PQV SET PQV10='正方形',PQV11='4100.0',PQV12='5',PQV13='1',PQV14='14',PQV15='0',PQV16='清水',PQV17='98',PQV18='98',PQV19='98',PQV20='0',PQV21='98',PQV22='0',PQV23='2018/12/13 0:00:00',PQV24='2018/12/10 0:00:00',PQV64='0',PQV65='外购',PQV66='1.000',PQV67='0.038',PQV68='4.000',PQV69='3.500',PQV70='3.800',PQV71='3.200',PQV72='3.200',PQV73='3.200',PQV80='36654',PQV81='256.578',PQV82='9.7493',PQV84='1.624',PQV86='榉木',PQV97='0.000' WHERE PQV76='R_341-20181208004' AND idx='1907'
15:23:36.000 INSERT INTO R_PQBF (BF001,BF002,BF003,BF004,BF005,BF006,BF007,BF008) VALUES ('R_341','木材采购合同','廖灵飞','2018/12/10 15:23:36','R_341-20181208004','UPDATE R_PQV SET PQV10=''正方形'',PQV11=''4100.0'',PQV12=''5'',PQV13=''1'',PQV14=''14'',PQV15=''0'',PQV16=''清水'',PQV17=''98'',PQV18=''98'',PQV19=''98'',PQV20=''0'',PQV21=''98'',PQV22=''0'',PQV23=''2018/12/13 0:00:00'',PQV24=''2018/12/10 0:00:00'',PQV64=''0'',PQV65=''外购'',PQV66=''1.000'',PQV67=''0.038'',PQV68=''4.000'',PQV69=''3.500'',PQV70=''3.800'',PQV71=''3.200'',PQV72=''3.200'',PQV73=''3.200'',PQV80=''36654'',PQV81=''256.578'',PQV82=''9.7493'',PQV84=''1.624'',PQV86=''榉木'',PQV97=''0.000'' WHERE PQV76=''R_341-20181208004'' AND idx=''1907''','编辑','更改编辑')
15:23:44.000 UPDATE R_PQV SET PQV10='正方形',PQV11='4100.0',PQV12='5',PQV13='1',PQV14='14',PQV15='0',PQV16='清水',PQV17='98',PQV18='98',PQV19='98',PQV20='0',PQV21='98',PQV22='0',PQV23='2018/12/13 0:00:00',PQV24='2018/12/10 0:00:00',PQV64='0',PQV65='外购',PQV66='1.000',PQV67='0.038',PQV68='4.000',PQV69='3.500',PQV70='3.800',PQV71='3.200',PQV72='3.200',PQV73='3.200',PQV80='36654',PQV81='256.578',PQV82='9.7493',PQV84='1.624',PQV86='榉木',PQV97='0.000' WHERE PQV76='R_341-20181208004' AND idx='1907'
15:23:44.000 INSERT INTO R_PQBF (BF001,BF002,BF003,BF004,BF005,BF006,BF007,BF008) VALUES ('R_341','木材采购合同','廖灵飞','2018/12/10 15:23:44','R_341-20181208004','UPDATE R_PQV SET PQV10=''正方形'',PQV11=''4100.0'',PQV12=''5'',PQV13=''1'',PQV14=''14'',PQV15=''0'',PQV16=''清水'',PQV17=''98'',PQV18=''98'',PQV19=''98'',PQV20=''0'',PQV21=''98'',PQV22=''0'',PQV23=''2018/12/13 0:00:00'',PQV24=''2018/12/10 0:00:00'',PQV64=''0'',PQV65=''外购'',PQV66=''1.000'',PQV67=''0.038'',PQV68=''4.000'',PQV69=''3.500'',PQV70=''3.800'',PQV71=''3.200'',PQV72=''3.200'',PQV73=''3.200'',PQV80=''36654'',PQV81=''256.578'',PQV82=''9.7493'',PQV84=''1.624'',PQV86=''榉木'',PQV97=''0.000'' WHERE PQV76=''R_341-20181208004'' AND idx=''1907''','编辑','更改编辑')
15:23:53.000 UPDATE R_PQV SET PQV10='正方形',PQV11='4100.0',PQV12='5',PQV13='1',PQV14='14',PQV15='0',PQV16='清水',PQV17='98',PQV18='98',PQV19='98',PQV20='0',PQV21='98',PQV22='0',PQV23='2018/12/13 0:00:00',PQV24='2018/12/10 0:00:00',PQV64='0',PQV65='外购',PQV66='1.000',PQV67='0.038',PQV68='4.000',PQV69='3.500',PQV70='3.800',PQV71='3.200',PQV72='3.200',PQV73='3.200',PQV80='36654',PQV81='256.578',PQV82='9.7493',PQV84='1.624',PQV86='榉木',PQV97='0.000' WHERE PQV76='R_341-20181208004' AND idx='1907'
15:23:53.000 INSERT INTO R_PQBF (BF001,BF002,BF003,BF004,BF005,BF006,BF007,BF008) VALUES ('R_341','木材采购合同','廖灵飞','2018/12/10 15:23:53','R_341-20181208004','UPDATE R_PQV SET PQV10=''正方形'',PQV11=''4100.0'',PQV12=''5'',PQV13=''1'',PQV14=''14'',PQV15=''0'',PQV16=''清水'',PQV17=''98'',PQV18=''98'',PQV19=''98'',PQV20=''0'',PQV21=''98'',PQV22=''0'',PQV23=''2018/12/13 0:00:00'',PQV24=''2018/12/10 0:00:00'',PQV64=''0'',PQV65=''外购'',PQV66=''1.000'',PQV67=''0.038'',PQV68=''4.000'',PQV69=''3.500'',PQV70=''3.800'',PQV71=''3.200'',PQV72=''3.200'',PQV73=''3.200'',PQV80=''36654'',PQV81=''256.578'',PQV82=''9.7493'',PQV84=''1.624'',PQV86=''榉木'',PQV97=''0.000'' WHERE PQV76=''R_341-20181208004'' AND idx=''1907''','编辑','更改编辑')
15:26:00.000  异常信息：由于连接方在一段时间后没有正确答复或连接的主机没有反应，连接尝试失败。 192.168.0.222:80
  堆栈信息:   在 AutoUpdate.AppUpdate.DownloadFile(String url, String localFilePath) 位置 D:\ProjectData\MLL\Mulaolao\Mulaolao\Class\AppUpdate.cs:行号 242
   在 AutoUpdate.AppUpdate.CheckAppVersion(String& msg) 位置 D:\ProjectData\MLL\Mulaolao\Mulaolao\Class\AppUpdate.cs:行号 310
15:26:10.000 UPDATE R_PQP SET GS73='T' FROM R_PQQ WHERE GS01=CP01 AND GS35=CP09 AND (GS35  LIKE '%丝印%' OR GS35 LIKE '%雕刻%' OR GS35  LIKE '%砂皮%' OR GS35  LIKE '%走台印%' OR GS35  LIKE '%冲印%') 
15:26:10.000 UPDATE R_PQP SET GS73='T' FROM R_PQAH WHERE GS01=AH01 AND GS35=AH18 AND (GS35  LIKE '%丝印%' OR GS35 LIKE '%雕刻%' OR GS35  LIKE '%砂皮%' OR GS35  LIKE '%走台印%' OR GS35  LIKE '%冲印%')
15:26:10.000 UPDATE R_PQP SET GS73='T' FROM R_PQI WHERE GS01=YQ03 AND  GS35 LIKE '%油漆%'  AND YQ139='1'
15:26:10.000 UPDATE R_PQP SET GS73='T' FROM R_PQAF WHERE GS01=AF002 AND GS07=AF015 AND GS02=AF084 AND GS08 ='Φ'+CONVERT(VARCHAR,CONVERT(FLOAT,AF022*10))+'*'+CONVERT(VARCHAR,CONVERT(FLOAT,AF020*10)) 
15:26:11.000 UPDATE R_PQP SET GS73='T' FROM R_PQU WHERE GS01=PQU01 AND GS07=PQU10 AND GS08=PQU12  
15:26:11.000 UPDATE R_PQP SET GS73='T' FROM R_PQS WHERE GS01=PJ01 AND GS56=PJ09 AND GS57=PJ89  
15:26:11.000 UPDATE R_PQP SET GS73='T' FROM R_PQT WHERE GS01=WX01 AND GS56=WX10 AND GS57=WX11 
15:26:12.000 WITH CET AS (select GS70,GS01,GS46,GS49,GS71,GS02,right(GS08,len(GS08) - charindex('*',GS08) ) a from R_PQP  WHERE GS70='R_338' AND GS73='F' ),CFT AS (SELECT GS70,GS01,GS46,GS49,GS71,GS02,right(a,LEN(a)-charindex('*',a)) GS08 FROM CET  ),CHT AS( SELECT DISTINCT GS70,GS01,GS46,GS49,GS71,GS02,CONVERT(FLOAT,CONVERT(DECIMAL(11,2),GS08)*1.0/10) GS08 FROM CFT  )SELECT GS70,GS01,GS46,GS49,GS71,GS02,CONVERT(VARCHAR,GS08) GS08,'' GS07,PQF13,PQF31 FROM CHT A INNER JOIN R_PQF B ON A.GS01=B.PQF01  WHERE (SELECT COUNT(1) FROM R_PQO WHERE GS01=JM90 AND GS02=JM09 AND CONVERT(VARCHAR,GS08)=CONVERT(VARCHAR,CONVERT(FLOAT,CONVERT(DECIMAL(11,4),JM96))))=0 and GS01 not in (SELECT JM90 FROM R_PQO WHERE JM116='1' )
15:26:12.000 从数据类型 nvarchar 转换为 numeric 时出错。
15:26:22.000 UPDATE R_PQV SET PQV93='T' WHERE PQV76 IN ('R_341-20160527005','R_341-20160528002','R_341-20160528011','R_341-20160530004','R_341-20161213003','R_341-20161213003','R_341-20171204002','R_341-20171221003','R_341-20180104002','R_341-20181103004','R_341-20181103004')
15:26:22.000 UPDATE R_PQAC SET AC17='T' WHERE AC16 IN ('R_464-20160527002','R_464-20160802001','R_464-20180412001','R_464-20160530001','R_464-20170116001','R_464-20170116002','R_464-20171208001','R_464-20171222001','R_464-20180413005','R_464-20181103001','R_464-20181103002')
15:26:31.000 UPDATE R_PQV SET PQV10='正方形',PQV11='4100.0',PQV12='5',PQV13='1',PQV14='14',PQV15='0',PQV16='清水',PQV17='98',PQV18='98',PQV19='98',PQV20='0',PQV21='98',PQV22='0',PQV23='2018/12/13 0:00:00',PQV24='2018/12/10 0:00:00',PQV64='0',PQV65='外购',PQV66='1.000',PQV67='0.038',PQV68='4.000',PQV69='3.500',PQV70='3.800',PQV71='3.200',PQV72='3.200',PQV73='3.200',PQV80='36654',PQV81='256.578',PQV82='9.7493',PQV84='1.624',PQV86='榉木',PQV97='0.000' WHERE PQV76='R_341-20181208004' AND idx='1907'
15:26:31.000 INSERT INTO R_PQBF (BF001,BF002,BF003,BF004,BF005,BF006,BF007,BF008) VALUES ('R_341','木材采购合同','廖灵飞','2018/12/10 15:26:31','R_341-20181208004','UPDATE R_PQV SET PQV10=''正方形'',PQV11=''4100.0'',PQV12=''5'',PQV13=''1'',PQV14=''14'',PQV15=''0'',PQV16=''清水'',PQV17=''98'',PQV18=''98'',PQV19=''98'',PQV20=''0'',PQV21=''98'',PQV22=''0'',PQV23=''2018/12/13 0:00:00'',PQV24=''2018/12/10 0:00:00'',PQV64=''0'',PQV65=''外购'',PQV66=''1.000'',PQV67=''0.038'',PQV68=''4.000'',PQV69=''3.500'',PQV70=''3.800'',PQV71=''3.200'',PQV72=''3.200'',PQV73=''3.200'',PQV80=''36654'',PQV81=''256.578'',PQV82=''9.7493'',PQV84=''1.624'',PQV86=''榉木'',PQV97=''0.000'' WHERE PQV76=''R_341-20181208004'' AND idx=''1907''','编辑','更改编辑')
15:37:19.000  异常信息：由于连接方在一段时间后没有正确答复或连接的主机没有反应，连接尝试失败。 192.168.0.222:80
  堆栈信息:   在 AutoUpdate.AppUpdate.DownloadFile(String url, String localFilePath) 位置 D:\ProjectData\MLL\Mulaolao\Mulaolao\Class\AppUpdate.cs:行号 242
   在 AutoUpdate.AppUpdate.CheckAppVersion(String& msg) 位置 D:\ProjectData\MLL\Mulaolao\Mulaolao\Class\AppUpdate.cs:行号 310
15:37:33.000 UPDATE R_PQP SET GS73='T' FROM R_PQQ WHERE GS01=CP01 AND GS35=CP09 AND (GS35  LIKE '%丝印%' OR GS35 LIKE '%雕刻%' OR GS35  LIKE '%砂皮%' OR GS35  LIKE '%走台印%' OR GS35  LIKE '%冲印%') 
15:37:33.000 UPDATE R_PQP SET GS73='T' FROM R_PQAH WHERE GS01=AH01 AND GS35=AH18 AND (GS35  LIKE '%丝印%' OR GS35 LIKE '%雕刻%' OR GS35  LIKE '%砂皮%' OR GS35  LIKE '%走台印%' OR GS35  LIKE '%冲印%')
15:37:34.000 UPDATE R_PQP SET GS73='T' FROM R_PQI WHERE GS01=YQ03 AND  GS35 LIKE '%油漆%'  AND YQ139='1'
15:37:34.000 UPDATE R_PQP SET GS73='T' FROM R_PQAF WHERE GS01=AF002 AND GS07=AF015 AND GS02=AF084 AND GS08 ='Φ'+CONVERT(VARCHAR,CONVERT(FLOAT,AF022*10))+'*'+CONVERT(VARCHAR,CONVERT(FLOAT,AF020*10)) 
15:37:34.000 UPDATE R_PQP SET GS73='T' FROM R_PQU WHERE GS01=PQU01 AND GS07=PQU10 AND GS08=PQU12  
15:37:34.000 UPDATE R_PQP SET GS73='T' FROM R_PQS WHERE GS01=PJ01 AND GS56=PJ09 AND GS57=PJ89  
15:37:35.000 UPDATE R_PQP SET GS73='T' FROM R_PQT WHERE GS01=WX01 AND GS56=WX10 AND GS57=WX11 
15:37:35.000 WITH CET AS (select GS70,GS01,GS46,GS49,GS71,GS02,right(GS08,len(GS08) - charindex('*',GS08) ) a from R_PQP  WHERE GS70='R_338' AND GS73='F' ),CFT AS (SELECT GS70,GS01,GS46,GS49,GS71,GS02,right(a,LEN(a)-charindex('*',a)) GS08 FROM CET  ),CHT AS( SELECT DISTINCT GS70,GS01,GS46,GS49,GS71,GS02,CONVERT(FLOAT,CONVERT(DECIMAL(11,2),GS08)*1.0/10) GS08 FROM CFT  )SELECT GS70,GS01,GS46,GS49,GS71,GS02,CONVERT(VARCHAR,GS08) GS08,'' GS07,PQF13,PQF31 FROM CHT A INNER JOIN R_PQF B ON A.GS01=B.PQF01  WHERE (SELECT COUNT(1) FROM R_PQO WHERE GS01=JM90 AND GS02=JM09 AND CONVERT(VARCHAR,GS08)=CONVERT(VARCHAR,CONVERT(FLOAT,CONVERT(DECIMAL(11,4),JM96))))=0 and GS01 not in (SELECT JM90 FROM R_PQO WHERE JM116='1' )
15:37:35.000 从数据类型 nvarchar 转换为 numeric 时出错。
15:37:43.000 UPDATE R_PQV SET PQV93='T' WHERE PQV76 IN ('R_341-20160527005','R_341-20160528002','R_341-20160528011','R_341-20160530004','R_341-20161213003','R_341-20161213003','R_341-20171204002','R_341-20171221003','R_341-20180104002','R_341-20181103004','R_341-20181103004')
15:37:43.000 UPDATE R_PQAC SET AC17='T' WHERE AC16 IN ('R_464-20160527002','R_464-20160802001','R_464-20180412001','R_464-20160530001','R_464-20170116001','R_464-20170116002','R_464-20171208001','R_464-20171222001','R_464-20180413005','R_464-20181103001','R_464-20181103002')
15:37:53.000 UPDATE R_PQV SET PQV10='正方形',PQV11='4100.0',PQV12='5',PQV13='1',PQV14='14',PQV15='0',PQV16='清水',PQV17='98',PQV18='98',PQV19='98',PQV20='0',PQV21='98',PQV22='0',PQV23='2018/12/13 0:00:00',PQV24='2018/12/10 0:00:00',PQV64='0',PQV65='外购',PQV66='1.000',PQV67='0.038',PQV68='4.000',PQV69='3.500',PQV70='3.800',PQV71='3.200',PQV72='3.200',PQV73='3.200',PQV80='36654',PQV81='256.578',PQV82='9.7500',PQV84='1.624',PQV86='榉木',PQV97='0.000' WHERE PQV76='R_341-20181208004' AND idx='1907'
15:37:53.000 INSERT INTO R_PQBF (BF001,BF002,BF003,BF004,BF005,BF006,BF007,BF008) VALUES ('R_341','木材采购合同','廖灵飞','2018/12/10 15:37:53','R_341-20181208004','UPDATE R_PQV SET PQV10=''正方形'',PQV11=''4100.0'',PQV12=''5'',PQV13=''1'',PQV14=''14'',PQV15=''0'',PQV16=''清水'',PQV17=''98'',PQV18=''98'',PQV19=''98'',PQV20=''0'',PQV21=''98'',PQV22=''0'',PQV23=''2018/12/13 0:00:00'',PQV24=''2018/12/10 0:00:00'',PQV64=''0'',PQV65=''外购'',PQV66=''1.000'',PQV67=''0.038'',PQV68=''4.000'',PQV69=''3.500'',PQV70=''3.800'',PQV71=''3.200'',PQV72=''3.200'',PQV73=''3.200'',PQV80=''36654'',PQV81=''256.578'',PQV82=''9.7500'',PQV84=''1.624'',PQV86=''榉木'',PQV97=''0.000'' WHERE PQV76=''R_341-20181208004'' AND idx=''1907''','编辑','更改编辑')
15:38:10.000 @PQV76[R_341-20181208004]
15:38:10.000 @PQV10[正方形]
15:38:10.000 @PQV66[1.000]
15:38:10.000 @PQV81[170.441]
15:38:10.000 @PQV67[0.038]
15:38:10.000 UPDATE R_PQV SET PQV10='正方形',PQV11='4100.0',PQV12='5',PQV13='1',PQV14='14',PQV15='0',PQV16='清水',PQV17='98',PQV18='98',PQV19='98',PQV20='1.078',PQV21='98',PQV22='0',PQV23='2018/12/13 0:00:00',PQV24='2018/12/10 0:00:00',PQV64='0',PQV65='外购',PQV66='1.000',PQV67='0.038',PQV68='4.000',PQV69='2.325',PQV70='3.800',PQV71='3.200',PQV72='3.200',PQV73='3.200',PQV80='36654',PQV81='170.441',PQV82='6.4768',PQV84='1.078',PQV86='榉木',PQV97='0' WHERE PQV76='R_341-20181208004' AND idx='1907'
15:38:10.000 INSERT INTO R_PQBF (BF001,BF002,BF003,BF004,BF005,BF006,BF007,BF008) VALUES ('R_341','木材采购合同','廖灵飞','2018/12/10 15:38:10','R_341-20181208004','UPDATE R_PQV SET PQV10=''正方形'',PQV11=''4100.0'',PQV12=''5'',PQV13=''1'',PQV14=''14'',PQV15=''0'',PQV16=''清水'',PQV17=''98'',PQV18=''98'',PQV19=''98'',PQV20=''1.078'',PQV21=''98'',PQV22=''0'',PQV23=''2018/12/13 0:00:00'',PQV24=''2018/12/10 0:00:00'',PQV64=''0'',PQV65=''外购'',PQV66=''1.000'',PQV67=''0.038'',PQV68=''4.000'',PQV69=''2.325'',PQV70=''3.800'',PQV71=''3.200'',PQV72=''3.200'',PQV73=''3.200'',PQV80=''36654'',PQV81=''170.441'',PQV82=''6.4768'',PQV84=''1.078'',PQV86=''榉木'',PQV97=''0'' WHERE PQV76=''R_341-20181208004'' AND idx=''1907''','编辑','更改编辑')
15:38:27.000 UPDATE R_PQV SET PQV93='T' WHERE PQV76 IN ('R_341-20160527005','R_341-20160528002','R_341-20160528011','R_341-20160530004','R_341-20161213003','R_341-20161213003','R_341-20171204002','R_341-20171221003','R_341-20180104002','R_341-20181103004','R_341-20181103004')
15:38:27.000 UPDATE R_PQAC SET AC17='T' WHERE AC16 IN ('R_464-20160527002','R_464-20160802001','R_464-20180412001','R_464-20160530001','R_464-20170116001','R_464-20170116002','R_464-20171208001','R_464-20171222001','R_464-20180413005','R_464-20181103001','R_464-20181103002')
15:38:39.000 @RES01[R_341]
15:38:39.000 @RES06[R_341-20181103004]
15:38:45.000 UPDATE R_PQV SET PQV10='短槽轨',PQV11='3200.0',PQV12='3',PQV13='1',PQV14='14',PQV15='0',PQV16='清水',PQV17='99',PQV18='99',PQV19='99',PQV20='0',PQV21='99',PQV22='100',PQV23='2018/11/8 0:00:00',PQV24='2018/11/3 0:00:00',PQV64='0',PQV65='外购',PQV66='1.000',PQV67='0.038',PQV68='3.379',PQV69='3.800',PQV70='1.000',PQV71='7.500',PQV72='3.500',PQV73='1.500',PQV80='81015',PQV81='82.125',PQV82='3.1207',PQV84='0.326',PQV86='榉木',PQV97='0.000' WHERE PQV76='R_341-20181103004' AND idx='1873'
15:38:45.000 INSERT INTO R_PQBF (BF001,BF002,BF003,BF004,BF005,BF006,BF007,BF008) VALUES ('R_341','木材采购合同','廖灵飞','2018/12/10 15:38:45','R_341-20181103004','UPDATE R_PQV SET PQV10=''短槽轨'',PQV11=''3200.0'',PQV12=''3'',PQV13=''1'',PQV14=''14'',PQV15=''0'',PQV16=''清水'',PQV17=''99'',PQV18=''99'',PQV19=''99'',PQV20=''0'',PQV21=''99'',PQV22=''100'',PQV23=''2018/11/8 0:00:00'',PQV24=''2018/11/3 0:00:00'',PQV64=''0'',PQV65=''外购'',PQV66=''1.000'',PQV67=''0.038'',PQV68=''3.379'',PQV69=''3.800'',PQV70=''1.000'',PQV71=''7.500'',PQV72=''3.500'',PQV73=''1.500'',PQV80=''81015'',PQV81=''82.125'',PQV82=''3.1207'',PQV84=''0.326'',PQV86=''榉木'',PQV97=''0.000'' WHERE PQV76=''R_341-20181103004'' AND idx=''1873''','编辑','维护编辑')
15:38:49.000 UPDATE R_PQV SET PQV10='短槽轨',PQV11='3200.0',PQV12='3',PQV13='1',PQV14='14',PQV15='0',PQV16='清水',PQV17='99',PQV18='99',PQV19='99',PQV20='0',PQV21='99',PQV22='100',PQV23='2018/11/8 0:00:00',PQV24='2018/11/3 0:00:00',PQV64='0',PQV65='外购',PQV66='1.000',PQV67='0.038',PQV68='3.379',PQV69='3.800',PQV70='1.000',PQV71='7.500',PQV72='3.500',PQV73='1.500',PQV80='81015',PQV81='82.125',PQV82='3.1207',PQV84='0.326',PQV86='榉木',PQV97='0.000' WHERE PQV76='R_341-20181103004' AND idx='1873'
15:38:49.000 INSERT INTO R_PQBF (BF001,BF002,BF003,BF004,BF005,BF006,BF007,BF008) VALUES ('R_341','木材采购合同','廖灵飞','2018/12/10 15:38:49','R_341-20181103004','UPDATE R_PQV SET PQV10=''短槽轨'',PQV11=''3200.0'',PQV12=''3'',PQV13=''1'',PQV14=''14'',PQV15=''0'',PQV16=''清水'',PQV17=''99'',PQV18=''99'',PQV19=''99'',PQV20=''0'',PQV21=''99'',PQV22=''100'',PQV23=''2018/11/8 0:00:00'',PQV24=''2018/11/3 0:00:00'',PQV64=''0'',PQV65=''外购'',PQV66=''1.000'',PQV67=''0.038'',PQV68=''3.379'',PQV69=''3.800'',PQV70=''1.000'',PQV71=''7.500'',PQV72=''3.500'',PQV73=''1.500'',PQV80=''81015'',PQV81=''82.125'',PQV82=''3.1207'',PQV84=''0.326'',PQV86=''榉木'',PQV97=''0.000'' WHERE PQV76=''R_341-20181103004'' AND idx=''1873''','编辑','维护编辑')
