10:22:47.000  异常信息：由于连接方在一段时间后没有正确答复或连接的主机没有反应，连接尝试失败。 192.168.0.222:80
  堆栈信息:   在 AutoUpdate.AppUpdate.DownloadFile(String url, String localFilePath) 位置 D:\ProjectData\MLL\Mulaolao\Mulaolao\Class\AppUpdate.cs:行号 242
   在 AutoUpdate.AppUpdate.CheckAppVersion(String& msg) 位置 D:\ProjectData\MLL\Mulaolao\Mulaolao\Class\AppUpdate.cs:行号 310
10:23:32.000  异常信息：由于连接方在一段时间后没有正确答复或连接的主机没有反应，连接尝试失败。 192.168.0.222:80
  堆栈信息:   在 AutoUpdate.AppUpdate.DownloadFile(String url, String localFilePath) 位置 D:\ProjectData\MLL\Mulaolao\Mulaolao\Class\AppUpdate.cs:行号 242
   在 AutoUpdate.AppUpdate.CheckAppVersion(String& msg) 位置 D:\ProjectData\MLL\Mulaolao\Mulaolao\Class\AppUpdate.cs:行号 310
10:23:41.000 UPDATE R_PQP SET GS73='T' FROM R_PQQ WHERE GS01=CP01 AND GS35=CP09 AND (GS35  LIKE '%丝印%' OR GS35 LIKE '%雕刻%' OR GS35  LIKE '%砂皮%' OR GS35  LIKE '%走台印%' OR GS35  LIKE '%冲印%') 
10:23:41.000 UPDATE R_PQP SET GS73='T' FROM R_PQAH WHERE GS01=AH01 AND GS35=AH18 AND (GS35  LIKE '%丝印%' OR GS35 LIKE '%雕刻%' OR GS35  LIKE '%砂皮%' OR GS35  LIKE '%走台印%' OR GS35  LIKE '%冲印%')
10:23:41.000 UPDATE R_PQP SET GS73='T' FROM R_PQI WHERE GS01=YQ03 AND  GS35 LIKE '%油漆%'  AND YQ139='1'
10:23:41.000 UPDATE R_PQP SET GS73='T' FROM R_PQAF WHERE GS01=AF002 AND GS07=AF015 AND GS02=AF084 AND GS08 ='Φ'+CONVERT(VARCHAR,CONVERT(FLOAT,AF022*10))+'*'+CONVERT(VARCHAR,CONVERT(FLOAT,AF020*10)) 
10:23:42.000 UPDATE R_PQP SET GS73='T' FROM R_PQU WHERE GS01=PQU01 AND GS07=PQU10 AND GS08=PQU12  
10:23:43.000 UPDATE R_PQP SET GS73='T' FROM R_PQS WHERE GS01=PJ01 AND GS56=PJ09 AND GS57=PJ89  
10:23:43.000 UPDATE R_PQP SET GS73='T' FROM R_PQT WHERE GS01=WX01 AND GS56=WX10 AND GS57=WX11 
10:23:44.000 WITH CET AS (select GS70,GS01,GS46,GS49,GS71,GS02,right(GS08,len(GS08) - charindex('*',GS08) ) a from R_PQP  WHERE GS70='R_338' AND GS73='F' ),CFT AS (SELECT GS70,GS01,GS46,GS49,GS71,GS02,right(a,LEN(a)-charindex('*',a)) GS08 FROM CET  ),CHT AS( SELECT DISTINCT GS70,GS01,GS46,GS49,GS71,GS02,CONVERT(FLOAT,CONVERT(DECIMAL(11,2),GS08)*1.0/10) GS08 FROM CFT  )SELECT GS70,GS01,GS46,GS49,GS71,GS02,CONVERT(VARCHAR,GS08) GS08,'' GS07,PQF13,PQF31 FROM CHT A INNER JOIN R_PQF B ON A.GS01=B.PQF01  WHERE (SELECT COUNT(1) FROM R_PQO WHERE GS01=JM90 AND GS02=JM09 AND CONVERT(VARCHAR,GS08)=CONVERT(VARCHAR,CONVERT(FLOAT,CONVERT(DECIMAL(11,4),JM96))))=0 and GS01 not in (SELECT JM90 FROM R_PQO WHERE JM116='1' )
10:23:44.000 从数据类型 nvarchar 转换为 numeric 时出错。
11:00:35.000  异常信息：由于连接方在一段时间后没有正确答复或连接的主机没有反应，连接尝试失败。 192.168.0.222:80
  堆栈信息:   在 AutoUpdate.AppUpdate.DownloadFile(String url, String localFilePath) 位置 D:\ProjectData\MLL\Mulaolao\Mulaolao\Class\AppUpdate.cs:行号 242
   在 AutoUpdate.AppUpdate.CheckAppVersion(String& msg) 位置 D:\ProjectData\MLL\Mulaolao\Mulaolao\Class\AppUpdate.cs:行号 310
11:00:44.000 UPDATE R_PQP SET GS73='T' FROM R_PQQ WHERE GS01=CP01 AND GS35=CP09 AND (GS35  LIKE '%丝印%' OR GS35 LIKE '%雕刻%' OR GS35  LIKE '%砂皮%' OR GS35  LIKE '%走台印%' OR GS35  LIKE '%冲印%') 
11:00:44.000 UPDATE R_PQP SET GS73='T' FROM R_PQAH WHERE GS01=AH01 AND GS35=AH18 AND (GS35  LIKE '%丝印%' OR GS35 LIKE '%雕刻%' OR GS35  LIKE '%砂皮%' OR GS35  LIKE '%走台印%' OR GS35  LIKE '%冲印%')
11:00:44.000 UPDATE R_PQP SET GS73='T' FROM R_PQI WHERE GS01=YQ03 AND  GS35 LIKE '%油漆%'  AND YQ139='1'
11:00:44.000 UPDATE R_PQP SET GS73='T' FROM R_PQAF WHERE GS01=AF002 AND GS07=AF015 AND GS02=AF084 AND GS08 ='Φ'+CONVERT(VARCHAR,CONVERT(FLOAT,AF022*10))+'*'+CONVERT(VARCHAR,CONVERT(FLOAT,AF020*10)) 
11:00:45.000 UPDATE R_PQP SET GS73='T' FROM R_PQU WHERE GS01=PQU01 AND GS07=PQU10 AND GS08=PQU12  
11:00:45.000 UPDATE R_PQP SET GS73='T' FROM R_PQS WHERE GS01=PJ01 AND GS56=PJ09 AND GS57=PJ89  
11:00:45.000 UPDATE R_PQP SET GS73='T' FROM R_PQT WHERE GS01=WX01 AND GS56=WX10 AND GS57=WX11 
11:00:46.000 WITH CET AS (select GS70,GS01,GS46,GS49,GS71,GS02,right(GS08,len(GS08) - charindex('*',GS08) ) a from R_PQP  WHERE GS70='R_338' AND GS73='F' ),CFT AS (SELECT GS70,GS01,GS46,GS49,GS71,GS02,right(a,LEN(a)-charindex('*',a)) GS08 FROM CET  ),CHT AS( SELECT DISTINCT GS70,GS01,GS46,GS49,GS71,GS02,CONVERT(FLOAT,CONVERT(DECIMAL(11,2),GS08)*1.0/10) GS08 FROM CFT  )SELECT GS70,GS01,GS46,GS49,GS71,GS02,CONVERT(VARCHAR,GS08) GS08,'' GS07,PQF13,PQF31 FROM CHT A INNER JOIN R_PQF B ON A.GS01=B.PQF01  WHERE (SELECT COUNT(1) FROM R_PQO WHERE GS01=JM90 AND GS02=JM09 AND CONVERT(VARCHAR,GS08)=CONVERT(VARCHAR,CONVERT(FLOAT,CONVERT(DECIMAL(11,4),JM96))))=0 and GS01 not in (SELECT JM90 FROM R_PQO WHERE JM116='1' )
11:00:46.000 从数据类型 nvarchar 转换为 numeric 时出错。
11:01:14.000 @RES01[R_001]
11:01:14.000 @RES06[18100324]
11:01:24.000 @AE02[18100324]
11:09:31.000  异常信息：由于连接方在一段时间后没有正确答复或连接的主机没有反应，连接尝试失败。 192.168.0.222:80
  堆栈信息:   在 AutoUpdate.AppUpdate.DownloadFile(String url, String localFilePath) 位置 D:\ProjectData\MLL\Mulaolao\Mulaolao\Class\AppUpdate.cs:行号 242
   在 AutoUpdate.AppUpdate.CheckAppVersion(String& msg) 位置 D:\ProjectData\MLL\Mulaolao\Mulaolao\Class\AppUpdate.cs:行号 310
11:10:51.000 UPDATE R_PQP SET GS73='T' FROM R_PQQ WHERE GS01=CP01 AND GS35=CP09 AND (GS35  LIKE '%丝印%' OR GS35 LIKE '%雕刻%' OR GS35  LIKE '%砂皮%' OR GS35  LIKE '%走台印%' OR GS35  LIKE '%冲印%') 
11:10:51.000 UPDATE R_PQP SET GS73='T' FROM R_PQAH WHERE GS01=AH01 AND GS35=AH18 AND (GS35  LIKE '%丝印%' OR GS35 LIKE '%雕刻%' OR GS35  LIKE '%砂皮%' OR GS35  LIKE '%走台印%' OR GS35  LIKE '%冲印%')
11:10:51.000 UPDATE R_PQP SET GS73='T' FROM R_PQI WHERE GS01=YQ03 AND  GS35 LIKE '%油漆%'  AND YQ139='1'
11:10:51.000 UPDATE R_PQP SET GS73='T' FROM R_PQAF WHERE GS01=AF002 AND GS07=AF015 AND GS02=AF084 AND GS08 ='Φ'+CONVERT(VARCHAR,CONVERT(FLOAT,AF022*10))+'*'+CONVERT(VARCHAR,CONVERT(FLOAT,AF020*10)) 
11:10:52.000 UPDATE R_PQP SET GS73='T' FROM R_PQU WHERE GS01=PQU01 AND GS07=PQU10 AND GS08=PQU12  
11:10:52.000 UPDATE R_PQP SET GS73='T' FROM R_PQS WHERE GS01=PJ01 AND GS56=PJ09 AND GS57=PJ89  
11:10:53.000 UPDATE R_PQP SET GS73='T' FROM R_PQT WHERE GS01=WX01 AND GS56=WX10 AND GS57=WX11 
11:10:53.000 WITH CET AS (select GS70,GS01,GS46,GS49,GS71,GS02,right(GS08,len(GS08) - charindex('*',GS08) ) a from R_PQP  WHERE GS70='R_338' AND GS73='F' ),CFT AS (SELECT GS70,GS01,GS46,GS49,GS71,GS02,right(a,LEN(a)-charindex('*',a)) GS08 FROM CET  ),CHT AS( SELECT DISTINCT GS70,GS01,GS46,GS49,GS71,GS02,CONVERT(FLOAT,CONVERT(DECIMAL(11,2),GS08)*1.0/10) GS08 FROM CFT  )SELECT GS70,GS01,GS46,GS49,GS71,GS02,CONVERT(VARCHAR,GS08) GS08,'' GS07,PQF13,PQF31 FROM CHT A INNER JOIN R_PQF B ON A.GS01=B.PQF01  WHERE (SELECT COUNT(1) FROM R_PQO WHERE GS01=JM90 AND GS02=JM09 AND CONVERT(VARCHAR,GS08)=CONVERT(VARCHAR,CONVERT(FLOAT,CONVERT(DECIMAL(11,4),JM96))))=0 and GS01 not in (SELECT JM90 FROM R_PQO WHERE JM116='1' )
11:10:53.000 从数据类型 nvarchar 转换为 numeric 时出错。
13:33:56.000  异常信息：由于连接方在一段时间后没有正确答复或连接的主机没有反应，连接尝试失败。 192.168.0.222:80
  堆栈信息:   在 AutoUpdate.AppUpdate.DownloadFile(String url, String localFilePath) 位置 D:\ProjectData\MLL\Mulaolao\Mulaolao\Class\AppUpdate.cs:行号 242
   在 AutoUpdate.AppUpdate.CheckAppVersion(String& msg) 位置 D:\ProjectData\MLL\Mulaolao\Mulaolao\Class\AppUpdate.cs:行号 310
13:34:04.000 UPDATE R_PQP SET GS73='T' FROM R_PQQ WHERE GS01=CP01 AND GS35=CP09 AND (GS35  LIKE '%丝印%' OR GS35 LIKE '%雕刻%' OR GS35  LIKE '%砂皮%' OR GS35  LIKE '%走台印%' OR GS35  LIKE '%冲印%') 
13:34:04.000 UPDATE R_PQP SET GS73='T' FROM R_PQAH WHERE GS01=AH01 AND GS35=AH18 AND (GS35  LIKE '%丝印%' OR GS35 LIKE '%雕刻%' OR GS35  LIKE '%砂皮%' OR GS35  LIKE '%走台印%' OR GS35  LIKE '%冲印%')
13:34:04.000 UPDATE R_PQP SET GS73='T' FROM R_PQI WHERE GS01=YQ03 AND  GS35 LIKE '%油漆%'  AND YQ139='1'
13:34:04.000 UPDATE R_PQP SET GS73='T' FROM R_PQAF WHERE GS01=AF002 AND GS07=AF015 AND GS02=AF084 AND GS08 ='Φ'+CONVERT(VARCHAR,CONVERT(FLOAT,AF022*10))+'*'+CONVERT(VARCHAR,CONVERT(FLOAT,AF020*10)) 
13:34:05.000 UPDATE R_PQP SET GS73='T' FROM R_PQU WHERE GS01=PQU01 AND GS07=PQU10 AND GS08=PQU12  
13:34:05.000 UPDATE R_PQP SET GS73='T' FROM R_PQS WHERE GS01=PJ01 AND GS56=PJ09 AND GS57=PJ89  
13:34:05.000 UPDATE R_PQP SET GS73='T' FROM R_PQT WHERE GS01=WX01 AND GS56=WX10 AND GS57=WX11 
13:34:06.000 WITH CET AS (select GS70,GS01,GS46,GS49,GS71,GS02,right(GS08,len(GS08) - charindex('*',GS08) ) a from R_PQP  WHERE GS70='R_338' AND GS73='F' ),CFT AS (SELECT GS70,GS01,GS46,GS49,GS71,GS02,right(a,LEN(a)-charindex('*',a)) GS08 FROM CET  ),CHT AS( SELECT DISTINCT GS70,GS01,GS46,GS49,GS71,GS02,CONVERT(FLOAT,CONVERT(DECIMAL(11,2),GS08)*1.0/10) GS08 FROM CFT  )SELECT GS70,GS01,GS46,GS49,GS71,GS02,CONVERT(VARCHAR,GS08) GS08,'' GS07,PQF13,PQF31 FROM CHT A INNER JOIN R_PQF B ON A.GS01=B.PQF01  WHERE (SELECT COUNT(1) FROM R_PQO WHERE GS01=JM90 AND GS02=JM09 AND CONVERT(VARCHAR,GS08)=CONVERT(VARCHAR,CONVERT(FLOAT,CONVERT(DECIMAL(11,4),JM96))))=0 and GS01 not in (SELECT JM90 FROM R_PQO WHERE JM116='1' )
13:34:06.000 从数据类型 nvarchar 转换为 numeric 时出错。
13:36:31.000  异常信息：由于连接方在一段时间后没有正确答复或连接的主机没有反应，连接尝试失败。 192.168.0.222:80
  堆栈信息:   在 AutoUpdate.AppUpdate.DownloadFile(String url, String localFilePath) 位置 D:\ProjectData\MLL\Mulaolao\Mulaolao\Class\AppUpdate.cs:行号 242
   在 AutoUpdate.AppUpdate.CheckAppVersion(String& msg) 位置 D:\ProjectData\MLL\Mulaolao\Mulaolao\Class\AppUpdate.cs:行号 310
13:36:42.000 UPDATE R_PQP SET GS73='T' FROM R_PQQ WHERE GS01=CP01 AND GS35=CP09 AND (GS35  LIKE '%丝印%' OR GS35 LIKE '%雕刻%' OR GS35  LIKE '%砂皮%' OR GS35  LIKE '%走台印%' OR GS35  LIKE '%冲印%') 
13:36:43.000 UPDATE R_PQP SET GS73='T' FROM R_PQAH WHERE GS01=AH01 AND GS35=AH18 AND (GS35  LIKE '%丝印%' OR GS35 LIKE '%雕刻%' OR GS35  LIKE '%砂皮%' OR GS35  LIKE '%走台印%' OR GS35  LIKE '%冲印%')
13:36:43.000 UPDATE R_PQP SET GS73='T' FROM R_PQI WHERE GS01=YQ03 AND  GS35 LIKE '%油漆%'  AND YQ139='1'
13:36:43.000 UPDATE R_PQP SET GS73='T' FROM R_PQAF WHERE GS01=AF002 AND GS07=AF015 AND GS02=AF084 AND GS08 ='Φ'+CONVERT(VARCHAR,CONVERT(FLOAT,AF022*10))+'*'+CONVERT(VARCHAR,CONVERT(FLOAT,AF020*10)) 
13:36:43.000 UPDATE R_PQP SET GS73='T' FROM R_PQU WHERE GS01=PQU01 AND GS07=PQU10 AND GS08=PQU12  
13:36:43.000 UPDATE R_PQP SET GS73='T' FROM R_PQS WHERE GS01=PJ01 AND GS56=PJ09 AND GS57=PJ89  
13:36:43.000 UPDATE R_PQP SET GS73='T' FROM R_PQT WHERE GS01=WX01 AND GS56=WX10 AND GS57=WX11 
13:36:43.000 WITH CET AS (select GS70,GS01,GS46,GS49,GS71,GS02,right(GS08,len(GS08) - charindex('*',GS08) ) a from R_PQP  WHERE GS70='R_338' AND GS73='F' ),CFT AS (SELECT GS70,GS01,GS46,GS49,GS71,GS02,right(a,LEN(a)-charindex('*',a)) GS08 FROM CET  ),CHT AS( SELECT DISTINCT GS70,GS01,GS46,GS49,GS71,GS02,CONVERT(FLOAT,CONVERT(DECIMAL(11,2),GS08)*1.0/10) GS08 FROM CFT  )SELECT GS70,GS01,GS46,GS49,GS71,GS02,CONVERT(VARCHAR,GS08) GS08,'' GS07,PQF13,PQF31 FROM CHT A INNER JOIN R_PQF B ON A.GS01=B.PQF01  WHERE (SELECT COUNT(1) FROM R_PQO WHERE GS01=JM90 AND GS02=JM09 AND CONVERT(VARCHAR,GS08)=CONVERT(VARCHAR,CONVERT(FLOAT,CONVERT(DECIMAL(11,4),JM96))))=0 and GS01 not in (SELECT JM90 FROM R_PQO WHERE JM116='1' )
13:36:43.000 从数据类型 nvarchar 转换为 numeric 时出错。
13:38:01.000  异常信息：由于连接方在一段时间后没有正确答复或连接的主机没有反应，连接尝试失败。 192.168.0.222:80
  堆栈信息:   在 AutoUpdate.AppUpdate.DownloadFile(String url, String localFilePath) 位置 D:\ProjectData\MLL\Mulaolao\Mulaolao\Class\AppUpdate.cs:行号 242
   在 AutoUpdate.AppUpdate.CheckAppVersion(String& msg) 位置 D:\ProjectData\MLL\Mulaolao\Mulaolao\Class\AppUpdate.cs:行号 310
13:38:13.000 UPDATE R_PQP SET GS73='T' FROM R_PQQ WHERE GS01=CP01 AND GS35=CP09 AND (GS35  LIKE '%丝印%' OR GS35 LIKE '%雕刻%' OR GS35  LIKE '%砂皮%' OR GS35  LIKE '%走台印%' OR GS35  LIKE '%冲印%') 
13:38:13.000 UPDATE R_PQP SET GS73='T' FROM R_PQAH WHERE GS01=AH01 AND GS35=AH18 AND (GS35  LIKE '%丝印%' OR GS35 LIKE '%雕刻%' OR GS35  LIKE '%砂皮%' OR GS35  LIKE '%走台印%' OR GS35  LIKE '%冲印%')
13:38:13.000 UPDATE R_PQP SET GS73='T' FROM R_PQI WHERE GS01=YQ03 AND  GS35 LIKE '%油漆%'  AND YQ139='1'
13:38:13.000 UPDATE R_PQP SET GS73='T' FROM R_PQAF WHERE GS01=AF002 AND GS07=AF015 AND GS02=AF084 AND GS08 ='Φ'+CONVERT(VARCHAR,CONVERT(FLOAT,AF022*10))+'*'+CONVERT(VARCHAR,CONVERT(FLOAT,AF020*10)) 
13:38:13.000 UPDATE R_PQP SET GS73='T' FROM R_PQU WHERE GS01=PQU01 AND GS07=PQU10 AND GS08=PQU12  
13:38:14.000 UPDATE R_PQP SET GS73='T' FROM R_PQS WHERE GS01=PJ01 AND GS56=PJ09 AND GS57=PJ89  
13:38:14.000 UPDATE R_PQP SET GS73='T' FROM R_PQT WHERE GS01=WX01 AND GS56=WX10 AND GS57=WX11 
13:38:14.000 WITH CET AS (select GS70,GS01,GS46,GS49,GS71,GS02,right(GS08,len(GS08) - charindex('*',GS08) ) a from R_PQP  WHERE GS70='R_338' AND GS73='F' ),CFT AS (SELECT GS70,GS01,GS46,GS49,GS71,GS02,right(a,LEN(a)-charindex('*',a)) GS08 FROM CET  ),CHT AS( SELECT DISTINCT GS70,GS01,GS46,GS49,GS71,GS02,CONVERT(FLOAT,CONVERT(DECIMAL(11,2),GS08)*1.0/10) GS08 FROM CFT  )SELECT GS70,GS01,GS46,GS49,GS71,GS02,CONVERT(VARCHAR,GS08) GS08,'' GS07,PQF13,PQF31 FROM CHT A INNER JOIN R_PQF B ON A.GS01=B.PQF01  WHERE (SELECT COUNT(1) FROM R_PQO WHERE GS01=JM90 AND GS02=JM09 AND CONVERT(VARCHAR,GS08)=CONVERT(VARCHAR,CONVERT(FLOAT,CONVERT(DECIMAL(11,4),JM96))))=0 and GS01 not in (SELECT JM90 FROM R_PQO WHERE JM116='1' )
13:38:14.000 从数据类型 nvarchar 转换为 numeric 时出错。
13:39:57.000  异常信息：由于连接方在一段时间后没有正确答复或连接的主机没有反应，连接尝试失败。 192.168.0.222:80
  堆栈信息:   在 AutoUpdate.AppUpdate.DownloadFile(String url, String localFilePath) 位置 D:\ProjectData\MLL\Mulaolao\Mulaolao\Class\AppUpdate.cs:行号 242
   在 AutoUpdate.AppUpdate.CheckAppVersion(String& msg) 位置 D:\ProjectData\MLL\Mulaolao\Mulaolao\Class\AppUpdate.cs:行号 310
13:40:05.000 UPDATE R_PQP SET GS73='T' FROM R_PQQ WHERE GS01=CP01 AND GS35=CP09 AND (GS35  LIKE '%丝印%' OR GS35 LIKE '%雕刻%' OR GS35  LIKE '%砂皮%' OR GS35  LIKE '%走台印%' OR GS35  LIKE '%冲印%') 
13:40:06.000 UPDATE R_PQP SET GS73='T' FROM R_PQAH WHERE GS01=AH01 AND GS35=AH18 AND (GS35  LIKE '%丝印%' OR GS35 LIKE '%雕刻%' OR GS35  LIKE '%砂皮%' OR GS35  LIKE '%走台印%' OR GS35  LIKE '%冲印%')
13:40:06.000 UPDATE R_PQP SET GS73='T' FROM R_PQI WHERE GS01=YQ03 AND  GS35 LIKE '%油漆%'  AND YQ139='1'
13:40:06.000 UPDATE R_PQP SET GS73='T' FROM R_PQAF WHERE GS01=AF002 AND GS07=AF015 AND GS02=AF084 AND GS08 ='Φ'+CONVERT(VARCHAR,CONVERT(FLOAT,AF022*10))+'*'+CONVERT(VARCHAR,CONVERT(FLOAT,AF020*10)) 
13:40:06.000 UPDATE R_PQP SET GS73='T' FROM R_PQU WHERE GS01=PQU01 AND GS07=PQU10 AND GS08=PQU12  
13:40:07.000 UPDATE R_PQP SET GS73='T' FROM R_PQS WHERE GS01=PJ01 AND GS56=PJ09 AND GS57=PJ89  
13:40:07.000 UPDATE R_PQP SET GS73='T' FROM R_PQT WHERE GS01=WX01 AND GS56=WX10 AND GS57=WX11 
13:40:07.000 WITH CET AS (select GS70,GS01,GS46,GS49,GS71,GS02,right(GS08,len(GS08) - charindex('*',GS08) ) a from R_PQP  WHERE GS70='R_338' AND GS73='F' ),CFT AS (SELECT GS70,GS01,GS46,GS49,GS71,GS02,right(a,LEN(a)-charindex('*',a)) GS08 FROM CET  ),CHT AS( SELECT DISTINCT GS70,GS01,GS46,GS49,GS71,GS02,CONVERT(FLOAT,CONVERT(DECIMAL(11,2),GS08)*1.0/10) GS08 FROM CFT  )SELECT GS70,GS01,GS46,GS49,GS71,GS02,CONVERT(VARCHAR,GS08) GS08,'' GS07,PQF13,PQF31 FROM CHT A INNER JOIN R_PQF B ON A.GS01=B.PQF01  WHERE (SELECT COUNT(1) FROM R_PQO WHERE GS01=JM90 AND GS02=JM09 AND CONVERT(VARCHAR,GS08)=CONVERT(VARCHAR,CONVERT(FLOAT,CONVERT(DECIMAL(11,4),JM96))))=0 and GS01 not in (SELECT JM90 FROM R_PQO WHERE JM116='1' )
13:40:07.000 从数据类型 nvarchar 转换为 numeric 时出错。
13:43:03.000  异常信息：由于连接方在一段时间后没有正确答复或连接的主机没有反应，连接尝试失败。 192.168.0.222:80
  堆栈信息:   在 AutoUpdate.AppUpdate.DownloadFile(String url, String localFilePath) 位置 D:\ProjectData\MLL\Mulaolao\Mulaolao\Class\AppUpdate.cs:行号 242
   在 AutoUpdate.AppUpdate.CheckAppVersion(String& msg) 位置 D:\ProjectData\MLL\Mulaolao\Mulaolao\Class\AppUpdate.cs:行号 310
13:43:11.000 UPDATE R_PQP SET GS73='T' FROM R_PQQ WHERE GS01=CP01 AND GS35=CP09 AND (GS35  LIKE '%丝印%' OR GS35 LIKE '%雕刻%' OR GS35  LIKE '%砂皮%' OR GS35  LIKE '%走台印%' OR GS35  LIKE '%冲印%') 
13:43:12.000 UPDATE R_PQP SET GS73='T' FROM R_PQAH WHERE GS01=AH01 AND GS35=AH18 AND (GS35  LIKE '%丝印%' OR GS35 LIKE '%雕刻%' OR GS35  LIKE '%砂皮%' OR GS35  LIKE '%走台印%' OR GS35  LIKE '%冲印%')
13:43:12.000 UPDATE R_PQP SET GS73='T' FROM R_PQI WHERE GS01=YQ03 AND  GS35 LIKE '%油漆%'  AND YQ139='1'
13:43:12.000 UPDATE R_PQP SET GS73='T' FROM R_PQAF WHERE GS01=AF002 AND GS07=AF015 AND GS02=AF084 AND GS08 ='Φ'+CONVERT(VARCHAR,CONVERT(FLOAT,AF022*10))+'*'+CONVERT(VARCHAR,CONVERT(FLOAT,AF020*10)) 
13:43:12.000 UPDATE R_PQP SET GS73='T' FROM R_PQU WHERE GS01=PQU01 AND GS07=PQU10 AND GS08=PQU12  
13:43:13.000 UPDATE R_PQP SET GS73='T' FROM R_PQS WHERE GS01=PJ01 AND GS56=PJ09 AND GS57=PJ89  
13:43:13.000 UPDATE R_PQP SET GS73='T' FROM R_PQT WHERE GS01=WX01 AND GS56=WX10 AND GS57=WX11 
13:43:13.000 WITH CET AS (select GS70,GS01,GS46,GS49,GS71,GS02,right(GS08,len(GS08) - charindex('*',GS08) ) a from R_PQP  WHERE GS70='R_338' AND GS73='F' ),CFT AS (SELECT GS70,GS01,GS46,GS49,GS71,GS02,right(a,LEN(a)-charindex('*',a)) GS08 FROM CET  ),CHT AS( SELECT DISTINCT GS70,GS01,GS46,GS49,GS71,GS02,CONVERT(FLOAT,CONVERT(DECIMAL(11,2),GS08)*1.0/10) GS08 FROM CFT  )SELECT GS70,GS01,GS46,GS49,GS71,GS02,CONVERT(VARCHAR,GS08) GS08,'' GS07,PQF13,PQF31 FROM CHT A INNER JOIN R_PQF B ON A.GS01=B.PQF01  WHERE (SELECT COUNT(1) FROM R_PQO WHERE GS01=JM90 AND GS02=JM09 AND CONVERT(VARCHAR,GS08)=CONVERT(VARCHAR,CONVERT(FLOAT,CONVERT(DECIMAL(11,4),JM96))))=0 and GS01 not in (SELECT JM90 FROM R_PQO WHERE JM116='1' )
13:43:13.000 从数据类型 nvarchar 转换为 numeric 时出错。
13:45:01.000  异常信息：由于连接方在一段时间后没有正确答复或连接的主机没有反应，连接尝试失败。 192.168.0.222:80
  堆栈信息:   在 AutoUpdate.AppUpdate.DownloadFile(String url, String localFilePath) 位置 D:\ProjectData\MLL\Mulaolao\Mulaolao\Class\AppUpdate.cs:行号 242
   在 AutoUpdate.AppUpdate.CheckAppVersion(String& msg) 位置 D:\ProjectData\MLL\Mulaolao\Mulaolao\Class\AppUpdate.cs:行号 310
13:45:14.000 UPDATE R_PQP SET GS73='T' FROM R_PQQ WHERE GS01=CP01 AND GS35=CP09 AND (GS35  LIKE '%丝印%' OR GS35 LIKE '%雕刻%' OR GS35  LIKE '%砂皮%' OR GS35  LIKE '%走台印%' OR GS35  LIKE '%冲印%') 
13:45:14.000 UPDATE R_PQP SET GS73='T' FROM R_PQAH WHERE GS01=AH01 AND GS35=AH18 AND (GS35  LIKE '%丝印%' OR GS35 LIKE '%雕刻%' OR GS35  LIKE '%砂皮%' OR GS35  LIKE '%走台印%' OR GS35  LIKE '%冲印%')
13:45:14.000 UPDATE R_PQP SET GS73='T' FROM R_PQI WHERE GS01=YQ03 AND  GS35 LIKE '%油漆%'  AND YQ139='1'
13:45:14.000 UPDATE R_PQP SET GS73='T' FROM R_PQAF WHERE GS01=AF002 AND GS07=AF015 AND GS02=AF084 AND GS08 ='Φ'+CONVERT(VARCHAR,CONVERT(FLOAT,AF022*10))+'*'+CONVERT(VARCHAR,CONVERT(FLOAT,AF020*10)) 
13:45:14.000 UPDATE R_PQP SET GS73='T' FROM R_PQU WHERE GS01=PQU01 AND GS07=PQU10 AND GS08=PQU12  
13:45:15.000 UPDATE R_PQP SET GS73='T' FROM R_PQS WHERE GS01=PJ01 AND GS56=PJ09 AND GS57=PJ89  
13:45:15.000 UPDATE R_PQP SET GS73='T' FROM R_PQT WHERE GS01=WX01 AND GS56=WX10 AND GS57=WX11 
13:45:16.000 WITH CET AS (select GS70,GS01,GS46,GS49,GS71,GS02,right(GS08,len(GS08) - charindex('*',GS08) ) a from R_PQP  WHERE GS70='R_338' AND GS73='F' ),CFT AS (SELECT GS70,GS01,GS46,GS49,GS71,GS02,right(a,LEN(a)-charindex('*',a)) GS08 FROM CET  ),CHT AS( SELECT DISTINCT GS70,GS01,GS46,GS49,GS71,GS02,CONVERT(FLOAT,CONVERT(DECIMAL(11,2),GS08)*1.0/10) GS08 FROM CFT  )SELECT GS70,GS01,GS46,GS49,GS71,GS02,CONVERT(VARCHAR,GS08) GS08,'' GS07,PQF13,PQF31 FROM CHT A INNER JOIN R_PQF B ON A.GS01=B.PQF01  WHERE (SELECT COUNT(1) FROM R_PQO WHERE GS01=JM90 AND GS02=JM09 AND CONVERT(VARCHAR,GS08)=CONVERT(VARCHAR,CONVERT(FLOAT,CONVERT(DECIMAL(11,4),JM96))))=0 and GS01 not in (SELECT JM90 FROM R_PQO WHERE JM116='1' )
13:45:16.000 从数据类型 nvarchar 转换为 numeric 时出错。
14:33:02.000  异常信息：由于连接方在一段时间后没有正确答复或连接的主机没有反应，连接尝试失败。 192.168.0.222:80
  堆栈信息:   在 AutoUpdate.AppUpdate.DownloadFile(String url, String localFilePath) 位置 D:\ProjectData\MLL\Mulaolao\Mulaolao\Class\AppUpdate.cs:行号 242
   在 AutoUpdate.AppUpdate.CheckAppVersion(String& msg) 位置 D:\ProjectData\MLL\Mulaolao\Mulaolao\Class\AppUpdate.cs:行号 310
14:33:39.000 UPDATE R_PQP SET GS73='T' FROM R_PQQ WHERE GS01=CP01 AND GS35=CP09 AND (GS35  LIKE '%丝印%' OR GS35 LIKE '%雕刻%' OR GS35  LIKE '%砂皮%' OR GS35  LIKE '%走台印%' OR GS35  LIKE '%冲印%') 
14:33:39.000 UPDATE R_PQP SET GS73='T' FROM R_PQAH WHERE GS01=AH01 AND GS35=AH18 AND (GS35  LIKE '%丝印%' OR GS35 LIKE '%雕刻%' OR GS35  LIKE '%砂皮%' OR GS35  LIKE '%走台印%' OR GS35  LIKE '%冲印%')
14:33:39.000 UPDATE R_PQP SET GS73='T' FROM R_PQI WHERE GS01=YQ03 AND  GS35 LIKE '%油漆%'  AND YQ139='1'
14:33:39.000 UPDATE R_PQP SET GS73='T' FROM R_PQAF WHERE GS01=AF002 AND GS07=AF015 AND GS02=AF084 AND GS08 ='Φ'+CONVERT(VARCHAR,CONVERT(FLOAT,AF022*10))+'*'+CONVERT(VARCHAR,CONVERT(FLOAT,AF020*10)) 
14:33:40.000 UPDATE R_PQP SET GS73='T' FROM R_PQU WHERE GS01=PQU01 AND GS07=PQU10 AND GS08=PQU12  
14:33:40.000 UPDATE R_PQP SET GS73='T' FROM R_PQS WHERE GS01=PJ01 AND GS56=PJ09 AND GS57=PJ89  
14:33:40.000 UPDATE R_PQP SET GS73='T' FROM R_PQT WHERE GS01=WX01 AND GS56=WX10 AND GS57=WX11 
14:33:40.000 WITH CET AS (select GS70,GS01,GS46,GS49,GS71,GS02,right(GS08,len(GS08) - charindex('*',GS08) ) a from R_PQP  WHERE GS70='R_338' AND GS73='F' ),CFT AS (SELECT GS70,GS01,GS46,GS49,GS71,GS02,right(a,LEN(a)-charindex('*',a)) GS08 FROM CET  ),CHT AS( SELECT DISTINCT GS70,GS01,GS46,GS49,GS71,GS02,CONVERT(FLOAT,CONVERT(DECIMAL(11,2),GS08)*1.0/10) GS08 FROM CFT  )SELECT GS70,GS01,GS46,GS49,GS71,GS02,CONVERT(VARCHAR,GS08) GS08,'' GS07,PQF13,PQF31 FROM CHT A INNER JOIN R_PQF B ON A.GS01=B.PQF01  WHERE (SELECT COUNT(1) FROM R_PQO WHERE GS01=JM90 AND GS02=JM09 AND CONVERT(VARCHAR,GS08)=CONVERT(VARCHAR,CONVERT(FLOAT,CONVERT(DECIMAL(11,4),JM96))))=0 and GS01 not in (SELECT JM90 FROM R_PQO WHERE JM116='1' )
14:33:40.000 从数据类型 nvarchar 转换为 numeric 时出错。
14:35:12.000 @GS02[包装辅料]
14:35:12.000 @GS04[0.0000]
14:35:12.000 @GS05[0.00]
14:35:12.000 @GS07[收缩袋1]
14:35:12.000 @GS08[300*400]
14:35:12.000 @GS09[个]
14:35:12.000 @GS10[1.000000]
14:35:12.000 @GS11[0.000]
14:35:12.000 @GS13[0]
14:35:12.000 @GS14[]
14:35:12.000 @GS15[]
14:35:12.000 @GS16[严少荣]
14:35:12.000 @GS17[吴书松]
14:35:12.000 @GS18[吴小毛]
14:35:12.000 @GS19[2018/12/7 0:00:00]
14:35:12.000 @GS51[0.150]
14:35:12.000 @idx[52459]
14:35:12.000 @GS2[包装辅料]
14:35:12.000 @GS7[收缩袋1]
14:35:12.000 @GS20[]
14:35:12.000 @GS70[R_347]
14:35:12.000 @GS71[包装辅料]
14:35:12.000 UPDATE R_PQP SET GS02=@GS2,GS04=@GS04,GS05=@GS05,GS07=@GS7,GS08=@GS08,GS09=@GS09,GS10=@GS10,GS11=@GS11,GS13=@GS13,GS14=@GS14,GS15=@GS15,GS16=@GS16,GS17=@GS17,GS18=@GS18,GS19=@GS19,GS20=@GS20,GS51=@GS51,GS70=@GS70,GS71=@GS71 WHERE idx=@idx
14:35:22.000 @GS02[包装辅料]
14:35:22.000 @GS04[0.0000]
14:35:22.000 @GS05[0.00]
14:35:22.000 @GS07[收缩袋2]
14:35:22.000 @GS08[250*360]
14:35:22.000 @GS09[个]
14:35:22.000 @GS10[1.000000]
14:35:22.000 @GS11[0.000]
14:35:22.000 @GS13[0]
14:35:22.000 @GS14[]
14:35:22.000 @GS15[]
14:35:22.000 @GS16[严少荣]
14:35:22.000 @GS17[吴书松]
14:35:22.000 @GS18[吴小毛]
14:35:22.000 @GS19[2018/12/7 0:00:00]
14:35:22.000 @GS51[0.120]
14:35:22.000 @idx[52460]
14:35:22.000 @GS2[包装辅料]
14:35:22.000 @GS7[收缩袋2]
14:35:22.000 @GS20[]
14:35:22.000 @GS70[R_347]
14:35:22.000 @GS71[包装辅料]
14:35:22.000 UPDATE R_PQP SET GS02=@GS2,GS04=@GS04,GS05=@GS05,GS07=@GS7,GS08=@GS08,GS09=@GS09,GS10=@GS10,GS11=@GS11,GS13=@GS13,GS14=@GS14,GS15=@GS15,GS16=@GS16,GS17=@GS17,GS18=@GS18,GS19=@GS19,GS20=@GS20,GS51=@GS51,GS70=@GS70,GS71=@GS71 WHERE idx=@idx
14:35:26.000 @GS02[包装辅料]
14:35:26.000 @GS04[0.0000]
14:35:26.000 @GS05[0.00]
14:35:26.000 @GS07[拷贝纸]
14:35:26.000 @GS08[300*300]
14:35:26.000 @GS09[张]
14:35:26.000 @GS10[1.000000]
14:35:26.000 @GS11[0.000]
14:35:26.000 @GS13[0]
14:35:26.000 @GS14[]
14:35:26.000 @GS15[]
14:35:26.000 @GS16[严少荣]
14:35:26.000 @GS17[吴书松]
14:35:26.000 @GS18[吴小毛]
14:35:26.000 @GS19[2018/12/7 0:00:00]
14:35:26.000 @GS51[0.037]
14:35:26.000 @idx[52461]
14:35:26.000 @GS2[包装辅料]
14:35:26.000 @GS7[拷贝纸]
14:35:26.000 @GS20[]
14:35:26.000 @GS70[R_347]
14:35:26.000 @GS71[包装辅料]
14:35:26.000 UPDATE R_PQP SET GS02=@GS2,GS04=@GS04,GS05=@GS05,GS07=@GS7,GS08=@GS08,GS09=@GS09,GS10=@GS10,GS11=@GS11,GS13=@GS13,GS14=@GS14,GS15=@GS15,GS16=@GS16,GS17=@GS17,GS18=@GS18,GS19=@GS19,GS20=@GS20,GS51=@GS51,GS70=@GS70,GS71=@GS71 WHERE idx=@idx
14:35:32.000 @GS02[塑料件]
14:35:32.000 @GS04[0.0000]
14:35:32.000 @GS05[0.00]
14:35:32.000 @GS07[塑料磁铁（客供）]
14:35:32.000 @GS08[Φ15*19]
14:35:32.000 @GS09[个]
14:35:32.000 @GS10[2.000000]
14:35:32.000 @GS11[0.000]
14:35:32.000 @GS13[0]
14:35:32.000 @GS14[]
14:35:32.000 @GS15[]
14:35:32.000 @GS16[刘芬芬]
14:35:32.000 @GS17[吴书松]
14:35:32.000 @GS18[吴小毛]
14:35:32.000 @GS19[2018/11/8 0:00:00]
14:35:32.000 @GS51[0.000]
14:35:32.000 @idx[51817]
14:35:32.000 @GS2[塑料件]
14:35:32.000 @GS7[塑料磁铁（客供）]
14:35:32.000 @GS20[]
14:35:32.000 @GS70[R_347]
14:35:32.000 @GS71[塑料件]
14:35:32.000 UPDATE R_PQP SET GS02=@GS2,GS04=@GS04,GS05=@GS05,GS07=@GS7,GS08=@GS08,GS09=@GS09,GS10=@GS10,GS11=@GS11,GS13=@GS13,GS14=@GS14,GS15=@GS15,GS16=@GS16,GS17=@GS17,GS18=@GS18,GS19=@GS19,GS20=@GS20,GS51=@GS51,GS70=@GS70,GS71=@GS71 WHERE idx=@idx
14:35:36.000 @GS02[铁件]
14:35:36.000 @GS04[0.0670]
14:35:36.000 @GS05[0.00]
14:35:36.000 @GS07[金属销]
14:35:36.000 @GS08[Φ6*10]
14:35:36.000 @GS09[粒]
14:35:36.000 @GS10[10.000000]
14:35:36.000 @GS11[0.067]
14:35:36.000 @GS13[0]
14:35:36.000 @GS14[]
14:35:36.000 @GS15[]
14:35:36.000 @GS16[严少荣]
14:35:36.000 @GS17[吴书松]
14:35:36.000 @GS18[吴小毛]
14:35:36.000 @GS19[2018/11/8 0:00:00]
14:35:36.000 @GS51[0.000]
14:35:36.000 @idx[51816]
14:35:36.000 @GS2[铁件]
14:35:36.000 @GS7[金属销]
14:35:36.000 @GS20[]
14:35:36.000 @GS70[R_343]
14:35:36.000 @GS71[铁件]
14:35:36.000 UPDATE R_PQP SET GS02=@GS2,GS04=@GS04,GS05=@GS05,GS07=@GS7,GS08=@GS08,GS09=@GS09,GS10=@GS10,GS11=@GS11,GS13=@GS13,GS14=@GS14,GS15=@GS15,GS16=@GS16,GS17=@GS17,GS18=@GS18,GS19=@GS19,GS20=@GS20,GS51=@GS51,GS70=@GS70,GS71=@GS71 WHERE idx=@idx
14:35:42.000 @GS02[竹签]
14:35:42.000 @GS04[0.0000]
14:35:42.000 @GS05[0.00]
14:35:42.000 @GS07[钓鱼杆]
14:35:42.000 @GS08[Φ10*200]
14:35:42.000 @GS09[条]
14:35:42.000 @GS10[2.000000]
14:35:42.000 @GS11[0.260]
14:35:42.000 @GS13[0]
14:35:42.000 @GS14[]
14:35:42.000 @GS15[]
14:35:42.000 @GS16[严少荣]
14:35:42.000 @GS17[吴书松]
14:35:42.000 @GS18[吴小毛]
14:35:42.000 @GS19[2018/11/8 0:00:00]
14:35:42.000 @GS51[0.000]
14:35:42.000 @idx[51805]
14:35:42.000 @GS2[竹签]
14:35:42.000 @GS7[钓鱼杆]
14:35:42.000 @GS20[]
14:35:42.000 @GS70[R_342]
14:35:42.000 @GS71[车木件]
14:35:42.000 UPDATE R_PQP SET GS02=@GS2,GS04=@GS04,GS05=@GS05,GS07=@GS7,GS08=@GS08,GS09=@GS09,GS10=@GS10,GS11=@GS11,GS13=@GS13,GS14=@GS14,GS15=@GS15,GS16=@GS16,GS17=@GS17,GS18=@GS18,GS19=@GS19,GS20=@GS20,GS51=@GS51,GS70=@GS70,GS71=@GS71 WHERE idx=@idx
14:37:11.000  异常信息：由于连接方在一段时间后没有正确答复或连接的主机没有反应，连接尝试失败。 192.168.0.222:80
  堆栈信息:   在 AutoUpdate.AppUpdate.DownloadFile(String url, String localFilePath) 位置 D:\ProjectData\MLL\Mulaolao\Mulaolao\Class\AppUpdate.cs:行号 242
   在 AutoUpdate.AppUpdate.CheckAppVersion(String& msg) 位置 D:\ProjectData\MLL\Mulaolao\Mulaolao\Class\AppUpdate.cs:行号 310
14:37:27.000 UPDATE R_PQP SET GS73='T' FROM R_PQQ WHERE GS01=CP01 AND GS35=CP09 AND (GS35  LIKE '%丝印%' OR GS35 LIKE '%雕刻%' OR GS35  LIKE '%砂皮%' OR GS35  LIKE '%走台印%' OR GS35  LIKE '%冲印%') 
14:37:28.000 UPDATE R_PQP SET GS73='T' FROM R_PQAH WHERE GS01=AH01 AND GS35=AH18 AND (GS35  LIKE '%丝印%' OR GS35 LIKE '%雕刻%' OR GS35  LIKE '%砂皮%' OR GS35  LIKE '%走台印%' OR GS35  LIKE '%冲印%')
14:37:28.000 UPDATE R_PQP SET GS73='T' FROM R_PQI WHERE GS01=YQ03 AND  GS35 LIKE '%油漆%'  AND YQ139='1'
14:37:28.000 UPDATE R_PQP SET GS73='T' FROM R_PQAF WHERE GS01=AF002 AND GS07=AF015 AND GS02=AF084 AND GS08 ='Φ'+CONVERT(VARCHAR,CONVERT(FLOAT,AF022*10))+'*'+CONVERT(VARCHAR,CONVERT(FLOAT,AF020*10)) 
14:37:28.000 UPDATE R_PQP SET GS73='T' FROM R_PQU WHERE GS01=PQU01 AND GS07=PQU10 AND GS08=PQU12  
14:37:28.000 UPDATE R_PQP SET GS73='T' FROM R_PQS WHERE GS01=PJ01 AND GS56=PJ09 AND GS57=PJ89  
14:37:29.000 UPDATE R_PQP SET GS73='T' FROM R_PQT WHERE GS01=WX01 AND GS56=WX10 AND GS57=WX11 
14:37:29.000 WITH CET AS (select GS70,GS01,GS46,GS49,GS71,GS02,right(GS08,len(GS08) - charindex('*',GS08) ) a from R_PQP  WHERE GS70='R_338' AND GS73='F' ),CFT AS (SELECT GS70,GS01,GS46,GS49,GS71,GS02,right(a,LEN(a)-charindex('*',a)) GS08 FROM CET  ),CHT AS( SELECT DISTINCT GS70,GS01,GS46,GS49,GS71,GS02,CONVERT(FLOAT,CONVERT(DECIMAL(11,2),GS08)*1.0/10) GS08 FROM CFT  )SELECT GS70,GS01,GS46,GS49,GS71,GS02,CONVERT(VARCHAR,GS08) GS08,'' GS07,PQF13,PQF31 FROM CHT A INNER JOIN R_PQF B ON A.GS01=B.PQF01  WHERE (SELECT COUNT(1) FROM R_PQO WHERE GS01=JM90 AND GS02=JM09 AND CONVERT(VARCHAR,GS08)=CONVERT(VARCHAR,CONVERT(FLOAT,CONVERT(DECIMAL(11,4),JM96))))=0 and GS01 not in (SELECT JM90 FROM R_PQO WHERE JM116='1' )
14:37:29.000 从数据类型 nvarchar 转换为 numeric 时出错。
14:38:32.000 @GS02[其它材料]
14:38:32.000 @GS04[0.0000]
14:38:32.000 @GS05[0.00]
14:38:32.000 @GS07[布袋]
14:38:32.000 @GS08[150*200]
14:38:32.000 @GS09[个]
14:38:32.000 @GS10[2.000000]
14:38:32.000 @GS11[1.000]
14:38:32.000 @GS13[0]
14:38:32.000 @GS14[]
14:38:32.000 @GS15[]
14:38:32.000 @GS16[]
14:38:32.000 @GS17[]
14:38:32.000 @GS18[]
14:38:32.000 @GS19[2018/11/24 0:00:00]
14:38:32.000 @GS51[0.000]
14:38:32.000 @idx[52427]
14:38:32.000 @GS2[其它材料]
14:38:32.000 @GS7[布袋]
14:38:32.000 @GS20[]
14:38:32.000 @GS70[R_347]
14:38:32.000 @GS71[其它材料]
14:38:32.000 UPDATE R_PQP SET GS02=@GS2,GS04=@GS04,GS05=@GS05,GS07=@GS7,GS08=@GS08,GS09=@GS09,GS10=@GS10,GS11=@GS11,GS13=@GS13,GS14=@GS14,GS15=@GS15,GS16=@GS16,GS17=@GS17,GS18=@GS18,GS19=@GS19,GS20=@GS20,GS51=@GS51,GS70=@GS70,GS71=@GS71 WHERE idx=@idx
14:39:05.000 @GS36[0.2000]
14:39:05.000 @GS37[0.00]
14:39:05.000 @GS38[]
14:39:05.000 @GS39[0]
14:39:05.000 @GS40[]
14:39:05.000 @GS41[]
14:39:05.000 @GS42[]
14:39:05.000 @GS43[]
14:39:05.000 @GS44[]
14:39:05.000 @GS45[2018/11/24 0:00:00]
14:39:05.000 @idx[52421]
14:39:05.000 @GS35[丝印]
14:39:05.000 @GS72[承揽工资]
14:39:05.000 @GS74[R_196]
14:39:05.000 @GS75[丝印]
14:39:05.000 @GS76[]
14:39:05.000 UPDATE R_PQP SET GS35=@GS35,GS36=@GS36,GS37=@GS37,GS38=@GS38,GS39=@GS39,GS40=@GS40,GS41=@GS41,GS42=@GS42,GS43=@GS43,GS44=@GS44,GS45=@GS45,GS72=@GS72,GS74=@GS74,GS75=@GS75,GS76=@GS76 WHERE idx=@idx
14:39:18.000 @GS36[0.5000]
14:39:18.000 @GS37[0.00]
14:39:18.000 @GS38[]
14:39:19.000 @GS39[0]
14:39:19.000 @GS40[]
14:39:19.000 @GS41[]
14:39:19.000 @GS42[]
14:39:19.000 @GS43[]
14:39:19.000 @GS44[]
14:39:19.000 @GS45[2018/11/24 0:00:00]
14:39:19.000 @idx[52426]
14:39:19.000 @GS35[夹料]
14:39:19.000 @GS72[承揽工资]
14:39:19.000 @GS74[R_505]
14:39:19.000 @GS75[夹料]
14:39:19.000 @GS76[]
14:39:19.000 UPDATE R_PQP SET GS35=@GS35,GS36=@GS36,GS37=@GS37,GS38=@GS38,GS39=@GS39,GS40=@GS40,GS41=@GS41,GS42=@GS42,GS43=@GS43,GS44=@GS44,GS45=@GS45,GS72=@GS72,GS74=@GS74,GS75=@GS75,GS76=@GS76 WHERE idx=@idx
14:40:03.000 @GS36[0.4000]
14:40:03.000 @GS37[0.00]
14:40:03.000 @GS38[]
14:40:03.000 @GS39[0]
14:40:03.000 @GS40[]
14:40:03.000 @GS41[]
14:40:03.000 @GS42[]
14:40:03.000 @GS43[]
14:40:03.000 @GS44[]
14:40:03.000 @GS45[2018/11/24 0:00:00]
14:40:03.000 @idx[52422]
14:40:03.000 @GS35[工资]
14:40:03.000 @GS72[滚漆]
14:40:03.000 @GS74[R_344]
14:40:03.000 @GS75[滚漆]
14:40:03.000 @GS76[]
14:40:03.000 UPDATE R_PQP SET GS35=@GS35,GS36=@GS36,GS37=@GS37,GS38=@GS38,GS39=@GS39,GS40=@GS40,GS41=@GS41,GS42=@GS42,GS43=@GS43,GS44=@GS44,GS45=@GS45,GS72=@GS72,GS74=@GS74,GS75=@GS75,GS76=@GS76 WHERE idx=@idx
14:40:20.000 @GS36[0.4500]
14:40:20.000 @GS37[0.00]
14:40:20.000 @GS38[]
14:40:20.000 @GS39[0]
14:40:20.000 @GS40[]
14:40:20.000 @GS41[]
14:40:20.000 @GS42[]
14:40:20.000 @GS43[]
14:40:20.000 @GS44[]
14:40:20.000 @GS45[2018/11/24 0:00:00]
14:40:20.000 @idx[52423]
14:40:20.000 @GS35[擦砂皮]
14:40:20.000 @GS72[承揽工资]
14:40:20.000 @GS74[R_195]
14:40:20.000 @GS75[擦沙皮]
14:40:20.000 @GS76[]
14:40:20.000 UPDATE R_PQP SET GS35=@GS35,GS36=@GS36,GS37=@GS37,GS38=@GS38,GS39=@GS39,GS40=@GS40,GS41=@GS41,GS42=@GS42,GS43=@GS43,GS44=@GS44,GS45=@GS45,GS72=@GS72,GS74=@GS74,GS75=@GS75,GS76=@GS76 WHERE idx=@idx
14:42:28.000  异常信息：由于连接方在一段时间后没有正确答复或连接的主机没有反应，连接尝试失败。 192.168.0.222:80
  堆栈信息:   在 AutoUpdate.AppUpdate.DownloadFile(String url, String localFilePath) 位置 D:\ProjectData\MLL\Mulaolao\Mulaolao\Class\AppUpdate.cs:行号 242
   在 AutoUpdate.AppUpdate.CheckAppVersion(String& msg) 位置 D:\ProjectData\MLL\Mulaolao\Mulaolao\Class\AppUpdate.cs:行号 310
14:42:40.000 UPDATE R_PQP SET GS73='T' FROM R_PQQ WHERE GS01=CP01 AND GS35=CP09 AND (GS35  LIKE '%丝印%' OR GS35 LIKE '%雕刻%' OR GS35  LIKE '%砂皮%' OR GS35  LIKE '%走台印%' OR GS35  LIKE '%冲印%') 
14:42:40.000 UPDATE R_PQP SET GS73='T' FROM R_PQAH WHERE GS01=AH01 AND GS35=AH18 AND (GS35  LIKE '%丝印%' OR GS35 LIKE '%雕刻%' OR GS35  LIKE '%砂皮%' OR GS35  LIKE '%走台印%' OR GS35  LIKE '%冲印%')
14:42:41.000 UPDATE R_PQP SET GS73='T' FROM R_PQI WHERE GS01=YQ03 AND  GS35 LIKE '%油漆%'  AND YQ139='1'
14:42:41.000 UPDATE R_PQP SET GS73='T' FROM R_PQAF WHERE GS01=AF002 AND GS07=AF015 AND GS02=AF084 AND GS08 ='Φ'+CONVERT(VARCHAR,CONVERT(FLOAT,AF022*10))+'*'+CONVERT(VARCHAR,CONVERT(FLOAT,AF020*10)) 
14:42:41.000 UPDATE R_PQP SET GS73='T' FROM R_PQU WHERE GS01=PQU01 AND GS07=PQU10 AND GS08=PQU12  
14:42:41.000 UPDATE R_PQP SET GS73='T' FROM R_PQS WHERE GS01=PJ01 AND GS56=PJ09 AND GS57=PJ89  
14:42:41.000 UPDATE R_PQP SET GS73='T' FROM R_PQT WHERE GS01=WX01 AND GS56=WX10 AND GS57=WX11 
14:42:42.000 WITH CET AS (select GS70,GS01,GS46,GS49,GS71,GS02,right(GS08,len(GS08) - charindex('*',GS08) ) a from R_PQP  WHERE GS70='R_338' AND GS73='F' ),CFT AS (SELECT GS70,GS01,GS46,GS49,GS71,GS02,right(a,LEN(a)-charindex('*',a)) GS08 FROM CET  ),CHT AS( SELECT DISTINCT GS70,GS01,GS46,GS49,GS71,GS02,CONVERT(FLOAT,CONVERT(DECIMAL(11,2),GS08)*1.0/10) GS08 FROM CFT  )SELECT GS70,GS01,GS46,GS49,GS71,GS02,CONVERT(VARCHAR,GS08) GS08,'' GS07,PQF13,PQF31 FROM CHT A INNER JOIN R_PQF B ON A.GS01=B.PQF01  WHERE (SELECT COUNT(1) FROM R_PQO WHERE GS01=JM90 AND GS02=JM09 AND CONVERT(VARCHAR,GS08)=CONVERT(VARCHAR,CONVERT(FLOAT,CONVERT(DECIMAL(11,4),JM96))))=0 and GS01 not in (SELECT JM90 FROM R_PQO WHERE JM116='1' )
14:42:42.000 从数据类型 nvarchar 转换为 numeric 时出错。
14:43:02.000 @GS02[其它材料]
14:43:02.000 @GS04[0.2160]
14:43:02.000 @GS05[0.00]
14:43:02.000 @GS07[吸塑袋]
14:43:02.000 @GS08[41*44cm]
14:43:02.000 @GS09[张]
14:43:02.000 @GS10[1.000000]
14:43:02.000 @GS11[0.216]
14:43:02.000 @GS13[0]
14:43:02.000 @GS14[]
14:43:02.000 @GS15[]
14:43:02.000 @GS16[]
14:43:02.000 @GS17[]
14:43:02.000 @GS18[]
14:43:02.000 @GS19[2018/11/22 0:00:00]
14:43:02.000 @GS51[0.216]
14:43:02.000 @idx[52394]
14:43:02.000 @GS2[其它材料]
14:43:02.000 @GS7[吸塑袋]
14:43:02.000 @GS20[]
14:43:02.000 @GS70[R_347]
14:43:02.000 @GS71[其它材料]
14:43:02.000 UPDATE R_PQP SET GS02=@GS2,GS04=@GS04,GS05=@GS05,GS07=@GS7,GS08=@GS08,GS09=@GS09,GS10=@GS10,GS11=@GS11,GS13=@GS13,GS14=@GS14,GS15=@GS15,GS16=@GS16,GS17=@GS17,GS18=@GS18,GS19=@GS19,GS20=@GS20,GS51=@GS51,GS70=@GS70,GS71=@GS71 WHERE idx=@idx
14:43:04.000 @GS02[其它材料]
14:43:04.000 @GS04[0.0684]
14:43:04.000 @GS05[0.00]
14:43:04.000 @GS07[吸塑袋]
14:43:04.000 @GS08[30*19cm]
14:43:04.000 @GS09[个]
14:43:04.000 @GS10[1.000000]
14:43:04.000 @GS11[0.068]
14:43:04.000 @GS13[0]
14:43:04.000 @GS14[]
14:43:04.000 @GS15[]
14:43:04.000 @GS16[]
14:43:04.000 @GS17[]
14:43:04.000 @GS18[]
14:43:04.000 @GS19[2018/11/22 0:00:00]
14:43:04.000 @GS51[0.068]
14:43:04.000 @idx[52395]
14:43:04.000 @GS2[其它材料]
14:43:04.000 @GS7[吸塑袋]
14:43:04.000 @GS20[]
14:43:04.000 @GS70[R_347]
14:43:04.000 @GS71[其它材料]
14:43:04.000 UPDATE R_PQP SET GS02=@GS2,GS04=@GS04,GS05=@GS05,GS07=@GS7,GS08=@GS08,GS09=@GS09,GS10=@GS10,GS11=@GS11,GS13=@GS13,GS14=@GS14,GS15=@GS15,GS16=@GS16,GS17=@GS17,GS18=@GS18,GS19=@GS19,GS20=@GS20,GS51=@GS51,GS70=@GS70,GS71=@GS71 WHERE idx=@idx
14:43:06.000 @GS02[其它材料]
14:43:06.000 @GS04[0.5000]
14:43:06.000 @GS05[0.00]
14:43:06.000 @GS07[30G干燥剂]
14:43:06.000 @GS08[30G]
14:43:06.000 @GS09[包]
14:43:06.000 @GS10[1.000000]
14:43:06.000 @GS11[0.500]
14:43:06.000 @GS13[0]
14:43:06.000 @GS14[]
14:43:06.000 @GS15[]
14:43:06.000 @GS16[]
14:43:06.000 @GS17[]
14:43:06.000 @GS18[]
14:43:06.000 @GS19[2018/11/17 0:00:00]
14:43:06.000 @GS51[0.500]
14:43:06.000 @idx[52326]
14:43:06.000 @GS2[其它材料]
14:43:06.000 @GS7[30G干燥剂]
14:43:06.000 @GS20[]
14:43:06.000 @GS70[R_347]
14:43:06.000 @GS71[其它材料]
14:43:06.000 UPDATE R_PQP SET GS02=@GS2,GS04=@GS04,GS05=@GS05,GS07=@GS7,GS08=@GS08,GS09=@GS09,GS10=@GS10,GS11=@GS11,GS13=@GS13,GS14=@GS14,GS15=@GS15,GS16=@GS16,GS17=@GS17,GS18=@GS18,GS19=@GS19,GS20=@GS20,GS51=@GS51,GS70=@GS70,GS71=@GS71 WHERE idx=@idx
14:43:08.000 @GS02[其它材料]
14:43:08.000 @GS04[0.0400]
14:43:08.000 @GS05[0.00]
14:43:08.000 @GS07[自封袋]
14:43:08.000 @GS08[7*10cm]
14:43:08.000 @GS09[只]
14:43:08.000 @GS10[7.000000]
14:43:08.000 @GS11[0.040]
14:43:08.000 @GS13[0]
14:43:08.000 @GS14[]
14:43:08.000 @GS15[]
14:43:08.000 @GS16[]
14:43:08.000 @GS17[]
14:43:08.000 @GS18[]
14:43:08.000 @GS19[2018/11/22 0:00:00]
14:43:08.000 @GS51[0.040]
14:43:08.000 @idx[52391]
14:43:08.000 @GS2[其它材料]
14:43:08.000 @GS7[自封袋]
14:43:08.000 @GS20[]
14:43:08.000 @GS70[R_347]
14:43:08.000 @GS71[其它材料]
14:43:08.000 UPDATE R_PQP SET GS02=@GS2,GS04=@GS04,GS05=@GS05,GS07=@GS7,GS08=@GS08,GS09=@GS09,GS10=@GS10,GS11=@GS11,GS13=@GS13,GS14=@GS14,GS15=@GS15,GS16=@GS16,GS17=@GS17,GS18=@GS18,GS19=@GS19,GS20=@GS20,GS51=@GS51,GS70=@GS70,GS71=@GS71 WHERE idx=@idx
14:43:23.000 @GS36[1.0000]
14:43:23.000 @GS37[0.00]
14:43:23.000 @GS38[套]
14:43:23.000 @GS39[0]
14:43:23.000 @GS40[]
14:43:23.000 @GS41[]
14:43:23.000 @GS42[]
14:43:23.000 @GS43[]
14:43:23.000 @GS44[]
14:43:23.000 @GS45[2018/11/17 0:00:00]
14:43:23.000 @idx[52314]
14:43:23.000 @GS35[前道工资]
14:43:23.000 @GS72[前道工资]
14:43:23.000 @GS74[R_317]
14:43:23.000 @GS75[委外价]
14:43:23.000 @GS76[]
14:43:23.000 UPDATE R_PQP SET GS35=@GS35,GS36=@GS36,GS37=@GS37,GS38=@GS38,GS39=@GS39,GS40=@GS40,GS41=@GS41,GS42=@GS42,GS43=@GS43,GS44=@GS44,GS45=@GS45,GS72=@GS72,GS74=@GS74,GS75=@GS75,GS76=@GS76 WHERE idx=@idx
14:43:27.000 @GS34[R_509-20181117001]
14:43:27.000 @GS03[老单]
14:43:27.000 @GS22[]
14:43:27.000 @GS23[2018/7/16 0:00:00]
14:43:27.000 @GS24[]
14:43:27.000 @GS25[2018/7/16 0:00:00]
14:43:27.000 @GS26[]
14:43:27.000 @GS27[2018/7/16 0:00:00]
14:43:27.000 @GS28[]
14:43:27.000 @GS29[2018/7/16 0:00:00]
14:43:27.000 @GS30[]
14:43:27.000 @GS31[0]
14:43:27.000 @GS32[0]
14:43:27.000 @GS33[[项明华20181122][项明华20181122][项明华20181122][项明华20181123][廖灵飞20181220]]
14:43:27.000 @GS46[跳棋游戏]
14:43:27.000 @GS47[951395]
14:43:27.000 @GS48[183376]
14:43:27.000 @GS49[500]
14:43:27.000 @GS50[]
14:43:27.000 @GS01[18090298]
14:43:27.000 UPDATE R_PQP SET GS01=@GS01,GS46=@GS46,GS47=@GS47,GS48=@GS48,GS49=@GS49,GS50=@GS50,GS03=@GS03,GS22=@GS22,GS23=@GS23,GS24=@GS24,GS25=@GS25,GS26=@GS26,GS27=@GS27,GS28=@GS28,GS29=@GS29,GS30=@GS30,GS31=@GS31,GS32=@GS32,GS33=@GS33 WHERE GS34=@GS34
14:43:57.000 @GS02[/]
14:43:57.000 @GS04[0.0000]
14:43:57.000 @GS05[0.00]
14:43:57.000 @GS07[整套]
14:43:57.000 @GS08[]
14:43:57.000 @GS09[套]
14:43:57.000 @GS10[1.000000]
14:43:57.000 @GS11[0.000]
14:43:57.000 @GS13[0]
14:43:57.000 @GS14[]
14:43:57.000 @GS15[]
14:43:57.000 @GS16[吴书松]
14:43:57.000 @GS17[吴书松]
14:43:57.000 @GS18[吴小毛]
14:43:57.000 @GS19[2018/12/20 14:43:53]
14:43:57.000 @GS51[0.000]
14:43:57.000 @idx[51818]
14:43:57.000 @GS2[/]
14:43:57.000 @GS7[整套]
14:43:57.000 @GS20[]
14:43:57.000 @GS70[/]
14:43:57.000 @GS71[/]
14:43:57.000 UPDATE R_PQP SET GS02=@GS2,GS04=@GS04,GS05=@GS05,GS07=@GS7,GS08=@GS08,GS09=@GS09,GS10=@GS10,GS11=@GS11,GS13=@GS13,GS14=@GS14,GS15=@GS15,GS16=@GS16,GS17=@GS17,GS18=@GS18,GS19=@GS19,GS20=@GS20,GS51=@GS51,GS70=@GS70,GS71=@GS71 WHERE idx=@idx
14:43:59.000 @GS02[/]
14:43:59.000 @GS04[0.0000]
14:43:59.000 @GS05[0.00]
14:43:59.000 @GS07[车木件]
14:43:59.000 @GS08[]
14:43:59.000 @GS09[套]
14:43:59.000 @GS10[1.000000]
14:43:59.000 @GS11[0.000]
14:43:59.000 @GS13[0]
14:43:59.000 @GS14[]
14:43:59.000 @GS15[]
14:43:59.000 @GS16[吴书松]
14:43:59.000 @GS17[吴书松]
14:43:59.000 @GS18[吴小毛]
14:43:59.000 @GS19[2018/12/20 14:43:58]
14:43:59.000 @GS51[0.000]
14:43:59.000 @idx[51828]
14:43:59.000 @GS2[/]
14:43:59.000 @GS7[车木件]
14:43:59.000 @GS20[]
14:43:59.000 @GS70[/]
14:43:59.000 @GS71[/]
14:43:59.000 UPDATE R_PQP SET GS02=@GS2,GS04=@GS04,GS05=@GS05,GS07=@GS7,GS08=@GS08,GS09=@GS09,GS10=@GS10,GS11=@GS11,GS13=@GS13,GS14=@GS14,GS15=@GS15,GS16=@GS16,GS17=@GS17,GS18=@GS18,GS19=@GS19,GS20=@GS20,GS51=@GS51,GS70=@GS70,GS71=@GS71 WHERE idx=@idx
14:44:08.000 @GS02[其它材料]
14:44:08.000 @GS04[0.2000]
14:44:08.000 @GS05[0.00]
14:44:08.000 @GS07[红色绳子]
14:44:08.000 @GS08[Φ2*180]
14:44:08.000 @GS09[条]
14:44:08.000 @GS10[2.000000]
14:44:08.000 @GS11[0.000]
14:44:08.000 @GS13[0]
14:44:08.000 @GS14[]
14:44:08.000 @GS15[]
14:44:08.000 @GS16[严少荣]
14:44:08.000 @GS17[吴书松]
14:44:08.000 @GS18[吴小毛]
14:44:08.000 @GS19[2018/11/8 0:00:00]
14:44:08.000 @GS51[0.400]
14:44:08.000 @idx[51815]
14:44:08.000 @GS2[其它材料]
14:44:08.000 @GS7[红色绳子]
14:44:08.000 @GS20[]
14:44:08.000 @GS70[R_347]
14:44:08.000 @GS71[其它材料]
14:44:08.000 UPDATE R_PQP SET GS02=@GS2,GS04=@GS04,GS05=@GS05,GS07=@GS7,GS08=@GS08,GS09=@GS09,GS10=@GS10,GS11=@GS11,GS13=@GS13,GS14=@GS14,GS15=@GS15,GS16=@GS16,GS17=@GS17,GS18=@GS18,GS19=@GS19,GS20=@GS20,GS51=@GS51,GS70=@GS70,GS71=@GS71 WHERE idx=@idx
14:44:49.000 @GS36[0.5000]
14:44:49.000 @GS37[0.00]
14:44:49.000 @GS38[套]
14:44:49.000 @GS39[0]
14:44:49.000 @GS40[]
14:44:49.000 @GS41[]
14:44:49.000 @GS42[系统管理者]
14:44:49.000 @GS43[吴书松]
14:44:49.000 @GS44[吴小毛]
14:44:49.000 @GS45[2018/12/20 14:44:28]
14:44:49.000 @idx[51825]
14:44:49.000 @GS35[移印]
14:44:49.000 @GS72[承揽工资]
14:44:49.000 @GS74[R_196]
14:44:49.000 @GS75[移印]
14:44:49.000 @GS76[]
14:44:49.000 UPDATE R_PQP SET GS35=@GS35,GS36=@GS36,GS37=@GS37,GS38=@GS38,GS39=@GS39,GS40=@GS40,GS41=@GS41,GS42=@GS42,GS43=@GS43,GS44=@GS44,GS45=@GS45,GS72=@GS72,GS74=@GS74,GS75=@GS75,GS76=@GS76 WHERE idx=@idx
14:45:01.000 @GS36[0.5300]
14:45:01.000 @GS37[0.00]
14:45:01.000 @GS38[套]
14:45:01.000 @GS39[0]
14:45:01.000 @GS40[]
14:45:01.000 @GS41[]
14:45:01.000 @GS42[系统管理者]
14:45:01.000 @GS43[吴书松]
14:45:01.000 @GS44[吴小毛]
14:45:01.000 @GS45[2018/12/20 14:44:51]
14:45:01.000 @idx[51819]
14:45:01.000 @GS35[工资]
14:45:01.000 @GS72[滚漆]
14:45:01.000 @GS74[R_344]
14:45:01.000 @GS75[滚漆]
14:45:01.000 @GS76[]
14:45:01.000 UPDATE R_PQP SET GS35=@GS35,GS36=@GS36,GS37=@GS37,GS38=@GS38,GS39=@GS39,GS40=@GS40,GS41=@GS41,GS42=@GS42,GS43=@GS43,GS44=@GS44,GS45=@GS45,GS72=@GS72,GS74=@GS74,GS75=@GS75,GS76=@GS76 WHERE idx=@idx
14:45:15.000 @GS36[0.9200]
14:45:15.000 @GS37[0.00]
14:45:15.000 @GS38[套]
14:45:15.000 @GS39[0]
14:45:15.000 @GS40[]
14:45:15.000 @GS41[]
14:45:15.000 @GS42[系统管理者]
14:45:15.000 @GS43[吴书松]
14:45:15.000 @GS44[吴小毛]
14:45:15.000 @GS45[2018/12/20 14:45:02]
14:45:15.000 @idx[51823]
14:45:15.000 @GS35[雕刻]
14:45:15.000 @GS72[承揽工资]
14:45:15.000 @GS74[R_195]
14:45:15.000 @GS75[雕刻]
14:45:15.000 @GS76[]
14:45:15.000 UPDATE R_PQP SET GS35=@GS35,GS36=@GS36,GS37=@GS37,GS38=@GS38,GS39=@GS39,GS40=@GS40,GS41=@GS41,GS42=@GS42,GS43=@GS43,GS44=@GS44,GS45=@GS45,GS72=@GS72,GS74=@GS74,GS75=@GS75,GS76=@GS76 WHERE idx=@idx
14:45:45.000 @GS36[0.0400]
14:45:45.000 @GS37[0.00]
14:45:45.000 @GS38[套]
14:45:45.000 @GS39[0]
14:45:45.000 @GS40[]
14:45:45.000 @GS41[]
14:45:45.000 @GS42[系统管理者]
14:45:45.000 @GS43[吴书松]
14:45:45.000 @GS44[吴小毛]
14:45:45.000 @GS45[2018/11/8 0:00:00]
14:45:45.000 @idx[51829]
14:45:45.000 @GS35[前道工资]
14:45:45.000 @GS72[前道工资]
14:45:45.000 @GS74[R_317]
14:45:45.000 @GS75[白坯]
14:45:45.000 @GS76[]
14:45:45.000 UPDATE R_PQP SET GS35=@GS35,GS36=@GS36,GS37=@GS37,GS38=@GS38,GS39=@GS39,GS40=@GS40,GS41=@GS41,GS42=@GS42,GS43=@GS43,GS44=@GS44,GS45=@GS45,GS72=@GS72,GS74=@GS74,GS75=@GS75,GS76=@GS76 WHERE idx=@idx
14:45:57.000 @GS34[R_509-20181108001]
14:45:57.000 @GS03[老单]
14:45:57.000 @GS22[]
14:45:57.000 @GS23[2018/11/8 0:00:00]
14:45:57.000 @GS24[]
14:45:57.000 @GS25[2018/11/8 0:00:00]
14:45:57.000 @GS26[]
14:45:57.000 @GS27[2018/11/8 0:00:00]
14:45:57.000 @GS28[]
14:45:57.000 @GS29[2018/11/8 0:00:00]
14:45:57.000 @GS30[]
14:45:57.000 @GS31[0]
14:45:57.000 @GS32[更改名称]
14:45:57.000 @GS33[[项明华20181207][项明华20181207][项明华20181207][项明华20181207][廖灵飞20181220]]
14:45:57.000 @GS46[钓鱼游戏]
14:45:57.000 @GS47[1822020671]
14:45:57.000 @GS48[Z824527]
14:45:57.000 @GS49[2004]
14:45:57.000 @GS50[]
14:45:57.000 @GS01[18110344]
14:45:57.000 UPDATE R_PQP SET GS01=@GS01,GS46=@GS46,GS47=@GS47,GS48=@GS48,GS49=@GS49,GS50=@GS50,GS03=@GS03,GS22=@GS22,GS23=@GS23,GS24=@GS24,GS25=@GS25,GS26=@GS26,GS27=@GS27,GS28=@GS28,GS29=@GS29,GS30=@GS30,GS31=@GS31,GS32=@GS32,GS33=@GS33 WHERE GS34=@GS34
15:15:38.000  异常信息：由于连接方在一段时间后没有正确答复或连接的主机没有反应，连接尝试失败。 192.168.0.222:80
  堆栈信息:   在 AutoUpdate.AppUpdate.DownloadFile(String url, String localFilePath) 位置 D:\ProjectData\MLL\Mulaolao\Mulaolao\Class\AppUpdate.cs:行号 242
   在 AutoUpdate.AppUpdate.CheckAppVersion(String& msg) 位置 D:\ProjectData\MLL\Mulaolao\Mulaolao\Class\AppUpdate.cs:行号 310
15:15:47.000 UPDATE R_PQP SET GS73='T' FROM R_PQQ WHERE GS01=CP01 AND GS35=CP09 AND (GS35  LIKE '%丝印%' OR GS35 LIKE '%雕刻%' OR GS35  LIKE '%砂皮%' OR GS35  LIKE '%走台印%' OR GS35  LIKE '%冲印%') 
15:15:47.000 UPDATE R_PQP SET GS73='T' FROM R_PQAH WHERE GS01=AH01 AND GS35=AH18 AND (GS35  LIKE '%丝印%' OR GS35 LIKE '%雕刻%' OR GS35  LIKE '%砂皮%' OR GS35  LIKE '%走台印%' OR GS35  LIKE '%冲印%')
15:15:47.000 UPDATE R_PQP SET GS73='T' FROM R_PQI WHERE GS01=YQ03 AND  GS35 LIKE '%油漆%'  AND YQ139='1'
15:15:47.000 UPDATE R_PQP SET GS73='T' FROM R_PQAF WHERE GS01=AF002 AND GS07=AF015 AND GS02=AF084 AND GS08 ='Φ'+CONVERT(VARCHAR,CONVERT(FLOAT,AF022*10))+'*'+CONVERT(VARCHAR,CONVERT(FLOAT,AF020*10)) 
15:15:48.000 UPDATE R_PQP SET GS73='T' FROM R_PQU WHERE GS01=PQU01 AND GS07=PQU10 AND GS08=PQU12  
15:15:48.000 UPDATE R_PQP SET GS73='T' FROM R_PQS WHERE GS01=PJ01 AND GS56=PJ09 AND GS57=PJ89  
15:15:48.000 UPDATE R_PQP SET GS73='T' FROM R_PQT WHERE GS01=WX01 AND GS56=WX10 AND GS57=WX11 
15:15:49.000 WITH CET AS (select GS70,GS01,GS46,GS49,GS71,GS02,right(GS08,len(GS08) - charindex('*',GS08) ) a from R_PQP  WHERE GS70='R_338' AND GS73='F' ),CFT AS (SELECT GS70,GS01,GS46,GS49,GS71,GS02,right(a,LEN(a)-charindex('*',a)) GS08 FROM CET  ),CHT AS( SELECT DISTINCT GS70,GS01,GS46,GS49,GS71,GS02,CONVERT(FLOAT,CONVERT(DECIMAL(11,2),GS08)*1.0/10) GS08 FROM CFT  )SELECT GS70,GS01,GS46,GS49,GS71,GS02,CONVERT(VARCHAR,GS08) GS08,'' GS07,PQF13,PQF31 FROM CHT A INNER JOIN R_PQF B ON A.GS01=B.PQF01  WHERE (SELECT COUNT(1) FROM R_PQO WHERE GS01=JM90 AND GS02=JM09 AND CONVERT(VARCHAR,GS08)=CONVERT(VARCHAR,CONVERT(FLOAT,CONVERT(DECIMAL(11,4),JM96))))=0 and GS01 not in (SELECT JM90 FROM R_PQO WHERE JM116='1' )
15:15:49.000 从数据类型 nvarchar 转换为 numeric 时出错。
15:18:34.000  异常信息：由于连接方在一段时间后没有正确答复或连接的主机没有反应，连接尝试失败。 192.168.0.222:80
  堆栈信息:   在 AutoUpdate.AppUpdate.DownloadFile(String url, String localFilePath) 位置 D:\ProjectData\MLL\Mulaolao\Mulaolao\Class\AppUpdate.cs:行号 242
   在 AutoUpdate.AppUpdate.CheckAppVersion(String& msg) 位置 D:\ProjectData\MLL\Mulaolao\Mulaolao\Class\AppUpdate.cs:行号 310
15:20:58.000 UPDATE R_PQP SET GS73='T' FROM R_PQQ WHERE GS01=CP01 AND GS35=CP09 AND (GS35  LIKE '%丝印%' OR GS35 LIKE '%雕刻%' OR GS35  LIKE '%砂皮%' OR GS35  LIKE '%走台印%' OR GS35  LIKE '%冲印%') 
15:20:58.000 UPDATE R_PQP SET GS73='T' FROM R_PQAH WHERE GS01=AH01 AND GS35=AH18 AND (GS35  LIKE '%丝印%' OR GS35 LIKE '%雕刻%' OR GS35  LIKE '%砂皮%' OR GS35  LIKE '%走台印%' OR GS35  LIKE '%冲印%')
15:20:58.000 UPDATE R_PQP SET GS73='T' FROM R_PQI WHERE GS01=YQ03 AND  GS35 LIKE '%油漆%'  AND YQ139='1'
15:20:58.000 UPDATE R_PQP SET GS73='T' FROM R_PQAF WHERE GS01=AF002 AND GS07=AF015 AND GS02=AF084 AND GS08 ='Φ'+CONVERT(VARCHAR,CONVERT(FLOAT,AF022*10))+'*'+CONVERT(VARCHAR,CONVERT(FLOAT,AF020*10)) 
15:20:58.000 UPDATE R_PQP SET GS73='T' FROM R_PQU WHERE GS01=PQU01 AND GS07=PQU10 AND GS08=PQU12  
15:20:59.000 UPDATE R_PQP SET GS73='T' FROM R_PQS WHERE GS01=PJ01 AND GS56=PJ09 AND GS57=PJ89  
15:20:59.000 UPDATE R_PQP SET GS73='T' FROM R_PQT WHERE GS01=WX01 AND GS56=WX10 AND GS57=WX11 
15:20:59.000 WITH CET AS (select GS70,GS01,GS46,GS49,GS71,GS02,right(GS08,len(GS08) - charindex('*',GS08) ) a from R_PQP  WHERE GS70='R_338' AND GS73='F' ),CFT AS (SELECT GS70,GS01,GS46,GS49,GS71,GS02,right(a,LEN(a)-charindex('*',a)) GS08 FROM CET  ),CHT AS( SELECT DISTINCT GS70,GS01,GS46,GS49,GS71,GS02,CONVERT(FLOAT,CONVERT(DECIMAL(11,2),GS08)*1.0/10) GS08 FROM CFT  )SELECT GS70,GS01,GS46,GS49,GS71,GS02,CONVERT(VARCHAR,GS08) GS08,'' GS07,PQF13,PQF31 FROM CHT A INNER JOIN R_PQF B ON A.GS01=B.PQF01  WHERE (SELECT COUNT(1) FROM R_PQO WHERE GS01=JM90 AND GS02=JM09 AND CONVERT(VARCHAR,GS08)=CONVERT(VARCHAR,CONVERT(FLOAT,CONVERT(DECIMAL(11,4),JM96))))=0 and GS01 not in (SELECT JM90 FROM R_PQO WHERE JM116='1' )
15:20:59.000 从数据类型 nvarchar 转换为 numeric 时出错。
15:26:32.000  异常信息：由于连接方在一段时间后没有正确答复或连接的主机没有反应，连接尝试失败。 192.168.0.222:80
  堆栈信息:   在 AutoUpdate.AppUpdate.DownloadFile(String url, String localFilePath) 位置 D:\ProjectData\MLL\Mulaolao\Mulaolao\Class\AppUpdate.cs:行号 242
   在 AutoUpdate.AppUpdate.CheckAppVersion(String& msg) 位置 D:\ProjectData\MLL\Mulaolao\Mulaolao\Class\AppUpdate.cs:行号 310
15:27:02.000 UPDATE R_PQP SET GS73='T' FROM R_PQQ WHERE GS01=CP01 AND GS35=CP09 AND (GS35  LIKE '%丝印%' OR GS35 LIKE '%雕刻%' OR GS35  LIKE '%砂皮%' OR GS35  LIKE '%走台印%' OR GS35  LIKE '%冲印%') 
15:27:03.000 UPDATE R_PQP SET GS73='T' FROM R_PQAH WHERE GS01=AH01 AND GS35=AH18 AND (GS35  LIKE '%丝印%' OR GS35 LIKE '%雕刻%' OR GS35  LIKE '%砂皮%' OR GS35  LIKE '%走台印%' OR GS35  LIKE '%冲印%')
15:27:03.000 UPDATE R_PQP SET GS73='T' FROM R_PQI WHERE GS01=YQ03 AND  GS35 LIKE '%油漆%'  AND YQ139='1'
15:27:03.000 UPDATE R_PQP SET GS73='T' FROM R_PQAF WHERE GS01=AF002 AND GS07=AF015 AND GS02=AF084 AND GS08 ='Φ'+CONVERT(VARCHAR,CONVERT(FLOAT,AF022*10))+'*'+CONVERT(VARCHAR,CONVERT(FLOAT,AF020*10)) 
15:27:03.000 UPDATE R_PQP SET GS73='T' FROM R_PQU WHERE GS01=PQU01 AND GS07=PQU10 AND GS08=PQU12  
15:27:03.000 UPDATE R_PQP SET GS73='T' FROM R_PQS WHERE GS01=PJ01 AND GS56=PJ09 AND GS57=PJ89  
15:27:03.000 UPDATE R_PQP SET GS73='T' FROM R_PQT WHERE GS01=WX01 AND GS56=WX10 AND GS57=WX11 
15:27:03.000 WITH CET AS (select GS70,GS01,GS46,GS49,GS71,GS02,right(GS08,len(GS08) - charindex('*',GS08) ) a from R_PQP  WHERE GS70='R_338' AND GS73='F' ),CFT AS (SELECT GS70,GS01,GS46,GS49,GS71,GS02,right(a,LEN(a)-charindex('*',a)) GS08 FROM CET  ),CHT AS( SELECT DISTINCT GS70,GS01,GS46,GS49,GS71,GS02,CONVERT(FLOAT,CONVERT(DECIMAL(11,2),GS08)*1.0/10) GS08 FROM CFT  )SELECT GS70,GS01,GS46,GS49,GS71,GS02,CONVERT(VARCHAR,GS08) GS08,'' GS07,PQF13,PQF31 FROM CHT A INNER JOIN R_PQF B ON A.GS01=B.PQF01  WHERE (SELECT COUNT(1) FROM R_PQO WHERE GS01=JM90 AND GS02=JM09 AND CONVERT(VARCHAR,GS08)=CONVERT(VARCHAR,CONVERT(FLOAT,CONVERT(DECIMAL(11,4),JM96))))=0 and GS01 not in (SELECT JM90 FROM R_PQO WHERE JM116='1' )
15:27:03.000 从数据类型 nvarchar 转换为 numeric 时出错。
15:27:52.000 @GS53[0.3000]
15:27:52.000 @GS54[0.0000]
15:27:52.000 @GS55[]
15:27:52.000 @GS58[个]
15:27:52.000 @GS59[1.0000]
15:27:52.000 @GS60[0.0000]
15:27:52.000 @GS61[0.0000]
15:27:52.000 @GS69[0]
15:27:52.000 @GS62[]
15:27:52.000 @GS63[]
15:27:52.000 @GS64[严少荣]
15:27:52.000 @GS65[吴书松]
15:27:52.000 @GS66[吴小毛]
15:27:52.000 @GS67[2018/12/20 15:27:49]
15:27:52.000 @idx[51809]
15:27:52.000 @GS52[杂项]
15:27:52.000 @GS56[装运、代理]
15:27:52.000 @GS68[]
15:27:52.000 @GS57[475*315*250]
15:27:52.000 @GS77[装运费]
15:27:52.000 UPDATE R_PQP SET GS52=@GS52,GS53=@GS53,GS54=@GS54,GS55=@GS55,GS56=@GS56,GS57=@GS57,GS58=@GS58,GS59=@GS59,GS60=@GS60,GS61=@GS61,GS68=@GS68,GS69=@GS69,GS62=@GS62,GS63=@GS63,GS64=@GS64,GS65=@GS65,GS66=@GS66,GS67=@GS67,GS77=@GS77 WHERE idx=@idx
15:27:57.000 @GS53[0.0370]
15:27:57.000 @GS54[0.0000]
15:27:57.000 @GS55[]
15:27:57.000 @GS58[张]
15:27:57.000 @GS59[1.0000]
15:27:57.000 @GS60[0.0000]
15:27:57.000 @GS61[0.0000]
15:27:57.000 @GS69[0]
15:27:57.000 @GS62[]
15:27:57.000 @GS63[]
15:27:57.000 @GS64[严少荣]
15:27:57.000 @GS65[吴书松]
15:27:57.000 @GS66[吴小毛]
15:27:57.000 @GS67[2018/12/20 15:27:55]
15:27:57.000 @idx[51810]
15:27:57.000 @GS52[杂项]
15:27:57.000 @GS56[装运、代理]
15:27:57.000 @GS68[]
15:27:57.000 @GS57[300*300]
15:27:57.000 @GS77[装运费]
15:27:57.000 UPDATE R_PQP SET GS52=@GS52,GS53=@GS53,GS54=@GS54,GS55=@GS55,GS56=@GS56,GS57=@GS57,GS58=@GS58,GS59=@GS59,GS60=@GS60,GS61=@GS61,GS68=@GS68,GS69=@GS69,GS62=@GS62,GS63=@GS63,GS64=@GS64,GS65=@GS65,GS66=@GS66,GS67=@GS67,GS77=@GS77 WHERE idx=@idx
15:28:01.000 @GS53[0.5600]
15:28:01.000 @GS54[0.0000]
15:28:01.000 @GS55[]
15:28:01.000 @GS58[个]
15:28:01.000 @GS59[1.0000]
15:28:01.000 @GS60[0.0000]
15:28:01.000 @GS61[0.0000]
15:28:01.000 @GS69[0]
15:28:01.000 @GS62[]
15:28:01.000 @GS63[]
15:28:01.000 @GS64[严少荣]
15:28:01.000 @GS65[吴书松]
15:28:01.000 @GS66[吴小毛]
15:28:01.000 @GS67[2018/12/20 15:28:00]
15:28:01.000 @idx[51811]
15:28:01.000 @GS52[杂项]
15:28:01.000 @GS56[装运、代理]
15:28:01.000 @GS68[]
15:28:01.000 @GS57[550*750]
15:28:01.000 @GS77[装运费]
15:28:01.000 UPDATE R_PQP SET GS52=@GS52,GS53=@GS53,GS54=@GS54,GS55=@GS55,GS56=@GS56,GS57=@GS57,GS58=@GS58,GS59=@GS59,GS60=@GS60,GS61=@GS61,GS68=@GS68,GS69=@GS69,GS62=@GS62,GS63=@GS63,GS64=@GS64,GS65=@GS65,GS66=@GS66,GS67=@GS67,GS77=@GS77 WHERE idx=@idx
15:28:03.000 @GS53[0.1200]
15:28:03.000 @GS54[0.0000]
15:28:03.000 @GS55[]
15:28:03.000 @GS58[个]
15:28:03.000 @GS59[1.0000]
15:28:03.000 @GS60[0.0000]
15:28:03.000 @GS61[0.0000]
15:28:03.000 @GS69[0]
15:28:03.000 @GS62[]
15:28:03.000 @GS63[]
15:28:03.000 @GS64[严少荣]
15:28:03.000 @GS65[吴书松]
15:28:03.000 @GS66[吴小毛]
15:28:03.000 @GS67[2018/12/20 15:28:03]
15:28:03.000 @idx[51808]
15:28:03.000 @GS52[杂项]
15:28:03.000 @GS56[装运、代理]
15:28:03.000 @GS68[]
15:28:03.000 @GS57[250*360]
15:28:03.000 @GS77[装运费]
15:28:03.000 UPDATE R_PQP SET GS52=@GS52,GS53=@GS53,GS54=@GS54,GS55=@GS55,GS56=@GS56,GS57=@GS57,GS58=@GS58,GS59=@GS59,GS60=@GS60,GS61=@GS61,GS68=@GS68,GS69=@GS69,GS62=@GS62,GS63=@GS63,GS64=@GS64,GS65=@GS65,GS66=@GS66,GS67=@GS67,GS77=@GS77 WHERE idx=@idx
15:28:08.000 @GS53[0.1900]
15:28:08.000 @GS54[0.0000]
15:28:08.000 @GS55[]
15:28:08.000 @GS58[套]
15:28:08.000 @GS59[1.0000]
15:28:08.000 @GS60[0.0000]
15:28:08.000 @GS61[0.0000]
15:28:08.000 @GS69[0]
15:28:08.000 @GS62[]
15:28:08.000 @GS63[]
15:28:08.000 @GS64[系统管理者]
15:28:08.000 @GS65[吴书松]
15:28:08.000 @GS66[吴小毛]
15:28:08.000 @GS67[2018/12/20 15:28:07]
15:28:08.000 @idx[51827]
15:28:08.000 @GS52[杂项]
15:28:08.000 @GS56[装运、代理]
15:28:08.000 @GS68[]
15:28:08.000 @GS57[]
15:28:08.000 @GS77[装运费]
15:28:08.000 UPDATE R_PQP SET GS52=@GS52,GS53=@GS53,GS54=@GS54,GS55=@GS55,GS56=@GS56,GS57=@GS57,GS58=@GS58,GS59=@GS59,GS60=@GS60,GS61=@GS61,GS68=@GS68,GS69=@GS69,GS62=@GS62,GS63=@GS63,GS64=@GS64,GS65=@GS65,GS66=@GS66,GS67=@GS67,GS77=@GS77 WHERE idx=@idx
15:31:27.000  异常信息：由于连接方在一段时间后没有正确答复或连接的主机没有反应，连接尝试失败。 192.168.0.222:80
  堆栈信息:   在 AutoUpdate.AppUpdate.DownloadFile(String url, String localFilePath) 位置 D:\ProjectData\MLL\Mulaolao\Mulaolao\Class\AppUpdate.cs:行号 242
   在 AutoUpdate.AppUpdate.CheckAppVersion(String& msg) 位置 D:\ProjectData\MLL\Mulaolao\Mulaolao\Class\AppUpdate.cs:行号 310
15:31:38.000 UPDATE R_PQP SET GS73='T' FROM R_PQQ WHERE GS01=CP01 AND GS35=CP09 AND (GS35  LIKE '%丝印%' OR GS35 LIKE '%雕刻%' OR GS35  LIKE '%砂皮%' OR GS35  LIKE '%走台印%' OR GS35  LIKE '%冲印%') 
15:31:38.000 UPDATE R_PQP SET GS73='T' FROM R_PQAH WHERE GS01=AH01 AND GS35=AH18 AND (GS35  LIKE '%丝印%' OR GS35 LIKE '%雕刻%' OR GS35  LIKE '%砂皮%' OR GS35  LIKE '%走台印%' OR GS35  LIKE '%冲印%')
15:31:38.000 UPDATE R_PQP SET GS73='T' FROM R_PQI WHERE GS01=YQ03 AND  GS35 LIKE '%油漆%'  AND YQ139='1'
15:31:38.000 UPDATE R_PQP SET GS73='T' FROM R_PQAF WHERE GS01=AF002 AND GS07=AF015 AND GS02=AF084 AND GS08 ='Φ'+CONVERT(VARCHAR,CONVERT(FLOAT,AF022*10))+'*'+CONVERT(VARCHAR,CONVERT(FLOAT,AF020*10)) 
15:31:38.000 UPDATE R_PQP SET GS73='T' FROM R_PQU WHERE GS01=PQU01 AND GS07=PQU10 AND GS08=PQU12  
15:31:39.000 UPDATE R_PQP SET GS73='T' FROM R_PQS WHERE GS01=PJ01 AND GS56=PJ09 AND GS57=PJ89  
15:31:39.000 UPDATE R_PQP SET GS73='T' FROM R_PQT WHERE GS01=WX01 AND GS56=WX10 AND GS57=WX11 
15:31:40.000 WITH CET AS (select GS70,GS01,GS46,GS49,GS71,GS02,right(GS08,len(GS08) - charindex('*',GS08) ) a from R_PQP  WHERE GS70='R_338' AND GS73='F' ),CFT AS (SELECT GS70,GS01,GS46,GS49,GS71,GS02,right(a,LEN(a)-charindex('*',a)) GS08 FROM CET  ),CHT AS( SELECT DISTINCT GS70,GS01,GS46,GS49,GS71,GS02,CONVERT(FLOAT,CONVERT(DECIMAL(11,2),GS08)*1.0/10) GS08 FROM CFT  )SELECT GS70,GS01,GS46,GS49,GS71,GS02,CONVERT(VARCHAR,GS08) GS08,'' GS07,PQF13,PQF31 FROM CHT A INNER JOIN R_PQF B ON A.GS01=B.PQF01  WHERE (SELECT COUNT(1) FROM R_PQO WHERE GS01=JM90 AND GS02=JM09 AND CONVERT(VARCHAR,GS08)=CONVERT(VARCHAR,CONVERT(FLOAT,CONVERT(DECIMAL(11,4),JM96))))=0 and GS01 not in (SELECT JM90 FROM R_PQO WHERE JM116='1' )
15:31:40.000 从数据类型 nvarchar 转换为 numeric 时出错。
15:34:14.000 @GS53[0.1900]
15:34:14.000 @GS54[0.0000]
15:34:14.000 @GS55[]
15:34:14.000 @GS58[套]
15:34:14.000 @GS59[1.0000]
15:34:14.000 @GS60[0.0000]
15:34:14.000 @GS61[0.0000]
15:34:14.000 @GS69[0]
15:34:14.000 @GS62[]
15:34:14.000 @GS63[]
15:34:14.000 @GS64[系统管理者]
15:34:14.000 @GS65[吴书松]
15:34:14.000 @GS66[吴小毛]
15:34:14.000 @GS67[2018/12/20 0:00:00]
15:34:14.000 @idx[51827]
15:34:14.000 @GS52[杂项]
15:34:14.000 @GS56[装运、代理]
15:34:14.000 @GS68[]
15:34:14.000 @GS57[]
15:34:14.000 @GS77[装运费]
15:34:14.000 UPDATE R_PQP SET GS52=@GS52,GS53=@GS53,GS54=@GS54,GS55=@GS55,GS56=@GS56,GS57=@GS57,GS58=@GS58,GS59=@GS59,GS60=@GS60,GS61=@GS61,GS68=@GS68,GS69=@GS69,GS62=@GS62,GS63=@GS63,GS64=@GS64,GS65=@GS65,GS66=@GS66,GS67=@GS67,GS77=@GS77 WHERE idx=@idx
15:34:18.000 @GS53[0.1200]
15:34:18.000 @GS54[0.0000]
15:34:18.000 @GS55[]
15:34:18.000 @GS58[个]
15:34:18.000 @GS59[1.0000]
15:34:18.000 @GS60[0.0000]
15:34:18.000 @GS61[0.0000]
15:34:18.000 @GS69[0]
15:34:18.000 @GS62[]
15:34:18.000 @GS63[]
15:34:18.000 @GS64[严少荣]
15:34:18.000 @GS65[吴书松]
15:34:18.000 @GS66[吴小毛]
15:34:18.000 @GS67[2018/12/20 0:00:00]
15:34:18.000 @idx[51808]
15:34:18.000 @GS52[杂项]
15:34:18.000 @GS56[装运、代理]
15:34:18.000 @GS68[]
15:34:18.000 @GS57[250*360]
15:34:18.000 @GS77[拖柜费]
15:34:18.000 UPDATE R_PQP SET GS52=@GS52,GS53=@GS53,GS54=@GS54,GS55=@GS55,GS56=@GS56,GS57=@GS57,GS58=@GS58,GS59=@GS59,GS60=@GS60,GS61=@GS61,GS68=@GS68,GS69=@GS69,GS62=@GS62,GS63=@GS63,GS64=@GS64,GS65=@GS65,GS66=@GS66,GS67=@GS67,GS77=@GS77 WHERE idx=@idx
15:34:22.000 @GS53[0.3000]
15:34:22.000 @GS54[0.0000]
15:34:22.000 @GS55[]
15:34:22.000 @GS58[个]
15:34:22.000 @GS59[1.0000]
15:34:22.000 @GS60[0.0000]
15:34:22.000 @GS61[0.0000]
15:34:22.000 @GS69[0]
15:34:22.000 @GS62[]
15:34:22.000 @GS63[]
15:34:22.000 @GS64[严少荣]
15:34:22.000 @GS65[吴书松]
15:34:22.000 @GS66[吴小毛]
15:34:22.000 @GS67[2018/12/20 0:00:00]
15:34:22.000 @idx[51809]
15:34:22.000 @GS52[杂项]
15:34:22.000 @GS56[装运、代理]
15:34:22.000 @GS68[]
15:34:22.000 @GS57[475*315*250]
15:34:22.000 @GS77[代理费]
15:34:22.000 UPDATE R_PQP SET GS52=@GS52,GS53=@GS53,GS54=@GS54,GS55=@GS55,GS56=@GS56,GS57=@GS57,GS58=@GS58,GS59=@GS59,GS60=@GS60,GS61=@GS61,GS68=@GS68,GS69=@GS69,GS62=@GS62,GS63=@GS63,GS64=@GS64,GS65=@GS65,GS66=@GS66,GS67=@GS67,GS77=@GS77 WHERE idx=@idx
15:34:26.000 @GS53[0.0370]
15:34:26.000 @GS54[0.0000]
15:34:26.000 @GS55[]
15:34:26.000 @GS58[张]
15:34:26.000 @GS59[1.0000]
15:34:26.000 @GS60[0.0000]
15:34:26.000 @GS61[0.0000]
15:34:26.000 @GS69[0]
15:34:26.000 @GS62[]
15:34:26.000 @GS63[]
15:34:26.000 @GS64[严少荣]
15:34:26.000 @GS65[吴书松]
15:34:26.000 @GS66[吴小毛]
15:34:26.000 @GS67[2018/12/20 0:00:00]
15:34:26.000 @idx[51810]
15:34:26.000 @GS52[杂项]
15:34:26.000 @GS56[装运、代理]
15:34:26.000 @GS68[]
15:34:26.000 @GS57[300*300]
15:34:26.000 @GS77[检测费]
15:34:26.000 UPDATE R_PQP SET GS52=@GS52,GS53=@GS53,GS54=@GS54,GS55=@GS55,GS56=@GS56,GS57=@GS57,GS58=@GS58,GS59=@GS59,GS60=@GS60,GS61=@GS61,GS68=@GS68,GS69=@GS69,GS62=@GS62,GS63=@GS63,GS64=@GS64,GS65=@GS65,GS66=@GS66,GS67=@GS67,GS77=@GS77 WHERE idx=@idx
15:34:31.000 @GS53[0.5600]
15:34:31.000 @GS54[0.0000]
15:34:31.000 @GS55[]
15:34:31.000 @GS58[个]
15:34:31.000 @GS59[1.0000]
15:34:31.000 @GS60[0.0000]
15:34:31.000 @GS61[0.0000]
15:34:31.000 @GS69[0]
15:34:31.000 @GS62[]
15:34:31.000 @GS63[]
15:34:31.000 @GS64[严少荣]
15:34:31.000 @GS65[吴书松]
15:34:31.000 @GS66[吴小毛]
15:34:31.000 @GS67[2018/12/20 0:00:00]
15:34:31.000 @idx[51811]
15:34:31.000 @GS52[杂项]
15:34:31.000 @GS56[装运、代理]
15:34:31.000 @GS68[]
15:34:31.000 @GS57[550*750]
15:34:31.000 @GS77[其他费用]
15:34:31.000 UPDATE R_PQP SET GS52=@GS52,GS53=@GS53,GS54=@GS54,GS55=@GS55,GS56=@GS56,GS57=@GS57,GS58=@GS58,GS59=@GS59,GS60=@GS60,GS61=@GS61,GS68=@GS68,GS69=@GS69,GS62=@GS62,GS63=@GS63,GS64=@GS64,GS65=@GS65,GS66=@GS66,GS67=@GS67,GS77=@GS77 WHERE idx=@idx
15:34:39.000 @GS34[R_509-20181108001]
15:34:39.000 @GS03[老单]
15:34:39.000 @GS22[]
15:34:39.000 @GS23[2018/11/8 0:00:00]
15:34:39.000 @GS24[]
15:34:39.000 @GS25[2018/11/8 0:00:00]
15:34:39.000 @GS26[]
15:34:39.000 @GS27[2018/11/8 0:00:00]
15:34:39.000 @GS28[]
15:34:39.000 @GS29[2018/11/8 0:00:00]
15:34:39.000 @GS30[]
15:34:39.000 @GS31[0]
15:34:39.000 @GS32[更改名称]
15:34:39.000 @GS33[[项明华20181207][项明华20181207][项明华20181207][项明华20181207][廖灵飞20181220][廖灵飞20181220]]
15:34:39.000 @GS46[钓鱼游戏]
15:34:39.000 @GS47[1822020671]
15:34:39.000 @GS48[Z824527]
15:34:39.000 @GS49[2004]
15:34:39.000 @GS50[]
15:34:39.000 @GS01[18110344]
15:34:39.000 UPDATE R_PQP SET GS01=@GS01,GS46=@GS46,GS47=@GS47,GS48=@GS48,GS49=@GS49,GS50=@GS50,GS03=@GS03,GS22=@GS22,GS23=@GS23,GS24=@GS24,GS25=@GS25,GS26=@GS26,GS27=@GS27,GS28=@GS28,GS29=@GS29,GS30=@GS30,GS31=@GS31,GS32=@GS32,GS33=@GS33 WHERE GS34=@GS34
15:37:24.000  异常信息：由于连接方在一段时间后没有正确答复或连接的主机没有反应，连接尝试失败。 192.168.0.222:80
  堆栈信息:   在 AutoUpdate.AppUpdate.DownloadFile(String url, String localFilePath) 位置 D:\ProjectData\MLL\Mulaolao\Mulaolao\Class\AppUpdate.cs:行号 242
   在 AutoUpdate.AppUpdate.CheckAppVersion(String& msg) 位置 D:\ProjectData\MLL\Mulaolao\Mulaolao\Class\AppUpdate.cs:行号 310
15:37:37.000 UPDATE R_PQP SET GS73='T' FROM R_PQQ WHERE GS01=CP01 AND GS35=CP09 AND (GS35  LIKE '%丝印%' OR GS35 LIKE '%雕刻%' OR GS35  LIKE '%砂皮%' OR GS35  LIKE '%走台印%' OR GS35  LIKE '%冲印%') 
15:37:37.000 UPDATE R_PQP SET GS73='T' FROM R_PQAH WHERE GS01=AH01 AND GS35=AH18 AND (GS35  LIKE '%丝印%' OR GS35 LIKE '%雕刻%' OR GS35  LIKE '%砂皮%' OR GS35  LIKE '%走台印%' OR GS35  LIKE '%冲印%')
15:37:37.000 UPDATE R_PQP SET GS73='T' FROM R_PQI WHERE GS01=YQ03 AND  GS35 LIKE '%油漆%'  AND YQ139='1'
15:37:37.000 UPDATE R_PQP SET GS73='T' FROM R_PQAF WHERE GS01=AF002 AND GS07=AF015 AND GS02=AF084 AND GS08 ='Φ'+CONVERT(VARCHAR,CONVERT(FLOAT,AF022*10))+'*'+CONVERT(VARCHAR,CONVERT(FLOAT,AF020*10)) 
15:37:37.000 UPDATE R_PQP SET GS73='T' FROM R_PQU WHERE GS01=PQU01 AND GS07=PQU10 AND GS08=PQU12  
15:37:38.000 UPDATE R_PQP SET GS73='T' FROM R_PQS WHERE GS01=PJ01 AND GS56=PJ09 AND GS57=PJ89  
15:37:38.000 UPDATE R_PQP SET GS73='T' FROM R_PQT WHERE GS01=WX01 AND GS56=WX10 AND GS57=WX11 
15:37:39.000 WITH CET AS (select GS70,GS01,GS46,GS49,GS71,GS02,right(GS08,len(GS08) - charindex('*',GS08) ) a from R_PQP  WHERE GS70='R_338' AND GS73='F' ),CFT AS (SELECT GS70,GS01,GS46,GS49,GS71,GS02,right(a,LEN(a)-charindex('*',a)) GS08 FROM CET  ),CHT AS( SELECT DISTINCT GS70,GS01,GS46,GS49,GS71,GS02,CONVERT(FLOAT,CONVERT(DECIMAL(11,2),GS08)*1.0/10) GS08 FROM CFT  )SELECT GS70,GS01,GS46,GS49,GS71,GS02,CONVERT(VARCHAR,GS08) GS08,'' GS07,PQF13,PQF31 FROM CHT A INNER JOIN R_PQF B ON A.GS01=B.PQF01  WHERE (SELECT COUNT(1) FROM R_PQO WHERE GS01=JM90 AND GS02=JM09 AND CONVERT(VARCHAR,GS08)=CONVERT(VARCHAR,CONVERT(FLOAT,CONVERT(DECIMAL(11,4),JM96))))=0 and GS01 not in (SELECT JM90 FROM R_PQO WHERE JM116='1' )
15:37:39.000 从数据类型 nvarchar 转换为 numeric 时出错。
15:40:26.000 DELETE FROM R_PQP WHERE GS34='R_509-20181108001'
15:40:26.000 INSERT INTO R_PQBF (BF001,BF002,BF003,BF004,BF005,BF006,BF007,BF008) VALUES ('R_509','产品每套成本改善控制表(R_509)','廖灵飞','2018/12/20 15:40:26','R_509-20181108001','DELETE FROM R_PQP WHERE GS34=''R_509-20181108001''','删除','删除')
15:40:26.000 INSERT INTO R_PQBF (BF001,BF002,BF003,BF004,BF005,BF006,BF007,BF008) VALUES ('R_509','产品每套成本改善控制表(R_509)','廖灵飞','2018/12/20 15:40:26','R_509-20181108001','DELETE FROM R_REVIEWS WHERE RES01=(SELECT CX01 FROM R_MLLCXMC WHERE CX02=''产品每套成本改善控制表(R_509)'') AND RES06=''R_509-20181108001''','删除','删除')
15:55:11.000  异常信息：由于连接方在一段时间后没有正确答复或连接的主机没有反应，连接尝试失败。 192.168.0.222:80
  堆栈信息:   在 AutoUpdate.AppUpdate.DownloadFile(String url, String localFilePath) 位置 D:\ProjectData\MLL\Mulaolao\Mulaolao\Class\AppUpdate.cs:行号 242
   在 AutoUpdate.AppUpdate.CheckAppVersion(String& msg) 位置 D:\ProjectData\MLL\Mulaolao\Mulaolao\Class\AppUpdate.cs:行号 310
15:55:41.000 UPDATE R_PQP SET GS73='T' FROM R_PQQ WHERE GS01=CP01 AND GS35=CP09 AND (GS35  LIKE '%丝印%' OR GS35 LIKE '%雕刻%' OR GS35  LIKE '%砂皮%' OR GS35  LIKE '%走台印%' OR GS35  LIKE '%冲印%') 
15:55:41.000 UPDATE R_PQP SET GS73='T' FROM R_PQAH WHERE GS01=AH01 AND GS35=AH18 AND (GS35  LIKE '%丝印%' OR GS35 LIKE '%雕刻%' OR GS35  LIKE '%砂皮%' OR GS35  LIKE '%走台印%' OR GS35  LIKE '%冲印%')
15:55:41.000 UPDATE R_PQP SET GS73='T' FROM R_PQI WHERE GS01=YQ03 AND  GS35 LIKE '%油漆%'  AND YQ139='1'
15:55:41.000 UPDATE R_PQP SET GS73='T' FROM R_PQAF WHERE GS01=AF002 AND GS07=AF015 AND GS02=AF084 AND GS08 ='Φ'+CONVERT(VARCHAR,CONVERT(FLOAT,AF022*10))+'*'+CONVERT(VARCHAR,CONVERT(FLOAT,AF020*10)) 
15:55:41.000 UPDATE R_PQP SET GS73='T' FROM R_PQU WHERE GS01=PQU01 AND GS07=PQU10 AND GS08=PQU12  
15:55:42.000 UPDATE R_PQP SET GS73='T' FROM R_PQS WHERE GS01=PJ01 AND GS56=PJ09 AND GS57=PJ89  
15:55:42.000 UPDATE R_PQP SET GS73='T' FROM R_PQT WHERE GS01=WX01 AND GS56=WX10 AND GS57=WX11 
15:55:42.000 WITH CET AS (select GS70,GS01,GS46,GS49,GS71,GS02,right(GS08,len(GS08) - charindex('*',GS08) ) a from R_PQP  WHERE GS70='R_338' AND GS73='F' ),CFT AS (SELECT GS70,GS01,GS46,GS49,GS71,GS02,right(a,LEN(a)-charindex('*',a)) GS08 FROM CET  ),CHT AS( SELECT DISTINCT GS70,GS01,GS46,GS49,GS71,GS02,CONVERT(FLOAT,CONVERT(DECIMAL(11,2),GS08)*1.0/10) GS08 FROM CFT  )SELECT GS70,GS01,GS46,GS49,GS71,GS02,CONVERT(VARCHAR,GS08) GS08,'' GS07,PQF13,PQF31 FROM CHT A INNER JOIN R_PQF B ON A.GS01=B.PQF01  WHERE (SELECT COUNT(1) FROM R_PQO WHERE GS01=JM90 AND GS02=JM09 AND CONVERT(VARCHAR,GS08)=CONVERT(VARCHAR,CONVERT(FLOAT,CONVERT(DECIMAL(11,4),JM96))))=0 and GS01 not in (SELECT JM90 FROM R_PQO WHERE JM116='1' )
15:55:42.000 从数据类型 nvarchar 转换为 numeric 时出错。
16:00:27.000 @GS36[0.4000]
16:00:27.000 @GS37[0.00]
16:00:27.000 @GS38[套]
16:00:27.000 @GS39[0]
16:00:27.000 @GS40[]
16:00:27.000 @GS41[]
16:00:27.000 @GS42[系统管理者]
16:00:27.000 @GS43[王祖汉]
16:00:27.000 @GS44[吴小毛]
16:00:27.000 @GS45[2018/12/20 16:00:07]
16:00:27.000 @idx[51760]
16:00:27.000 @GS35[绕锯]
16:00:27.000 @GS72[承揽工资]
16:00:27.000 @GS74[R_195]
16:00:27.000 @GS75[饶据]
16:00:27.000 @GS76[]
16:00:27.000 UPDATE R_PQP SET GS35=@GS35,GS36=@GS36,GS37=@GS37,GS38=@GS38,GS39=@GS39,GS40=@GS40,GS41=@GS41,GS42=@GS42,GS43=@GS43,GS44=@GS44,GS45=@GS45,GS72=@GS72,GS74=@GS74,GS75=@GS75,GS76=@GS76 WHERE idx=@idx
16:00:35.000 @GS36[0.5600]
16:00:35.000 @GS37[0.00]
16:00:35.000 @GS38[套]
16:00:35.000 @GS39[0]
16:00:35.000 @GS40[]
16:00:35.000 @GS41[]
16:00:35.000 @GS42[系统管理者]
16:00:35.000 @GS43[王祖汉]
16:00:35.000 @GS44[吴小毛]
16:00:35.000 @GS45[2018/12/20 16:00:29]
16:00:35.000 @idx[51758]
16:00:35.000 @GS35[雕刻]
16:00:35.000 @GS72[承揽工资]
16:00:35.000 @GS74[R_195]
16:00:35.000 @GS75[]
16:00:35.000 @GS76[]
16:00:35.000 UPDATE R_PQP SET GS35=@GS35,GS36=@GS36,GS37=@GS37,GS38=@GS38,GS39=@GS39,GS40=@GS40,GS41=@GS41,GS42=@GS42,GS43=@GS43,GS44=@GS44,GS45=@GS45,GS72=@GS72,GS74=@GS74,GS75=@GS75,GS76=@GS76 WHERE idx=@idx
16:00:41.000 @GS36[0.4300]
16:00:41.000 @GS37[0.00]
16:00:41.000 @GS38[套]
16:00:41.000 @GS39[0]
16:00:41.000 @GS40[]
16:00:41.000 @GS41[]
16:00:41.000 @GS42[系统管理者]
16:00:41.000 @GS43[王祖汉]
16:00:41.000 @GS44[吴小毛]
16:00:41.000 @GS45[2018/12/20 16:00:36]
16:00:41.000 @idx[51751]
16:00:41.000 @GS35[擦砂皮]
16:00:41.000 @GS72[承揽工资]
16:00:41.000 @GS74[R_195]
16:00:41.000 @GS75[]
16:00:41.000 @GS76[]
16:00:41.000 UPDATE R_PQP SET GS35=@GS35,GS36=@GS36,GS37=@GS37,GS38=@GS38,GS39=@GS39,GS40=@GS40,GS41=@GS41,GS42=@GS42,GS43=@GS43,GS44=@GS44,GS45=@GS45,GS72=@GS72,GS74=@GS74,GS75=@GS75,GS76=@GS76 WHERE idx=@idx
16:03:07.000  异常信息：由于连接方在一段时间后没有正确答复或连接的主机没有反应，连接尝试失败。 192.168.0.222:80
  堆栈信息:   在 AutoUpdate.AppUpdate.DownloadFile(String url, String localFilePath) 位置 D:\ProjectData\MLL\Mulaolao\Mulaolao\Class\AppUpdate.cs:行号 242
   在 AutoUpdate.AppUpdate.CheckAppVersion(String& msg) 位置 D:\ProjectData\MLL\Mulaolao\Mulaolao\Class\AppUpdate.cs:行号 310
16:03:17.000 UPDATE R_PQP SET GS73='T' FROM R_PQQ WHERE GS01=CP01 AND GS35=CP09 AND (GS35  LIKE '%丝印%' OR GS35 LIKE '%雕刻%' OR GS35  LIKE '%砂皮%' OR GS35  LIKE '%走台印%' OR GS35  LIKE '%冲印%') 
16:03:17.000 UPDATE R_PQP SET GS73='T' FROM R_PQAH WHERE GS01=AH01 AND GS35=AH18 AND (GS35  LIKE '%丝印%' OR GS35 LIKE '%雕刻%' OR GS35  LIKE '%砂皮%' OR GS35  LIKE '%走台印%' OR GS35  LIKE '%冲印%')
16:03:17.000 UPDATE R_PQP SET GS73='T' FROM R_PQI WHERE GS01=YQ03 AND  GS35 LIKE '%油漆%'  AND YQ139='1'
16:03:17.000 UPDATE R_PQP SET GS73='T' FROM R_PQAF WHERE GS01=AF002 AND GS07=AF015 AND GS02=AF084 AND GS08 ='Φ'+CONVERT(VARCHAR,CONVERT(FLOAT,AF022*10))+'*'+CONVERT(VARCHAR,CONVERT(FLOAT,AF020*10)) 
16:03:17.000 UPDATE R_PQP SET GS73='T' FROM R_PQU WHERE GS01=PQU01 AND GS07=PQU10 AND GS08=PQU12  
16:03:18.000 UPDATE R_PQP SET GS73='T' FROM R_PQS WHERE GS01=PJ01 AND GS56=PJ09 AND GS57=PJ89  
16:03:18.000 UPDATE R_PQP SET GS73='T' FROM R_PQT WHERE GS01=WX01 AND GS56=WX10 AND GS57=WX11 
16:03:19.000 WITH CET AS (select GS70,GS01,GS46,GS49,GS71,GS02,right(GS08,len(GS08) - charindex('*',GS08) ) a from R_PQP  WHERE GS70='R_338' AND GS73='F' ),CFT AS (SELECT GS70,GS01,GS46,GS49,GS71,GS02,right(a,LEN(a)-charindex('*',a)) GS08 FROM CET  ),CHT AS( SELECT DISTINCT GS70,GS01,GS46,GS49,GS71,GS02,CONVERT(FLOAT,CONVERT(DECIMAL(11,2),GS08)*1.0/10) GS08 FROM CFT  )SELECT GS70,GS01,GS46,GS49,GS71,GS02,CONVERT(VARCHAR,GS08) GS08,'' GS07,PQF13,PQF31 FROM CHT A INNER JOIN R_PQF B ON A.GS01=B.PQF01  WHERE (SELECT COUNT(1) FROM R_PQO WHERE GS01=JM90 AND GS02=JM09 AND CONVERT(VARCHAR,GS08)=CONVERT(VARCHAR,CONVERT(FLOAT,CONVERT(DECIMAL(11,4),JM96))))=0 and GS01 not in (SELECT JM90 FROM R_PQO WHERE JM116='1' )
16:03:19.000 从数据类型 nvarchar 转换为 numeric 时出错。
16:04:04.000 @GS36[0.4300]
16:04:04.000 @GS37[0.00]
16:04:04.000 @GS38[套]
16:04:04.000 @GS39[0]
16:04:04.000 @GS40[]
16:04:04.000 @GS41[]
16:04:04.000 @GS42[系统管理者]
16:04:04.000 @GS43[王祖汉]
16:04:04.000 @GS44[吴小毛]
16:04:04.000 @GS45[2018/12/20 0:00:00]
16:04:04.000 @idx[51751]
16:04:04.000 @GS35[冲压]
16:04:04.000 @GS72[承揽工资]
16:04:04.000 @GS74[R_195]
16:04:04.000 @GS75[          ]
16:04:04.000 @GS76[          ]
16:04:04.000 UPDATE R_PQP SET GS35=@GS35,GS36=@GS36,GS37=@GS37,GS38=@GS38,GS39=@GS39,GS40=@GS40,GS41=@GS41,GS42=@GS42,GS43=@GS43,GS44=@GS44,GS45=@GS45,GS72=@GS72,GS74=@GS74,GS75=@GS75,GS76=@GS76 WHERE idx=@idx
16:04:15.000 @GS36[0.6000]
16:04:15.000 @GS37[0.00]
16:04:15.000 @GS38[套]
16:04:15.000 @GS39[0]
16:04:15.000 @GS40[]
16:04:15.000 @GS41[]
16:04:15.000 @GS42[王凤梅]
16:04:15.000 @GS43[王祖汉]
16:04:15.000 @GS44[吴小毛]
16:04:15.000 @GS45[2018/12/20 16:04:13]
16:04:15.000 @idx[51747]
16:04:15.000 @GS35[擦砂皮]
16:04:15.000 @GS72[承揽工资]
16:04:15.000 @GS74[R_195]
16:04:15.000 @GS75[]
16:04:15.000 @GS76[]
16:04:15.000 UPDATE R_PQP SET GS35=@GS35,GS36=@GS36,GS37=@GS37,GS38=@GS38,GS39=@GS39,GS40=@GS40,GS41=@GS41,GS42=@GS42,GS43=@GS43,GS44=@GS44,GS45=@GS45,GS72=@GS72,GS74=@GS74,GS75=@GS75,GS76=@GS76 WHERE idx=@idx
16:04:22.000 @GS36[0.6000]
16:04:22.000 @GS37[0.00]
16:04:22.000 @GS38[套]
16:04:22.000 @GS39[0]
16:04:22.000 @GS40[]
16:04:22.000 @GS41[]
16:04:22.000 @GS42[王凤梅]
16:04:22.000 @GS43[王祖汉]
16:04:22.000 @GS44[吴小毛]
16:04:22.000 @GS45[2018/12/20 16:04:17]
16:04:22.000 @idx[51741]
16:04:22.000 @GS35[手工剪切、其他]
16:04:22.000 @GS72[承揽工资]
16:04:22.000 @GS74[R_195]
16:04:22.000 @GS75[]
16:04:22.000 @GS76[]
16:04:22.000 UPDATE R_PQP SET GS35=@GS35,GS36=@GS36,GS37=@GS37,GS38=@GS38,GS39=@GS39,GS40=@GS40,GS41=@GS41,GS42=@GS42,GS43=@GS43,GS44=@GS44,GS45=@GS45,GS72=@GS72,GS74=@GS74,GS75=@GS75,GS76=@GS76 WHERE idx=@idx
16:04:28.000 @GS34[R_509-20181031003]
16:04:28.000 @GS03[老单]
16:04:28.000 @GS22[]
16:04:28.000 @GS23[2018/10/31 0:00:00]
16:04:28.000 @GS24[]
16:04:28.000 @GS25[2018/10/31 0:00:00]
16:04:28.000 @GS26[]
16:04:28.000 @GS27[2018/10/31 0:00:00]
16:04:28.000 @GS28[]
16:04:28.000 @GS29[2018/10/31 0:00:00]
16:04:28.000 @GS30[]
16:04:28.000 @GS31[0]
16:04:28.000 @GS32[增加部件名称]
16:04:28.000 @GS33[[饶云祥20181101][廖灵飞20181102][廖灵飞20181102][项明华20181117][廖灵飞20181220]]
16:04:28.000 @GS46[金宝贝拖拉狗]
16:04:28.000 @GS47[001]
16:04:28.000 @GS48[ZE0347BZ75]
16:04:28.000 @GS49[5000]
16:04:28.000 @GS50[]
16:04:28.000 @GS01[18100343]
16:04:28.000 UPDATE R_PQP SET GS01=@GS01,GS46=@GS46,GS47=@GS47,GS48=@GS48,GS49=@GS49,GS50=@GS50,GS03=@GS03,GS22=@GS22,GS23=@GS23,GS24=@GS24,GS25=@GS25,GS26=@GS26,GS27=@GS27,GS28=@GS28,GS29=@GS29,GS30=@GS30,GS31=@GS31,GS32=@GS32,GS33=@GS33 WHERE GS34=@GS34
16:05:27.000 @CP01[18100343]
16:05:27.000 @CP06[内衬]
16:05:27.000 @CP09[小莎莎]
16:05:27.000 INSERT INTO R_PQQ (CP03,CP06,CP07,CP08,CP54,CP09,CP10,CP11,CP12,CP13,CP14,CP59,CP01,CP64) VALUES ('R_195-20181220001','内衬','522*478','个','5000','小莎莎','1.2','1.3','200','1.000000','2018/12/20 16:04:56','000002','18100343','擦砂皮')
16:05:27.000 INSERT INTO R_PQBF (BF001,BF002,BF003,BF004,BF005,BF006,BF007,BF008) VALUES ('R_195','产品委外(成品、雕刻、冲印、砂皮)等承揽加工合同书','廖灵飞','2018/12/20 16:05:27','R_195-20181220001','INSERT INTO R_PQQ (CP03,CP06,CP07,CP08,CP54,CP09,CP10,CP11,CP12,CP13,CP14,CP59,CP01,CP64) VALUES (''R_195-20181220001'',''内衬'',''522*478'',''个'',''5000'',''小莎莎'',''1.2'',''1.3'',''200'',''1.000000'',''2018/12/20 16:04:56'',''000002'',''18100343'',''擦砂皮'')','新建','新增新建')
16:05:31.000 UPDATE R_PQQ SET CP01='18100343',CP02='MLL-0002',CP04='MLL-00010002',CP05='',CP15='F',CP16='F',CP17='F',CP18='F',CP19='0',CP20='F',CP21='F',CP22='F',CP23='F',CP24='F',CP25='F',CP26='F',CP27='F',CP28='F',CP29='F',CP30='F',CP31='F',CP32='廖灵飞',CP33='2018/12/20 16:04:52',CP34='廖灵飞',CP35='2018/12/20 16:04:53',CP36='廖灵飞',CP37='2018/12/20 16:04:54',CP38='廖灵飞',CP39='2018/12/20 16:04:53',CP40='廖灵飞',CP41='2018/12/20 16:04:54',CP42='廖灵飞',CP43='2018/12/20 16:04:55',CP44='温州安然五金有限公司',CP45='',CP46='林邦双',CP47='林邦双',CP48='13505871418',CP49='',CP50='',CP51='金宝贝拖拉狗',CP52='1823200371',CP53='ZE0347BZ75',CP55='',CP56='F',CP57='',CP58='F',CP59='000002' WHERE CP03='R_195-20181220001'
16:05:31.000 INSERT INTO R_PQBF (BF001,BF002,BF003,BF004,BF005,BF006,BF007,BF008) VALUES ('R_195','产品委外(成品、雕刻、冲印、砂皮)等承揽加工合同书','廖灵飞','2018/12/20 16:05:31','R_195-20181220001','UPDATE R_PQQ SET CP01=''18100343'',CP02=''MLL-0002'',CP04=''MLL-00010002'',CP05='''',CP15=''F'',CP16=''F'',CP17=''F'',CP18=''F'',CP19=''0'',CP20=''F'',CP21=''F'',CP22=''F'',CP23=''F'',CP24=''F'',CP25=''F'',CP26=''F'',CP27=''F'',CP28=''F'',CP29=''F'',CP30=''F'',CP31=''F'',CP32=''廖灵飞'',CP33=''2018/12/20 16:04:52'',CP34=''廖灵飞'',CP35=''2018/12/20 16:04:53'',CP36=''廖灵飞'',CP37=''2018/12/20 16:04:54'',CP38=''廖灵飞'',CP39=''2018/12/20 16:04:53'',CP40=''廖灵飞'',CP41=''2018/12/20 16:04:54'',CP42=''廖灵飞'',CP43=''2018/12/20 16:04:55'',CP44=''温州安然五金有限公司'',CP45='''',CP46=''林邦双'',CP47=''林邦双'',CP48=''13505871418'',CP49='''',CP50='''',CP51=''金宝贝拖拉狗'',CP52=''1823200371'',CP53=''ZE0347BZ75'',CP55='''',CP56=''F'',CP57='''',CP58=''F'',CP59=''000002'' WHERE CP03=''R_195-20181220001''','保存','新增保存')
16:05:56.000 WITH CET AS (select GS70,GS01,GS46,GS49,GS71,GS02,right(GS08,len(GS08) - charindex('*',GS08) ) a from R_PQP  WHERE GS70='R_338' AND GS73='F' ),CFT AS (SELECT GS70,GS01,GS46,GS49,GS71,GS02,right(a,LEN(a)-charindex('*',a)) GS08 FROM CET  ),CHT AS( SELECT DISTINCT GS70,GS01,GS46,GS49,GS71,GS02,CONVERT(FLOAT,CONVERT(DECIMAL(11,2),GS08)*1.0/10) GS08 FROM CFT  )SELECT GS70,GS01,GS46,GS49,GS71,GS02,CONVERT(VARCHAR,GS08) GS08,'' GS07,PQF13,PQF31 FROM CHT A INNER JOIN R_PQF B ON A.GS01=B.PQF01  WHERE (SELECT COUNT(1) FROM R_PQO WHERE GS01=JM90 AND GS02=JM09 AND CONVERT(VARCHAR,GS08)=CONVERT(VARCHAR,CONVERT(FLOAT,CONVERT(DECIMAL(11,4),JM96))))=0 and GS01 not in (SELECT JM90 FROM R_PQO WHERE JM116='1' )
16:05:56.000 从数据类型 nvarchar 转换为 numeric 时出错。
16:18:20.000  异常信息：由于连接方在一段时间后没有正确答复或连接的主机没有反应，连接尝试失败。 192.168.0.222:80
  堆栈信息:   在 AutoUpdate.AppUpdate.DownloadFile(String url, String localFilePath) 位置 D:\ProjectData\MLL\Mulaolao\Mulaolao\Class\AppUpdate.cs:行号 242
   在 AutoUpdate.AppUpdate.CheckAppVersion(String& msg) 位置 D:\ProjectData\MLL\Mulaolao\Mulaolao\Class\AppUpdate.cs:行号 310
16:21:42.000 UPDATE R_PQP SET GS73='T' FROM R_PQQ WHERE GS01=CP01 AND GS35=CP09 AND (GS35  LIKE '%丝印%' OR GS35 LIKE '%雕刻%' OR GS35  LIKE '%砂皮%' OR GS35  LIKE '%走台印%' OR GS35  LIKE '%冲印%') 
16:21:43.000 UPDATE R_PQP SET GS73='T' FROM R_PQAH WHERE GS01=AH01 AND GS35=AH18 AND (GS35  LIKE '%丝印%' OR GS35 LIKE '%雕刻%' OR GS35  LIKE '%砂皮%' OR GS35  LIKE '%走台印%' OR GS35  LIKE '%冲印%')
16:21:43.000 UPDATE R_PQP SET GS73='T' FROM R_PQI WHERE GS01=YQ03 AND  GS35 LIKE '%油漆%'  AND YQ139='1'
16:21:43.000 UPDATE R_PQP SET GS73='T' FROM R_PQAF WHERE GS01=AF002 AND GS07=AF015 AND GS02=AF084 AND GS08 ='Φ'+CONVERT(VARCHAR,CONVERT(FLOAT,AF022*10))+'*'+CONVERT(VARCHAR,CONVERT(FLOAT,AF020*10)) 
16:21:43.000 UPDATE R_PQP SET GS73='T' FROM R_PQU WHERE GS01=PQU01 AND GS07=PQU10 AND GS08=PQU12  
16:21:43.000 UPDATE R_PQP SET GS73='T' FROM R_PQS WHERE GS01=PJ01 AND GS56=PJ09 AND GS57=PJ89  
16:21:43.000 UPDATE R_PQP SET GS73='T' FROM R_PQT WHERE GS01=WX01 AND GS56=WX10 AND GS57=WX11 
16:21:44.000 WITH CET AS (select GS70,GS01,GS46,GS49,GS71,GS02,right(GS08,len(GS08) - charindex('*',GS08) ) a from R_PQP  WHERE GS70='R_338' AND GS73='F' ),CFT AS (SELECT GS70,GS01,GS46,GS49,GS71,GS02,right(a,LEN(a)-charindex('*',a)) GS08 FROM CET  ),CHT AS( SELECT DISTINCT GS70,GS01,GS46,GS49,GS71,GS02,CONVERT(FLOAT,CONVERT(DECIMAL(11,2),GS08)*1.0/10) GS08 FROM CFT  )SELECT GS70,GS01,GS46,GS49,GS71,GS02,CONVERT(VARCHAR,GS08) GS08,'' GS07,PQF13,PQF31 FROM CHT A INNER JOIN R_PQF B ON A.GS01=B.PQF01  WHERE (SELECT COUNT(1) FROM R_PQO WHERE GS01=JM90 AND GS02=JM09 AND CONVERT(VARCHAR,GS08)=CONVERT(VARCHAR,CONVERT(FLOAT,CONVERT(DECIMAL(11,4),JM96))))=0 and GS01 not in (SELECT JM90 FROM R_PQO WHERE JM116='1' )
16:21:44.000 从数据类型 nvarchar 转换为 numeric 时出错。
16:23:05.000 @GS36[0.1900]
16:23:05.000 @GS37[0.00]
16:23:05.000 @GS38[套]
16:23:05.000 @GS39[0]
16:23:05.000 @GS40[]
16:23:05.000 @GS41[]
16:23:05.000 @GS42[系统管理者]
16:23:05.000 @GS43[王祖汉]
16:23:05.000 @GS44[吴小毛]
16:23:05.000 @GS45[2018/12/20 16:23:00]
16:23:05.000 @idx[51765]
16:23:05.000 @GS35[丝印]
16:23:05.000 @GS72[承揽工资]
16:23:05.000 @GS74[R_196]
16:23:05.000 @GS75[]
16:23:05.000 @GS76[]
16:23:05.000 UPDATE R_PQP SET GS35=@GS35,GS36=@GS36,GS37=@GS37,GS38=@GS38,GS39=@GS39,GS40=@GS40,GS41=@GS41,GS42=@GS42,GS43=@GS43,GS44=@GS44,GS45=@GS45,GS72=@GS72,GS74=@GS74,GS75=@GS75,GS76=@GS76 WHERE idx=@idx
16:23:12.000 @GS36[1.8800]
16:23:12.000 @GS37[0.00]
16:23:12.000 @GS38[套]
16:23:12.000 @GS39[0]
16:23:12.000 @GS40[]
16:23:12.000 @GS41[]
16:23:12.000 @GS42[系统管理者]
16:23:12.000 @GS43[王祖汉]
16:23:12.000 @GS44[吴小毛]
16:23:12.000 @GS45[2018/12/20 16:23:06]
16:23:12.000 @idx[51770]
16:23:12.000 @GS35[走台印]
16:23:12.000 @GS72[承揽工资]
16:23:12.000 @GS74[R_196]
16:23:12.000 @GS75[]
16:23:12.000 @GS76[]
16:23:12.000 UPDATE R_PQP SET GS35=@GS35,GS36=@GS36,GS37=@GS37,GS38=@GS38,GS39=@GS39,GS40=@GS40,GS41=@GS41,GS42=@GS42,GS43=@GS43,GS44=@GS44,GS45=@GS45,GS72=@GS72,GS74=@GS74,GS75=@GS75,GS76=@GS76 WHERE idx=@idx
16:23:16.000 @GS36[1.0400]
16:23:16.000 @GS37[0.00]
16:23:16.000 @GS38[套]
16:23:16.000 @GS39[0]
16:23:16.000 @GS40[]
16:23:16.000 @GS41[]
16:23:16.000 @GS42[系统管理者]
16:23:16.000 @GS43[王祖汉]
16:23:16.000 @GS44[吴小毛]
16:23:16.000 @GS45[2018/12/20 16:23:13]
16:23:16.000 @idx[51767]
16:23:16.000 @GS35[移印]
16:23:16.000 @GS72[承揽工资]
16:23:16.000 @GS74[R_196]
16:23:16.000 @GS75[]
16:23:16.000 @GS76[]
16:23:16.000 UPDATE R_PQP SET GS35=@GS35,GS36=@GS36,GS37=@GS37,GS38=@GS38,GS39=@GS39,GS40=@GS40,GS41=@GS41,GS42=@GS42,GS43=@GS43,GS44=@GS44,GS45=@GS45,GS72=@GS72,GS74=@GS74,GS75=@GS75,GS76=@GS76 WHERE idx=@idx
16:23:21.000 @GS34[R_509-20181031003]
16:23:21.000 @GS35[热转印]
16:23:21.000 @GS36[0.6000]
16:23:21.000 @GS37[0.00]
16:23:21.000 @GS38[套]
16:23:21.000 @GS39[0]
16:23:21.000 @GS40[]
16:23:21.000 @GS41[]
16:23:21.000 @GS42[系统管理者]
16:23:21.000 @GS43[王祖汉]
16:23:21.000 @GS44[吴小毛]
16:23:21.000 @GS45[2018/12/20 16:23:13]
16:23:21.000 @GS72[承揽工资]
16:23:21.000 @GS74[R_196]
16:23:21.000 @GS75[]
16:23:21.000 @GS76[]
16:23:21.000 INSERT INTO R_PQP (GS34,GS35,GS36,GS37,GS38,GS39,GS40,GS41,GS42,GS43,GS44,GS45,GS72,GS74,GS75,GS76) VALUES (@GS34,@GS35,@GS36,@GS37,@GS38,@GS39,@GS40,@GS41,@GS42,@GS43,@GS44,@GS45,@GS72,@GS74,@GS75,@GS76)
16:23:25.000 @GS34[R_509-20181031003]
16:23:25.000 @GS35[烫印]
16:23:25.000 @GS36[0.6000]
16:23:25.000 @GS37[0.00]
16:23:25.000 @GS38[套]
16:23:25.000 @GS39[0]
16:23:25.000 @GS40[]
16:23:25.000 @GS41[]
16:23:25.000 @GS42[系统管理者]
16:23:25.000 @GS43[王祖汉]
16:23:25.000 @GS44[吴小毛]
16:23:25.000 @GS45[2018/12/20 16:23:13]
16:23:25.000 @GS72[承揽工资]
16:23:25.000 @GS74[R_196]
16:23:25.000 @GS75[]
16:23:25.000 @GS76[]
16:23:25.000 INSERT INTO R_PQP (GS34,GS35,GS36,GS37,GS38,GS39,GS40,GS41,GS42,GS43,GS44,GS45,GS72,GS74,GS75,GS76) VALUES (@GS34,@GS35,@GS36,@GS37,@GS38,@GS39,@GS40,@GS41,@GS42,@GS43,@GS44,@GS45,@GS72,@GS74,@GS75,@GS76)
16:23:33.000 @GS34[R_509-20181031003]
16:23:33.000 @GS03[老单]
16:23:33.000 @GS22[]
16:23:33.000 @GS23[2018/10/31 0:00:00]
16:23:33.000 @GS24[]
16:23:33.000 @GS25[2018/10/31 0:00:00]
16:23:33.000 @GS26[]
16:23:33.000 @GS27[2018/10/31 0:00:00]
16:23:34.000 @GS28[]
16:23:34.000 @GS29[2018/10/31 0:00:00]
16:23:34.000 @GS30[]
16:23:34.000 @GS31[0]
16:23:34.000 @GS32[增加部件名称]
16:23:34.000 @GS33[[饶云祥20181101][廖灵飞20181102][廖灵飞20181102][项明华20181117][廖灵飞20181220][廖灵飞20181220]]
16:23:34.000 @GS46[金宝贝拖拉狗]
16:23:34.000 @GS47[001]
16:23:34.000 @GS48[ZE0347BZ75]
16:23:34.000 @GS49[5000]
16:23:34.000 @GS50[]
16:23:34.000 @GS01[18100343]
16:23:34.000 UPDATE R_PQP SET GS01=@GS01,GS46=@GS46,GS47=@GS47,GS48=@GS48,GS49=@GS49,GS50=@GS50,GS03=@GS03,GS22=@GS22,GS23=@GS23,GS24=@GS24,GS25=@GS25,GS26=@GS26,GS27=@GS27,GS28=@GS28,GS29=@GS29,GS30=@GS30,GS31=@GS31,GS32=@GS32,GS33=@GS33 WHERE GS34=@GS34
16:24:23.000 @AH01[18100343]
16:24:23.000 @AH10[后腿中]
16:24:23.000 @AH11[84*31.5*11]
16:24:23.000 @AH12[的]
16:24:23.000 @AH18[工序]
16:24:23.000 INSERT INTO R_PQAH (AH01,AH97,AH10,AH11,AH12,AH13,AH14,AH15,AH16,AH17,AH18,AH19,AH21,AH22,AH23,AH101,AH114,AH119) VALUES ('18100343','R_196-20181220001','后腿中','84*31.5*11','的','1.000000','1','0','2','122','工序','','个','2019/1/5 16:23:39','2018/12/20 16:23:39','5000','000003','丝印')
16:24:23.000 INSERT INTO R_PQBF (BF001,BF002,BF003,BF004,BF005,BF006,BF007,BF008) VALUES ('R_196','丝.热.移印(化学品)承揽加工合同书','廖灵飞','2018/12/20 16:24:23','R_196-20181220001','INSERT INTO R_PQAH (AH01,AH97,AH10,AH11,AH12,AH13,AH14,AH15,AH16,AH17,AH18,AH19,AH21,AH22,AH23,AH101,AH114,AH119) VALUES (''18100343'',''R_196-20181220001'',''后腿中'',''84*31.5*11'',''的'',''1.000000'',''1'',''0'',''2'',''122'',''工序'','''',''个'',''2019/1/5 16:23:39'',''2018/12/20 16:23:39'',''5000'',''000003'',''丝印'')','新建','新增新建')
16:24:35.000 UPDATE R_PQAH SET AH01='18100343',AH02='MLL-0002',AH03='温州辉达标准件经营部',AH04='2018/12/20 16:22:40',AH05='廖灵飞',AH06='2018/12/20 16:23:54',AH07='廖灵飞',AH08='2018/12/20 16:23:54',AH09='MLL-00010001',AH24='全球',AH25='12M+',AH26='F',AH27='F',AH28='F',AH29='F',AH30='',AH31='2018/12/20 16:22:40',AH32='F',AH33='F',AH34='F',AH35='F',AH36='F',AH37='F',AH38='F',AH39='F',AH40='F',AH41='F',AH42='F',AH43='',AH44='',AH45='MLL-00010001',AH46='2018/12/20 16:22:40',AH47='12M+',AH48='2018/12/20 16:22:40',AH49='F',AH50='F',AH51='F',AH52='F',AH53='F',AH54='F',AH55='F',AH56='F',AH57='F',AH58='F',AH59='F',AH60='F',AH61='F',AH62='F',AH63='F',AH64='F',AH65='',AH66='',AH67='',AH68='',AH69='',AH70='',AH71='2018/12/20 16:22:40',AH72='0',AH73='',AH74='',AH75='2018/12/20 16:22:40',AH76='',AH77='0',AH78='0',AH79='0',AH80='0',AH81='0',AH82='0',AH83='0',AH84='0',AH85='0',AH86='',AH87='廖灵飞',AH88='廖灵飞',AH89='2018/12/20 16:23:57',AH90='廖灵飞',AH91='2018/12/20 16:23:55',AH92='廖灵飞',AH93='2018/12/20 16:23:56',AH94='2018/12/20 16:22:40',AH95='',AH96='',AH98='金宝贝拖拉狗',AH99='1823200371',AH100='ZE0347BZ75',AH106='',AH107='蔡建辉',AH108='蔡建辉',AH109='694908',AH110='',AH111='F',AH112='王夏英',AH114='000003' WHERE AH97='R_196-20181220001'
16:24:35.000 INSERT INTO R_PQBF (BF001,BF002,BF003,BF004,BF005,BF006,BF007,BF008) VALUES ('R_196','丝.热.移印(化学品)承揽加工合同书','廖灵飞','2018/12/20 16:24:35','R_196-20181220001','UPDATE R_PQAH SET AH01=''18100343'',AH02=''MLL-0002'',AH03=''温州辉达标准件经营部'',AH04=''2018/12/20 16:22:40'',AH05=''廖灵飞'',AH06=''2018/12/20 16:23:54'',AH07=''廖灵飞'',AH08=''2018/12/20 16:23:54'',AH09=''MLL-00010001'',AH24=''全球'',AH25=''12M+'',AH26=''F'',AH27=''F'',AH28=''F'',AH29=''F'',AH30='''',AH31=''2018/12/20 16:22:40'',AH32=''F'',AH33=''F'',AH34=''F'',AH35=''F'',AH36=''F'',AH37=''F'',AH38=''F'',AH39=''F'',AH40=''F'',AH41=''F'',AH42=''F'',AH43='''',AH44='''',AH45=''MLL-00010001'',AH46=''2018/12/20 16:22:40'',AH47=''12M+'',AH48=''2018/12/20 16:22:40'',AH49=''F'',AH50=''F'',AH51=''F'',AH52=''F'',AH53=''F'',AH54=''F'',AH55=''F'',AH56=''F'',AH57=''F'',AH58=''F'',AH59=''F'',AH60=''F'',AH61=''F'',AH62=''F'',AH63=''F'',AH64=''F'',AH65='''',AH66='''',AH67='''',AH68='''',AH69='''',AH70='''',AH71=''2018/12/20 16:22:40'',AH72=''0'',AH73='''',AH74='''',AH75=''2018/12/20 16:22:40'',AH76='''',AH77=''0'',AH78=''0'',AH79=''0'',AH80=''0'',AH81=''0'',AH82=''0'',AH83=''0'',AH84=''0'',AH85=''0'',AH86='''',AH87=''廖灵飞'',AH88=''廖灵飞'',AH89=''2018/12/20 16:23:57'',AH90=''廖灵飞'',AH91=''2018/12/20 16:23:55'',AH92=''廖灵飞'',AH93=''2018/12/20 16:23:56'',AH94=''2018/12/20 16:22:40'',AH95='''',AH96='''',AH98=''金宝贝拖拉狗'',AH99=''1823200371'',AH100=''ZE0347BZ75'',AH106='''',AH107=''蔡建辉'',AH108=''蔡建辉'',AH109=''694908'',AH110='''',AH111=''F'',AH112=''王夏英'',AH114=''000003'' WHERE AH97=''R_196-20181220001''','保存','新增保存')
16:26:06.000  异常信息：由于连接方在一段时间后没有正确答复或连接的主机没有反应，连接尝试失败。 192.168.0.222:80
  堆栈信息:   在 AutoUpdate.AppUpdate.DownloadFile(String url, String localFilePath) 位置 D:\ProjectData\MLL\Mulaolao\Mulaolao\Class\AppUpdate.cs:行号 242
   在 AutoUpdate.AppUpdate.CheckAppVersion(String& msg) 位置 D:\ProjectData\MLL\Mulaolao\Mulaolao\Class\AppUpdate.cs:行号 310
16:28:28.000 UPDATE R_PQP SET GS73='T' FROM R_PQQ WHERE GS01=CP01 AND GS35=CP09 AND (GS35  LIKE '%丝印%' OR GS35 LIKE '%雕刻%' OR GS35  LIKE '%砂皮%' OR GS35  LIKE '%走台印%' OR GS35  LIKE '%冲印%') 
16:28:28.000 UPDATE R_PQP SET GS73='T' FROM R_PQAH WHERE GS01=AH01 AND GS35=AH18 AND (GS35  LIKE '%丝印%' OR GS35 LIKE '%雕刻%' OR GS35  LIKE '%砂皮%' OR GS35  LIKE '%走台印%' OR GS35  LIKE '%冲印%')
16:28:29.000 UPDATE R_PQP SET GS73='T' FROM R_PQI WHERE GS01=YQ03 AND  GS35 LIKE '%油漆%'  AND YQ139='1'
16:28:29.000 UPDATE R_PQP SET GS73='T' FROM R_PQAF WHERE GS01=AF002 AND GS07=AF015 AND GS02=AF084 AND GS08 ='Φ'+CONVERT(VARCHAR,CONVERT(FLOAT,AF022*10))+'*'+CONVERT(VARCHAR,CONVERT(FLOAT,AF020*10)) 
16:28:29.000 UPDATE R_PQP SET GS73='T' FROM R_PQU WHERE GS01=PQU01 AND GS07=PQU10 AND GS08=PQU12  
16:28:29.000 UPDATE R_PQP SET GS73='T' FROM R_PQS WHERE GS01=PJ01 AND GS56=PJ09 AND GS57=PJ89  
16:28:29.000 UPDATE R_PQP SET GS73='T' FROM R_PQT WHERE GS01=WX01 AND GS56=WX10 AND GS57=WX11 
16:28:29.000 WITH CET AS (select GS70,GS01,GS46,GS49,GS71,GS02,right(GS08,len(GS08) - charindex('*',GS08) ) a from R_PQP  WHERE GS70='R_338' AND GS73='F' ),CFT AS (SELECT GS70,GS01,GS46,GS49,GS71,GS02,right(a,LEN(a)-charindex('*',a)) GS08 FROM CET  ),CHT AS( SELECT DISTINCT GS70,GS01,GS46,GS49,GS71,GS02,CONVERT(FLOAT,CONVERT(DECIMAL(11,2),GS08)*1.0/10) GS08 FROM CFT  )SELECT GS70,GS01,GS46,GS49,GS71,GS02,CONVERT(VARCHAR,GS08) GS08,'' GS07,PQF13,PQF31 FROM CHT A INNER JOIN R_PQF B ON A.GS01=B.PQF01  WHERE (SELECT COUNT(1) FROM R_PQO WHERE GS01=JM90 AND GS02=JM09 AND CONVERT(VARCHAR,GS08)=CONVERT(VARCHAR,CONVERT(FLOAT,CONVERT(DECIMAL(11,4),JM96))))=0 and GS01 not in (SELECT JM90 FROM R_PQO WHERE JM116='1' )
16:28:29.000 从数据类型 nvarchar 转换为 numeric 时出错。
16:29:09.000 UPDATE R_PQP SET GS73='T' FROM R_PQQ WHERE GS01=CP01 AND GS35=CP09 AND (GS35  LIKE '%丝印%' OR GS35 LIKE '%雕刻%' OR GS35  LIKE '%砂皮%' OR GS35  LIKE '%走台印%' OR GS35  LIKE '%冲印%') 
16:29:09.000 UPDATE R_PQP SET GS73='T' FROM R_PQAH WHERE GS01=AH01 AND GS35=AH18 AND (GS35  LIKE '%丝印%' OR GS35 LIKE '%雕刻%' OR GS35  LIKE '%砂皮%' OR GS35  LIKE '%走台印%' OR GS35  LIKE '%冲印%')
16:29:10.000 UPDATE R_PQP SET GS73='T' FROM R_PQI WHERE GS01=YQ03 AND  GS35 LIKE '%油漆%'  AND YQ139='1'
16:29:10.000 UPDATE R_PQP SET GS73='T' FROM R_PQAF WHERE GS01=AF002 AND GS07=AF015 AND GS02=AF084 AND GS08 ='Φ'+CONVERT(VARCHAR,CONVERT(FLOAT,AF022*10))+'*'+CONVERT(VARCHAR,CONVERT(FLOAT,AF020*10)) 
16:29:10.000 UPDATE R_PQP SET GS73='T' FROM R_PQU WHERE GS01=PQU01 AND GS07=PQU10 AND GS08=PQU12  
16:29:10.000 UPDATE R_PQP SET GS73='T' FROM R_PQS WHERE GS01=PJ01 AND GS56=PJ09 AND GS57=PJ89  
16:29:10.000 UPDATE R_PQP SET GS73='T' FROM R_PQT WHERE GS01=WX01 AND GS56=WX10 AND GS57=WX11 
16:29:10.000 WITH CET AS (select GS70,GS01,GS46,GS49,GS71,GS02,right(GS08,len(GS08) - charindex('*',GS08) ) a from R_PQP  WHERE GS70='R_338' AND GS73='F' ),CFT AS (SELECT GS70,GS01,GS46,GS49,GS71,GS02,right(a,LEN(a)-charindex('*',a)) GS08 FROM CET  ),CHT AS( SELECT DISTINCT GS70,GS01,GS46,GS49,GS71,GS02,CONVERT(FLOAT,CONVERT(DECIMAL(11,2),GS08)*1.0/10) GS08 FROM CFT  )SELECT GS70,GS01,GS46,GS49,GS71,GS02,CONVERT(VARCHAR,GS08) GS08,'' GS07,PQF13,PQF31 FROM CHT A INNER JOIN R_PQF B ON A.GS01=B.PQF01  WHERE (SELECT COUNT(1) FROM R_PQO WHERE GS01=JM90 AND GS02=JM09 AND CONVERT(VARCHAR,GS08)=CONVERT(VARCHAR,CONVERT(FLOAT,CONVERT(DECIMAL(11,4),JM96))))=0 and GS01 not in (SELECT JM90 FROM R_PQO WHERE JM116='1' )
16:29:10.000 从数据类型 nvarchar 转换为 numeric 时出错。
16:29:59.000 WITH CET AS (select GS70,GS01,GS46,GS49,GS71,GS02,right(GS08,len(GS08) - charindex('*',GS08) ) a from R_PQP  WHERE GS70='R_338' AND GS73='F' ),CFT AS (SELECT GS70,GS01,GS46,GS49,GS71,GS02,right(a,LEN(a)-charindex('*',a)) GS08 FROM CET  ),CHT AS( SELECT DISTINCT GS70,GS01,GS46,GS49,GS71,GS02,CONVERT(FLOAT,CONVERT(DECIMAL(11,2),GS08)*1.0/10) GS08 FROM CFT  )SELECT GS70,GS01,GS46,GS49,GS71,GS02,CONVERT(VARCHAR,GS08) GS08,'' GS07,PQF13,PQF31 FROM CHT A INNER JOIN R_PQF B ON A.GS01=B.PQF01  WHERE (SELECT COUNT(1) FROM R_PQO WHERE GS01=JM90 AND GS02=JM09 AND CONVERT(VARCHAR,GS08)=CONVERT(VARCHAR,CONVERT(FLOAT,CONVERT(DECIMAL(11,4),JM96))))=0 and GS01 not in (SELECT JM90 FROM R_PQO WHERE JM116='1' )
16:29:59.000 从数据类型 nvarchar 转换为 numeric 时出错。
16:31:36.000 WITH CET AS (select GS70,GS01,GS46,GS49,GS71,GS02,right(GS08,len(GS08) - charindex('*',GS08) ) a from R_PQP  WHERE GS70='R_338' AND GS73='F' ),CFT AS (SELECT GS70,GS01,GS46,GS49,GS71,GS02,right(a,LEN(a)-charindex('*',a)) GS08 FROM CET  ),CHT AS( SELECT DISTINCT GS70,GS01,GS46,GS49,GS71,GS02,CONVERT(FLOAT,CONVERT(DECIMAL(11,2),GS08)*1.0/10) GS08 FROM CFT  )SELECT GS70,GS01,GS46,GS49,GS71,GS02,CONVERT(VARCHAR,GS08) GS08,'' GS07,PQF13,PQF31 FROM CHT A INNER JOIN R_PQF B ON A.GS01=B.PQF01  WHERE (SELECT COUNT(1) FROM R_PQO WHERE GS01=JM90 AND GS02=JM09 AND CONVERT(VARCHAR,GS08)=CONVERT(VARCHAR,CONVERT(FLOAT,CONVERT(DECIMAL(11,4),JM96))))=0 and GS01 not in (SELECT JM90 FROM R_PQO WHERE JM116='1' )
16:31:36.000 从数据类型 nvarchar 转换为 numeric 时出错。
16:35:28.000  异常信息：由于连接方在一段时间后没有正确答复或连接的主机没有反应，连接尝试失败。 192.168.0.222:80
  堆栈信息:   在 AutoUpdate.AppUpdate.DownloadFile(String url, String localFilePath) 位置 D:\ProjectData\MLL\Mulaolao\Mulaolao\Class\AppUpdate.cs:行号 242
   在 AutoUpdate.AppUpdate.CheckAppVersion(String& msg) 位置 D:\ProjectData\MLL\Mulaolao\Mulaolao\Class\AppUpdate.cs:行号 310
