09:44:11.000  异常信息：由于连接方在一段时间后没有正确答复或连接的主机没有反应，连接尝试失败。 192.168.0.222:80
  堆栈信息:   在 AutoUpdate.AppUpdate.DownloadFile(String url, String localFilePath) 位置 D:\ProjectData\MLL\Mulaolao\Mulaolao\Class\AppUpdate.cs:行号 242
   在 AutoUpdate.AppUpdate.CheckAppVersion(String& msg) 位置 D:\ProjectData\MLL\Mulaolao\Mulaolao\Class\AppUpdate.cs:行号 310
09:52:01.000 UPDATE R_PQP SET GS73='T' FROM R_PQQ WHERE GS01=CP01 AND GS35=CP09 AND (GS35  LIKE '%丝印%' OR GS35 LIKE '%雕刻%' OR GS35  LIKE '%砂皮%' OR GS35  LIKE '%走台印%' OR GS35  LIKE '%冲印%') 
09:52:01.000 UPDATE R_PQP SET GS73='T' FROM R_PQAH WHERE GS01=AH01 AND GS35=AH18 AND (GS35  LIKE '%丝印%' OR GS35 LIKE '%雕刻%' OR GS35  LIKE '%砂皮%' OR GS35  LIKE '%走台印%' OR GS35  LIKE '%冲印%')
09:52:01.000 UPDATE R_PQP SET GS73='T' FROM R_PQI WHERE GS01=YQ03 AND  GS35 LIKE '%油漆%'  AND YQ139='1'
09:52:01.000 UPDATE R_PQP SET GS73='T' FROM R_PQAF WHERE GS01=AF002 AND GS07=AF015 AND GS02=AF084 AND GS08 ='Φ'+CONVERT(VARCHAR,CONVERT(FLOAT,AF022*10))+'*'+CONVERT(VARCHAR,CONVERT(FLOAT,AF020*10)) 
09:52:02.000 UPDATE R_PQP SET GS73='T' FROM R_PQU WHERE GS01=PQU01 AND GS07=PQU10 AND GS08=PQU12  
09:52:02.000 UPDATE R_PQP SET GS73='T' FROM R_PQS WHERE GS01=PJ01 AND GS56=PJ09 AND GS57=PJ89  
09:52:02.000 UPDATE R_PQP SET GS73='T' FROM R_PQT WHERE GS01=WX01 AND GS56=WX10 AND GS57=WX11 
09:52:02.000 WITH CET AS (select GS70,GS01,GS46,GS49,GS71,GS02,right(GS08,len(GS08) - charindex('*',GS08) ) a from R_PQP  WHERE GS70='R_338' AND GS73='F' ),CFT AS (SELECT GS70,GS01,GS46,GS49,GS71,GS02,right(a,LEN(a)-charindex('*',a)) GS08 FROM CET  ),CHT AS( SELECT DISTINCT GS70,GS01,GS46,GS49,GS71,GS02,CONVERT(FLOAT,CONVERT(DECIMAL(11,2),GS08)*1.0/10) GS08 FROM CFT  )SELECT GS70,GS01,GS46,GS49,GS71,GS02,CONVERT(VARCHAR,GS08) GS08,'' GS07,PQF13,PQF31 FROM CHT A INNER JOIN R_PQF B ON A.GS01=B.PQF01  WHERE (SELECT COUNT(1) FROM R_PQO WHERE GS01=JM90 AND GS02=JM09 AND CONVERT(VARCHAR,GS08)=CONVERT(VARCHAR,CONVERT(FLOAT,CONVERT(DECIMAL(11,4),JM96))))=0 and GS01 not in (SELECT JM90 FROM R_PQO WHERE JM116='1' )
09:52:02.000 从数据类型 nvarchar 转换为 numeric 时出错。
09:57:03.000 SELECT AC18,AC10+ISNULL(AC27,0)-ISNULL(SUM(AD12+ISNULL(AD21,0)),0) AC10 FROM R_PQAC A LEFT JOIN R_PQAD B ON A.AC18=B.AD01 WHERE AC02=@AC02 AND AC04=@AC04 AND AC05=@AC05 GROUP BY AC10,AC18 HAVING AC10+ISNULL(AC27,0)-ISNULL(SUM(AD12+ISNULL(AD21,0)),0)>0
09:57:03.000 HAVING 子句中的列 'R_PQAC.AC27' 无效，因为该列没有包含在聚合函数或 GROUP BY 子句中。
09:57:03.000 SELECT AC18,AC10+ISNULL(AC27,0)-ISNULL(SUM(AD12+ISNULL(AD21,0)),0) AC10 FROM R_PQAC A LEFT JOIN R_PQAD B ON A.AC18=B.AD01 WHERE AC02=@AC02 AND AC04=@AC04 AND AC05=@AC05 GROUP BY AC10,AC18 HAVING AC10+ISNULL(AC27,0)-ISNULL(SUM(AD12+ISNULL(AD21,0)),0)>0
09:57:03.000 HAVING 子句中的列 'R_PQAC.AC27' 无效，因为该列没有包含在聚合函数或 GROUP BY 子句中。
09:57:05.000 SELECT AC18,AC10+ISNULL(AC27,0)-ISNULL(SUM(AD12+ISNULL(AD21,0)),0) AC10 FROM R_PQAC A LEFT JOIN R_PQAD B ON A.AC18=B.AD01 WHERE AC02=@AC02 AND AC04=@AC04 AND AC05=@AC05 GROUP BY AC10,AC18 HAVING AC10+ISNULL(AC27,0)-ISNULL(SUM(AD12+ISNULL(AD21,0)),0)>0
09:57:05.000 HAVING 子句中的列 'R_PQAC.AC27' 无效，因为该列没有包含在聚合函数或 GROUP BY 子句中。
09:57:06.000 SELECT AC18,AC10+ISNULL(AC27,0)-ISNULL(SUM(AD12+ISNULL(AD21,0)),0) AC10 FROM R_PQAC A LEFT JOIN R_PQAD B ON A.AC18=B.AD01 WHERE AC02=@AC02 AND AC04=@AC04 AND AC05=@AC05 GROUP BY AC10,AC18 HAVING AC10+ISNULL(AC27,0)-ISNULL(SUM(AD12+ISNULL(AD21,0)),0)>0
09:57:06.000 HAVING 子句中的列 'R_PQAC.AC27' 无效，因为该列没有包含在聚合函数或 GROUP BY 子句中。
09:57:06.000 SELECT AC18,AC10+ISNULL(AC27,0)-ISNULL(SUM(AD12+ISNULL(AD21,0)),0) AC10 FROM R_PQAC A LEFT JOIN R_PQAD B ON A.AC18=B.AD01 WHERE AC02=@AC02 AND AC04=@AC04 AND AC05=@AC05 GROUP BY AC10,AC18 HAVING AC10+ISNULL(AC27,0)-ISNULL(SUM(AD12+ISNULL(AD21,0)),0)>0
09:57:06.000 HAVING 子句中的列 'R_PQAC.AC27' 无效，因为该列没有包含在聚合函数或 GROUP BY 子句中。
09:57:07.000 SELECT AC18,AC10+ISNULL(AC27,0)-ISNULL(SUM(AD12+ISNULL(AD21,0)),0) AC10 FROM R_PQAC A LEFT JOIN R_PQAD B ON A.AC18=B.AD01 WHERE AC02=@AC02 AND AC04=@AC04 AND AC05=@AC05 GROUP BY AC10,AC18 HAVING AC10+ISNULL(AC27,0)-ISNULL(SUM(AD12+ISNULL(AD21,0)),0)>0
09:57:07.000 HAVING 子句中的列 'R_PQAC.AC27' 无效，因为该列没有包含在聚合函数或 GROUP BY 子句中。
09:57:07.000 SELECT AC18,AC10+ISNULL(AC27,0)-ISNULL(SUM(AD12+ISNULL(AD21,0)),0) AC10 FROM R_PQAC A LEFT JOIN R_PQAD B ON A.AC18=B.AD01 WHERE AC02=@AC02 AND AC04=@AC04 AND AC05=@AC05 GROUP BY AC10,AC18 HAVING AC10+ISNULL(AC27,0)-ISNULL(SUM(AD12+ISNULL(AD21,0)),0)>0
09:57:07.000 HAVING 子句中的列 'R_PQAC.AC27' 无效，因为该列没有包含在聚合函数或 GROUP BY 子句中。
09:57:10.000 SELECT AC18,AC10+ISNULL(AC27,0)-ISNULL(SUM(AD12+ISNULL(AD21,0)),0) AC10 FROM R_PQAC A LEFT JOIN R_PQAD B ON A.AC18=B.AD01 WHERE AC02=@AC02 AND AC04=@AC04 AND AC05=@AC05 GROUP BY AC10,AC18 HAVING AC10+ISNULL(AC27,0)-ISNULL(SUM(AD12+ISNULL(AD21,0)),0)>0
09:57:10.000 HAVING 子句中的列 'R_PQAC.AC27' 无效，因为该列没有包含在聚合函数或 GROUP BY 子句中。
09:57:11.000 SELECT AC18,AC10+ISNULL(AC27,0)-ISNULL(SUM(AD12+ISNULL(AD21,0)),0) AC10 FROM R_PQAC A LEFT JOIN R_PQAD B ON A.AC18=B.AD01 WHERE AC02=@AC02 AND AC04=@AC04 AND AC05=@AC05 GROUP BY AC10,AC18 HAVING AC10+ISNULL(AC27,0)-ISNULL(SUM(AD12+ISNULL(AD21,0)),0)>0
09:57:11.000 HAVING 子句中的列 'R_PQAC.AC27' 无效，因为该列没有包含在聚合函数或 GROUP BY 子句中。
09:57:13.000 SELECT AC18,AC10+ISNULL(AC27,0)-ISNULL(SUM(AD12+ISNULL(AD21,0)),0) AC10 FROM R_PQAC A LEFT JOIN R_PQAD B ON A.AC18=B.AD01 WHERE AC02=@AC02 AND AC04=@AC04 AND AC05=@AC05 GROUP BY AC10,AC18 HAVING AC10+ISNULL(AC27,0)-ISNULL(SUM(AD12+ISNULL(AD21,0)),0)>0
09:57:13.000 HAVING 子句中的列 'R_PQAC.AC27' 无效，因为该列没有包含在聚合函数或 GROUP BY 子句中。
09:57:14.000 SELECT AC18,AC10+ISNULL(AC27,0)-ISNULL(SUM(AD12+ISNULL(AD21,0)),0) AC10 FROM R_PQAC A LEFT JOIN R_PQAD B ON A.AC18=B.AD01 WHERE AC02=@AC02 AND AC04=@AC04 AND AC05=@AC05 GROUP BY AC10,AC18 HAVING AC10+ISNULL(AC27,0)-ISNULL(SUM(AD12+ISNULL(AD21,0)),0)>0
09:57:14.000 HAVING 子句中的列 'R_PQAC.AC27' 无效，因为该列没有包含在聚合函数或 GROUP BY 子句中。
09:57:22.000 UPDATE R_PQS SET PJ96=@PJ96,PJ14=@PJ14,PJ97=@PJ97 WHERE PJ92=@PJ92
09:57:22.000 必须声明标量变量 "@PJ96"。
   在 System.Data.SqlClient.SqlConnection.OnError(SqlException exception, Boolean breakConnection, Action`1 wrapCloseInAction)
   在 System.Data.SqlClient.TdsParser.ThrowExceptionAndWarning(TdsParserStateObject stateObj, Boolean callerHasConnectionLock, Boolean asyncClose)
   在 System.Data.SqlClient.TdsParser.TryRun(RunBehavior runBehavior, SqlCommand cmdHandler, SqlDataReader dataStream, BulkCopySimpleResultSet bulkCopyHandler, TdsParserStateObject stateObj, Boolean& dataReady)
   在 System.Data.SqlClient.SqlCommand.RunExecuteNonQueryTds(String methodName, Boolean async, Int32 timeout, Boolean asyncWrite)
   在 System.Data.SqlClient.SqlCommand.InternalExecuteNonQuery(TaskCompletionSource`1 completion, String methodName, Boolean sendToPipe, Int32 timeout, Boolean& usedCache, Boolean asyncWrite, Boolean inRetry)
   在 System.Data.SqlClient.SqlCommand.ExecuteNonQuery()
   在 StudentMgr.SqlHelper.ExecuteSqlTran(ArrayList SQLStringList) 位置 D:\ProjectData\MLL\Mulaolao\MulaolaoBll\SqlHelper.cs:行号 599
09:59:28.000  异常信息：由于连接方在一段时间后没有正确答复或连接的主机没有反应，连接尝试失败。 192.168.0.222:80
  堆栈信息:   在 AutoUpdate.AppUpdate.DownloadFile(String url, String localFilePath) 位置 D:\ProjectData\MLL\Mulaolao\Mulaolao\Class\AppUpdate.cs:行号 242
   在 AutoUpdate.AppUpdate.CheckAppVersion(String& msg) 位置 D:\ProjectData\MLL\Mulaolao\Mulaolao\Class\AppUpdate.cs:行号 310
10:00:38.000 UPDATE R_PQP SET GS73='T' FROM R_PQQ WHERE GS01=CP01 AND GS35=CP09 AND (GS35  LIKE '%丝印%' OR GS35 LIKE '%雕刻%' OR GS35  LIKE '%砂皮%' OR GS35  LIKE '%走台印%' OR GS35  LIKE '%冲印%') 
10:00:38.000 UPDATE R_PQP SET GS73='T' FROM R_PQAH WHERE GS01=AH01 AND GS35=AH18 AND (GS35  LIKE '%丝印%' OR GS35 LIKE '%雕刻%' OR GS35  LIKE '%砂皮%' OR GS35  LIKE '%走台印%' OR GS35  LIKE '%冲印%')
10:00:38.000 UPDATE R_PQP SET GS73='T' FROM R_PQI WHERE GS01=YQ03 AND  GS35 LIKE '%油漆%'  AND YQ139='1'
10:00:38.000 UPDATE R_PQP SET GS73='T' FROM R_PQAF WHERE GS01=AF002 AND GS07=AF015 AND GS02=AF084 AND GS08 ='Φ'+CONVERT(VARCHAR,CONVERT(FLOAT,AF022*10))+'*'+CONVERT(VARCHAR,CONVERT(FLOAT,AF020*10)) 
10:00:39.000 UPDATE R_PQP SET GS73='T' FROM R_PQU WHERE GS01=PQU01 AND GS07=PQU10 AND GS08=PQU12  
10:00:39.000 UPDATE R_PQP SET GS73='T' FROM R_PQS WHERE GS01=PJ01 AND GS56=PJ09 AND GS57=PJ89  
10:00:39.000 UPDATE R_PQP SET GS73='T' FROM R_PQT WHERE GS01=WX01 AND GS56=WX10 AND GS57=WX11 
10:00:39.000 WITH CET AS (select GS70,GS01,GS46,GS49,GS71,GS02,right(GS08,len(GS08) - charindex('*',GS08) ) a from R_PQP  WHERE GS70='R_338' AND GS73='F' ),CFT AS (SELECT GS70,GS01,GS46,GS49,GS71,GS02,right(a,LEN(a)-charindex('*',a)) GS08 FROM CET  ),CHT AS( SELECT DISTINCT GS70,GS01,GS46,GS49,GS71,GS02,CONVERT(FLOAT,CONVERT(DECIMAL(11,2),GS08)*1.0/10) GS08 FROM CFT  )SELECT GS70,GS01,GS46,GS49,GS71,GS02,CONVERT(VARCHAR,GS08) GS08,'' GS07,PQF13,PQF31 FROM CHT A INNER JOIN R_PQF B ON A.GS01=B.PQF01  WHERE (SELECT COUNT(1) FROM R_PQO WHERE GS01=JM90 AND GS02=JM09 AND CONVERT(VARCHAR,GS08)=CONVERT(VARCHAR,CONVERT(FLOAT,CONVERT(DECIMAL(11,4),JM96))))=0 and GS01 not in (SELECT JM90 FROM R_PQO WHERE JM116='1' )
10:00:39.000 从数据类型 nvarchar 转换为 numeric 时出错。
10:00:57.000 SELECT AC18,AC10+ISNULL(AC27,0)-ISNULL(SUM(AD12+ISNULL(AD21,0)),0) AC10 FROM R_PQAC A LEFT JOIN R_PQAD B ON A.AC18=B.AD01 WHERE AC02=@AC02 AND AC04=@AC04 AND AC05=@AC05 GROUP BY AC10,AC18 HAVING AC10+ISNULL(AC27,0)-ISNULL(SUM(AD12+ISNULL(AD21,0)),0)>0
10:00:57.000 HAVING 子句中的列 'R_PQAC.AC27' 无效，因为该列没有包含在聚合函数或 GROUP BY 子句中。
10:00:57.000 SELECT AC18,AC10+ISNULL(AC27,0)-ISNULL(SUM(AD12+ISNULL(AD21,0)),0) AC10 FROM R_PQAC A LEFT JOIN R_PQAD B ON A.AC18=B.AD01 WHERE AC02=@AC02 AND AC04=@AC04 AND AC05=@AC05 GROUP BY AC10,AC18 HAVING AC10+ISNULL(AC27,0)-ISNULL(SUM(AD12+ISNULL(AD21,0)),0)>0
10:00:57.000 HAVING 子句中的列 'R_PQAC.AC27' 无效，因为该列没有包含在聚合函数或 GROUP BY 子句中。
10:00:59.000 SELECT AC18,AC10+ISNULL(AC27,0)-ISNULL(SUM(AD12+ISNULL(AD21,0)),0) AC10 FROM R_PQAC A LEFT JOIN R_PQAD B ON A.AC18=B.AD01 WHERE AC02=@AC02 AND AC04=@AC04 AND AC05=@AC05 GROUP BY AC10,AC18 HAVING AC10+ISNULL(AC27,0)-ISNULL(SUM(AD12+ISNULL(AD21,0)),0)>0
10:00:59.000 HAVING 子句中的列 'R_PQAC.AC27' 无效，因为该列没有包含在聚合函数或 GROUP BY 子句中。
10:00:59.000 SELECT AC18,AC10+ISNULL(AC27,0)-ISNULL(SUM(AD12+ISNULL(AD21,0)),0) AC10 FROM R_PQAC A LEFT JOIN R_PQAD B ON A.AC18=B.AD01 WHERE AC02=@AC02 AND AC04=@AC04 AND AC05=@AC05 GROUP BY AC10,AC18 HAVING AC10+ISNULL(AC27,0)-ISNULL(SUM(AD12+ISNULL(AD21,0)),0)>0
10:00:59.000 HAVING 子句中的列 'R_PQAC.AC27' 无效，因为该列没有包含在聚合函数或 GROUP BY 子句中。
10:01:01.000 SELECT AC18,AC10+ISNULL(AC27,0)-ISNULL(SUM(AD12+ISNULL(AD21,0)),0) AC10 FROM R_PQAC A LEFT JOIN R_PQAD B ON A.AC18=B.AD01 WHERE AC02=@AC02 AND AC04=@AC04 AND AC05=@AC05 GROUP BY AC10,AC18 HAVING AC10+ISNULL(AC27,0)-ISNULL(SUM(AD12+ISNULL(AD21,0)),0)>0
10:01:01.000 HAVING 子句中的列 'R_PQAC.AC27' 无效，因为该列没有包含在聚合函数或 GROUP BY 子句中。
10:01:01.000 SELECT AC18,AC10+ISNULL(AC27,0)-ISNULL(SUM(AD12+ISNULL(AD21,0)),0) AC10 FROM R_PQAC A LEFT JOIN R_PQAD B ON A.AC18=B.AD01 WHERE AC02=@AC02 AND AC04=@AC04 AND AC05=@AC05 GROUP BY AC10,AC18 HAVING AC10+ISNULL(AC27,0)-ISNULL(SUM(AD12+ISNULL(AD21,0)),0)>0
10:01:01.000 HAVING 子句中的列 'R_PQAC.AC27' 无效，因为该列没有包含在聚合函数或 GROUP BY 子句中。
10:01:01.000 SELECT AC18,AC10+ISNULL(AC27,0)-ISNULL(SUM(AD12+ISNULL(AD21,0)),0) AC10 FROM R_PQAC A LEFT JOIN R_PQAD B ON A.AC18=B.AD01 WHERE AC02=@AC02 AND AC04=@AC04 AND AC05=@AC05 GROUP BY AC10,AC18 HAVING AC10+ISNULL(AC27,0)-ISNULL(SUM(AD12+ISNULL(AD21,0)),0)>0
10:01:01.000 HAVING 子句中的列 'R_PQAC.AC27' 无效，因为该列没有包含在聚合函数或 GROUP BY 子句中。
10:01:17.000 UPDATE R_PQS SET PJ96=12766,PJ14=0,PJ97=12766 WHERE PJ92='R_347-20180623015'
10:01:17.000 INSERT INTO R_PQBF (BF001,BF002,BF003,BF004,BF005,BF006,BF007,BF008) VALUES ('R_347','产品塑料、布和其他零配件采购合同','廖灵飞','2018/10/11 10:01:17','R_347-20180623015','UPDATE R_PQS SET PJ96=12766,PJ14=0,PJ97=12766 WHERE PJ92=''R_347-20180623015''','批量编辑','维护批量编辑')
10:01:17.000 UPDATE R_PQS SET PJ96=12766,PJ14=0,PJ97=15100 WHERE PJ92='R_347-20180623015'
10:01:17.000 INSERT INTO R_PQBF (BF001,BF002,BF003,BF004,BF005,BF006,BF007,BF008) VALUES ('R_347','产品塑料、布和其他零配件采购合同','廖灵飞','2018/10/11 10:01:17','R_347-20180623015','UPDATE R_PQS SET PJ96=12766,PJ14=0,PJ97=15100 WHERE PJ92=''R_347-20180623015''','批量编辑','维护批量编辑')
10:01:17.000 UPDATE R_PQS SET PJ96=12766,PJ14=0,PJ97=15100 WHERE PJ92='R_347-20180623015'
10:01:17.000 INSERT INTO R_PQBF (BF001,BF002,BF003,BF004,BF005,BF006,BF007,BF008) VALUES ('R_347','产品塑料、布和其他零配件采购合同','廖灵飞','2018/10/11 10:01:17','R_347-20180623015','UPDATE R_PQS SET PJ96=12766,PJ14=0,PJ97=15100 WHERE PJ92=''R_347-20180623015''','批量编辑','维护批量编辑')
10:01:18.000 SELECT AC18,AC10+ISNULL(AC27,0)-ISNULL(SUM(AD12+ISNULL(AD21,0)),0) AC10 FROM R_PQAC A LEFT JOIN R_PQAD B ON A.AC18=B.AD01 WHERE AC02=@AC02 AND AC04=@AC04 AND AC05=@AC05 GROUP BY AC10,AC18 HAVING AC10+ISNULL(AC27,0)-ISNULL(SUM(AD12+ISNULL(AD21,0)),0)>0
10:01:18.000 HAVING 子句中的列 'R_PQAC.AC27' 无效，因为该列没有包含在聚合函数或 GROUP BY 子句中。
10:01:20.000 SELECT AC18,AC10+ISNULL(AC27,0)-ISNULL(SUM(AD12+ISNULL(AD21,0)),0) AC10 FROM R_PQAC A LEFT JOIN R_PQAD B ON A.AC18=B.AD01 WHERE AC02=@AC02 AND AC04=@AC04 AND AC05=@AC05 GROUP BY AC10,AC18 HAVING AC10+ISNULL(AC27,0)-ISNULL(SUM(AD12+ISNULL(AD21,0)),0)>0
10:01:20.000 HAVING 子句中的列 'R_PQAC.AC27' 无效，因为该列没有包含在聚合函数或 GROUP BY 子句中。
10:01:21.000 SELECT AC18,AC10+ISNULL(AC27,0)-ISNULL(SUM(AD12+ISNULL(AD21,0)),0) AC10 FROM R_PQAC A LEFT JOIN R_PQAD B ON A.AC18=B.AD01 WHERE AC02=@AC02 AND AC04=@AC04 AND AC05=@AC05 GROUP BY AC10,AC18 HAVING AC10+ISNULL(AC27,0)-ISNULL(SUM(AD12+ISNULL(AD21,0)),0)>0
10:01:21.000 HAVING 子句中的列 'R_PQAC.AC27' 无效，因为该列没有包含在聚合函数或 GROUP BY 子句中。
10:01:26.000 SELECT AC18,AC10+ISNULL(AC27,0)-ISNULL(SUM(AD12+ISNULL(AD21,0)),0) AC10 FROM R_PQAC A LEFT JOIN R_PQAD B ON A.AC18=B.AD01 WHERE AC02=@AC02 AND AC04=@AC04 AND AC05=@AC05 GROUP BY AC10,AC18 HAVING AC10+ISNULL(AC27,0)-ISNULL(SUM(AD12+ISNULL(AD21,0)),0)>0
10:01:26.000 HAVING 子句中的列 'R_PQAC.AC27' 无效，因为该列没有包含在聚合函数或 GROUP BY 子句中。
10:01:27.000 SELECT AC18,AC10+ISNULL(AC27,0)-ISNULL(SUM(AD12+ISNULL(AD21,0)),0) AC10 FROM R_PQAC A LEFT JOIN R_PQAD B ON A.AC18=B.AD01 WHERE AC02=@AC02 AND AC04=@AC04 AND AC05=@AC05 GROUP BY AC10,AC18 HAVING AC10+ISNULL(AC27,0)-ISNULL(SUM(AD12+ISNULL(AD21,0)),0)>0
10:01:27.000 HAVING 子句中的列 'R_PQAC.AC27' 无效，因为该列没有包含在聚合函数或 GROUP BY 子句中。
10:01:32.000 SELECT AC18,AC10+ISNULL(AC27,0)-ISNULL(SUM(AD12+ISNULL(AD21,0)),0) AC10 FROM R_PQAC A LEFT JOIN R_PQAD B ON A.AC18=B.AD01 WHERE AC02=@AC02 AND AC04=@AC04 AND AC05=@AC05 GROUP BY AC10,AC18 HAVING AC10+ISNULL(AC27,0)-ISNULL(SUM(AD12+ISNULL(AD21,0)),0)>0
10:01:32.000 HAVING 子句中的列 'R_PQAC.AC27' 无效，因为该列没有包含在聚合函数或 GROUP BY 子句中。
10:01:32.000 SELECT AC18,AC10+ISNULL(AC27,0)-ISNULL(SUM(AD12+ISNULL(AD21,0)),0) AC10 FROM R_PQAC A LEFT JOIN R_PQAD B ON A.AC18=B.AD01 WHERE AC02=@AC02 AND AC04=@AC04 AND AC05=@AC05 GROUP BY AC10,AC18 HAVING AC10+ISNULL(AC27,0)-ISNULL(SUM(AD12+ISNULL(AD21,0)),0)>0
10:01:32.000 HAVING 子句中的列 'R_PQAC.AC27' 无效，因为该列没有包含在聚合函数或 GROUP BY 子句中。
10:01:39.000 SELECT AC18,AC10+ISNULL(AC27,0)-ISNULL(SUM(AD12+ISNULL(AD21,0)),0) AC10 FROM R_PQAC A LEFT JOIN R_PQAD B ON A.AC18=B.AD01 WHERE AC02=@AC02 AND AC04=@AC04 AND AC05=@AC05 GROUP BY AC10,AC18 HAVING AC10+ISNULL(AC27,0)-ISNULL(SUM(AD12+ISNULL(AD21,0)),0)>0
10:01:39.000 HAVING 子句中的列 'R_PQAC.AC27' 无效，因为该列没有包含在聚合函数或 GROUP BY 子句中。
10:01:40.000 SELECT AC18,AC10+ISNULL(AC27,0)-ISNULL(SUM(AD12+ISNULL(AD21,0)),0) AC10 FROM R_PQAC A LEFT JOIN R_PQAD B ON A.AC18=B.AD01 WHERE AC02=@AC02 AND AC04=@AC04 AND AC05=@AC05 GROUP BY AC10,AC18 HAVING AC10+ISNULL(AC27,0)-ISNULL(SUM(AD12+ISNULL(AD21,0)),0)>0
10:01:40.000 HAVING 子句中的列 'R_PQAC.AC27' 无效，因为该列没有包含在聚合函数或 GROUP BY 子句中。
10:01:43.000 INSERT INTO R_PQS (PJ01,PJ93,PJ94,PJ95,PJ96,PJ03,PJ09,PJ10,PJ11,PJ12,PJ13,PJ97,PJ14,PJ15,PJ16,PJ17,PJ18,PJ21,PJ24,PJ27,PJ30,PJ33,PJ34,PJ35,PJ36,PJ37,PJ38,PJ39,PJ40,PJ41,PJ42,PJ43,PJ44,PJ45,PJ46,PJ47,PJ48,PJ49,PJ50,PJ51,PJ52,PJ53,PJ54,PJ55,PJ56,PJ57,PJ58,PJ59,PJ60,PJ61,PJ62,PJ63,PJ64,PJ65,PJ66,PJ67,PJ68,PJ69,PJ70,PJ71,PJ72,PJ73,PJ74,PJ75,PJ76,PJ77,PJ89) SELECT PJ01,PJ93,PJ94,PJ95,PJ96,PJ03,PJ09,PJ10,PJ11,PJ12,PJ13,PJ97,PJ14,PJ15,PJ16,PJ17,PJ18,PJ21,PJ24,PJ27,PJ30,PJ33,PJ34,PJ35,PJ36,PJ37,PJ38,PJ39,PJ40,PJ41,PJ42,PJ43,PJ44,PJ45,PJ46,PJ47,PJ48,PJ49,PJ50,PJ51,PJ52,PJ53,PJ54,PJ55,PJ56,PJ57,PJ58,PJ59,PJ60,PJ61,PJ62,PJ63,PJ64,PJ65,PJ66,PJ67,PJ68,PJ69,PJ70,PJ71,PJ72,PJ73,PJ74,PJ75,PJ76,PJ77,PJ89 FROM R_PQS WHERE PJ92='R_347-20180623015'
10:01:43.000 INSERT INTO R_PQBF (BF001,BF002,BF003,BF004,BF005,BF006,BF007,BF008) VALUES ('R_347','产品塑料、布和其他零配件采购合同','廖灵飞','2018/10/11 10:01:43','R_347-20180623015','INSERT INTO R_PQS (PJ01,PJ93,PJ94,PJ95,PJ96,PJ03,PJ09,PJ10,PJ11,PJ12,PJ13,PJ97,PJ14,PJ15,PJ16,PJ17,PJ18,PJ21,PJ24,PJ27,PJ30,PJ33,PJ34,PJ35,PJ36,PJ37,PJ38,PJ39,PJ40,PJ41,PJ42,PJ43,PJ44,PJ45,PJ46,PJ47,PJ48,PJ49,PJ50,PJ51,PJ52,PJ53,PJ54,PJ55,PJ56,PJ57,PJ58,PJ59,PJ60,PJ61,PJ62,PJ63,PJ64,PJ65,PJ66,PJ67,PJ68,PJ69,PJ70,PJ71,PJ72,PJ73,PJ74,PJ75,PJ76,PJ77,PJ89) SELECT PJ01,PJ93,PJ94,PJ95,PJ96,PJ03,PJ09,PJ10,PJ11,PJ12,PJ13,PJ97,PJ14,PJ15,PJ16,PJ17,PJ18,PJ21,PJ24,PJ27,PJ30,PJ33,PJ34,PJ35,PJ36,PJ37,PJ38,PJ39,PJ40,PJ41,PJ42,PJ43,PJ44,PJ45,PJ46,PJ47,PJ48,PJ49,PJ50,PJ51,PJ52,PJ53,PJ54,PJ55,PJ56,PJ57,PJ58,PJ59,PJ60,PJ61,PJ62,PJ63,PJ64,PJ65,PJ66,PJ67,PJ68,PJ69,PJ70,PJ71,PJ72,PJ73,PJ74,PJ75,PJ76,PJ77,PJ89 FROM R_PQS WHERE PJ92=''R_347-20180623015''','复制','维护复制')
10:01:43.000 UPDATE R_PQS SET PJ92='R_347-20181011001',PJ99='复制',PJ19=DATEADD(DAY,5,GETDATE()) WHERE PJ92 IS NULL
10:01:43.000 INSERT INTO R_PQBF (BF001,BF002,BF003,BF004,BF005,BF006,BF007,BF008) VALUES ('R_347','产品塑料、布和其他零配件采购合同','廖灵飞','2018/10/11 10:01:43','R_347-20181011001','UPDATE R_PQS SET PJ92=''R_347-20181011001'',PJ99=''复制'',PJ19=DATEADD(DAY,5,GETDATE()) WHERE PJ92 IS NULL','复制','更改复制单号')
10:01:45.000 SELECT AC18,AC10+ISNULL(AC27,0)-ISNULL(SUM(AD12+ISNULL(AD21,0)),0) AC10 FROM R_PQAC A LEFT JOIN R_PQAD B ON A.AC18=B.AD01 WHERE AC02=@AC02 AND AC04=@AC04 AND AC05=@AC05 GROUP BY AC10,AC18 HAVING AC10+ISNULL(AC27,0)-ISNULL(SUM(AD12+ISNULL(AD21,0)),0)>0
10:01:45.000 HAVING 子句中的列 'R_PQAC.AC27' 无效，因为该列没有包含在聚合函数或 GROUP BY 子句中。
10:01:53.000 SELECT AC18,AC10+ISNULL(AC27,0)-ISNULL(SUM(AD12+ISNULL(AD21,0)),0) AC10 FROM R_PQAC A LEFT JOIN R_PQAD B ON A.AC18=B.AD01 WHERE AC02=@AC02 AND AC04=@AC04 AND AC05=@AC05 GROUP BY AC10,AC18 HAVING AC10+ISNULL(AC27,0)-ISNULL(SUM(AD12+ISNULL(AD21,0)),0)>0
10:01:53.000 HAVING 子句中的列 'R_PQAC.AC27' 无效，因为该列没有包含在聚合函数或 GROUP BY 子句中。
10:01:53.000 SELECT AC18,AC10+ISNULL(AC27,0)-ISNULL(SUM(AD12+ISNULL(AD21,0)),0) AC10 FROM R_PQAC A LEFT JOIN R_PQAD B ON A.AC18=B.AD01 WHERE AC02=@AC02 AND AC04=@AC04 AND AC05=@AC05 GROUP BY AC10,AC18 HAVING AC10+ISNULL(AC27,0)-ISNULL(SUM(AD12+ISNULL(AD21,0)),0)>0
10:01:53.000 HAVING 子句中的列 'R_PQAC.AC27' 无效，因为该列没有包含在聚合函数或 GROUP BY 子句中。
10:01:54.000 DELETE FROM R_PQS WHERE PJ92='R_347-20181011001'
10:01:54.000 DELETE FROM R_REVIEWS WHERE RES01='R_347' AND RES06='R_347-20181011001'
10:01:54.000 INSERT INTO R_PQBF (BF001,BF002,BF003,BF004,BF005,BF006,BF007,BF008) VALUES ('R_347','产品塑料、布和其他零配件采购合同','廖灵飞','2018/10/11 10:01:54','R_347-20181011001','DELETE FROM R_PQS WHERE PJ92=''R_347-20181011001''','取消','新增取消')
10:01:56.000 SELECT AC18,AC10+ISNULL(AC27,0)-ISNULL(SUM(AD12+ISNULL(AD21,0)),0) AC10 FROM R_PQAC A LEFT JOIN R_PQAD B ON A.AC18=B.AD01 WHERE AC02=@AC02 AND AC04=@AC04 AND AC05=@AC05 GROUP BY AC10,AC18 HAVING AC10+ISNULL(AC27,0)-ISNULL(SUM(AD12+ISNULL(AD21,0)),0)>0
10:01:56.000 HAVING 子句中的列 'R_PQAC.AC27' 无效，因为该列没有包含在聚合函数或 GROUP BY 子句中。
10:01:59.000 INSERT INTO R_PQS (PJ01,PJ93,PJ94,PJ95,PJ96,PJ03,PJ09,PJ10,PJ11,PJ12,PJ13,PJ97,PJ14,PJ15,PJ16,PJ17,PJ18,PJ21,PJ24,PJ27,PJ30,PJ33,PJ34,PJ35,PJ36,PJ37,PJ38,PJ39,PJ40,PJ41,PJ42,PJ43,PJ44,PJ45,PJ46,PJ47,PJ48,PJ49,PJ50,PJ51,PJ52,PJ53,PJ54,PJ55,PJ56,PJ57,PJ58,PJ59,PJ60,PJ61,PJ62,PJ63,PJ64,PJ65,PJ66,PJ67,PJ68,PJ69,PJ70,PJ71,PJ72,PJ73,PJ74,PJ75,PJ76,PJ77,PJ89) SELECT PJ01,PJ93,PJ94,PJ95,PJ96,PJ03,PJ09,PJ10,PJ11,PJ12,PJ13,PJ97,PJ14,PJ15,PJ16,PJ17,PJ18,PJ21,PJ24,PJ27,PJ30,PJ33,PJ34,PJ35,PJ36,PJ37,PJ38,PJ39,PJ40,PJ41,PJ42,PJ43,PJ44,PJ45,PJ46,PJ47,PJ48,PJ49,PJ50,PJ51,PJ52,PJ53,PJ54,PJ55,PJ56,PJ57,PJ58,PJ59,PJ60,PJ61,PJ62,PJ63,PJ64,PJ65,PJ66,PJ67,PJ68,PJ69,PJ70,PJ71,PJ72,PJ73,PJ74,PJ75,PJ76,PJ77,PJ89 FROM R_PQS WHERE PJ92='R_347-20180623015'
10:01:59.000 INSERT INTO R_PQBF (BF001,BF002,BF003,BF004,BF005,BF006,BF007,BF008) VALUES ('R_347','产品塑料、布和其他零配件采购合同','廖灵飞','2018/10/11 10:01:59','R_347-20180623015','INSERT INTO R_PQS (PJ01,PJ93,PJ94,PJ95,PJ96,PJ03,PJ09,PJ10,PJ11,PJ12,PJ13,PJ97,PJ14,PJ15,PJ16,PJ17,PJ18,PJ21,PJ24,PJ27,PJ30,PJ33,PJ34,PJ35,PJ36,PJ37,PJ38,PJ39,PJ40,PJ41,PJ42,PJ43,PJ44,PJ45,PJ46,PJ47,PJ48,PJ49,PJ50,PJ51,PJ52,PJ53,PJ54,PJ55,PJ56,PJ57,PJ58,PJ59,PJ60,PJ61,PJ62,PJ63,PJ64,PJ65,PJ66,PJ67,PJ68,PJ69,PJ70,PJ71,PJ72,PJ73,PJ74,PJ75,PJ76,PJ77,PJ89) SELECT PJ01,PJ93,PJ94,PJ95,PJ96,PJ03,PJ09,PJ10,PJ11,PJ12,PJ13,PJ97,PJ14,PJ15,PJ16,PJ17,PJ18,PJ21,PJ24,PJ27,PJ30,PJ33,PJ34,PJ35,PJ36,PJ37,PJ38,PJ39,PJ40,PJ41,PJ42,PJ43,PJ44,PJ45,PJ46,PJ47,PJ48,PJ49,PJ50,PJ51,PJ52,PJ53,PJ54,PJ55,PJ56,PJ57,PJ58,PJ59,PJ60,PJ61,PJ62,PJ63,PJ64,PJ65,PJ66,PJ67,PJ68,PJ69,PJ70,PJ71,PJ72,PJ73,PJ74,PJ75,PJ76,PJ77,PJ89 FROM R_PQS WHERE PJ92=''R_347-20180623015''','复制','维护复制')
10:01:59.000 UPDATE R_PQS SET PJ92='R_347-20181011002',PJ99='复制',PJ19=DATEADD(DAY,5,GETDATE()) WHERE PJ92 IS NULL
10:01:59.000 INSERT INTO R_PQBF (BF001,BF002,BF003,BF004,BF005,BF006,BF007,BF008) VALUES ('R_347','产品塑料、布和其他零配件采购合同','廖灵飞','2018/10/11 10:01:59','R_347-20181011002','UPDATE R_PQS SET PJ92=''R_347-20181011002'',PJ99=''复制'',PJ19=DATEADD(DAY,5,GETDATE()) WHERE PJ92 IS NULL','复制','更改复制单号')
10:02:00.000 SELECT AC18,AC10+ISNULL(AC27,0)-ISNULL(SUM(AD12+ISNULL(AD21,0)),0) AC10 FROM R_PQAC A LEFT JOIN R_PQAD B ON A.AC18=B.AD01 WHERE AC02=@AC02 AND AC04=@AC04 AND AC05=@AC05 GROUP BY AC10,AC18 HAVING AC10+ISNULL(AC27,0)-ISNULL(SUM(AD12+ISNULL(AD21,0)),0)>0
10:02:00.000 HAVING 子句中的列 'R_PQAC.AC27' 无效，因为该列没有包含在聚合函数或 GROUP BY 子句中。
10:02:17.000 SELECT AC18,AC10+ISNULL(AC27,0)-ISNULL(SUM(AD12+ISNULL(AD21,0)),0) AC10 FROM R_PQAC A LEFT JOIN R_PQAD B ON A.AC18=B.AD01 WHERE AC02=@AC02 AND AC04=@AC04 AND AC05=@AC05 GROUP BY AC10,AC18 HAVING AC10+ISNULL(AC27,0)-ISNULL(SUM(AD12+ISNULL(AD21,0)),0)>0
10:02:17.000 HAVING 子句中的列 'R_PQAC.AC27' 无效，因为该列没有包含在聚合函数或 GROUP BY 子句中。
10:02:26.000 SELECT AC18,AC10+ISNULL(AC27,0)-ISNULL(SUM(AD12+ISNULL(AD21,0)),0) AC10 FROM R_PQAC A LEFT JOIN R_PQAD B ON A.AC18=B.AD01 WHERE AC02=@AC02 AND AC04=@AC04 AND AC05=@AC05 GROUP BY AC10,AC18 HAVING AC10+ISNULL(AC27,0)-ISNULL(SUM(AD12+ISNULL(AD21,0)),0)>0
10:02:26.000 HAVING 子句中的列 'R_PQAC.AC27' 无效，因为该列没有包含在聚合函数或 GROUP BY 子句中。
10:02:31.000 SELECT AC18,AC10+ISNULL(AC27,0)-ISNULL(SUM(AD12+ISNULL(AD21,0)),0) AC10 FROM R_PQAC A LEFT JOIN R_PQAD B ON A.AC18=B.AD01 WHERE AC02=@AC02 AND AC04=@AC04 AND AC05=@AC05 GROUP BY AC10,AC18 HAVING AC10+ISNULL(AC27,0)-ISNULL(SUM(AD12+ISNULL(AD21,0)),0)>0
10:02:31.000 HAVING 子句中的列 'R_PQAC.AC27' 无效，因为该列没有包含在聚合函数或 GROUP BY 子句中。
10:02:35.000 SELECT AC18,AC10+ISNULL(AC27,0)-ISNULL(SUM(AD12+ISNULL(AD21,0)),0) AC10 FROM R_PQAC A LEFT JOIN R_PQAD B ON A.AC18=B.AD01 WHERE AC02=@AC02 AND AC04=@AC04 AND AC05=@AC05 GROUP BY AC10,AC18 HAVING AC10+ISNULL(AC27,0)-ISNULL(SUM(AD12+ISNULL(AD21,0)),0)>0
10:02:35.000 HAVING 子句中的列 'R_PQAC.AC27' 无效，因为该列没有包含在聚合函数或 GROUP BY 子句中。
10:02:37.000 SELECT AC18,AC10+ISNULL(AC27,0)-ISNULL(SUM(AD12+ISNULL(AD21,0)),0) AC10 FROM R_PQAC A LEFT JOIN R_PQAD B ON A.AC18=B.AD01 WHERE AC02=@AC02 AND AC04=@AC04 AND AC05=@AC05 GROUP BY AC10,AC18 HAVING AC10+ISNULL(AC27,0)-ISNULL(SUM(AD12+ISNULL(AD21,0)),0)>0
10:02:37.000 HAVING 子句中的列 'R_PQAC.AC27' 无效，因为该列没有包含在聚合函数或 GROUP BY 子句中。
10:04:30.000  异常信息：由于连接方在一段时间后没有正确答复或连接的主机没有反应，连接尝试失败。 192.168.0.222:80
  堆栈信息:   在 AutoUpdate.AppUpdate.DownloadFile(String url, String localFilePath) 位置 D:\ProjectData\MLL\Mulaolao\Mulaolao\Class\AppUpdate.cs:行号 242
   在 AutoUpdate.AppUpdate.CheckAppVersion(String& msg) 位置 D:\ProjectData\MLL\Mulaolao\Mulaolao\Class\AppUpdate.cs:行号 310
10:04:37.000 UPDATE R_PQP SET GS73='T' FROM R_PQQ WHERE GS01=CP01 AND GS35=CP09 AND (GS35  LIKE '%丝印%' OR GS35 LIKE '%雕刻%' OR GS35  LIKE '%砂皮%' OR GS35  LIKE '%走台印%' OR GS35  LIKE '%冲印%') 
10:04:38.000 UPDATE R_PQP SET GS73='T' FROM R_PQAH WHERE GS01=AH01 AND GS35=AH18 AND (GS35  LIKE '%丝印%' OR GS35 LIKE '%雕刻%' OR GS35  LIKE '%砂皮%' OR GS35  LIKE '%走台印%' OR GS35  LIKE '%冲印%')
10:04:38.000 UPDATE R_PQP SET GS73='T' FROM R_PQI WHERE GS01=YQ03 AND  GS35 LIKE '%油漆%'  AND YQ139='1'
10:04:38.000 UPDATE R_PQP SET GS73='T' FROM R_PQAF WHERE GS01=AF002 AND GS07=AF015 AND GS02=AF084 AND GS08 ='Φ'+CONVERT(VARCHAR,CONVERT(FLOAT,AF022*10))+'*'+CONVERT(VARCHAR,CONVERT(FLOAT,AF020*10)) 
10:04:40.000 UPDATE R_PQP SET GS73='T' FROM R_PQU WHERE GS01=PQU01 AND GS07=PQU10 AND GS08=PQU12  
10:04:41.000 UPDATE R_PQP SET GS73='T' FROM R_PQS WHERE GS01=PJ01 AND GS56=PJ09 AND GS57=PJ89  
10:04:41.000 UPDATE R_PQP SET GS73='T' FROM R_PQT WHERE GS01=WX01 AND GS56=WX10 AND GS57=WX11 
10:04:42.000 WITH CET AS (select GS70,GS01,GS46,GS49,GS71,GS02,right(GS08,len(GS08) - charindex('*',GS08) ) a from R_PQP  WHERE GS70='R_338' AND GS73='F' ),CFT AS (SELECT GS70,GS01,GS46,GS49,GS71,GS02,right(a,LEN(a)-charindex('*',a)) GS08 FROM CET  ),CHT AS( SELECT DISTINCT GS70,GS01,GS46,GS49,GS71,GS02,CONVERT(FLOAT,CONVERT(DECIMAL(11,2),GS08)*1.0/10) GS08 FROM CFT  )SELECT GS70,GS01,GS46,GS49,GS71,GS02,CONVERT(VARCHAR,GS08) GS08,'' GS07,PQF13,PQF31 FROM CHT A INNER JOIN R_PQF B ON A.GS01=B.PQF01  WHERE (SELECT COUNT(1) FROM R_PQO WHERE GS01=JM90 AND GS02=JM09 AND CONVERT(VARCHAR,GS08)=CONVERT(VARCHAR,CONVERT(FLOAT,CONVERT(DECIMAL(11,4),JM96))))=0 and GS01 not in (SELECT JM90 FROM R_PQO WHERE JM116='1' )
10:04:42.000 从数据类型 nvarchar 转换为 numeric 时出错。
10:04:53.000 SELECT AC18,AC10+ISNULL(AC27,0)-ISNULL(SUM(AD12+ISNULL(AD21,0)),0) AC10 FROM R_PQAC A LEFT JOIN R_PQAD B ON A.AC18=B.AD01 WHERE AC02=@AC02 AND AC04=@AC04 AND AC05=@AC05 GROUP BY AC10,AC18 HAVING AC10+ISNULL(AC27,0)-ISNULL(SUM(AD12+ISNULL(AD21,0)),0)>0
10:04:53.000 HAVING 子句中的列 'R_PQAC.AC27' 无效，因为该列没有包含在聚合函数或 GROUP BY 子句中。
10:04:53.000 SELECT AC18,AC10+ISNULL(AC27,0)-ISNULL(SUM(AD12+ISNULL(AD21,0)),0) AC10 FROM R_PQAC A LEFT JOIN R_PQAD B ON A.AC18=B.AD01 WHERE AC02=@AC02 AND AC04=@AC04 AND AC05=@AC05 GROUP BY AC10,AC18 HAVING AC10+ISNULL(AC27,0)-ISNULL(SUM(AD12+ISNULL(AD21,0)),0)>0
10:04:53.000 HAVING 子句中的列 'R_PQAC.AC27' 无效，因为该列没有包含在聚合函数或 GROUP BY 子句中。
10:04:54.000 INSERT INTO R_PQS (PJ01,PJ93,PJ94,PJ95,PJ96,PJ03,PJ09,PJ10,PJ11,PJ12,PJ13,PJ97,PJ14,PJ15,PJ16,PJ17,PJ18,PJ21,PJ24,PJ27,PJ30,PJ33,PJ34,PJ35,PJ36,PJ37,PJ38,PJ39,PJ40,PJ41,PJ42,PJ43,PJ44,PJ45,PJ46,PJ47,PJ48,PJ49,PJ50,PJ51,PJ52,PJ53,PJ54,PJ55,PJ56,PJ57,PJ58,PJ59,PJ60,PJ61,PJ62,PJ63,PJ64,PJ65,PJ66,PJ67,PJ68,PJ69,PJ70,PJ71,PJ72,PJ73,PJ74,PJ75,PJ76,PJ77,PJ89) SELECT PJ01,PJ93,PJ94,PJ95,PJ96,PJ03,PJ09,PJ10,PJ11,PJ12,PJ13,PJ97,PJ14,PJ15,PJ16,PJ17,PJ18,PJ21,PJ24,PJ27,PJ30,PJ33,PJ34,PJ35,PJ36,PJ37,PJ38,PJ39,PJ40,PJ41,PJ42,PJ43,PJ44,PJ45,PJ46,PJ47,PJ48,PJ49,PJ50,PJ51,PJ52,PJ53,PJ54,PJ55,PJ56,PJ57,PJ58,PJ59,PJ60,PJ61,PJ62,PJ63,PJ64,PJ65,PJ66,PJ67,PJ68,PJ69,PJ70,PJ71,PJ72,PJ73,PJ74,PJ75,PJ76,PJ77,PJ89 FROM R_PQS WHERE PJ92='R_347-20180723016'
10:04:54.000 INSERT INTO R_PQBF (BF001,BF002,BF003,BF004,BF005,BF006,BF007,BF008) VALUES ('R_347','产品塑料、布和其他零配件采购合同','廖灵飞','2018/10/11 10:04:54','R_347-20180723016','INSERT INTO R_PQS (PJ01,PJ93,PJ94,PJ95,PJ96,PJ03,PJ09,PJ10,PJ11,PJ12,PJ13,PJ97,PJ14,PJ15,PJ16,PJ17,PJ18,PJ21,PJ24,PJ27,PJ30,PJ33,PJ34,PJ35,PJ36,PJ37,PJ38,PJ39,PJ40,PJ41,PJ42,PJ43,PJ44,PJ45,PJ46,PJ47,PJ48,PJ49,PJ50,PJ51,PJ52,PJ53,PJ54,PJ55,PJ56,PJ57,PJ58,PJ59,PJ60,PJ61,PJ62,PJ63,PJ64,PJ65,PJ66,PJ67,PJ68,PJ69,PJ70,PJ71,PJ72,PJ73,PJ74,PJ75,PJ76,PJ77,PJ89) SELECT PJ01,PJ93,PJ94,PJ95,PJ96,PJ03,PJ09,PJ10,PJ11,PJ12,PJ13,PJ97,PJ14,PJ15,PJ16,PJ17,PJ18,PJ21,PJ24,PJ27,PJ30,PJ33,PJ34,PJ35,PJ36,PJ37,PJ38,PJ39,PJ40,PJ41,PJ42,PJ43,PJ44,PJ45,PJ46,PJ47,PJ48,PJ49,PJ50,PJ51,PJ52,PJ53,PJ54,PJ55,PJ56,PJ57,PJ58,PJ59,PJ60,PJ61,PJ62,PJ63,PJ64,PJ65,PJ66,PJ67,PJ68,PJ69,PJ70,PJ71,PJ72,PJ73,PJ74,PJ75,PJ76,PJ77,PJ89 FROM R_PQS WHERE PJ92=''R_347-20180723016''','复制','维护复制')
10:04:54.000 UPDATE R_PQS SET PJ92='R_347-20181011003',PJ99='复制',PJ19=DATEADD(DAY,5,GETDATE()) WHERE PJ92 IS NULL
10:04:54.000 INSERT INTO R_PQBF (BF001,BF002,BF003,BF004,BF005,BF006,BF007,BF008) VALUES ('R_347','产品塑料、布和其他零配件采购合同','廖灵飞','2018/10/11 10:04:54','R_347-20181011003','UPDATE R_PQS SET PJ92=''R_347-20181011003'',PJ99=''复制'',PJ19=DATEADD(DAY,5,GETDATE()) WHERE PJ92 IS NULL','复制','更改复制单号')
10:04:55.000 SELECT AC18,AC10+ISNULL(AC27,0)-ISNULL(SUM(AD12+ISNULL(AD21,0)),0) AC10 FROM R_PQAC A LEFT JOIN R_PQAD B ON A.AC18=B.AD01 WHERE AC02=@AC02 AND AC04=@AC04 AND AC05=@AC05 GROUP BY AC10,AC18 HAVING AC10+ISNULL(AC27,0)-ISNULL(SUM(AD12+ISNULL(AD21,0)),0)>0
10:04:55.000 HAVING 子句中的列 'R_PQAC.AC27' 无效，因为该列没有包含在聚合函数或 GROUP BY 子句中。
10:04:57.000 SELECT AC18,AC10+ISNULL(AC27,0)-ISNULL(SUM(AD12+ISNULL(AD21,0)),0) AC10 FROM R_PQAC A LEFT JOIN R_PQAD B ON A.AC18=B.AD01 WHERE AC02=@AC02 AND AC04=@AC04 AND AC05=@AC05 GROUP BY AC10,AC18 HAVING AC10+ISNULL(AC27,0)-ISNULL(SUM(AD12+ISNULL(AD21,0)),0)>0
10:04:57.000 HAVING 子句中的列 'R_PQAC.AC27' 无效，因为该列没有包含在聚合函数或 GROUP BY 子句中。
10:04:58.000 SELECT AC18,AC10+ISNULL(AC27,0)-ISNULL(SUM(AD12+ISNULL(AD21,0)),0) AC10 FROM R_PQAC A LEFT JOIN R_PQAD B ON A.AC18=B.AD01 WHERE AC02=@AC02 AND AC04=@AC04 AND AC05=@AC05 GROUP BY AC10,AC18 HAVING AC10+ISNULL(AC27,0)-ISNULL(SUM(AD12+ISNULL(AD21,0)),0)>0
10:04:58.000 HAVING 子句中的列 'R_PQAC.AC27' 无效，因为该列没有包含在聚合函数或 GROUP BY 子句中。
10:04:58.000 SELECT AC18,AC10+ISNULL(AC27,0)-ISNULL(SUM(AD12+ISNULL(AD21,0)),0) AC10 FROM R_PQAC A LEFT JOIN R_PQAD B ON A.AC18=B.AD01 WHERE AC02=@AC02 AND AC04=@AC04 AND AC05=@AC05 GROUP BY AC10,AC18 HAVING AC10+ISNULL(AC27,0)-ISNULL(SUM(AD12+ISNULL(AD21,0)),0)>0
10:04:58.000 HAVING 子句中的列 'R_PQAC.AC27' 无效，因为该列没有包含在聚合函数或 GROUP BY 子句中。
10:05:00.000 SELECT AC18,AC10+ISNULL(AC27,0)-ISNULL(SUM(AD12+ISNULL(AD21,0)),0) AC10 FROM R_PQAC A LEFT JOIN R_PQAD B ON A.AC18=B.AD01 WHERE AC02=@AC02 AND AC04=@AC04 AND AC05=@AC05 GROUP BY AC10,AC18 HAVING AC10+ISNULL(AC27,0)-ISNULL(SUM(AD12+ISNULL(AD21,0)),0)>0
10:05:00.000 HAVING 子句中的列 'R_PQAC.AC27' 无效，因为该列没有包含在聚合函数或 GROUP BY 子句中。
10:05:10.000 SELECT AC18,AC10+ISNULL(AC27,0)-ISNULL(SUM(AD12+ISNULL(AD21,0)),0) AC10 FROM R_PQAC A LEFT JOIN R_PQAD B ON A.AC18=B.AD01 WHERE AC02=@AC02 AND AC04=@AC04 AND AC05=@AC05 GROUP BY AC10,AC18 HAVING AC10+ISNULL(AC27,0)-ISNULL(SUM(AD12+ISNULL(AD21,0)),0)>0
10:05:10.000 HAVING 子句中的列 'R_PQAC.AC27' 无效，因为该列没有包含在聚合函数或 GROUP BY 子句中。
10:05:12.000 SELECT AC18,AC10+ISNULL(AC27,0)-ISNULL(SUM(AD12+ISNULL(AD21,0)),0) AC10 FROM R_PQAC A LEFT JOIN R_PQAD B ON A.AC18=B.AD01 WHERE AC02=@AC02 AND AC04=@AC04 AND AC05=@AC05 GROUP BY AC10,AC18 HAVING AC10+ISNULL(AC27,0)-ISNULL(SUM(AD12+ISNULL(AD21,0)),0)>0
10:05:12.000 HAVING 子句中的列 'R_PQAC.AC27' 无效，因为该列没有包含在聚合函数或 GROUP BY 子句中。
10:05:14.000 SELECT AC18,AC10+ISNULL(AC27,0)-ISNULL(SUM(AD12+ISNULL(AD21,0)),0) AC10 FROM R_PQAC A LEFT JOIN R_PQAD B ON A.AC18=B.AD01 WHERE AC02=@AC02 AND AC04=@AC04 AND AC05=@AC05 GROUP BY AC10,AC18 HAVING AC10+ISNULL(AC27,0)-ISNULL(SUM(AD12+ISNULL(AD21,0)),0)>0
10:05:14.000 HAVING 子句中的列 'R_PQAC.AC27' 无效，因为该列没有包含在聚合函数或 GROUP BY 子句中。
10:05:16.000 SELECT AC18,AC10+ISNULL(AC27,0)-ISNULL(SUM(AD12+ISNULL(AD21,0)),0) AC10 FROM R_PQAC A LEFT JOIN R_PQAD B ON A.AC18=B.AD01 WHERE AC02=@AC02 AND AC04=@AC04 AND AC05=@AC05 GROUP BY AC10,AC18 HAVING AC10+ISNULL(AC27,0)-ISNULL(SUM(AD12+ISNULL(AD21,0)),0)>0
10:05:16.000 HAVING 子句中的列 'R_PQAC.AC27' 无效，因为该列没有包含在聚合函数或 GROUP BY 子句中。
10:12:10.000  异常信息：由于连接方在一段时间后没有正确答复或连接的主机没有反应，连接尝试失败。 192.168.0.222:80
  堆栈信息:   在 AutoUpdate.AppUpdate.DownloadFile(String url, String localFilePath) 位置 D:\ProjectData\MLL\Mulaolao\Mulaolao\Class\AppUpdate.cs:行号 242
   在 AutoUpdate.AppUpdate.CheckAppVersion(String& msg) 位置 D:\ProjectData\MLL\Mulaolao\Mulaolao\Class\AppUpdate.cs:行号 310
10:12:20.000 UPDATE R_PQP SET GS73='T' FROM R_PQQ WHERE GS01=CP01 AND GS35=CP09 AND (GS35  LIKE '%丝印%' OR GS35 LIKE '%雕刻%' OR GS35  LIKE '%砂皮%' OR GS35  LIKE '%走台印%' OR GS35  LIKE '%冲印%') 
10:12:20.000 UPDATE R_PQP SET GS73='T' FROM R_PQAH WHERE GS01=AH01 AND GS35=AH18 AND (GS35  LIKE '%丝印%' OR GS35 LIKE '%雕刻%' OR GS35  LIKE '%砂皮%' OR GS35  LIKE '%走台印%' OR GS35  LIKE '%冲印%')
10:12:20.000 UPDATE R_PQP SET GS73='T' FROM R_PQI WHERE GS01=YQ03 AND  GS35 LIKE '%油漆%'  AND YQ139='1'
10:12:20.000 UPDATE R_PQP SET GS73='T' FROM R_PQAF WHERE GS01=AF002 AND GS07=AF015 AND GS02=AF084 AND GS08 ='Φ'+CONVERT(VARCHAR,CONVERT(FLOAT,AF022*10))+'*'+CONVERT(VARCHAR,CONVERT(FLOAT,AF020*10)) 
10:12:20.000 UPDATE R_PQP SET GS73='T' FROM R_PQU WHERE GS01=PQU01 AND GS07=PQU10 AND GS08=PQU12  
10:12:20.000 UPDATE R_PQP SET GS73='T' FROM R_PQS WHERE GS01=PJ01 AND GS56=PJ09 AND GS57=PJ89  
10:12:20.000 UPDATE R_PQP SET GS73='T' FROM R_PQT WHERE GS01=WX01 AND GS56=WX10 AND GS57=WX11 
10:12:21.000 WITH CET AS (select GS70,GS01,GS46,GS49,GS71,GS02,right(GS08,len(GS08) - charindex('*',GS08) ) a from R_PQP  WHERE GS70='R_338' AND GS73='F' ),CFT AS (SELECT GS70,GS01,GS46,GS49,GS71,GS02,right(a,LEN(a)-charindex('*',a)) GS08 FROM CET  ),CHT AS( SELECT DISTINCT GS70,GS01,GS46,GS49,GS71,GS02,CONVERT(FLOAT,CONVERT(DECIMAL(11,2),GS08)*1.0/10) GS08 FROM CFT  )SELECT GS70,GS01,GS46,GS49,GS71,GS02,CONVERT(VARCHAR,GS08) GS08,'' GS07,PQF13,PQF31 FROM CHT A INNER JOIN R_PQF B ON A.GS01=B.PQF01  WHERE (SELECT COUNT(1) FROM R_PQO WHERE GS01=JM90 AND GS02=JM09 AND CONVERT(VARCHAR,GS08)=CONVERT(VARCHAR,CONVERT(FLOAT,CONVERT(DECIMAL(11,4),JM96))))=0 and GS01 not in (SELECT JM90 FROM R_PQO WHERE JM116='1' )
10:12:21.000 从数据类型 nvarchar 转换为 numeric 时出错。
10:12:44.000 INSERT INTO R_PQS (PJ01,PJ93,PJ94,PJ95,PJ96,PJ03,PJ09,PJ10,PJ11,PJ12,PJ13,PJ97,PJ14,PJ15,PJ16,PJ17,PJ18,PJ21,PJ24,PJ27,PJ30,PJ33,PJ34,PJ35,PJ36,PJ37,PJ38,PJ39,PJ40,PJ41,PJ42,PJ43,PJ44,PJ45,PJ46,PJ47,PJ48,PJ49,PJ50,PJ51,PJ52,PJ53,PJ54,PJ55,PJ56,PJ57,PJ58,PJ59,PJ60,PJ61,PJ62,PJ63,PJ64,PJ65,PJ66,PJ67,PJ68,PJ69,PJ70,PJ71,PJ72,PJ73,PJ74,PJ75,PJ76,PJ77,PJ89) SELECT PJ01,PJ93,PJ94,PJ95,PJ96,PJ03,PJ09,PJ10,PJ11,PJ12,PJ13,PJ97,PJ14,PJ15,PJ16,PJ17,PJ18,PJ21,PJ24,PJ27,PJ30,PJ33,PJ34,PJ35,PJ36,PJ37,PJ38,PJ39,PJ40,PJ41,PJ42,PJ43,PJ44,PJ45,PJ46,PJ47,PJ48,PJ49,PJ50,PJ51,PJ52,PJ53,PJ54,PJ55,PJ56,PJ57,PJ58,PJ59,PJ60,PJ61,PJ62,PJ63,PJ64,PJ65,PJ66,PJ67,PJ68,PJ69,PJ70,PJ71,PJ72,PJ73,PJ74,PJ75,PJ76,PJ77,PJ89 FROM R_PQS WHERE PJ92='R_347-20180630008'
10:12:44.000 INSERT INTO R_PQBF (BF001,BF002,BF003,BF004,BF005,BF006,BF007,BF008) VALUES ('R_347','产品塑料、布和其他零配件采购合同','廖灵飞','2018/10/11 10:12:44','R_347-20180630008','INSERT INTO R_PQS (PJ01,PJ93,PJ94,PJ95,PJ96,PJ03,PJ09,PJ10,PJ11,PJ12,PJ13,PJ97,PJ14,PJ15,PJ16,PJ17,PJ18,PJ21,PJ24,PJ27,PJ30,PJ33,PJ34,PJ35,PJ36,PJ37,PJ38,PJ39,PJ40,PJ41,PJ42,PJ43,PJ44,PJ45,PJ46,PJ47,PJ48,PJ49,PJ50,PJ51,PJ52,PJ53,PJ54,PJ55,PJ56,PJ57,PJ58,PJ59,PJ60,PJ61,PJ62,PJ63,PJ64,PJ65,PJ66,PJ67,PJ68,PJ69,PJ70,PJ71,PJ72,PJ73,PJ74,PJ75,PJ76,PJ77,PJ89) SELECT PJ01,PJ93,PJ94,PJ95,PJ96,PJ03,PJ09,PJ10,PJ11,PJ12,PJ13,PJ97,PJ14,PJ15,PJ16,PJ17,PJ18,PJ21,PJ24,PJ27,PJ30,PJ33,PJ34,PJ35,PJ36,PJ37,PJ38,PJ39,PJ40,PJ41,PJ42,PJ43,PJ44,PJ45,PJ46,PJ47,PJ48,PJ49,PJ50,PJ51,PJ52,PJ53,PJ54,PJ55,PJ56,PJ57,PJ58,PJ59,PJ60,PJ61,PJ62,PJ63,PJ64,PJ65,PJ66,PJ67,PJ68,PJ69,PJ70,PJ71,PJ72,PJ73,PJ74,PJ75,PJ76,PJ77,PJ89 FROM R_PQS WHERE PJ92=''R_347-20180630008''','复制','维护复制')
10:12:44.000 UPDATE R_PQS SET PJ92='R_347-20181011004',PJ99='复制',PJ19=DATEADD(DAY,5,GETDATE()) WHERE PJ92 IS NULL
10:12:44.000 INSERT INTO R_PQBF (BF001,BF002,BF003,BF004,BF005,BF006,BF007,BF008) VALUES ('R_347','产品塑料、布和其他零配件采购合同','廖灵飞','2018/10/11 10:12:44','R_347-20181011004','UPDATE R_PQS SET PJ92=''R_347-20181011004'',PJ99=''复制'',PJ19=DATEADD(DAY,5,GETDATE()) WHERE PJ92 IS NULL','复制','更改复制单号')
10:12:57.000 SELECT AC18,AC10+ISNULL(AC27,0)-ISNULL(SUM(AD12+ISNULL(AD21,0)),0) AC10 FROM R_PQAC A LEFT JOIN R_PQAD B ON A.AC18=B.AD01 WHERE AC02=@AC02 AND AC04=@AC04 AND AC05=@AC05 GROUP BY AC10,AC18 HAVING AC10+ISNULL(AC27,0)-ISNULL(SUM(AD12+ISNULL(AD21,0)),0)>0
10:12:57.000 HAVING 子句中的列 'R_PQAC.AC27' 无效，因为该列没有包含在聚合函数或 GROUP BY 子句中。
10:12:57.000 SELECT AC18,AC10+ISNULL(AC27,0)-ISNULL(SUM(AD12+ISNULL(AD21,0)),0) AC10 FROM R_PQAC A LEFT JOIN R_PQAD B ON A.AC18=B.AD01 WHERE AC02=@AC02 AND AC04=@AC04 AND AC05=@AC05 GROUP BY AC10,AC18 HAVING AC10+ISNULL(AC27,0)-ISNULL(SUM(AD12+ISNULL(AD21,0)),0)>0
10:12:57.000 HAVING 子句中的列 'R_PQAC.AC27' 无效，因为该列没有包含在聚合函数或 GROUP BY 子句中。
10:12:57.000 SELECT AC18,AC10+ISNULL(AC27,0)-ISNULL(SUM(AD12+ISNULL(AD21,0)),0) AC10 FROM R_PQAC A LEFT JOIN R_PQAD B ON A.AC18=B.AD01 WHERE AC02=@AC02 AND AC04=@AC04 AND AC05=@AC05 GROUP BY AC10,AC18 HAVING AC10+ISNULL(AC27,0)-ISNULL(SUM(AD12+ISNULL(AD21,0)),0)>0
10:12:57.000 HAVING 子句中的列 'R_PQAC.AC27' 无效，因为该列没有包含在聚合函数或 GROUP BY 子句中。
10:12:57.000 SELECT AC18,AC10+ISNULL(AC27,0)-ISNULL(SUM(AD12+ISNULL(AD21,0)),0) AC10 FROM R_PQAC A LEFT JOIN R_PQAD B ON A.AC18=B.AD01 WHERE AC02=@AC02 AND AC04=@AC04 AND AC05=@AC05 GROUP BY AC10,AC18 HAVING AC10+ISNULL(AC27,0)-ISNULL(SUM(AD12+ISNULL(AD21,0)),0)>0
10:12:57.000 HAVING 子句中的列 'R_PQAC.AC27' 无效，因为该列没有包含在聚合函数或 GROUP BY 子句中。
10:12:58.000 SELECT AC18,AC10+ISNULL(AC27,0)-ISNULL(SUM(AD12+ISNULL(AD21,0)),0) AC10 FROM R_PQAC A LEFT JOIN R_PQAD B ON A.AC18=B.AD01 WHERE AC02=@AC02 AND AC04=@AC04 AND AC05=@AC05 GROUP BY AC10,AC18 HAVING AC10+ISNULL(AC27,0)-ISNULL(SUM(AD12+ISNULL(AD21,0)),0)>0
10:12:58.000 HAVING 子句中的列 'R_PQAC.AC27' 无效，因为该列没有包含在聚合函数或 GROUP BY 子句中。
10:13:04.000 SELECT AC18,AC10+ISNULL(AC27,0)-ISNULL(SUM(AD12+ISNULL(AD21,0)),0) AC10 FROM R_PQAC A LEFT JOIN R_PQAD B ON A.AC18=B.AD01 WHERE AC02=@AC02 AND AC04=@AC04 AND AC05=@AC05 GROUP BY AC10,AC18 HAVING AC10+ISNULL(AC27,0)-ISNULL(SUM(AD12+ISNULL(AD21,0)),0)>0
10:13:04.000 HAVING 子句中的列 'R_PQAC.AC27' 无效，因为该列没有包含在聚合函数或 GROUP BY 子句中。
10:13:14.000 SELECT AC18,AC10+ISNULL(AC27,0)-ISNULL(SUM(AD12+ISNULL(AD21,0)),0) AC10 FROM R_PQAC A LEFT JOIN R_PQAD B ON A.AC18=B.AD01 WHERE AC02=@AC02 AND AC04=@AC04 AND AC05=@AC05 GROUP BY AC10,AC18 HAVING AC10+ISNULL(AC27,0)-ISNULL(SUM(AD12+ISNULL(AD21,0)),0)>0
10:13:14.000 HAVING 子句中的列 'R_PQAC.AC27' 无效，因为该列没有包含在聚合函数或 GROUP BY 子句中。
10:13:16.000 SELECT AC18,AC10+ISNULL(AC27,0)-ISNULL(SUM(AD12+ISNULL(AD21,0)),0) AC10 FROM R_PQAC A LEFT JOIN R_PQAD B ON A.AC18=B.AD01 WHERE AC02=@AC02 AND AC04=@AC04 AND AC05=@AC05 GROUP BY AC10,AC18 HAVING AC10+ISNULL(AC27,0)-ISNULL(SUM(AD12+ISNULL(AD21,0)),0)>0
10:13:16.000 HAVING 子句中的列 'R_PQAC.AC27' 无效，因为该列没有包含在聚合函数或 GROUP BY 子句中。
10:13:21.000 SELECT AC18,AC10+ISNULL(AC27,0)-ISNULL(SUM(AD12+ISNULL(AD21,0)),0) AC10 FROM R_PQAC A LEFT JOIN R_PQAD B ON A.AC18=B.AD01 WHERE AC02=@AC02 AND AC04=@AC04 AND AC05=@AC05 GROUP BY AC10,AC18 HAVING AC10+ISNULL(AC27,0)-ISNULL(SUM(AD12+ISNULL(AD21,0)),0)>0
10:13:21.000 HAVING 子句中的列 'R_PQAC.AC27' 无效，因为该列没有包含在聚合函数或 GROUP BY 子句中。
10:13:23.000 SELECT AC18,AC10+ISNULL(AC27,0)-ISNULL(SUM(AD12+ISNULL(AD21,0)),0) AC10 FROM R_PQAC A LEFT JOIN R_PQAD B ON A.AC18=B.AD01 WHERE AC02=@AC02 AND AC04=@AC04 AND AC05=@AC05 GROUP BY AC10,AC18 HAVING AC10+ISNULL(AC27,0)-ISNULL(SUM(AD12+ISNULL(AD21,0)),0)>0
10:13:23.000 HAVING 子句中的列 'R_PQAC.AC27' 无效，因为该列没有包含在聚合函数或 GROUP BY 子句中。
10:13:26.000 SELECT AC18,AC10+ISNULL(AC27,0)-ISNULL(SUM(AD12+ISNULL(AD21,0)),0) AC10 FROM R_PQAC A LEFT JOIN R_PQAD B ON A.AC18=B.AD01 WHERE AC02=@AC02 AND AC04=@AC04 AND AC05=@AC05 GROUP BY AC10,AC18 HAVING AC10+ISNULL(AC27,0)-ISNULL(SUM(AD12+ISNULL(AD21,0)),0)>0
10:13:26.000 HAVING 子句中的列 'R_PQAC.AC27' 无效，因为该列没有包含在聚合函数或 GROUP BY 子句中。
10:13:27.000 SELECT AC18,AC10+ISNULL(AC27,0)-ISNULL(SUM(AD12+ISNULL(AD21,0)),0) AC10 FROM R_PQAC A LEFT JOIN R_PQAD B ON A.AC18=B.AD01 WHERE AC02=@AC02 AND AC04=@AC04 AND AC05=@AC05 GROUP BY AC10,AC18 HAVING AC10+ISNULL(AC27,0)-ISNULL(SUM(AD12+ISNULL(AD21,0)),0)>0
10:13:27.000 HAVING 子句中的列 'R_PQAC.AC27' 无效，因为该列没有包含在聚合函数或 GROUP BY 子句中。
10:13:27.000 SELECT AC18,AC10+ISNULL(AC27,0)-ISNULL(SUM(AD12+ISNULL(AD21,0)),0) AC10 FROM R_PQAC A LEFT JOIN R_PQAD B ON A.AC18=B.AD01 WHERE AC02=@AC02 AND AC04=@AC04 AND AC05=@AC05 GROUP BY AC10,AC18 HAVING AC10+ISNULL(AC27,0)-ISNULL(SUM(AD12+ISNULL(AD21,0)),0)>0
10:13:27.000 HAVING 子句中的列 'R_PQAC.AC27' 无效，因为该列没有包含在聚合函数或 GROUP BY 子句中。
10:13:44.000 SELECT AC18,AC10+ISNULL(AC27,0)-ISNULL(SUM(AD12+ISNULL(AD21,0)),0) AC10 FROM R_PQAC A LEFT JOIN R_PQAD B ON A.AC18=B.AD01 WHERE AC02=@AC02 AND AC04=@AC04 AND AC05=@AC05 GROUP BY AC10,AC18 HAVING AC10+ISNULL(AC27,0)-ISNULL(SUM(AD12+ISNULL(AD21,0)),0)>0
10:13:44.000 HAVING 子句中的列 'R_PQAC.AC27' 无效，因为该列没有包含在聚合函数或 GROUP BY 子句中。
10:13:44.000 SELECT AC18,AC10+ISNULL(AC27,0)-ISNULL(SUM(AD12+ISNULL(AD21,0)),0) AC10 FROM R_PQAC A LEFT JOIN R_PQAD B ON A.AC18=B.AD01 WHERE AC02=@AC02 AND AC04=@AC04 AND AC05=@AC05 GROUP BY AC10,AC18 HAVING AC10+ISNULL(AC27,0)-ISNULL(SUM(AD12+ISNULL(AD21,0)),0)>0
10:13:44.000 HAVING 子句中的列 'R_PQAC.AC27' 无效，因为该列没有包含在聚合函数或 GROUP BY 子句中。
10:13:45.000 SELECT AC18,AC10+ISNULL(AC27,0)-ISNULL(SUM(AD12+ISNULL(AD21,0)),0) AC10 FROM R_PQAC A LEFT JOIN R_PQAD B ON A.AC18=B.AD01 WHERE AC02=@AC02 AND AC04=@AC04 AND AC05=@AC05 GROUP BY AC10,AC18 HAVING AC10+ISNULL(AC27,0)-ISNULL(SUM(AD12+ISNULL(AD21,0)),0)>0
10:13:45.000 HAVING 子句中的列 'R_PQAC.AC27' 无效，因为该列没有包含在聚合函数或 GROUP BY 子句中。
10:13:46.000 SELECT AC18,AC10+ISNULL(AC27,0)-ISNULL(SUM(AD12+ISNULL(AD21,0)),0) AC10 FROM R_PQAC A LEFT JOIN R_PQAD B ON A.AC18=B.AD01 WHERE AC02=@AC02 AND AC04=@AC04 AND AC05=@AC05 GROUP BY AC10,AC18 HAVING AC10+ISNULL(AC27,0)-ISNULL(SUM(AD12+ISNULL(AD21,0)),0)>0
10:13:46.000 HAVING 子句中的列 'R_PQAC.AC27' 无效，因为该列没有包含在聚合函数或 GROUP BY 子句中。
10:13:50.000 DELETE FROM R_PQS WHERE PJ92='R_347-20181011004'
10:13:50.000 DELETE FROM R_REVIEWS WHERE RES01='R_347' AND RES06='R_347-20181011004'
10:13:50.000 INSERT INTO R_PQBF (BF001,BF002,BF003,BF004,BF005,BF006,BF007,BF008) VALUES ('R_347','产品塑料、布和其他零配件采购合同','廖灵飞','2018/10/11 10:13:50','R_347-20181011004','DELETE FROM R_PQS WHERE PJ92=''R_347-20181011004''','取消','新增取消')
10:13:59.000 SELECT AC18,AC10+ISNULL(AC27,0)-ISNULL(SUM(AD12+ISNULL(AD21,0)),0) AC10 FROM R_PQAC A LEFT JOIN R_PQAD B ON A.AC18=B.AD01 WHERE AC02=@AC02 AND AC04=@AC04 AND AC05=@AC05 GROUP BY AC10,AC18 HAVING AC10+ISNULL(AC27,0)-ISNULL(SUM(AD12+ISNULL(AD21,0)),0)>0
10:13:59.000 HAVING 子句中的列 'R_PQAC.AC27' 无效，因为该列没有包含在聚合函数或 GROUP BY 子句中。
10:13:59.000 SELECT AC18,AC10+ISNULL(AC27,0)-ISNULL(SUM(AD12+ISNULL(AD21,0)),0) AC10 FROM R_PQAC A LEFT JOIN R_PQAD B ON A.AC18=B.AD01 WHERE AC02=@AC02 AND AC04=@AC04 AND AC05=@AC05 GROUP BY AC10,AC18 HAVING AC10+ISNULL(AC27,0)-ISNULL(SUM(AD12+ISNULL(AD21,0)),0)>0
10:13:59.000 HAVING 子句中的列 'R_PQAC.AC27' 无效，因为该列没有包含在聚合函数或 GROUP BY 子句中。
10:13:59.000 SELECT AC18,AC10+ISNULL(AC27,0)-ISNULL(SUM(AD12+ISNULL(AD21,0)),0) AC10 FROM R_PQAC A LEFT JOIN R_PQAD B ON A.AC18=B.AD01 WHERE AC02=@AC02 AND AC04=@AC04 AND AC05=@AC05 GROUP BY AC10,AC18 HAVING AC10+ISNULL(AC27,0)-ISNULL(SUM(AD12+ISNULL(AD21,0)),0)>0
10:13:59.000 HAVING 子句中的列 'R_PQAC.AC27' 无效，因为该列没有包含在聚合函数或 GROUP BY 子句中。
10:13:59.000 SELECT AC18,AC10+ISNULL(AC27,0)-ISNULL(SUM(AD12+ISNULL(AD21,0)),0) AC10 FROM R_PQAC A LEFT JOIN R_PQAD B ON A.AC18=B.AD01 WHERE AC02=@AC02 AND AC04=@AC04 AND AC05=@AC05 GROUP BY AC10,AC18 HAVING AC10+ISNULL(AC27,0)-ISNULL(SUM(AD12+ISNULL(AD21,0)),0)>0
10:13:59.000 HAVING 子句中的列 'R_PQAC.AC27' 无效，因为该列没有包含在聚合函数或 GROUP BY 子句中。
10:14:09.000 SELECT AC18,AC10+ISNULL(AC27,0)-ISNULL(SUM(AD12+ISNULL(AD21,0)),0) AC10 FROM R_PQAC A LEFT JOIN R_PQAD B ON A.AC18=B.AD01 WHERE AC02=@AC02 AND AC04=@AC04 AND AC05=@AC05 GROUP BY AC10,AC18 HAVING AC10+ISNULL(AC27,0)-ISNULL(SUM(AD12+ISNULL(AD21,0)),0)>0
10:14:09.000 HAVING 子句中的列 'R_PQAC.AC27' 无效，因为该列没有包含在聚合函数或 GROUP BY 子句中。
10:14:09.000 SELECT AC18,AC10+ISNULL(AC27,0)-ISNULL(SUM(AD12+ISNULL(AD21,0)),0) AC10 FROM R_PQAC A LEFT JOIN R_PQAD B ON A.AC18=B.AD01 WHERE AC02=@AC02 AND AC04=@AC04 AND AC05=@AC05 GROUP BY AC10,AC18 HAVING AC10+ISNULL(AC27,0)-ISNULL(SUM(AD12+ISNULL(AD21,0)),0)>0
10:14:09.000 HAVING 子句中的列 'R_PQAC.AC27' 无效，因为该列没有包含在聚合函数或 GROUP BY 子句中。
10:14:13.000 SELECT AC18,AC10+ISNULL(AC27,0)-ISNULL(SUM(AD12+ISNULL(AD21,0)),0) AC10 FROM R_PQAC A LEFT JOIN R_PQAD B ON A.AC18=B.AD01 WHERE AC02=@AC02 AND AC04=@AC04 AND AC05=@AC05 GROUP BY AC10,AC18 HAVING AC10+ISNULL(AC27,0)-ISNULL(SUM(AD12+ISNULL(AD21,0)),0)>0
10:14:13.000 HAVING 子句中的列 'R_PQAC.AC27' 无效，因为该列没有包含在聚合函数或 GROUP BY 子句中。
10:14:22.000 SELECT AC18,AC10+ISNULL(AC27,0)-ISNULL(SUM(AD12+ISNULL(AD21,0)),0) AC10 FROM R_PQAC A LEFT JOIN R_PQAD B ON A.AC18=B.AD01 WHERE AC02=@AC02 AND AC04=@AC04 AND AC05=@AC05 GROUP BY AC10,AC18 HAVING AC10+ISNULL(AC27,0)-ISNULL(SUM(AD12+ISNULL(AD21,0)),0)>0
10:14:22.000 HAVING 子句中的列 'R_PQAC.AC27' 无效，因为该列没有包含在聚合函数或 GROUP BY 子句中。
10:14:23.000 SELECT AC18,AC10+ISNULL(AC27,0)-ISNULL(SUM(AD12+ISNULL(AD21,0)),0) AC10 FROM R_PQAC A LEFT JOIN R_PQAD B ON A.AC18=B.AD01 WHERE AC02=@AC02 AND AC04=@AC04 AND AC05=@AC05 GROUP BY AC10,AC18 HAVING AC10+ISNULL(AC27,0)-ISNULL(SUM(AD12+ISNULL(AD21,0)),0)>0
10:14:23.000 HAVING 子句中的列 'R_PQAC.AC27' 无效，因为该列没有包含在聚合函数或 GROUP BY 子句中。
10:14:23.000 SELECT AC18,AC10+ISNULL(AC27,0)-ISNULL(SUM(AD12+ISNULL(AD21,0)),0) AC10 FROM R_PQAC A LEFT JOIN R_PQAD B ON A.AC18=B.AD01 WHERE AC02=@AC02 AND AC04=@AC04 AND AC05=@AC05 GROUP BY AC10,AC18 HAVING AC10+ISNULL(AC27,0)-ISNULL(SUM(AD12+ISNULL(AD21,0)),0)>0
10:14:23.000 HAVING 子句中的列 'R_PQAC.AC27' 无效，因为该列没有包含在聚合函数或 GROUP BY 子句中。
10:14:24.000 SELECT AC18,AC10+ISNULL(AC27,0)-ISNULL(SUM(AD12+ISNULL(AD21,0)),0) AC10 FROM R_PQAC A LEFT JOIN R_PQAD B ON A.AC18=B.AD01 WHERE AC02=@AC02 AND AC04=@AC04 AND AC05=@AC05 GROUP BY AC10,AC18 HAVING AC10+ISNULL(AC27,0)-ISNULL(SUM(AD12+ISNULL(AD21,0)),0)>0
10:14:24.000 HAVING 子句中的列 'R_PQAC.AC27' 无效，因为该列没有包含在聚合函数或 GROUP BY 子句中。
10:14:24.000 SELECT AC18,AC10+ISNULL(AC27,0)-ISNULL(SUM(AD12+ISNULL(AD21,0)),0) AC10 FROM R_PQAC A LEFT JOIN R_PQAD B ON A.AC18=B.AD01 WHERE AC02=@AC02 AND AC04=@AC04 AND AC05=@AC05 GROUP BY AC10,AC18 HAVING AC10+ISNULL(AC27,0)-ISNULL(SUM(AD12+ISNULL(AD21,0)),0)>0
10:14:24.000 HAVING 子句中的列 'R_PQAC.AC27' 无效，因为该列没有包含在聚合函数或 GROUP BY 子句中。
10:14:25.000 SELECT AC18,AC10+ISNULL(AC27,0)-ISNULL(SUM(AD12+ISNULL(AD21,0)),0) AC10 FROM R_PQAC A LEFT JOIN R_PQAD B ON A.AC18=B.AD01 WHERE AC02=@AC02 AND AC04=@AC04 AND AC05=@AC05 GROUP BY AC10,AC18 HAVING AC10+ISNULL(AC27,0)-ISNULL(SUM(AD12+ISNULL(AD21,0)),0)>0
10:14:25.000 HAVING 子句中的列 'R_PQAC.AC27' 无效，因为该列没有包含在聚合函数或 GROUP BY 子句中。
10:14:30.000 SELECT AC18,AC10+ISNULL(AC27,0)-ISNULL(SUM(AD12+ISNULL(AD21,0)),0) AC10 FROM R_PQAC A LEFT JOIN R_PQAD B ON A.AC18=B.AD01 WHERE AC02=@AC02 AND AC04=@AC04 AND AC05=@AC05 GROUP BY AC10,AC18 HAVING AC10+ISNULL(AC27,0)-ISNULL(SUM(AD12+ISNULL(AD21,0)),0)>0
10:14:30.000 HAVING 子句中的列 'R_PQAC.AC27' 无效，因为该列没有包含在聚合函数或 GROUP BY 子句中。
10:14:32.000 SELECT AC18,AC10+ISNULL(AC27,0)-ISNULL(SUM(AD12+ISNULL(AD21,0)),0) AC10 FROM R_PQAC A LEFT JOIN R_PQAD B ON A.AC18=B.AD01 WHERE AC02=@AC02 AND AC04=@AC04 AND AC05=@AC05 GROUP BY AC10,AC18 HAVING AC10+ISNULL(AC27,0)-ISNULL(SUM(AD12+ISNULL(AD21,0)),0)>0
10:14:32.000 HAVING 子句中的列 'R_PQAC.AC27' 无效，因为该列没有包含在聚合函数或 GROUP BY 子句中。
10:14:34.000 SELECT AC18,AC10+ISNULL(AC27,0)-ISNULL(SUM(AD12+ISNULL(AD21,0)),0) AC10 FROM R_PQAC A LEFT JOIN R_PQAD B ON A.AC18=B.AD01 WHERE AC02=@AC02 AND AC04=@AC04 AND AC05=@AC05 GROUP BY AC10,AC18 HAVING AC10+ISNULL(AC27,0)-ISNULL(SUM(AD12+ISNULL(AD21,0)),0)>0
10:14:34.000 HAVING 子句中的列 'R_PQAC.AC27' 无效，因为该列没有包含在聚合函数或 GROUP BY 子句中。
10:14:42.000 UPDATE R_PQAMB SET AMB218='3006.4' WHERE AMB001='R_347-20180922017'
10:14:42.000 UPDATE R_PQAM SET AM218='0.40' WHERE AM002='18090321'
10:14:47.000 INSERT INTO R_PQS (PJ01,PJ93,PJ94,PJ95,PJ96,PJ03,PJ09,PJ10,PJ11,PJ12,PJ13,PJ97,PJ14,PJ15,PJ16,PJ17,PJ18,PJ21,PJ24,PJ27,PJ30,PJ33,PJ34,PJ35,PJ36,PJ37,PJ38,PJ39,PJ40,PJ41,PJ42,PJ43,PJ44,PJ45,PJ46,PJ47,PJ48,PJ49,PJ50,PJ51,PJ52,PJ53,PJ54,PJ55,PJ56,PJ57,PJ58,PJ59,PJ60,PJ61,PJ62,PJ63,PJ64,PJ65,PJ66,PJ67,PJ68,PJ69,PJ70,PJ71,PJ72,PJ73,PJ74,PJ75,PJ76,PJ77,PJ89) SELECT PJ01,PJ93,PJ94,PJ95,PJ96,PJ03,PJ09,PJ10,PJ11,PJ12,PJ13,PJ97,PJ14,PJ15,PJ16,PJ17,PJ18,PJ21,PJ24,PJ27,PJ30,PJ33,PJ34,PJ35,PJ36,PJ37,PJ38,PJ39,PJ40,PJ41,PJ42,PJ43,PJ44,PJ45,PJ46,PJ47,PJ48,PJ49,PJ50,PJ51,PJ52,PJ53,PJ54,PJ55,PJ56,PJ57,PJ58,PJ59,PJ60,PJ61,PJ62,PJ63,PJ64,PJ65,PJ66,PJ67,PJ68,PJ69,PJ70,PJ71,PJ72,PJ73,PJ74,PJ75,PJ76,PJ77,PJ89 FROM R_PQS WHERE PJ92='R_347-20180922017'
10:14:47.000 INSERT INTO R_PQBF (BF001,BF002,BF003,BF004,BF005,BF006,BF007,BF008) VALUES ('R_347','产品塑料、布和其他零配件采购合同','廖灵飞','2018/10/11 10:14:47','R_347-20180922017','INSERT INTO R_PQS (PJ01,PJ93,PJ94,PJ95,PJ96,PJ03,PJ09,PJ10,PJ11,PJ12,PJ13,PJ97,PJ14,PJ15,PJ16,PJ17,PJ18,PJ21,PJ24,PJ27,PJ30,PJ33,PJ34,PJ35,PJ36,PJ37,PJ38,PJ39,PJ40,PJ41,PJ42,PJ43,PJ44,PJ45,PJ46,PJ47,PJ48,PJ49,PJ50,PJ51,PJ52,PJ53,PJ54,PJ55,PJ56,PJ57,PJ58,PJ59,PJ60,PJ61,PJ62,PJ63,PJ64,PJ65,PJ66,PJ67,PJ68,PJ69,PJ70,PJ71,PJ72,PJ73,PJ74,PJ75,PJ76,PJ77,PJ89) SELECT PJ01,PJ93,PJ94,PJ95,PJ96,PJ03,PJ09,PJ10,PJ11,PJ12,PJ13,PJ97,PJ14,PJ15,PJ16,PJ17,PJ18,PJ21,PJ24,PJ27,PJ30,PJ33,PJ34,PJ35,PJ36,PJ37,PJ38,PJ39,PJ40,PJ41,PJ42,PJ43,PJ44,PJ45,PJ46,PJ47,PJ48,PJ49,PJ50,PJ51,PJ52,PJ53,PJ54,PJ55,PJ56,PJ57,PJ58,PJ59,PJ60,PJ61,PJ62,PJ63,PJ64,PJ65,PJ66,PJ67,PJ68,PJ69,PJ70,PJ71,PJ72,PJ73,PJ74,PJ75,PJ76,PJ77,PJ89 FROM R_PQS WHERE PJ92=''R_347-20180922017''','复制','维护复制')
10:14:47.000 UPDATE R_PQS SET PJ92='R_347-20181011005',PJ99='复制',PJ19=DATEADD(DAY,5,GETDATE()) WHERE PJ92 IS NULL
10:14:47.000 INSERT INTO R_PQBF (BF001,BF002,BF003,BF004,BF005,BF006,BF007,BF008) VALUES ('R_347','产品塑料、布和其他零配件采购合同','廖灵飞','2018/10/11 10:14:47','R_347-20181011005','UPDATE R_PQS SET PJ92=''R_347-20181011005'',PJ99=''复制'',PJ19=DATEADD(DAY,5,GETDATE()) WHERE PJ92 IS NULL','复制','更改复制单号')
10:14:50.000 SELECT AC18,AC10+ISNULL(AC27,0)-ISNULL(SUM(AD12+ISNULL(AD21,0)),0) AC10 FROM R_PQAC A LEFT JOIN R_PQAD B ON A.AC18=B.AD01 WHERE AC02=@AC02 AND AC04=@AC04 AND AC05=@AC05 GROUP BY AC10,AC18 HAVING AC10+ISNULL(AC27,0)-ISNULL(SUM(AD12+ISNULL(AD21,0)),0)>0
10:14:50.000 HAVING 子句中的列 'R_PQAC.AC27' 无效，因为该列没有包含在聚合函数或 GROUP BY 子句中。
10:14:51.000 SELECT AC18,AC10+ISNULL(AC27,0)-ISNULL(SUM(AD12+ISNULL(AD21,0)),0) AC10 FROM R_PQAC A LEFT JOIN R_PQAD B ON A.AC18=B.AD01 WHERE AC02=@AC02 AND AC04=@AC04 AND AC05=@AC05 GROUP BY AC10,AC18 HAVING AC10+ISNULL(AC27,0)-ISNULL(SUM(AD12+ISNULL(AD21,0)),0)>0
10:14:51.000 HAVING 子句中的列 'R_PQAC.AC27' 无效，因为该列没有包含在聚合函数或 GROUP BY 子句中。
10:14:57.000 SELECT AC18,AC10+ISNULL(AC27,0)-ISNULL(SUM(AD12+ISNULL(AD21,0)),0) AC10 FROM R_PQAC A LEFT JOIN R_PQAD B ON A.AC18=B.AD01 WHERE AC02=@AC02 AND AC04=@AC04 AND AC05=@AC05 GROUP BY AC10,AC18 HAVING AC10+ISNULL(AC27,0)-ISNULL(SUM(AD12+ISNULL(AD21,0)),0)>0
10:14:57.000 HAVING 子句中的列 'R_PQAC.AC27' 无效，因为该列没有包含在聚合函数或 GROUP BY 子句中。
10:14:58.000 SELECT AC18,AC10+ISNULL(AC27,0)-ISNULL(SUM(AD12+ISNULL(AD21,0)),0) AC10 FROM R_PQAC A LEFT JOIN R_PQAD B ON A.AC18=B.AD01 WHERE AC02=@AC02 AND AC04=@AC04 AND AC05=@AC05 GROUP BY AC10,AC18 HAVING AC10+ISNULL(AC27,0)-ISNULL(SUM(AD12+ISNULL(AD21,0)),0)>0
10:14:58.000 HAVING 子句中的列 'R_PQAC.AC27' 无效，因为该列没有包含在聚合函数或 GROUP BY 子句中。
10:14:58.000 SELECT AC18,AC10+ISNULL(AC27,0)-ISNULL(SUM(AD12+ISNULL(AD21,0)),0) AC10 FROM R_PQAC A LEFT JOIN R_PQAD B ON A.AC18=B.AD01 WHERE AC02=@AC02 AND AC04=@AC04 AND AC05=@AC05 GROUP BY AC10,AC18 HAVING AC10+ISNULL(AC27,0)-ISNULL(SUM(AD12+ISNULL(AD21,0)),0)>0
10:14:58.000 HAVING 子句中的列 'R_PQAC.AC27' 无效，因为该列没有包含在聚合函数或 GROUP BY 子句中。
10:15:02.000 SELECT AC18,AC10+ISNULL(AC27,0)-ISNULL(SUM(AD12+ISNULL(AD21,0)),0) AC10 FROM R_PQAC A LEFT JOIN R_PQAD B ON A.AC18=B.AD01 WHERE AC02=@AC02 AND AC04=@AC04 AND AC05=@AC05 GROUP BY AC10,AC18 HAVING AC10+ISNULL(AC27,0)-ISNULL(SUM(AD12+ISNULL(AD21,0)),0)>0
10:15:02.000 HAVING 子句中的列 'R_PQAC.AC27' 无效，因为该列没有包含在聚合函数或 GROUP BY 子句中。
10:15:08.000 SELECT AC18,AC10+ISNULL(AC27,0)-ISNULL(SUM(AD12+ISNULL(AD21,0)),0) AC10 FROM R_PQAC A LEFT JOIN R_PQAD B ON A.AC18=B.AD01 WHERE AC02=@AC02 AND AC04=@AC04 AND AC05=@AC05 GROUP BY AC10,AC18 HAVING AC10+ISNULL(AC27,0)-ISNULL(SUM(AD12+ISNULL(AD21,0)),0)>0
10:15:08.000 HAVING 子句中的列 'R_PQAC.AC27' 无效，因为该列没有包含在聚合函数或 GROUP BY 子句中。
10:15:14.000 SELECT AC18,AC10+ISNULL(AC27,0)-ISNULL(SUM(AD12+ISNULL(AD21,0)),0) AC10 FROM R_PQAC A LEFT JOIN R_PQAD B ON A.AC18=B.AD01 WHERE AC02=@AC02 AND AC04=@AC04 AND AC05=@AC05 GROUP BY AC10,AC18 HAVING AC10+ISNULL(AC27,0)-ISNULL(SUM(AD12+ISNULL(AD21,0)),0)>0
10:15:14.000 HAVING 子句中的列 'R_PQAC.AC27' 无效，因为该列没有包含在聚合函数或 GROUP BY 子句中。
10:15:17.000 SELECT AC18,AC10+ISNULL(AC27,0)-ISNULL(SUM(AD12+ISNULL(AD21,0)),0) AC10 FROM R_PQAC A LEFT JOIN R_PQAD B ON A.AC18=B.AD01 WHERE AC02=@AC02 AND AC04=@AC04 AND AC05=@AC05 GROUP BY AC10,AC18 HAVING AC10+ISNULL(AC27,0)-ISNULL(SUM(AD12+ISNULL(AD21,0)),0)>0
10:15:17.000 HAVING 子句中的列 'R_PQAC.AC27' 无效，因为该列没有包含在聚合函数或 GROUP BY 子句中。
10:15:17.000 SELECT AC18,AC10+ISNULL(AC27,0)-ISNULL(SUM(AD12+ISNULL(AD21,0)),0) AC10 FROM R_PQAC A LEFT JOIN R_PQAD B ON A.AC18=B.AD01 WHERE AC02=@AC02 AND AC04=@AC04 AND AC05=@AC05 GROUP BY AC10,AC18 HAVING AC10+ISNULL(AC27,0)-ISNULL(SUM(AD12+ISNULL(AD21,0)),0)>0
10:15:17.000 HAVING 子句中的列 'R_PQAC.AC27' 无效，因为该列没有包含在聚合函数或 GROUP BY 子句中。
10:15:18.000 SELECT AC18,AC10+ISNULL(AC27,0)-ISNULL(SUM(AD12+ISNULL(AD21,0)),0) AC10 FROM R_PQAC A LEFT JOIN R_PQAD B ON A.AC18=B.AD01 WHERE AC02=@AC02 AND AC04=@AC04 AND AC05=@AC05 GROUP BY AC10,AC18 HAVING AC10+ISNULL(AC27,0)-ISNULL(SUM(AD12+ISNULL(AD21,0)),0)>0
10:15:18.000 HAVING 子句中的列 'R_PQAC.AC27' 无效，因为该列没有包含在聚合函数或 GROUP BY 子句中。
10:15:19.000 SELECT AC18,AC10+ISNULL(AC27,0)-ISNULL(SUM(AD12+ISNULL(AD21,0)),0) AC10 FROM R_PQAC A LEFT JOIN R_PQAD B ON A.AC18=B.AD01 WHERE AC02=@AC02 AND AC04=@AC04 AND AC05=@AC05 GROUP BY AC10,AC18 HAVING AC10+ISNULL(AC27,0)-ISNULL(SUM(AD12+ISNULL(AD21,0)),0)>0
10:15:19.000 HAVING 子句中的列 'R_PQAC.AC27' 无效，因为该列没有包含在聚合函数或 GROUP BY 子句中。
10:15:22.000 SELECT AC18,AC10+ISNULL(AC27,0)-ISNULL(SUM(AD12+ISNULL(AD21,0)),0) AC10 FROM R_PQAC A LEFT JOIN R_PQAD B ON A.AC18=B.AD01 WHERE AC02=@AC02 AND AC04=@AC04 AND AC05=@AC05 GROUP BY AC10,AC18 HAVING AC10+ISNULL(AC27,0)-ISNULL(SUM(AD12+ISNULL(AD21,0)),0)>0
10:15:22.000 HAVING 子句中的列 'R_PQAC.AC27' 无效，因为该列没有包含在聚合函数或 GROUP BY 子句中。
10:15:29.000 SELECT AC18,AC10+ISNULL(AC27,0)-ISNULL(SUM(AD12+ISNULL(AD21,0)),0) AC10 FROM R_PQAC A LEFT JOIN R_PQAD B ON A.AC18=B.AD01 WHERE AC02=@AC02 AND AC04=@AC04 AND AC05=@AC05 GROUP BY AC10,AC18 HAVING AC10+ISNULL(AC27,0)-ISNULL(SUM(AD12+ISNULL(AD21,0)),0)>0
10:15:29.000 HAVING 子句中的列 'R_PQAC.AC27' 无效，因为该列没有包含在聚合函数或 GROUP BY 子句中。
10:15:35.000 SELECT AC18,AC10+ISNULL(AC27,0)-ISNULL(SUM(AD12+ISNULL(AD21,0)),0) AC10 FROM R_PQAC A LEFT JOIN R_PQAD B ON A.AC18=B.AD01 WHERE AC02=@AC02 AND AC04=@AC04 AND AC05=@AC05 GROUP BY AC10,AC18 HAVING AC10+ISNULL(AC27,0)-ISNULL(SUM(AD12+ISNULL(AD21,0)),0)>0
10:15:35.000 HAVING 子句中的列 'R_PQAC.AC27' 无效，因为该列没有包含在聚合函数或 GROUP BY 子句中。
10:15:36.000 DELETE FROM R_PQS WHERE PJ92='R_347-20181011005'
10:15:36.000 DELETE FROM R_REVIEWS WHERE RES01='R_347' AND RES06='R_347-20181011005'
10:15:36.000 INSERT INTO R_PQBF (BF001,BF002,BF003,BF004,BF005,BF006,BF007,BF008) VALUES ('R_347','产品塑料、布和其他零配件采购合同','廖灵飞','2018/10/11 10:15:36','R_347-20181011005','DELETE FROM R_PQS WHERE PJ92=''R_347-20181011005''','取消','新增取消')
10:15:44.000 SELECT AC18,AC10+ISNULL(AC27,0)-ISNULL(SUM(AD12+ISNULL(AD21,0)),0) AC10 FROM R_PQAC A LEFT JOIN R_PQAD B ON A.AC18=B.AD01 WHERE AC02=@AC02 AND AC04=@AC04 AND AC05=@AC05 GROUP BY AC10,AC18 HAVING AC10+ISNULL(AC27,0)-ISNULL(SUM(AD12+ISNULL(AD21,0)),0)>0
10:15:44.000 HAVING 子句中的列 'R_PQAC.AC27' 无效，因为该列没有包含在聚合函数或 GROUP BY 子句中。
10:15:44.000 SELECT AC18,AC10+ISNULL(AC27,0)-ISNULL(SUM(AD12+ISNULL(AD21,0)),0) AC10 FROM R_PQAC A LEFT JOIN R_PQAD B ON A.AC18=B.AD01 WHERE AC02=@AC02 AND AC04=@AC04 AND AC05=@AC05 GROUP BY AC10,AC18 HAVING AC10+ISNULL(AC27,0)-ISNULL(SUM(AD12+ISNULL(AD21,0)),0)>0
10:15:44.000 HAVING 子句中的列 'R_PQAC.AC27' 无效，因为该列没有包含在聚合函数或 GROUP BY 子句中。
10:15:45.000 SELECT AC18,AC10+ISNULL(AC27,0)-ISNULL(SUM(AD12+ISNULL(AD21,0)),0) AC10 FROM R_PQAC A LEFT JOIN R_PQAD B ON A.AC18=B.AD01 WHERE AC02=@AC02 AND AC04=@AC04 AND AC05=@AC05 GROUP BY AC10,AC18 HAVING AC10+ISNULL(AC27,0)-ISNULL(SUM(AD12+ISNULL(AD21,0)),0)>0
10:15:45.000 HAVING 子句中的列 'R_PQAC.AC27' 无效，因为该列没有包含在聚合函数或 GROUP BY 子句中。
10:15:49.000 SELECT AC18,AC10+ISNULL(AC27,0)-ISNULL(SUM(AD12+ISNULL(AD21,0)),0) AC10 FROM R_PQAC A LEFT JOIN R_PQAD B ON A.AC18=B.AD01 WHERE AC02=@AC02 AND AC04=@AC04 AND AC05=@AC05 GROUP BY AC10,AC18 HAVING AC10+ISNULL(AC27,0)-ISNULL(SUM(AD12+ISNULL(AD21,0)),0)>0
10:15:49.000 HAVING 子句中的列 'R_PQAC.AC27' 无效，因为该列没有包含在聚合函数或 GROUP BY 子句中。
10:15:56.000 SELECT AC18,AC10+ISNULL(AC27,0)-ISNULL(SUM(AD12+ISNULL(AD21,0)),0) AC10 FROM R_PQAC A LEFT JOIN R_PQAD B ON A.AC18=B.AD01 WHERE AC02=@AC02 AND AC04=@AC04 AND AC05=@AC05 GROUP BY AC10,AC18 HAVING AC10+ISNULL(AC27,0)-ISNULL(SUM(AD12+ISNULL(AD21,0)),0)>0
10:15:56.000 HAVING 子句中的列 'R_PQAC.AC27' 无效，因为该列没有包含在聚合函数或 GROUP BY 子句中。
10:15:57.000 SELECT AC18,AC10+ISNULL(AC27,0)-ISNULL(SUM(AD12+ISNULL(AD21,0)),0) AC10 FROM R_PQAC A LEFT JOIN R_PQAD B ON A.AC18=B.AD01 WHERE AC02=@AC02 AND AC04=@AC04 AND AC05=@AC05 GROUP BY AC10,AC18 HAVING AC10+ISNULL(AC27,0)-ISNULL(SUM(AD12+ISNULL(AD21,0)),0)>0
10:15:57.000 HAVING 子句中的列 'R_PQAC.AC27' 无效，因为该列没有包含在聚合函数或 GROUP BY 子句中。
10:16:04.000 SELECT AC18,AC10+ISNULL(AC27,0)-ISNULL(SUM(AD12+ISNULL(AD21,0)),0) AC10 FROM R_PQAC A LEFT JOIN R_PQAD B ON A.AC18=B.AD01 WHERE AC02=@AC02 AND AC04=@AC04 AND AC05=@AC05 GROUP BY AC10,AC18 HAVING AC10+ISNULL(AC27,0)-ISNULL(SUM(AD12+ISNULL(AD21,0)),0)>0
10:16:04.000 HAVING 子句中的列 'R_PQAC.AC27' 无效，因为该列没有包含在聚合函数或 GROUP BY 子句中。
10:16:06.000 SELECT AC18,AC10+ISNULL(AC27,0)-ISNULL(SUM(AD12+ISNULL(AD21,0)),0) AC10 FROM R_PQAC A LEFT JOIN R_PQAD B ON A.AC18=B.AD01 WHERE AC02=@AC02 AND AC04=@AC04 AND AC05=@AC05 GROUP BY AC10,AC18 HAVING AC10+ISNULL(AC27,0)-ISNULL(SUM(AD12+ISNULL(AD21,0)),0)>0
10:16:06.000 HAVING 子句中的列 'R_PQAC.AC27' 无效，因为该列没有包含在聚合函数或 GROUP BY 子句中。
10:16:07.000 SELECT AC18,AC10+ISNULL(AC27,0)-ISNULL(SUM(AD12+ISNULL(AD21,0)),0) AC10 FROM R_PQAC A LEFT JOIN R_PQAD B ON A.AC18=B.AD01 WHERE AC02=@AC02 AND AC04=@AC04 AND AC05=@AC05 GROUP BY AC10,AC18 HAVING AC10+ISNULL(AC27,0)-ISNULL(SUM(AD12+ISNULL(AD21,0)),0)>0
10:16:07.000 HAVING 子句中的列 'R_PQAC.AC27' 无效，因为该列没有包含在聚合函数或 GROUP BY 子句中。
10:16:07.000 SELECT AC18,AC10+ISNULL(AC27,0)-ISNULL(SUM(AD12+ISNULL(AD21,0)),0) AC10 FROM R_PQAC A LEFT JOIN R_PQAD B ON A.AC18=B.AD01 WHERE AC02=@AC02 AND AC04=@AC04 AND AC05=@AC05 GROUP BY AC10,AC18 HAVING AC10+ISNULL(AC27,0)-ISNULL(SUM(AD12+ISNULL(AD21,0)),0)>0
10:16:07.000 HAVING 子句中的列 'R_PQAC.AC27' 无效，因为该列没有包含在聚合函数或 GROUP BY 子句中。
10:16:08.000 SELECT AC18,AC10+ISNULL(AC27,0)-ISNULL(SUM(AD12+ISNULL(AD21,0)),0) AC10 FROM R_PQAC A LEFT JOIN R_PQAD B ON A.AC18=B.AD01 WHERE AC02=@AC02 AND AC04=@AC04 AND AC05=@AC05 GROUP BY AC10,AC18 HAVING AC10+ISNULL(AC27,0)-ISNULL(SUM(AD12+ISNULL(AD21,0)),0)>0
10:16:08.000 HAVING 子句中的列 'R_PQAC.AC27' 无效，因为该列没有包含在聚合函数或 GROUP BY 子句中。
10:16:08.000 SELECT AC18,AC10+ISNULL(AC27,0)-ISNULL(SUM(AD12+ISNULL(AD21,0)),0) AC10 FROM R_PQAC A LEFT JOIN R_PQAD B ON A.AC18=B.AD01 WHERE AC02=@AC02 AND AC04=@AC04 AND AC05=@AC05 GROUP BY AC10,AC18 HAVING AC10+ISNULL(AC27,0)-ISNULL(SUM(AD12+ISNULL(AD21,0)),0)>0
10:16:08.000 HAVING 子句中的列 'R_PQAC.AC27' 无效，因为该列没有包含在聚合函数或 GROUP BY 子句中。
10:16:16.000 SELECT AC18,AC10+ISNULL(AC27,0)-ISNULL(SUM(AD12+ISNULL(AD21,0)),0) AC10 FROM R_PQAC A LEFT JOIN R_PQAD B ON A.AC18=B.AD01 WHERE AC02=@AC02 AND AC04=@AC04 AND AC05=@AC05 GROUP BY AC10,AC18 HAVING AC10+ISNULL(AC27,0)-ISNULL(SUM(AD12+ISNULL(AD21,0)),0)>0
10:16:16.000 HAVING 子句中的列 'R_PQAC.AC27' 无效，因为该列没有包含在聚合函数或 GROUP BY 子句中。
10:16:16.000 SELECT AC18,AC10+ISNULL(AC27,0)-ISNULL(SUM(AD12+ISNULL(AD21,0)),0) AC10 FROM R_PQAC A LEFT JOIN R_PQAD B ON A.AC18=B.AD01 WHERE AC02=@AC02 AND AC04=@AC04 AND AC05=@AC05 GROUP BY AC10,AC18 HAVING AC10+ISNULL(AC27,0)-ISNULL(SUM(AD12+ISNULL(AD21,0)),0)>0
10:16:16.000 HAVING 子句中的列 'R_PQAC.AC27' 无效，因为该列没有包含在聚合函数或 GROUP BY 子句中。
10:16:17.000 SELECT AC18,AC10+ISNULL(AC27,0)-ISNULL(SUM(AD12+ISNULL(AD21,0)),0) AC10 FROM R_PQAC A LEFT JOIN R_PQAD B ON A.AC18=B.AD01 WHERE AC02=@AC02 AND AC04=@AC04 AND AC05=@AC05 GROUP BY AC10,AC18 HAVING AC10+ISNULL(AC27,0)-ISNULL(SUM(AD12+ISNULL(AD21,0)),0)>0
10:16:17.000 HAVING 子句中的列 'R_PQAC.AC27' 无效，因为该列没有包含在聚合函数或 GROUP BY 子句中。
10:16:17.000 SELECT AC18,AC10+ISNULL(AC27,0)-ISNULL(SUM(AD12+ISNULL(AD21,0)),0) AC10 FROM R_PQAC A LEFT JOIN R_PQAD B ON A.AC18=B.AD01 WHERE AC02=@AC02 AND AC04=@AC04 AND AC05=@AC05 GROUP BY AC10,AC18 HAVING AC10+ISNULL(AC27,0)-ISNULL(SUM(AD12+ISNULL(AD21,0)),0)>0
10:16:17.000 HAVING 子句中的列 'R_PQAC.AC27' 无效，因为该列没有包含在聚合函数或 GROUP BY 子句中。
10:16:17.000 SELECT AC18,AC10+ISNULL(AC27,0)-ISNULL(SUM(AD12+ISNULL(AD21,0)),0) AC10 FROM R_PQAC A LEFT JOIN R_PQAD B ON A.AC18=B.AD01 WHERE AC02=@AC02 AND AC04=@AC04 AND AC05=@AC05 GROUP BY AC10,AC18 HAVING AC10+ISNULL(AC27,0)-ISNULL(SUM(AD12+ISNULL(AD21,0)),0)>0
10:16:17.000 HAVING 子句中的列 'R_PQAC.AC27' 无效，因为该列没有包含在聚合函数或 GROUP BY 子句中。
10:16:17.000 SELECT AC18,AC10+ISNULL(AC27,0)-ISNULL(SUM(AD12+ISNULL(AD21,0)),0) AC10 FROM R_PQAC A LEFT JOIN R_PQAD B ON A.AC18=B.AD01 WHERE AC02=@AC02 AND AC04=@AC04 AND AC05=@AC05 GROUP BY AC10,AC18 HAVING AC10+ISNULL(AC27,0)-ISNULL(SUM(AD12+ISNULL(AD21,0)),0)>0
10:16:17.000 HAVING 子句中的列 'R_PQAC.AC27' 无效，因为该列没有包含在聚合函数或 GROUP BY 子句中。
10:16:18.000 SELECT AC18,AC10+ISNULL(AC27,0)-ISNULL(SUM(AD12+ISNULL(AD21,0)),0) AC10 FROM R_PQAC A LEFT JOIN R_PQAD B ON A.AC18=B.AD01 WHERE AC02=@AC02 AND AC04=@AC04 AND AC05=@AC05 GROUP BY AC10,AC18 HAVING AC10+ISNULL(AC27,0)-ISNULL(SUM(AD12+ISNULL(AD21,0)),0)>0
10:16:18.000 HAVING 子句中的列 'R_PQAC.AC27' 无效，因为该列没有包含在聚合函数或 GROUP BY 子句中。
10:19:37.000  异常信息：由于连接方在一段时间后没有正确答复或连接的主机没有反应，连接尝试失败。 192.168.0.222:80
  堆栈信息:   在 AutoUpdate.AppUpdate.DownloadFile(String url, String localFilePath) 位置 D:\ProjectData\MLL\Mulaolao\Mulaolao\Class\AppUpdate.cs:行号 242
   在 AutoUpdate.AppUpdate.CheckAppVersion(String& msg) 位置 D:\ProjectData\MLL\Mulaolao\Mulaolao\Class\AppUpdate.cs:行号 310
10:19:50.000 UPDATE R_PQP SET GS73='T' FROM R_PQQ WHERE GS01=CP01 AND GS35=CP09 AND (GS35  LIKE '%丝印%' OR GS35 LIKE '%雕刻%' OR GS35  LIKE '%砂皮%' OR GS35  LIKE '%走台印%' OR GS35  LIKE '%冲印%') 
10:19:50.000 UPDATE R_PQP SET GS73='T' FROM R_PQAH WHERE GS01=AH01 AND GS35=AH18 AND (GS35  LIKE '%丝印%' OR GS35 LIKE '%雕刻%' OR GS35  LIKE '%砂皮%' OR GS35  LIKE '%走台印%' OR GS35  LIKE '%冲印%')
10:19:51.000 UPDATE R_PQP SET GS73='T' FROM R_PQI WHERE GS01=YQ03 AND  GS35 LIKE '%油漆%'  AND YQ139='1'
10:19:51.000 UPDATE R_PQP SET GS73='T' FROM R_PQAF WHERE GS01=AF002 AND GS07=AF015 AND GS02=AF084 AND GS08 ='Φ'+CONVERT(VARCHAR,CONVERT(FLOAT,AF022*10))+'*'+CONVERT(VARCHAR,CONVERT(FLOAT,AF020*10)) 
10:19:51.000 UPDATE R_PQP SET GS73='T' FROM R_PQU WHERE GS01=PQU01 AND GS07=PQU10 AND GS08=PQU12  
10:19:51.000 UPDATE R_PQP SET GS73='T' FROM R_PQS WHERE GS01=PJ01 AND GS56=PJ09 AND GS57=PJ89  
10:19:51.000 UPDATE R_PQP SET GS73='T' FROM R_PQT WHERE GS01=WX01 AND GS56=WX10 AND GS57=WX11 
10:19:52.000 WITH CET AS (select GS70,GS01,GS46,GS49,GS71,GS02,right(GS08,len(GS08) - charindex('*',GS08) ) a from R_PQP  WHERE GS70='R_338' AND GS73='F' ),CFT AS (SELECT GS70,GS01,GS46,GS49,GS71,GS02,right(a,LEN(a)-charindex('*',a)) GS08 FROM CET  ),CHT AS( SELECT DISTINCT GS70,GS01,GS46,GS49,GS71,GS02,CONVERT(FLOAT,CONVERT(DECIMAL(11,2),GS08)*1.0/10) GS08 FROM CFT  )SELECT GS70,GS01,GS46,GS49,GS71,GS02,CONVERT(VARCHAR,GS08) GS08,'' GS07,PQF13,PQF31 FROM CHT A INNER JOIN R_PQF B ON A.GS01=B.PQF01  WHERE (SELECT COUNT(1) FROM R_PQO WHERE GS01=JM90 AND GS02=JM09 AND CONVERT(VARCHAR,GS08)=CONVERT(VARCHAR,CONVERT(FLOAT,CONVERT(DECIMAL(11,4),JM96))))=0 and GS01 not in (SELECT JM90 FROM R_PQO WHERE JM116='1' )
10:19:52.000 从数据类型 nvarchar 转换为 numeric 时出错。
10:20:37.000 INSERT INTO R_PQT (WX01,WX83,WX84,WX85,WX86,WX02,WX10,WX11,WX12,WX13,WX14,WX15,WX16,WX87,WX17,WX18,WX19,WX20,WX23,WX24,WX25,WX26,WX27,WX28,WX29,WX30,WX31,WX32,WX33,WX35,WX36,WX37,WX38,WX39,WX40,WX41,WX42,WX43,WX44,WX45,WX46,WX47,WX48,WX49,WX50,WX51,WX56,WX57,WX58,WX59,WX60,WX61,WX62,WX63,WX64,WX65,WX66,WX67,WX68,WX72,WX77,WX78,WX79) SELECT WX01,WX83,WX84,WX85,WX86,WX02,WX10,WX11,WX12,WX13,WX14,WX15,WX16,WX87,WX17,WX18,WX19,WX20,WX23,WX24,WX25,WX26,WX27,WX28,WX29,WX30,WX31,WX32,WX33,WX35,WX36,WX37,WX38,WX39,WX40,WX41,WX42,WX43,WX44,WX45,WX46,WX47,WX48,WX49,WX50,WX51,WX56,WX57,WX58,WX59,WX60,WX61,WX62,WX63,WX64,WX65,WX66,WX67,WX68,WX72,WX77,WX78,WX79 FROM R_PQT WHERE WX82='R_349-20180903002'
10:20:37.000 INSERT INTO R_PQBF (BF001,BF002,BF003,BF004,BF005,BF006,BF007,BF008) VALUES ('R_349','外箱、中包、彩盒、纸片（卡）等采购合同','廖灵飞','2018/10/11 10:20:37','R_349-20180903002','INSERT INTO R_PQT (WX01,WX83,WX84,WX85,WX86,WX02,WX10,WX11,WX12,WX13,WX14,WX15,WX16,WX87,WX17,WX18,WX19,WX20,WX23,WX24,WX25,WX26,WX27,WX28,WX29,WX30,WX31,WX32,WX33,WX35,WX36,WX37,WX38,WX39,WX40,WX41,WX42,WX43,WX44,WX45,WX46,WX47,WX48,WX49,WX50,WX51,WX56,WX57,WX58,WX59,WX60,WX61,WX62,WX63,WX64,WX65,WX66,WX67,WX68,WX72,WX77,WX78,WX79) SELECT WX01,WX83,WX84,WX85,WX86,WX02,WX10,WX11,WX12,WX13,WX14,WX15,WX16,WX87,WX17,WX18,WX19,WX20,WX23,WX24,WX25,WX26,WX27,WX28,WX29,WX30,WX31,WX32,WX33,WX35,WX36,WX37,WX38,WX39,WX40,WX41,WX42,WX43,WX44,WX45,WX46,WX47,WX48,WX49,WX50,WX51,WX56,WX57,WX58,WX59,WX60,WX61,WX62,WX63,WX64,WX65,WX66,WX67,WX68,WX72,WX77,WX78,WX79 FROM R_PQT WHERE WX82=''R_349-20180903002''','复制','维护复制')
10:20:37.000 UPDATE R_PQT SET WX82='R_349-20181011001',WX89='复制',WX21=DATEADD(DAY,5,GETDATE()) WHERE WX82 IS NULL
10:20:37.000 INSERT INTO R_PQBF (BF001,BF002,BF003,BF004,BF005,BF006,BF007,BF008) VALUES ('R_349','外箱、中包、彩盒、纸片（卡）等采购合同','廖灵飞','2018/10/11 10:20:37','R_349-20181011001','UPDATE R_PQT SET WX82=''R_349-20181011001'',WX89=''复制'',WX21=DATEADD(DAY,5,GETDATE()) WHERE WX82 IS NULL','复制','更改复制单号')
10:21:41.000 UPDATE R_PQT SET WX86='15500',WX16='0',WX87='31000' WHERE idx='3047'
10:21:41.000 INSERT INTO R_PQBF (BF001,BF002,BF003,BF004,BF005,BF006,BF007,BF008) VALUES ('R_349','外箱、中包、彩盒、纸片（卡）等采购合同','廖灵飞','2018/10/11 10:21:41','R_349-20181011001','UPDATE R_PQT SET WX86=''15500'',WX16=''0'',WX87=''31000'' WHERE idx=''3047''','批量编辑','新增批量编辑')
10:21:41.000 UPDATE R_PQT SET WX86='15500',WX16='0',WX87='15500' WHERE idx='3046'
10:21:41.000 INSERT INTO R_PQBF (BF001,BF002,BF003,BF004,BF005,BF006,BF007,BF008) VALUES ('R_349','外箱、中包、彩盒、纸片（卡）等采购合同','廖灵飞','2018/10/11 10:21:41','R_349-20181011001','UPDATE R_PQT SET WX86=''15500'',WX16=''0'',WX87=''15500'' WHERE idx=''3046''','批量编辑','新增批量编辑')
10:21:41.000 UPDATE R_PQT SET WX86='15500',WX16='0',WX87='15500' WHERE idx='3045'
10:21:41.000 INSERT INTO R_PQBF (BF001,BF002,BF003,BF004,BF005,BF006,BF007,BF008) VALUES ('R_349','外箱、中包、彩盒、纸片（卡）等采购合同','廖灵飞','2018/10/11 10:21:41','R_349-20181011001','UPDATE R_PQT SET WX86=''15500'',WX16=''0'',WX87=''15500'' WHERE idx=''3045''','批量编辑','新增批量编辑')
10:32:36.000  异常信息：由于连接方在一段时间后没有正确答复或连接的主机没有反应，连接尝试失败。 192.168.0.222:80
  堆栈信息:   在 AutoUpdate.AppUpdate.DownloadFile(String url, String localFilePath) 位置 D:\ProjectData\MLL\Mulaolao\Mulaolao\Class\AppUpdate.cs:行号 242
   在 AutoUpdate.AppUpdate.CheckAppVersion(String& msg) 位置 D:\ProjectData\MLL\Mulaolao\Mulaolao\Class\AppUpdate.cs:行号 310
10:32:43.000 UPDATE R_PQP SET GS73='T' FROM R_PQQ WHERE GS01=CP01 AND GS35=CP09 AND (GS35  LIKE '%丝印%' OR GS35 LIKE '%雕刻%' OR GS35  LIKE '%砂皮%' OR GS35  LIKE '%走台印%' OR GS35  LIKE '%冲印%') 
10:32:43.000 UPDATE R_PQP SET GS73='T' FROM R_PQAH WHERE GS01=AH01 AND GS35=AH18 AND (GS35  LIKE '%丝印%' OR GS35 LIKE '%雕刻%' OR GS35  LIKE '%砂皮%' OR GS35  LIKE '%走台印%' OR GS35  LIKE '%冲印%')
10:32:43.000 UPDATE R_PQP SET GS73='T' FROM R_PQI WHERE GS01=YQ03 AND  GS35 LIKE '%油漆%'  AND YQ139='1'
10:32:43.000 UPDATE R_PQP SET GS73='T' FROM R_PQAF WHERE GS01=AF002 AND GS07=AF015 AND GS02=AF084 AND GS08 ='Φ'+CONVERT(VARCHAR,CONVERT(FLOAT,AF022*10))+'*'+CONVERT(VARCHAR,CONVERT(FLOAT,AF020*10)) 
10:32:44.000 UPDATE R_PQP SET GS73='T' FROM R_PQU WHERE GS01=PQU01 AND GS07=PQU10 AND GS08=PQU12  
10:32:44.000 UPDATE R_PQP SET GS73='T' FROM R_PQS WHERE GS01=PJ01 AND GS56=PJ09 AND GS57=PJ89  
10:32:44.000 UPDATE R_PQP SET GS73='T' FROM R_PQT WHERE GS01=WX01 AND GS56=WX10 AND GS57=WX11 
10:32:45.000 WITH CET AS (select GS70,GS01,GS46,GS49,GS71,GS02,right(GS08,len(GS08) - charindex('*',GS08) ) a from R_PQP  WHERE GS70='R_338' AND GS73='F' ),CFT AS (SELECT GS70,GS01,GS46,GS49,GS71,GS02,right(a,LEN(a)-charindex('*',a)) GS08 FROM CET  ),CHT AS( SELECT DISTINCT GS70,GS01,GS46,GS49,GS71,GS02,CONVERT(FLOAT,CONVERT(DECIMAL(11,2),GS08)*1.0/10) GS08 FROM CFT  )SELECT GS70,GS01,GS46,GS49,GS71,GS02,CONVERT(VARCHAR,GS08) GS08,'' GS07,PQF13,PQF31 FROM CHT A INNER JOIN R_PQF B ON A.GS01=B.PQF01  WHERE (SELECT COUNT(1) FROM R_PQO WHERE GS01=JM90 AND GS02=JM09 AND CONVERT(VARCHAR,GS08)=CONVERT(VARCHAR,CONVERT(FLOAT,CONVERT(DECIMAL(11,4),JM96))))=0 and GS01 not in (SELECT JM90 FROM R_PQO WHERE JM116='1' )
10:32:45.000 从数据类型 nvarchar 转换为 numeric 时出错。
10:33:09.000 INSERT INTO R_PQT (WX01,WX83,WX84,WX85,WX86,WX02,WX10,WX11,WX12,WX13,WX14,WX15,WX16,WX87,WX17,WX18,WX19,WX20,WX23,WX24,WX25,WX26,WX27,WX28,WX29,WX30,WX31,WX32,WX33,WX35,WX36,WX37,WX38,WX39,WX40,WX41,WX42,WX43,WX44,WX45,WX46,WX47,WX48,WX49,WX50,WX51,WX56,WX57,WX58,WX59,WX60,WX61,WX62,WX63,WX64,WX65,WX66,WX67,WX68,WX72,WX77,WX78,WX79) SELECT WX01,WX83,WX84,WX85,WX86,WX02,WX10,WX11,WX12,WX13,WX14,WX15,WX16,WX87,WX17,WX18,WX19,WX20,WX23,WX24,WX25,WX26,WX27,WX28,WX29,WX30,WX31,WX32,WX33,WX35,WX36,WX37,WX38,WX39,WX40,WX41,WX42,WX43,WX44,WX45,WX46,WX47,WX48,WX49,WX50,WX51,WX56,WX57,WX58,WX59,WX60,WX61,WX62,WX63,WX64,WX65,WX66,WX67,WX68,WX72,WX77,WX78,WX79 FROM R_PQT WHERE WX82='R_349-20180903002'
10:33:09.000 INSERT INTO R_PQBF (BF001,BF002,BF003,BF004,BF005,BF006,BF007,BF008) VALUES ('R_349','外箱、中包、彩盒、纸片（卡）等采购合同','廖灵飞','2018/10/11 10:33:09','R_349-20180903002','INSERT INTO R_PQT (WX01,WX83,WX84,WX85,WX86,WX02,WX10,WX11,WX12,WX13,WX14,WX15,WX16,WX87,WX17,WX18,WX19,WX20,WX23,WX24,WX25,WX26,WX27,WX28,WX29,WX30,WX31,WX32,WX33,WX35,WX36,WX37,WX38,WX39,WX40,WX41,WX42,WX43,WX44,WX45,WX46,WX47,WX48,WX49,WX50,WX51,WX56,WX57,WX58,WX59,WX60,WX61,WX62,WX63,WX64,WX65,WX66,WX67,WX68,WX72,WX77,WX78,WX79) SELECT WX01,WX83,WX84,WX85,WX86,WX02,WX10,WX11,WX12,WX13,WX14,WX15,WX16,WX87,WX17,WX18,WX19,WX20,WX23,WX24,WX25,WX26,WX27,WX28,WX29,WX30,WX31,WX32,WX33,WX35,WX36,WX37,WX38,WX39,WX40,WX41,WX42,WX43,WX44,WX45,WX46,WX47,WX48,WX49,WX50,WX51,WX56,WX57,WX58,WX59,WX60,WX61,WX62,WX63,WX64,WX65,WX66,WX67,WX68,WX72,WX77,WX78,WX79 FROM R_PQT WHERE WX82=''R_349-20180903002''','复制','维护复制')
10:33:09.000 UPDATE R_PQT SET WX82='R_349-20181011002',WX89='复制',WX21=DATEADD(DAY,5,GETDATE()) WHERE WX82 IS NULL
10:33:09.000 INSERT INTO R_PQBF (BF001,BF002,BF003,BF004,BF005,BF006,BF007,BF008) VALUES ('R_349','外箱、中包、彩盒、纸片（卡）等采购合同','廖灵飞','2018/10/11 10:33:09','R_349-20181011002','UPDATE R_PQT SET WX82=''R_349-20181011002'',WX89=''复制'',WX21=DATEADD(DAY,5,GETDATE()) WHERE WX82 IS NULL','复制','更改复制单号')
10:33:22.000 DELETE FROM R_PQT WHERE WX82='R_349-20181011002'
10:33:22.000 DELETE FROM R_REVIEWS WHERE RES01='R_349' AND RES06='R_349-20181011002'
10:33:22.000 INSERT INTO R_PQBF (BF001,BF002,BF003,BF004,BF005,BF006,BF007,BF008) VALUES ('R_349','外箱、中包、彩盒、纸片（卡）等采购合同','廖灵飞','2018/10/11 10:33:22','R_349-20181011002','DELETE FROM R_PQT WHERE WX82=''R_349-20181011002''','取消','新增取消')
10:34:13.000  异常信息：由于连接方在一段时间后没有正确答复或连接的主机没有反应，连接尝试失败。 192.168.0.222:80
  堆栈信息:   在 AutoUpdate.AppUpdate.DownloadFile(String url, String localFilePath) 位置 D:\ProjectData\MLL\Mulaolao\Mulaolao\Class\AppUpdate.cs:行号 242
   在 AutoUpdate.AppUpdate.CheckAppVersion(String& msg) 位置 D:\ProjectData\MLL\Mulaolao\Mulaolao\Class\AppUpdate.cs:行号 310
10:34:22.000 UPDATE R_PQP SET GS73='T' FROM R_PQQ WHERE GS01=CP01 AND GS35=CP09 AND (GS35  LIKE '%丝印%' OR GS35 LIKE '%雕刻%' OR GS35  LIKE '%砂皮%' OR GS35  LIKE '%走台印%' OR GS35  LIKE '%冲印%') 
10:34:22.000 UPDATE R_PQP SET GS73='T' FROM R_PQAH WHERE GS01=AH01 AND GS35=AH18 AND (GS35  LIKE '%丝印%' OR GS35 LIKE '%雕刻%' OR GS35  LIKE '%砂皮%' OR GS35  LIKE '%走台印%' OR GS35  LIKE '%冲印%')
10:34:22.000 UPDATE R_PQP SET GS73='T' FROM R_PQI WHERE GS01=YQ03 AND  GS35 LIKE '%油漆%'  AND YQ139='1'
10:34:22.000 UPDATE R_PQP SET GS73='T' FROM R_PQAF WHERE GS01=AF002 AND GS07=AF015 AND GS02=AF084 AND GS08 ='Φ'+CONVERT(VARCHAR,CONVERT(FLOAT,AF022*10))+'*'+CONVERT(VARCHAR,CONVERT(FLOAT,AF020*10)) 
10:34:22.000 UPDATE R_PQP SET GS73='T' FROM R_PQU WHERE GS01=PQU01 AND GS07=PQU10 AND GS08=PQU12  
10:34:23.000 UPDATE R_PQP SET GS73='T' FROM R_PQS WHERE GS01=PJ01 AND GS56=PJ09 AND GS57=PJ89  
10:34:24.000 UPDATE R_PQP SET GS73='T' FROM R_PQT WHERE GS01=WX01 AND GS56=WX10 AND GS57=WX11 
10:34:24.000 WITH CET AS (select GS70,GS01,GS46,GS49,GS71,GS02,right(GS08,len(GS08) - charindex('*',GS08) ) a from R_PQP  WHERE GS70='R_338' AND GS73='F' ),CFT AS (SELECT GS70,GS01,GS46,GS49,GS71,GS02,right(a,LEN(a)-charindex('*',a)) GS08 FROM CET  ),CHT AS( SELECT DISTINCT GS70,GS01,GS46,GS49,GS71,GS02,CONVERT(FLOAT,CONVERT(DECIMAL(11,2),GS08)*1.0/10) GS08 FROM CFT  )SELECT GS70,GS01,GS46,GS49,GS71,GS02,CONVERT(VARCHAR,GS08) GS08,'' GS07,PQF13,PQF31 FROM CHT A INNER JOIN R_PQF B ON A.GS01=B.PQF01  WHERE (SELECT COUNT(1) FROM R_PQO WHERE GS01=JM90 AND GS02=JM09 AND CONVERT(VARCHAR,GS08)=CONVERT(VARCHAR,CONVERT(FLOAT,CONVERT(DECIMAL(11,4),JM96))))=0 and GS01 not in (SELECT JM90 FROM R_PQO WHERE JM116='1' )
10:34:24.000 从数据类型 nvarchar 转换为 numeric 时出错。
10:36:07.000 INSERT INTO R_PQT (WX01,WX83,WX84,WX85,WX86,WX02,WX10,WX11,WX12,WX13,WX14,WX15,WX16,WX87,WX17,WX18,WX19,WX20,WX23,WX24,WX25,WX26,WX27,WX28,WX29,WX30,WX31,WX32,WX33,WX35,WX36,WX37,WX38,WX39,WX40,WX41,WX42,WX43,WX44,WX45,WX46,WX47,WX48,WX49,WX50,WX51,WX56,WX57,WX58,WX59,WX60,WX61,WX62,WX63,WX64,WX65,WX66,WX67,WX68,WX72,WX77,WX78,WX79) SELECT WX01,WX83,WX84,WX85,WX86,WX02,WX10,WX11,WX12,WX13,WX14,WX15,WX16,WX87,WX17,WX18,WX19,WX20,WX23,WX24,WX25,WX26,WX27,WX28,WX29,WX30,WX31,WX32,WX33,WX35,WX36,WX37,WX38,WX39,WX40,WX41,WX42,WX43,WX44,WX45,WX46,WX47,WX48,WX49,WX50,WX51,WX56,WX57,WX58,WX59,WX60,WX61,WX62,WX63,WX64,WX65,WX66,WX67,WX68,WX72,WX77,WX78,WX79 FROM R_PQT WHERE WX82='R_349-20180903002'
10:36:08.000 INSERT INTO R_PQBF (BF001,BF002,BF003,BF004,BF005,BF006,BF007,BF008) VALUES ('R_349','外箱、中包、彩盒、纸片（卡）等采购合同','廖灵飞','2018/10/11 10:36:07','R_349-20180903002','INSERT INTO R_PQT (WX01,WX83,WX84,WX85,WX86,WX02,WX10,WX11,WX12,WX13,WX14,WX15,WX16,WX87,WX17,WX18,WX19,WX20,WX23,WX24,WX25,WX26,WX27,WX28,WX29,WX30,WX31,WX32,WX33,WX35,WX36,WX37,WX38,WX39,WX40,WX41,WX42,WX43,WX44,WX45,WX46,WX47,WX48,WX49,WX50,WX51,WX56,WX57,WX58,WX59,WX60,WX61,WX62,WX63,WX64,WX65,WX66,WX67,WX68,WX72,WX77,WX78,WX79) SELECT WX01,WX83,WX84,WX85,WX86,WX02,WX10,WX11,WX12,WX13,WX14,WX15,WX16,WX87,WX17,WX18,WX19,WX20,WX23,WX24,WX25,WX26,WX27,WX28,WX29,WX30,WX31,WX32,WX33,WX35,WX36,WX37,WX38,WX39,WX40,WX41,WX42,WX43,WX44,WX45,WX46,WX47,WX48,WX49,WX50,WX51,WX56,WX57,WX58,WX59,WX60,WX61,WX62,WX63,WX64,WX65,WX66,WX67,WX68,WX72,WX77,WX78,WX79 FROM R_PQT WHERE WX82=''R_349-20180903002''','复制','维护复制')
10:36:08.000 UPDATE R_PQT SET WX82='R_349-20181011003',WX89='复制',WX21=DATEADD(DAY,5,GETDATE()) WHERE WX82 IS NULL
10:36:08.000 INSERT INTO R_PQBF (BF001,BF002,BF003,BF004,BF005,BF006,BF007,BF008) VALUES ('R_349','外箱、中包、彩盒、纸片（卡）等采购合同','廖灵飞','2018/10/11 10:36:08','R_349-20181011003','UPDATE R_PQT SET WX82=''R_349-20181011003'',WX89=''复制'',WX21=DATEADD(DAY,5,GETDATE()) WHERE WX82 IS NULL','复制','更改复制单号')
10:38:26.000  异常信息：由于连接方在一段时间后没有正确答复或连接的主机没有反应，连接尝试失败。 192.168.0.222:80
  堆栈信息:   在 AutoUpdate.AppUpdate.DownloadFile(String url, String localFilePath) 位置 D:\ProjectData\MLL\Mulaolao\Mulaolao\Class\AppUpdate.cs:行号 242
   在 AutoUpdate.AppUpdate.CheckAppVersion(String& msg) 位置 D:\ProjectData\MLL\Mulaolao\Mulaolao\Class\AppUpdate.cs:行号 310
10:38:34.000 UPDATE R_PQP SET GS73='T' FROM R_PQQ WHERE GS01=CP01 AND GS35=CP09 AND (GS35  LIKE '%丝印%' OR GS35 LIKE '%雕刻%' OR GS35  LIKE '%砂皮%' OR GS35  LIKE '%走台印%' OR GS35  LIKE '%冲印%') 
10:38:34.000 UPDATE R_PQP SET GS73='T' FROM R_PQAH WHERE GS01=AH01 AND GS35=AH18 AND (GS35  LIKE '%丝印%' OR GS35 LIKE '%雕刻%' OR GS35  LIKE '%砂皮%' OR GS35  LIKE '%走台印%' OR GS35  LIKE '%冲印%')
10:38:34.000 UPDATE R_PQP SET GS73='T' FROM R_PQI WHERE GS01=YQ03 AND  GS35 LIKE '%油漆%'  AND YQ139='1'
10:38:34.000 UPDATE R_PQP SET GS73='T' FROM R_PQAF WHERE GS01=AF002 AND GS07=AF015 AND GS02=AF084 AND GS08 ='Φ'+CONVERT(VARCHAR,CONVERT(FLOAT,AF022*10))+'*'+CONVERT(VARCHAR,CONVERT(FLOAT,AF020*10)) 
10:38:34.000 UPDATE R_PQP SET GS73='T' FROM R_PQU WHERE GS01=PQU01 AND GS07=PQU10 AND GS08=PQU12  
10:38:35.000 UPDATE R_PQP SET GS73='T' FROM R_PQS WHERE GS01=PJ01 AND GS56=PJ09 AND GS57=PJ89  
10:38:35.000 UPDATE R_PQP SET GS73='T' FROM R_PQT WHERE GS01=WX01 AND GS56=WX10 AND GS57=WX11 
10:38:35.000 WITH CET AS (select GS70,GS01,GS46,GS49,GS71,GS02,right(GS08,len(GS08) - charindex('*',GS08) ) a from R_PQP  WHERE GS70='R_338' AND GS73='F' ),CFT AS (SELECT GS70,GS01,GS46,GS49,GS71,GS02,right(a,LEN(a)-charindex('*',a)) GS08 FROM CET  ),CHT AS( SELECT DISTINCT GS70,GS01,GS46,GS49,GS71,GS02,CONVERT(FLOAT,CONVERT(DECIMAL(11,2),GS08)*1.0/10) GS08 FROM CFT  )SELECT GS70,GS01,GS46,GS49,GS71,GS02,CONVERT(VARCHAR,GS08) GS08,'' GS07,PQF13,PQF31 FROM CHT A INNER JOIN R_PQF B ON A.GS01=B.PQF01  WHERE (SELECT COUNT(1) FROM R_PQO WHERE GS01=JM90 AND GS02=JM09 AND CONVERT(VARCHAR,GS08)=CONVERT(VARCHAR,CONVERT(FLOAT,CONVERT(DECIMAL(11,4),JM96))))=0 and GS01 not in (SELECT JM90 FROM R_PQO WHERE JM116='1' )
10:38:35.000 从数据类型 nvarchar 转换为 numeric 时出错。
10:39:13.000 DELETE FROM R_PQT WHERE WX82='R_349-20181011003'
10:39:13.000 DELETE FROM R_REVIEWS WHERE RES01='R_349' AND RES06='R_349-20181011003'
10:39:13.000 INSERT INTO R_PQBF (BF001,BF002,BF003,BF004,BF005,BF006,BF007,BF008) VALUES ('R_349','外箱、中包、彩盒、纸片（卡）等采购合同','廖灵飞','2018/10/11 10:39:13','R_349-20181011003','DELETE FROM R_PQT WHERE WX82=''R_349-20181011003''','删除','更改删除')
10:39:18.000 DELETE FROM R_PQT WHERE WX82='R_349-20181011001'
10:39:18.000 DELETE FROM R_REVIEWS WHERE RES01='R_349' AND RES06='R_349-20181011001'
10:39:18.000 INSERT INTO R_PQBF (BF001,BF002,BF003,BF004,BF005,BF006,BF007,BF008) VALUES ('R_349','外箱、中包、彩盒、纸片（卡）等采购合同','廖灵飞','2018/10/11 10:39:18','R_349-20181011001','DELETE FROM R_PQT WHERE WX82=''R_349-20181011001''','删除','更改删除')
10:39:25.000 INSERT INTO R_PQT (WX01,WX83,WX84,WX85,WX86,WX02,WX10,WX11,WX12,WX13,WX14,WX15,WX16,WX87,WX17,WX18,WX19,WX20,WX23,WX24,WX25,WX26,WX27,WX28,WX29,WX30,WX31,WX32,WX33,WX35,WX36,WX37,WX38,WX39,WX40,WX41,WX42,WX43,WX44,WX45,WX46,WX47,WX48,WX49,WX50,WX51,WX56,WX57,WX58,WX59,WX60,WX61,WX62,WX63,WX64,WX65,WX66,WX67,WX68,WX72,WX77,WX78,WX79) SELECT WX01,WX83,WX84,WX85,WX86,WX02,WX10,WX11,WX12,WX13,WX14,WX15,WX16,WX87,WX17,WX18,WX19,WX20,WX23,WX24,WX25,WX26,WX27,WX28,WX29,WX30,WX31,WX32,WX33,WX35,WX36,WX37,WX38,WX39,WX40,WX41,WX42,WX43,WX44,WX45,WX46,WX47,WX48,WX49,WX50,WX51,WX56,WX57,WX58,WX59,WX60,WX61,WX62,WX63,WX64,WX65,WX66,WX67,WX68,WX72,WX77,WX78,WX79 FROM R_PQT WHERE WX82='R_349-20180903002'
10:39:25.000 INSERT INTO R_PQBF (BF001,BF002,BF003,BF004,BF005,BF006,BF007,BF008) VALUES ('R_349','外箱、中包、彩盒、纸片（卡）等采购合同','廖灵飞','2018/10/11 10:39:25','R_349-20180903002','INSERT INTO R_PQT (WX01,WX83,WX84,WX85,WX86,WX02,WX10,WX11,WX12,WX13,WX14,WX15,WX16,WX87,WX17,WX18,WX19,WX20,WX23,WX24,WX25,WX26,WX27,WX28,WX29,WX30,WX31,WX32,WX33,WX35,WX36,WX37,WX38,WX39,WX40,WX41,WX42,WX43,WX44,WX45,WX46,WX47,WX48,WX49,WX50,WX51,WX56,WX57,WX58,WX59,WX60,WX61,WX62,WX63,WX64,WX65,WX66,WX67,WX68,WX72,WX77,WX78,WX79) SELECT WX01,WX83,WX84,WX85,WX86,WX02,WX10,WX11,WX12,WX13,WX14,WX15,WX16,WX87,WX17,WX18,WX19,WX20,WX23,WX24,WX25,WX26,WX27,WX28,WX29,WX30,WX31,WX32,WX33,WX35,WX36,WX37,WX38,WX39,WX40,WX41,WX42,WX43,WX44,WX45,WX46,WX47,WX48,WX49,WX50,WX51,WX56,WX57,WX58,WX59,WX60,WX61,WX62,WX63,WX64,WX65,WX66,WX67,WX68,WX72,WX77,WX78,WX79 FROM R_PQT WHERE WX82=''R_349-20180903002''','复制','维护复制')
10:39:25.000 UPDATE R_PQT SET WX82='R_349-20181011004',WX89='复制',WX21=DATEADD(DAY,5,GETDATE()) WHERE WX82 IS NULL
10:39:25.000 INSERT INTO R_PQBF (BF001,BF002,BF003,BF004,BF005,BF006,BF007,BF008) VALUES ('R_349','外箱、中包、彩盒、纸片（卡）等采购合同','廖灵飞','2018/10/11 10:39:25','R_349-20181011004','UPDATE R_PQT SET WX82=''R_349-20181011004'',WX89=''复制'',WX21=DATEADD(DAY,5,GETDATE()) WHERE WX82 IS NULL','复制','更改复制单号')
10:42:44.000  异常信息：由于连接方在一段时间后没有正确答复或连接的主机没有反应，连接尝试失败。 192.168.0.222:80
  堆栈信息:   在 AutoUpdate.AppUpdate.DownloadFile(String url, String localFilePath) 位置 D:\ProjectData\MLL\Mulaolao\Mulaolao\Class\AppUpdate.cs:行号 242
   在 AutoUpdate.AppUpdate.CheckAppVersion(String& msg) 位置 D:\ProjectData\MLL\Mulaolao\Mulaolao\Class\AppUpdate.cs:行号 310
10:42:51.000 UPDATE R_PQP SET GS73='T' FROM R_PQQ WHERE GS01=CP01 AND GS35=CP09 AND (GS35  LIKE '%丝印%' OR GS35 LIKE '%雕刻%' OR GS35  LIKE '%砂皮%' OR GS35  LIKE '%走台印%' OR GS35  LIKE '%冲印%') 
10:42:52.000 UPDATE R_PQP SET GS73='T' FROM R_PQAH WHERE GS01=AH01 AND GS35=AH18 AND (GS35  LIKE '%丝印%' OR GS35 LIKE '%雕刻%' OR GS35  LIKE '%砂皮%' OR GS35  LIKE '%走台印%' OR GS35  LIKE '%冲印%')
10:42:52.000 UPDATE R_PQP SET GS73='T' FROM R_PQI WHERE GS01=YQ03 AND  GS35 LIKE '%油漆%'  AND YQ139='1'
10:42:52.000 UPDATE R_PQP SET GS73='T' FROM R_PQAF WHERE GS01=AF002 AND GS07=AF015 AND GS02=AF084 AND GS08 ='Φ'+CONVERT(VARCHAR,CONVERT(FLOAT,AF022*10))+'*'+CONVERT(VARCHAR,CONVERT(FLOAT,AF020*10)) 
10:42:52.000 UPDATE R_PQP SET GS73='T' FROM R_PQU WHERE GS01=PQU01 AND GS07=PQU10 AND GS08=PQU12  
10:42:52.000 UPDATE R_PQP SET GS73='T' FROM R_PQS WHERE GS01=PJ01 AND GS56=PJ09 AND GS57=PJ89  
10:42:53.000 UPDATE R_PQP SET GS73='T' FROM R_PQT WHERE GS01=WX01 AND GS56=WX10 AND GS57=WX11 
10:42:53.000 WITH CET AS (select GS70,GS01,GS46,GS49,GS71,GS02,right(GS08,len(GS08) - charindex('*',GS08) ) a from R_PQP  WHERE GS70='R_338' AND GS73='F' ),CFT AS (SELECT GS70,GS01,GS46,GS49,GS71,GS02,right(a,LEN(a)-charindex('*',a)) GS08 FROM CET  ),CHT AS( SELECT DISTINCT GS70,GS01,GS46,GS49,GS71,GS02,CONVERT(FLOAT,CONVERT(DECIMAL(11,2),GS08)*1.0/10) GS08 FROM CFT  )SELECT GS70,GS01,GS46,GS49,GS71,GS02,CONVERT(VARCHAR,GS08) GS08,'' GS07,PQF13,PQF31 FROM CHT A INNER JOIN R_PQF B ON A.GS01=B.PQF01  WHERE (SELECT COUNT(1) FROM R_PQO WHERE GS01=JM90 AND GS02=JM09 AND CONVERT(VARCHAR,GS08)=CONVERT(VARCHAR,CONVERT(FLOAT,CONVERT(DECIMAL(11,4),JM96))))=0 and GS01 not in (SELECT JM90 FROM R_PQO WHERE JM116='1' )
10:42:53.000 从数据类型 nvarchar 转换为 numeric 时出错。
10:43:30.000 DELETE FROM R_PQT WHERE WX82='R_349-20181011004'
10:43:30.000 DELETE FROM R_REVIEWS WHERE RES01='R_349' AND RES06='R_349-20181011004'
10:43:30.000 INSERT INTO R_PQBF (BF001,BF002,BF003,BF004,BF005,BF006,BF007,BF008) VALUES ('R_349','外箱、中包、彩盒、纸片（卡）等采购合同','廖灵飞','2018/10/11 10:43:30','R_349-20181011004','DELETE FROM R_PQT WHERE WX82=''R_349-20181011004''','删除','更改删除')
10:43:33.000 INSERT INTO R_PQT (WX01,WX83,WX84,WX85,WX86,WX02,WX10,WX11,WX12,WX13,WX14,WX15,WX16,WX87,WX17,WX18,WX19,WX20,WX23,WX24,WX25,WX26,WX27,WX28,WX29,WX30,WX31,WX32,WX33,WX35,WX36,WX37,WX38,WX39,WX40,WX41,WX42,WX43,WX44,WX45,WX46,WX47,WX48,WX49,WX50,WX51,WX56,WX57,WX58,WX59,WX60,WX61,WX62,WX63,WX64,WX65,WX66,WX67,WX68,WX72,WX77,WX78,WX79) SELECT WX01,WX83,WX84,WX85,WX86,WX02,WX10,WX11,WX12,WX13,WX14,WX15,WX16,WX87,WX17,WX18,WX19,WX20,WX23,WX24,WX25,WX26,WX27,WX28,WX29,WX30,WX31,WX32,WX33,WX35,WX36,WX37,WX38,WX39,WX40,WX41,WX42,WX43,WX44,WX45,WX46,WX47,WX48,WX49,WX50,WX51,WX56,WX57,WX58,WX59,WX60,WX61,WX62,WX63,WX64,WX65,WX66,WX67,WX68,WX72,WX77,WX78,WX79 FROM R_PQT WHERE WX82='R_349-20180903002'
10:43:33.000 INSERT INTO R_PQBF (BF001,BF002,BF003,BF004,BF005,BF006,BF007,BF008) VALUES ('R_349','外箱、中包、彩盒、纸片（卡）等采购合同','廖灵飞','2018/10/11 10:43:33','R_349-20180903002','INSERT INTO R_PQT (WX01,WX83,WX84,WX85,WX86,WX02,WX10,WX11,WX12,WX13,WX14,WX15,WX16,WX87,WX17,WX18,WX19,WX20,WX23,WX24,WX25,WX26,WX27,WX28,WX29,WX30,WX31,WX32,WX33,WX35,WX36,WX37,WX38,WX39,WX40,WX41,WX42,WX43,WX44,WX45,WX46,WX47,WX48,WX49,WX50,WX51,WX56,WX57,WX58,WX59,WX60,WX61,WX62,WX63,WX64,WX65,WX66,WX67,WX68,WX72,WX77,WX78,WX79) SELECT WX01,WX83,WX84,WX85,WX86,WX02,WX10,WX11,WX12,WX13,WX14,WX15,WX16,WX87,WX17,WX18,WX19,WX20,WX23,WX24,WX25,WX26,WX27,WX28,WX29,WX30,WX31,WX32,WX33,WX35,WX36,WX37,WX38,WX39,WX40,WX41,WX42,WX43,WX44,WX45,WX46,WX47,WX48,WX49,WX50,WX51,WX56,WX57,WX58,WX59,WX60,WX61,WX62,WX63,WX64,WX65,WX66,WX67,WX68,WX72,WX77,WX78,WX79 FROM R_PQT WHERE WX82=''R_349-20180903002''','复制','维护复制')
10:43:33.000 UPDATE R_PQT SET WX82='R_349-20181011005',WX89='复制',WX21=DATEADD(DAY,5,GETDATE()) WHERE WX82 IS NULL
10:43:33.000 INSERT INTO R_PQBF (BF001,BF002,BF003,BF004,BF005,BF006,BF007,BF008) VALUES ('R_349','外箱、中包、彩盒、纸片（卡）等采购合同','廖灵飞','2018/10/11 10:43:33','R_349-20181011005','UPDATE R_PQT SET WX82=''R_349-20181011005'',WX89=''复制'',WX21=DATEADD(DAY,5,GETDATE()) WHERE WX82 IS NULL','复制','更改复制单号')
10:47:12.000 DELETE FROM R_PQT WHERE WX82='R_349-20181011005'
10:47:12.000 DELETE FROM R_REVIEWS WHERE RES01='R_349' AND RES06='R_349-20181011005'
10:47:12.000 INSERT INTO R_PQBF (BF001,BF002,BF003,BF004,BF005,BF006,BF007,BF008) VALUES ('R_349','外箱、中包、彩盒、纸片（卡）等采购合同','廖灵飞','2018/10/11 10:47:12','R_349-20181011005','DELETE FROM R_PQT WHERE WX82=''R_349-20181011005''','取消','新增取消')
10:48:23.000  异常信息：由于连接方在一段时间后没有正确答复或连接的主机没有反应，连接尝试失败。 192.168.0.222:80
  堆栈信息:   在 AutoUpdate.AppUpdate.DownloadFile(String url, String localFilePath) 位置 D:\ProjectData\MLL\Mulaolao\Mulaolao\Class\AppUpdate.cs:行号 242
   在 AutoUpdate.AppUpdate.CheckAppVersion(String& msg) 位置 D:\ProjectData\MLL\Mulaolao\Mulaolao\Class\AppUpdate.cs:行号 310
10:48:37.000 UPDATE R_PQP SET GS73='T' FROM R_PQQ WHERE GS01=CP01 AND GS35=CP09 AND (GS35  LIKE '%丝印%' OR GS35 LIKE '%雕刻%' OR GS35  LIKE '%砂皮%' OR GS35  LIKE '%走台印%' OR GS35  LIKE '%冲印%') 
10:48:37.000 UPDATE R_PQP SET GS73='T' FROM R_PQAH WHERE GS01=AH01 AND GS35=AH18 AND (GS35  LIKE '%丝印%' OR GS35 LIKE '%雕刻%' OR GS35  LIKE '%砂皮%' OR GS35  LIKE '%走台印%' OR GS35  LIKE '%冲印%')
10:48:37.000 UPDATE R_PQP SET GS73='T' FROM R_PQI WHERE GS01=YQ03 AND  GS35 LIKE '%油漆%'  AND YQ139='1'
10:48:37.000 UPDATE R_PQP SET GS73='T' FROM R_PQAF WHERE GS01=AF002 AND GS07=AF015 AND GS02=AF084 AND GS08 ='Φ'+CONVERT(VARCHAR,CONVERT(FLOAT,AF022*10))+'*'+CONVERT(VARCHAR,CONVERT(FLOAT,AF020*10)) 
10:48:38.000 UPDATE R_PQP SET GS73='T' FROM R_PQU WHERE GS01=PQU01 AND GS07=PQU10 AND GS08=PQU12  
10:48:38.000 UPDATE R_PQP SET GS73='T' FROM R_PQS WHERE GS01=PJ01 AND GS56=PJ09 AND GS57=PJ89  
10:48:38.000 UPDATE R_PQP SET GS73='T' FROM R_PQT WHERE GS01=WX01 AND GS56=WX10 AND GS57=WX11 
10:48:39.000 WITH CET AS (select GS70,GS01,GS46,GS49,GS71,GS02,right(GS08,len(GS08) - charindex('*',GS08) ) a from R_PQP  WHERE GS70='R_338' AND GS73='F' ),CFT AS (SELECT GS70,GS01,GS46,GS49,GS71,GS02,right(a,LEN(a)-charindex('*',a)) GS08 FROM CET  ),CHT AS( SELECT DISTINCT GS70,GS01,GS46,GS49,GS71,GS02,CONVERT(FLOAT,CONVERT(DECIMAL(11,2),GS08)*1.0/10) GS08 FROM CFT  )SELECT GS70,GS01,GS46,GS49,GS71,GS02,CONVERT(VARCHAR,GS08) GS08,'' GS07,PQF13,PQF31 FROM CHT A INNER JOIN R_PQF B ON A.GS01=B.PQF01  WHERE (SELECT COUNT(1) FROM R_PQO WHERE GS01=JM90 AND GS02=JM09 AND CONVERT(VARCHAR,GS08)=CONVERT(VARCHAR,CONVERT(FLOAT,CONVERT(DECIMAL(11,4),JM96))))=0 and GS01 not in (SELECT JM90 FROM R_PQO WHERE JM116='1' )
10:48:39.000 从数据类型 nvarchar 转换为 numeric 时出错。
10:50:13.000 UPDATE R_PQT SET WX86='9900',WX16='0',WX87='19800' WHERE idx='2818'
10:50:13.000 INSERT INTO R_PQBF (BF001,BF002,BF003,BF004,BF005,BF006,BF007,BF008) VALUES ('R_349','外箱、中包、彩盒、纸片（卡）等采购合同','廖灵飞','2018/10/11 10:50:13','R_349-20180903002','UPDATE R_PQT SET WX86=''9900'',WX16=''0'',WX87=''19800'' WHERE idx=''2818''','批量编辑','维护批量编辑')
10:50:13.000 UPDATE R_PQT SET WX86='9900',WX16='0',WX87='9900' WHERE idx='2817'
10:50:13.000 INSERT INTO R_PQBF (BF001,BF002,BF003,BF004,BF005,BF006,BF007,BF008) VALUES ('R_349','外箱、中包、彩盒、纸片（卡）等采购合同','廖灵飞','2018/10/11 10:50:13','R_349-20180903002','UPDATE R_PQT SET WX86=''9900'',WX16=''0'',WX87=''9900'' WHERE idx=''2817''','批量编辑','维护批量编辑')
10:50:13.000 UPDATE R_PQT SET WX86='9900',WX16='0',WX87='9900' WHERE idx='2816'
10:50:13.000 INSERT INTO R_PQBF (BF001,BF002,BF003,BF004,BF005,BF006,BF007,BF008) VALUES ('R_349','外箱、中包、彩盒、纸片（卡）等采购合同','廖灵飞','2018/10/11 10:50:13','R_349-20180903002','UPDATE R_PQT SET WX86=''9900'',WX16=''0'',WX87=''9900'' WHERE idx=''2816''','批量编辑','维护批量编辑')
10:54:38.000  异常信息：由于连接方在一段时间后没有正确答复或连接的主机没有反应，连接尝试失败。 192.168.0.222:80
  堆栈信息:   在 AutoUpdate.AppUpdate.DownloadFile(String url, String localFilePath) 位置 D:\ProjectData\MLL\Mulaolao\Mulaolao\Class\AppUpdate.cs:行号 242
   在 AutoUpdate.AppUpdate.CheckAppVersion(String& msg) 位置 D:\ProjectData\MLL\Mulaolao\Mulaolao\Class\AppUpdate.cs:行号 310
10:54:47.000 UPDATE R_PQP SET GS73='T' FROM R_PQQ WHERE GS01=CP01 AND GS35=CP09 AND (GS35  LIKE '%丝印%' OR GS35 LIKE '%雕刻%' OR GS35  LIKE '%砂皮%' OR GS35  LIKE '%走台印%' OR GS35  LIKE '%冲印%') 
10:54:47.000 UPDATE R_PQP SET GS73='T' FROM R_PQAH WHERE GS01=AH01 AND GS35=AH18 AND (GS35  LIKE '%丝印%' OR GS35 LIKE '%雕刻%' OR GS35  LIKE '%砂皮%' OR GS35  LIKE '%走台印%' OR GS35  LIKE '%冲印%')
10:54:47.000 UPDATE R_PQP SET GS73='T' FROM R_PQI WHERE GS01=YQ03 AND  GS35 LIKE '%油漆%'  AND YQ139='1'
10:54:47.000 UPDATE R_PQP SET GS73='T' FROM R_PQAF WHERE GS01=AF002 AND GS07=AF015 AND GS02=AF084 AND GS08 ='Φ'+CONVERT(VARCHAR,CONVERT(FLOAT,AF022*10))+'*'+CONVERT(VARCHAR,CONVERT(FLOAT,AF020*10)) 
10:54:47.000 UPDATE R_PQP SET GS73='T' FROM R_PQU WHERE GS01=PQU01 AND GS07=PQU10 AND GS08=PQU12  
10:54:48.000 UPDATE R_PQP SET GS73='T' FROM R_PQS WHERE GS01=PJ01 AND GS56=PJ09 AND GS57=PJ89  
10:54:48.000 UPDATE R_PQP SET GS73='T' FROM R_PQT WHERE GS01=WX01 AND GS56=WX10 AND GS57=WX11 
10:54:48.000 WITH CET AS (select GS70,GS01,GS46,GS49,GS71,GS02,right(GS08,len(GS08) - charindex('*',GS08) ) a from R_PQP  WHERE GS70='R_338' AND GS73='F' ),CFT AS (SELECT GS70,GS01,GS46,GS49,GS71,GS02,right(a,LEN(a)-charindex('*',a)) GS08 FROM CET  ),CHT AS( SELECT DISTINCT GS70,GS01,GS46,GS49,GS71,GS02,CONVERT(FLOAT,CONVERT(DECIMAL(11,2),GS08)*1.0/10) GS08 FROM CFT  )SELECT GS70,GS01,GS46,GS49,GS71,GS02,CONVERT(VARCHAR,GS08) GS08,'' GS07,PQF13,PQF31 FROM CHT A INNER JOIN R_PQF B ON A.GS01=B.PQF01  WHERE (SELECT COUNT(1) FROM R_PQO WHERE GS01=JM90 AND GS02=JM09 AND CONVERT(VARCHAR,GS08)=CONVERT(VARCHAR,CONVERT(FLOAT,CONVERT(DECIMAL(11,4),JM96))))=0 and GS01 not in (SELECT JM90 FROM R_PQO WHERE JM116='1' )
10:54:48.000 从数据类型 nvarchar 转换为 numeric 时出错。
10:56:48.000 UPDATE R_PQT SET WX86='19800',WX16='0',WX87='39600' WHERE idx='2818'
10:56:48.000 INSERT INTO R_PQBF (BF001,BF002,BF003,BF004,BF005,BF006,BF007,BF008) VALUES ('R_349','外箱、中包、彩盒、纸片（卡）等采购合同','廖灵飞','2018/10/11 10:56:48','R_349-20180903002','UPDATE R_PQT SET WX86=''19800'',WX16=''0'',WX87=''39600'' WHERE idx=''2818''','批量编辑','维护批量编辑')
10:56:48.000 UPDATE R_PQT SET WX86='19800',WX16='0',WX87='19800' WHERE idx='2817'
10:56:48.000 INSERT INTO R_PQBF (BF001,BF002,BF003,BF004,BF005,BF006,BF007,BF008) VALUES ('R_349','外箱、中包、彩盒、纸片（卡）等采购合同','廖灵飞','2018/10/11 10:56:48','R_349-20180903002','UPDATE R_PQT SET WX86=''19800'',WX16=''0'',WX87=''19800'' WHERE idx=''2817''','批量编辑','维护批量编辑')
10:56:48.000 UPDATE R_PQT SET WX86='19800',WX16='0',WX87='19800' WHERE idx='2816'
10:56:48.000 INSERT INTO R_PQBF (BF001,BF002,BF003,BF004,BF005,BF006,BF007,BF008) VALUES ('R_349','外箱、中包、彩盒、纸片（卡）等采购合同','廖灵飞','2018/10/11 10:56:48','R_349-20180903002','UPDATE R_PQT SET WX86=''19800'',WX16=''0'',WX87=''19800'' WHERE idx=''2816''','批量编辑','维护批量编辑')
10:56:59.000 INSERT INTO R_PQT (WX01,WX83,WX84,WX85,WX86,WX02,WX10,WX11,WX12,WX13,WX14,WX15,WX16,WX87,WX17,WX18,WX19,WX20,WX23,WX24,WX25,WX26,WX27,WX28,WX29,WX30,WX31,WX32,WX33,WX35,WX36,WX37,WX38,WX39,WX40,WX41,WX42,WX43,WX44,WX45,WX46,WX47,WX48,WX49,WX50,WX51,WX56,WX57,WX58,WX59,WX60,WX61,WX62,WX63,WX64,WX65,WX66,WX67,WX68,WX72,WX77,WX78,WX79) SELECT WX01,WX83,WX84,WX85,WX86,WX02,WX10,WX11,WX12,WX13,WX14,WX15,WX16,WX87,WX17,WX18,WX19,WX20,WX23,WX24,WX25,WX26,WX27,WX28,WX29,WX30,WX31,WX32,WX33,WX35,WX36,WX37,WX38,WX39,WX40,WX41,WX42,WX43,WX44,WX45,WX46,WX47,WX48,WX49,WX50,WX51,WX56,WX57,WX58,WX59,WX60,WX61,WX62,WX63,WX64,WX65,WX66,WX67,WX68,WX72,WX77,WX78,WX79 FROM R_PQT WHERE WX82='R_349-20180903002'
10:56:59.000 INSERT INTO R_PQBF (BF001,BF002,BF003,BF004,BF005,BF006,BF007,BF008) VALUES ('R_349','外箱、中包、彩盒、纸片（卡）等采购合同','廖灵飞','2018/10/11 10:56:59','R_349-20180903002','INSERT INTO R_PQT (WX01,WX83,WX84,WX85,WX86,WX02,WX10,WX11,WX12,WX13,WX14,WX15,WX16,WX87,WX17,WX18,WX19,WX20,WX23,WX24,WX25,WX26,WX27,WX28,WX29,WX30,WX31,WX32,WX33,WX35,WX36,WX37,WX38,WX39,WX40,WX41,WX42,WX43,WX44,WX45,WX46,WX47,WX48,WX49,WX50,WX51,WX56,WX57,WX58,WX59,WX60,WX61,WX62,WX63,WX64,WX65,WX66,WX67,WX68,WX72,WX77,WX78,WX79) SELECT WX01,WX83,WX84,WX85,WX86,WX02,WX10,WX11,WX12,WX13,WX14,WX15,WX16,WX87,WX17,WX18,WX19,WX20,WX23,WX24,WX25,WX26,WX27,WX28,WX29,WX30,WX31,WX32,WX33,WX35,WX36,WX37,WX38,WX39,WX40,WX41,WX42,WX43,WX44,WX45,WX46,WX47,WX48,WX49,WX50,WX51,WX56,WX57,WX58,WX59,WX60,WX61,WX62,WX63,WX64,WX65,WX66,WX67,WX68,WX72,WX77,WX78,WX79 FROM R_PQT WHERE WX82=''R_349-20180903002''','复制','维护复制')
10:56:59.000 UPDATE R_PQT SET WX82='R_349-20181011006',WX89='复制',WX21=DATEADD(DAY,5,GETDATE()) WHERE WX82 IS NULL
10:56:59.000 INSERT INTO R_PQBF (BF001,BF002,BF003,BF004,BF005,BF006,BF007,BF008) VALUES ('R_349','外箱、中包、彩盒、纸片（卡）等采购合同','廖灵飞','2018/10/11 10:56:59','R_349-20181011006','UPDATE R_PQT SET WX82=''R_349-20181011006'',WX89=''复制'',WX21=DATEADD(DAY,5,GETDATE()) WHERE WX82 IS NULL','复制','更改复制单号')
10:57:43.000 DELETE FROM R_PQT WHERE WX82='R_349-20181011006'
10:57:43.000 DELETE FROM R_REVIEWS WHERE RES01='R_349' AND RES06='R_349-20181011006'
10:57:43.000 INSERT INTO R_PQBF (BF001,BF002,BF003,BF004,BF005,BF006,BF007,BF008) VALUES ('R_349','外箱、中包、彩盒、纸片（卡）等采购合同','廖灵飞','2018/10/11 10:57:43','R_349-20181011006','DELETE FROM R_PQT WHERE WX82=''R_349-20181011006''','取消','新增取消')
10:57:48.000 INSERT INTO R_PQT (WX01,WX83,WX84,WX85,WX86,WX02,WX10,WX11,WX12,WX13,WX14,WX15,WX16,WX87,WX17,WX18,WX19,WX20,WX23,WX24,WX25,WX26,WX27,WX28,WX29,WX30,WX31,WX32,WX33,WX35,WX36,WX37,WX38,WX39,WX40,WX41,WX42,WX43,WX44,WX45,WX46,WX47,WX48,WX49,WX50,WX51,WX56,WX57,WX58,WX59,WX60,WX61,WX62,WX63,WX64,WX65,WX66,WX67,WX68,WX72,WX77,WX78,WX79) SELECT WX01,WX83,WX84,WX85,WX86,WX02,WX10,WX11,WX12,WX13,WX14,WX15,WX16,WX87,WX17,WX18,WX19,WX20,WX23,WX24,WX25,WX26,WX27,WX28,WX29,WX30,WX31,WX32,WX33,WX35,WX36,WX37,WX38,WX39,WX40,WX41,WX42,WX43,WX44,WX45,WX46,WX47,WX48,WX49,WX50,WX51,WX56,WX57,WX58,WX59,WX60,WX61,WX62,WX63,WX64,WX65,WX66,WX67,WX68,WX72,WX77,WX78,WX79 FROM R_PQT WHERE WX82='R_349-20180903002'
10:57:48.000 INSERT INTO R_PQBF (BF001,BF002,BF003,BF004,BF005,BF006,BF007,BF008) VALUES ('R_349','外箱、中包、彩盒、纸片（卡）等采购合同','廖灵飞','2018/10/11 10:57:48','R_349-20180903002','INSERT INTO R_PQT (WX01,WX83,WX84,WX85,WX86,WX02,WX10,WX11,WX12,WX13,WX14,WX15,WX16,WX87,WX17,WX18,WX19,WX20,WX23,WX24,WX25,WX26,WX27,WX28,WX29,WX30,WX31,WX32,WX33,WX35,WX36,WX37,WX38,WX39,WX40,WX41,WX42,WX43,WX44,WX45,WX46,WX47,WX48,WX49,WX50,WX51,WX56,WX57,WX58,WX59,WX60,WX61,WX62,WX63,WX64,WX65,WX66,WX67,WX68,WX72,WX77,WX78,WX79) SELECT WX01,WX83,WX84,WX85,WX86,WX02,WX10,WX11,WX12,WX13,WX14,WX15,WX16,WX87,WX17,WX18,WX19,WX20,WX23,WX24,WX25,WX26,WX27,WX28,WX29,WX30,WX31,WX32,WX33,WX35,WX36,WX37,WX38,WX39,WX40,WX41,WX42,WX43,WX44,WX45,WX46,WX47,WX48,WX49,WX50,WX51,WX56,WX57,WX58,WX59,WX60,WX61,WX62,WX63,WX64,WX65,WX66,WX67,WX68,WX72,WX77,WX78,WX79 FROM R_PQT WHERE WX82=''R_349-20180903002''','复制','维护复制')
10:57:48.000 UPDATE R_PQT SET WX82='R_349-20181011007',WX89='复制',WX21=DATEADD(DAY,5,GETDATE()) WHERE WX82 IS NULL
10:57:48.000 INSERT INTO R_PQBF (BF001,BF002,BF003,BF004,BF005,BF006,BF007,BF008) VALUES ('R_349','外箱、中包、彩盒、纸片（卡）等采购合同','廖灵飞','2018/10/11 10:57:48','R_349-20181011007','UPDATE R_PQT SET WX82=''R_349-20181011007'',WX89=''复制'',WX21=DATEADD(DAY,5,GETDATE()) WHERE WX82 IS NULL','复制','更改复制单号')
10:58:22.000 DELETE FROM R_PQT WHERE WX82='R_349-20181011007'
10:58:22.000 DELETE FROM R_REVIEWS WHERE RES01='R_349' AND RES06='R_349-20181011007'
10:58:22.000 INSERT INTO R_PQBF (BF001,BF002,BF003,BF004,BF005,BF006,BF007,BF008) VALUES ('R_349','外箱、中包、彩盒、纸片（卡）等采购合同','廖灵飞','2018/10/11 10:58:22','R_349-20181011007','DELETE FROM R_PQT WHERE WX82=''R_349-20181011007''','取消','新增取消')
