09:01:06.000 UPDATE R_PQP SET GS73='T' FROM R_PQQ WHERE GS01=CP01 AND GS35=CP09 AND (GS35  LIKE '%丝印%' OR GS35 LIKE '%雕刻%' OR GS35  LIKE '%砂皮%' OR GS35  LIKE '%走台印%' OR GS35  LIKE '%冲印%') 
09:01:06.000 UPDATE R_PQP SET GS73='T' FROM R_PQAH WHERE GS01=AH01 AND GS35=AH18 AND (GS35  LIKE '%丝印%' OR GS35 LIKE '%雕刻%' OR GS35  LIKE '%砂皮%' OR GS35  LIKE '%走台印%' OR GS35  LIKE '%冲印%')
09:01:06.000 UPDATE R_PQP SET GS73='T' FROM R_PQI WHERE GS01=YQ03 AND  GS35 LIKE '%油漆%'  AND YQ139='1'
09:01:08.000 UPDATE R_PQP SET GS73='T' FROM R_PQAF WHERE GS01=AF002 AND GS07=AF015 AND GS02=AF084 AND GS08 ='Φ'+CONVERT(VARCHAR,CONVERT(FLOAT,AF022*10))+'*'+CONVERT(VARCHAR,CONVERT(FLOAT,AF020*10)) 
09:01:09.000 UPDATE R_PQP SET GS73='T' FROM R_PQU WHERE GS01=PQU01 AND GS07=PQU10 AND GS08=PQU12  
09:01:10.000 UPDATE R_PQP SET GS73='T' FROM R_PQS WHERE GS01=PJ01 AND GS56=PJ09 AND GS57=PJ89  
09:01:10.000 UPDATE R_PQP SET GS73='T' FROM R_PQT WHERE GS01=WX01 AND GS56=WX10 AND GS57=WX11 
09:01:11.000 WITH CET AS (select GS70,GS01,GS46,GS49,GS71,GS02,right(GS08,len(GS08) - charindex('*',GS08) ) a from R_PQP  WHERE GS70='R_338' AND GS73='F' ),CFT AS (SELECT GS70,GS01,GS46,GS49,GS71,GS02,right(a,LEN(a)-charindex('*',a)) GS08 FROM CET  ),CHT AS( SELECT DISTINCT GS70,GS01,GS46,GS49,GS71,GS02,CONVERT(FLOAT,CONVERT(DECIMAL(11,2),GS08)*1.0/10) GS08 FROM CFT  )SELECT GS70,GS01,GS46,GS49,GS71,GS02,CONVERT(VARCHAR,GS08) GS08,'' GS07,PQF13,PQF31 FROM CHT A INNER JOIN R_PQF B ON A.GS01=B.PQF01  WHERE (SELECT COUNT(1) FROM R_PQO WHERE GS01=JM90 AND GS02=JM09 AND CONVERT(VARCHAR,GS08)=CONVERT(VARCHAR,CONVERT(FLOAT,CONVERT(DECIMAL(11,4),JM96))))=0 and GS01 not in (SELECT JM90 FROM R_PQO WHERE JM116='1' )
09:01:11.000 从数据类型 nvarchar 转换为 numeric 时出错。
09:09:22.000 UPDATE R_PQP SET GS73='T' FROM R_PQQ WHERE GS01=CP01 AND GS35=CP09 AND (GS35  LIKE '%丝印%' OR GS35 LIKE '%雕刻%' OR GS35  LIKE '%砂皮%' OR GS35  LIKE '%走台印%' OR GS35  LIKE '%冲印%') 
09:09:22.000 UPDATE R_PQP SET GS73='T' FROM R_PQAH WHERE GS01=AH01 AND GS35=AH18 AND (GS35  LIKE '%丝印%' OR GS35 LIKE '%雕刻%' OR GS35  LIKE '%砂皮%' OR GS35  LIKE '%走台印%' OR GS35  LIKE '%冲印%')
09:09:22.000 UPDATE R_PQP SET GS73='T' FROM R_PQI WHERE GS01=YQ03 AND  GS35 LIKE '%油漆%'  AND YQ139='1'
09:09:22.000 UPDATE R_PQP SET GS73='T' FROM R_PQAF WHERE GS01=AF002 AND GS07=AF015 AND GS02=AF084 AND GS08 ='Φ'+CONVERT(VARCHAR,CONVERT(FLOAT,AF022*10))+'*'+CONVERT(VARCHAR,CONVERT(FLOAT,AF020*10)) 
09:09:22.000 UPDATE R_PQP SET GS73='T' FROM R_PQU WHERE GS01=PQU01 AND GS07=PQU10 AND GS08=PQU12  
09:09:22.000 UPDATE R_PQP SET GS73='T' FROM R_PQS WHERE GS01=PJ01 AND GS56=PJ09 AND GS57=PJ89  
09:09:22.000 UPDATE R_PQP SET GS73='T' FROM R_PQT WHERE GS01=WX01 AND GS56=WX10 AND GS57=WX11 
09:09:23.000 WITH CET AS (select GS70,GS01,GS46,GS49,GS71,GS02,right(GS08,len(GS08) - charindex('*',GS08) ) a from R_PQP  WHERE GS70='R_338' AND GS73='F' ),CFT AS (SELECT GS70,GS01,GS46,GS49,GS71,GS02,right(a,LEN(a)-charindex('*',a)) GS08 FROM CET  ),CHT AS( SELECT DISTINCT GS70,GS01,GS46,GS49,GS71,GS02,CONVERT(FLOAT,CONVERT(DECIMAL(11,2),GS08)*1.0/10) GS08 FROM CFT  )SELECT GS70,GS01,GS46,GS49,GS71,GS02,CONVERT(VARCHAR,GS08) GS08,'' GS07,PQF13,PQF31 FROM CHT A INNER JOIN R_PQF B ON A.GS01=B.PQF01  WHERE (SELECT COUNT(1) FROM R_PQO WHERE GS01=JM90 AND GS02=JM09 AND CONVERT(VARCHAR,GS08)=CONVERT(VARCHAR,CONVERT(FLOAT,CONVERT(DECIMAL(11,4),JM96))))=0 and GS01 not in (SELECT JM90 FROM R_PQO WHERE JM116='1' )
09:09:23.000 从数据类型 nvarchar 转换为 numeric 时出错。
09:37:25.000 UPDATE R_PQP SET GS73='T' FROM R_PQQ WHERE GS01=CP01 AND GS35=CP09 AND (GS35  LIKE '%丝印%' OR GS35 LIKE '%雕刻%' OR GS35  LIKE '%砂皮%' OR GS35  LIKE '%走台印%' OR GS35  LIKE '%冲印%') 
09:37:25.000 UPDATE R_PQP SET GS73='T' FROM R_PQAH WHERE GS01=AH01 AND GS35=AH18 AND (GS35  LIKE '%丝印%' OR GS35 LIKE '%雕刻%' OR GS35  LIKE '%砂皮%' OR GS35  LIKE '%走台印%' OR GS35  LIKE '%冲印%')
09:37:25.000 UPDATE R_PQP SET GS73='T' FROM R_PQI WHERE GS01=YQ03 AND  GS35 LIKE '%油漆%'  AND YQ139='1'
09:37:25.000 UPDATE R_PQP SET GS73='T' FROM R_PQAF WHERE GS01=AF002 AND GS07=AF015 AND GS02=AF084 AND GS08 ='Φ'+CONVERT(VARCHAR,CONVERT(FLOAT,AF022*10))+'*'+CONVERT(VARCHAR,CONVERT(FLOAT,AF020*10)) 
09:37:25.000 UPDATE R_PQP SET GS73='T' FROM R_PQU WHERE GS01=PQU01 AND GS07=PQU10 AND GS08=PQU12  
09:37:26.000 UPDATE R_PQP SET GS73='T' FROM R_PQS WHERE GS01=PJ01 AND GS56=PJ09 AND GS57=PJ89  
09:37:26.000 UPDATE R_PQP SET GS73='T' FROM R_PQT WHERE GS01=WX01 AND GS56=WX10 AND GS57=WX11 
09:37:26.000 WITH CET AS (select GS70,GS01,GS46,GS49,GS71,GS02,right(GS08,len(GS08) - charindex('*',GS08) ) a from R_PQP  WHERE GS70='R_338' AND GS73='F' ),CFT AS (SELECT GS70,GS01,GS46,GS49,GS71,GS02,right(a,LEN(a)-charindex('*',a)) GS08 FROM CET  ),CHT AS( SELECT DISTINCT GS70,GS01,GS46,GS49,GS71,GS02,CONVERT(FLOAT,CONVERT(DECIMAL(11,2),GS08)*1.0/10) GS08 FROM CFT  )SELECT GS70,GS01,GS46,GS49,GS71,GS02,CONVERT(VARCHAR,GS08) GS08,'' GS07,PQF13,PQF31 FROM CHT A INNER JOIN R_PQF B ON A.GS01=B.PQF01  WHERE (SELECT COUNT(1) FROM R_PQO WHERE GS01=JM90 AND GS02=JM09 AND CONVERT(VARCHAR,GS08)=CONVERT(VARCHAR,CONVERT(FLOAT,CONVERT(DECIMAL(11,4),JM96))))=0 and GS01 not in (SELECT JM90 FROM R_PQO WHERE JM116='1' )
09:37:26.000 从数据类型 nvarchar 转换为 numeric 时出错。
09:44:43.000 UPDATE R_PQP SET GS73='T' FROM R_PQQ WHERE GS01=CP01 AND GS35=CP09 AND (GS35  LIKE '%丝印%' OR GS35 LIKE '%雕刻%' OR GS35  LIKE '%砂皮%' OR GS35  LIKE '%走台印%' OR GS35  LIKE '%冲印%') 
09:44:43.000 UPDATE R_PQP SET GS73='T' FROM R_PQAH WHERE GS01=AH01 AND GS35=AH18 AND (GS35  LIKE '%丝印%' OR GS35 LIKE '%雕刻%' OR GS35  LIKE '%砂皮%' OR GS35  LIKE '%走台印%' OR GS35  LIKE '%冲印%')
09:44:43.000 UPDATE R_PQP SET GS73='T' FROM R_PQI WHERE GS01=YQ03 AND  GS35 LIKE '%油漆%'  AND YQ139='1'
09:44:43.000 UPDATE R_PQP SET GS73='T' FROM R_PQAF WHERE GS01=AF002 AND GS07=AF015 AND GS02=AF084 AND GS08 ='Φ'+CONVERT(VARCHAR,CONVERT(FLOAT,AF022*10))+'*'+CONVERT(VARCHAR,CONVERT(FLOAT,AF020*10)) 
09:44:43.000 UPDATE R_PQP SET GS73='T' FROM R_PQU WHERE GS01=PQU01 AND GS07=PQU10 AND GS08=PQU12  
09:44:43.000 UPDATE R_PQP SET GS73='T' FROM R_PQS WHERE GS01=PJ01 AND GS56=PJ09 AND GS57=PJ89  
09:44:43.000 UPDATE R_PQP SET GS73='T' FROM R_PQT WHERE GS01=WX01 AND GS56=WX10 AND GS57=WX11 
09:44:44.000 WITH CET AS (select GS70,GS01,GS46,GS49,GS71,GS02,right(GS08,len(GS08) - charindex('*',GS08) ) a from R_PQP  WHERE GS70='R_338' AND GS73='F' ),CFT AS (SELECT GS70,GS01,GS46,GS49,GS71,GS02,right(a,LEN(a)-charindex('*',a)) GS08 FROM CET  ),CHT AS( SELECT DISTINCT GS70,GS01,GS46,GS49,GS71,GS02,CONVERT(FLOAT,CONVERT(DECIMAL(11,2),GS08)*1.0/10) GS08 FROM CFT  )SELECT GS70,GS01,GS46,GS49,GS71,GS02,CONVERT(VARCHAR,GS08) GS08,'' GS07,PQF13,PQF31 FROM CHT A INNER JOIN R_PQF B ON A.GS01=B.PQF01  WHERE (SELECT COUNT(1) FROM R_PQO WHERE GS01=JM90 AND GS02=JM09 AND CONVERT(VARCHAR,GS08)=CONVERT(VARCHAR,CONVERT(FLOAT,CONVERT(DECIMAL(11,4),JM96))))=0 and GS01 not in (SELECT JM90 FROM R_PQO WHERE JM116='1' )
09:44:44.000 从数据类型 nvarchar 转换为 numeric 时出错。
09:45:35.000 @QUR001[R_504-201806110001]
09:45:35.000 @QUR002[密度板]
09:45:35.000 @QUR003[R_338]
09:45:35.000 @QUR004[密度板]
09:45:35.000 @QUR005[]
09:45:35.000 @QUR006[0.91195]
09:45:35.000 @QUR007[244.00]
09:45:35.000 @QUR008[122.00]
09:45:35.000 @QUR009[1.20]
09:45:35.000 @QUR010[20]
09:45:35.000 @QUR011[0]
09:45:35.000 @QUR012[1847.621607]
09:45:35.000 @QUR013[66]
09:45:35.000 @QUR014[0]
09:45:35.000 insert into R_QUR(QUR001,QUR002,QUR003,QUR004,QUR005,QUR006,QUR007,QUR008,QUR009,QUR010,QUR011,QUR012,QUR013,QUR014) values (@QUR001,@QUR002,@QUR003,@QUR004,@QUR005,@QUR006,@QUR007,@QUR008,@QUR009,@QUR010,@QUR011,@QUR012,@QUR013,@QUR014)
09:45:35.000 @QUR001[R_504-201806110001]
09:45:35.000 @QUR002[成品委外]
09:45:35.000 @QUR003[R_195]
09:45:35.000 @QUR004[三层楼板10]
09:45:35.000 @QUR005[车间生产工资]
09:45:35.000 @QUR006[1]
09:45:35.000 @QUR007[]
09:45:35.000 @QUR008[]
09:45:35.000 @QUR009[]
09:45:35.000 @QUR010[0]
09:45:35.000 @QUR011[0]
09:45:35.000 @QUR012[0]
09:45:35.000 @QUR013[0.34]
09:45:35.000 @QUR014[0]
09:45:35.000 @idx[5]
09:45:35.000 update R_QUR set QUR001=@QUR001,QUR002=@QUR002,QUR003=@QUR003,QUR004=@QUR004,QUR005=@QUR005,QUR006=@QUR006,QUR007=@QUR007,QUR008=@QUR008,QUR009=@QUR009,QUR010=@QUR010,QUR011=@QUR011,QUR012=@QUR012,QUR013=@QUR013,QUR014=@QUR014  where idx=@idx
09:45:35.000 @QUO001[R_504-201806110001]
09:45:35.000 @QUO002[怡人公司]
09:45:35.000 @QUO003[]
09:45:35.000 @QUO004[拖拉狗]
09:45:35.000 @QUO005[ZE30001A]
09:45:35.000 @QUO006[18060035]
09:45:35.000 @QUO007[3000]
09:45:35.000 @QUO008[2018/6/13 0:00:00]
09:45:35.000 @QUO009[]
09:45:35.000 @QUO010[刘芬芬]
09:45:35.000 update R_QUO set QUO002=@QUO002,QUO003=@QUO003,QUO004=@QUO004,QUO005=@QUO005,QUO006=@QUO006,QUO007=@QUO007,QUO008=@QUO008,QUO009=@QUO009,QUO010=@QUO010  where QUO001=@QUO001
09:45:35.000 @QUR001[R_504-201806110001]
09:45:35.000 @QUR002[热转印]
09:45:35.000 @QUR003[R_196]
09:45:35.000 @QUR004[一层楼板5]
09:45:35.000 @QUR005[喷油漆工资]
09:45:35.000 @QUR006[1]
09:45:35.000 @QUR007[]
09:45:35.000 @QUR008[]
09:45:35.000 @QUR009[]
09:45:35.000 @QUR010[0]
09:45:35.000 @QUR011[0]
09:45:35.000 @QUR012[0]
09:45:35.000 @QUR013[0.17]
09:45:35.000 @QUR014[0]
09:45:35.000 @idx[6]
09:45:35.000 update R_QUR set QUR001=@QUR001,QUR002=@QUR002,QUR003=@QUR003,QUR004=@QUR004,QUR005=@QUR005,QUR006=@QUR006,QUR007=@QUR007,QUR008=@QUR008,QUR009=@QUR009,QUR010=@QUR010,QUR011=@QUR011,QUR012=@QUR012,QUR013=@QUR013,QUR014=@QUR014  where idx=@idx
09:45:35.000 @QUR001[R_504-201806110001]
09:45:35.000 @QUR002[热转印]
09:45:35.000 @QUR003[R_196]
09:45:35.000 @QUR004[三孔连接板]
09:45:35.000 @QUR005[丝印]
09:45:35.000 @QUR006[4]
09:45:35.000 @QUR007[]
09:45:35.000 @QUR008[]
09:45:35.000 @QUR009[]
09:45:35.000 @QUR010[0]
09:45:35.000 @QUR011[0]
09:45:35.000 @QUR012[0]
09:45:35.000 @QUR013[0.041]
09:45:35.000 @QUR014[0]
09:45:35.000 @idx[4]
09:45:35.000 update R_QUR set QUR001=@QUR001,QUR002=@QUR002,QUR003=@QUR003,QUR004=@QUR004,QUR005=@QUR005,QUR006=@QUR006,QUR007=@QUR007,QUR008=@QUR008,QUR009=@QUR009,QUR010=@QUR010,QUR011=@QUR011,QUR012=@QUR012,QUR013=@QUR013,QUR014=@QUR014  where idx=@idx
10:31:55.000 UPDATE R_PQP SET GS73='T' FROM R_PQQ WHERE GS01=CP01 AND GS35=CP09 AND (GS35  LIKE '%丝印%' OR GS35 LIKE '%雕刻%' OR GS35  LIKE '%砂皮%' OR GS35  LIKE '%走台印%' OR GS35  LIKE '%冲印%') 
10:31:55.000 UPDATE R_PQP SET GS73='T' FROM R_PQAH WHERE GS01=AH01 AND GS35=AH18 AND (GS35  LIKE '%丝印%' OR GS35 LIKE '%雕刻%' OR GS35  LIKE '%砂皮%' OR GS35  LIKE '%走台印%' OR GS35  LIKE '%冲印%')
10:31:55.000 UPDATE R_PQP SET GS73='T' FROM R_PQI WHERE GS01=YQ03 AND  GS35 LIKE '%油漆%'  AND YQ139='1'
10:31:55.000 UPDATE R_PQP SET GS73='T' FROM R_PQAF WHERE GS01=AF002 AND GS07=AF015 AND GS02=AF084 AND GS08 ='Φ'+CONVERT(VARCHAR,CONVERT(FLOAT,AF022*10))+'*'+CONVERT(VARCHAR,CONVERT(FLOAT,AF020*10)) 
10:31:55.000 UPDATE R_PQP SET GS73='T' FROM R_PQU WHERE GS01=PQU01 AND GS07=PQU10 AND GS08=PQU12  
10:31:55.000 UPDATE R_PQP SET GS73='T' FROM R_PQS WHERE GS01=PJ01 AND GS56=PJ09 AND GS57=PJ89  
10:31:56.000 UPDATE R_PQP SET GS73='T' FROM R_PQT WHERE GS01=WX01 AND GS56=WX10 AND GS57=WX11 
10:31:56.000 WITH CET AS (select GS70,GS01,GS46,GS49,GS71,GS02,right(GS08,len(GS08) - charindex('*',GS08) ) a from R_PQP  WHERE GS70='R_338' AND GS73='F' ),CFT AS (SELECT GS70,GS01,GS46,GS49,GS71,GS02,right(a,LEN(a)-charindex('*',a)) GS08 FROM CET  ),CHT AS( SELECT DISTINCT GS70,GS01,GS46,GS49,GS71,GS02,CONVERT(FLOAT,CONVERT(DECIMAL(11,2),GS08)*1.0/10) GS08 FROM CFT  )SELECT GS70,GS01,GS46,GS49,GS71,GS02,CONVERT(VARCHAR,GS08) GS08,'' GS07,PQF13,PQF31 FROM CHT A INNER JOIN R_PQF B ON A.GS01=B.PQF01  WHERE (SELECT COUNT(1) FROM R_PQO WHERE GS01=JM90 AND GS02=JM09 AND CONVERT(VARCHAR,GS08)=CONVERT(VARCHAR,CONVERT(FLOAT,CONVERT(DECIMAL(11,4),JM96))))=0 and GS01 not in (SELECT JM90 FROM R_PQO WHERE JM116='1' )
10:31:56.000 从数据类型 nvarchar 转换为 numeric 时出错。
10:36:37.000 UPDATE R_PQP SET GS73='T' FROM R_PQQ WHERE GS01=CP01 AND GS35=CP09 AND (GS35  LIKE '%丝印%' OR GS35 LIKE '%雕刻%' OR GS35  LIKE '%砂皮%' OR GS35  LIKE '%走台印%' OR GS35  LIKE '%冲印%') 
10:36:37.000 UPDATE R_PQP SET GS73='T' FROM R_PQAH WHERE GS01=AH01 AND GS35=AH18 AND (GS35  LIKE '%丝印%' OR GS35 LIKE '%雕刻%' OR GS35  LIKE '%砂皮%' OR GS35  LIKE '%走台印%' OR GS35  LIKE '%冲印%')
10:36:37.000 UPDATE R_PQP SET GS73='T' FROM R_PQI WHERE GS01=YQ03 AND  GS35 LIKE '%油漆%'  AND YQ139='1'
10:36:37.000 UPDATE R_PQP SET GS73='T' FROM R_PQAF WHERE GS01=AF002 AND GS07=AF015 AND GS02=AF084 AND GS08 ='Φ'+CONVERT(VARCHAR,CONVERT(FLOAT,AF022*10))+'*'+CONVERT(VARCHAR,CONVERT(FLOAT,AF020*10)) 
10:36:37.000 UPDATE R_PQP SET GS73='T' FROM R_PQU WHERE GS01=PQU01 AND GS07=PQU10 AND GS08=PQU12  
10:36:37.000 UPDATE R_PQP SET GS73='T' FROM R_PQS WHERE GS01=PJ01 AND GS56=PJ09 AND GS57=PJ89  
10:36:37.000 UPDATE R_PQP SET GS73='T' FROM R_PQT WHERE GS01=WX01 AND GS56=WX10 AND GS57=WX11 
10:36:38.000 WITH CET AS (select GS70,GS01,GS46,GS49,GS71,GS02,right(GS08,len(GS08) - charindex('*',GS08) ) a from R_PQP  WHERE GS70='R_338' AND GS73='F' ),CFT AS (SELECT GS70,GS01,GS46,GS49,GS71,GS02,right(a,LEN(a)-charindex('*',a)) GS08 FROM CET  ),CHT AS( SELECT DISTINCT GS70,GS01,GS46,GS49,GS71,GS02,CONVERT(FLOAT,CONVERT(DECIMAL(11,2),GS08)*1.0/10) GS08 FROM CFT  )SELECT GS70,GS01,GS46,GS49,GS71,GS02,CONVERT(VARCHAR,GS08) GS08,'' GS07,PQF13,PQF31 FROM CHT A INNER JOIN R_PQF B ON A.GS01=B.PQF01  WHERE (SELECT COUNT(1) FROM R_PQO WHERE GS01=JM90 AND GS02=JM09 AND CONVERT(VARCHAR,GS08)=CONVERT(VARCHAR,CONVERT(FLOAT,CONVERT(DECIMAL(11,4),JM96))))=0 and GS01 not in (SELECT JM90 FROM R_PQO WHERE JM116='1' )
10:36:38.000 从数据类型 nvarchar 转换为 numeric 时出错。
10:39:08.000 UPDATE R_PQP SET GS73='T' FROM R_PQQ WHERE GS01=CP01 AND GS35=CP09 AND (GS35  LIKE '%丝印%' OR GS35 LIKE '%雕刻%' OR GS35  LIKE '%砂皮%' OR GS35  LIKE '%走台印%' OR GS35  LIKE '%冲印%') 
10:39:08.000 UPDATE R_PQP SET GS73='T' FROM R_PQAH WHERE GS01=AH01 AND GS35=AH18 AND (GS35  LIKE '%丝印%' OR GS35 LIKE '%雕刻%' OR GS35  LIKE '%砂皮%' OR GS35  LIKE '%走台印%' OR GS35  LIKE '%冲印%')
10:39:08.000 UPDATE R_PQP SET GS73='T' FROM R_PQI WHERE GS01=YQ03 AND  GS35 LIKE '%油漆%'  AND YQ139='1'
10:39:08.000 UPDATE R_PQP SET GS73='T' FROM R_PQAF WHERE GS01=AF002 AND GS07=AF015 AND GS02=AF084 AND GS08 ='Φ'+CONVERT(VARCHAR,CONVERT(FLOAT,AF022*10))+'*'+CONVERT(VARCHAR,CONVERT(FLOAT,AF020*10)) 
10:39:08.000 UPDATE R_PQP SET GS73='T' FROM R_PQU WHERE GS01=PQU01 AND GS07=PQU10 AND GS08=PQU12  
10:39:09.000 UPDATE R_PQP SET GS73='T' FROM R_PQS WHERE GS01=PJ01 AND GS56=PJ09 AND GS57=PJ89  
10:39:09.000 UPDATE R_PQP SET GS73='T' FROM R_PQT WHERE GS01=WX01 AND GS56=WX10 AND GS57=WX11 
10:39:09.000 WITH CET AS (select GS70,GS01,GS46,GS49,GS71,GS02,right(GS08,len(GS08) - charindex('*',GS08) ) a from R_PQP  WHERE GS70='R_338' AND GS73='F' ),CFT AS (SELECT GS70,GS01,GS46,GS49,GS71,GS02,right(a,LEN(a)-charindex('*',a)) GS08 FROM CET  ),CHT AS( SELECT DISTINCT GS70,GS01,GS46,GS49,GS71,GS02,CONVERT(FLOAT,CONVERT(DECIMAL(11,2),GS08)*1.0/10) GS08 FROM CFT  )SELECT GS70,GS01,GS46,GS49,GS71,GS02,CONVERT(VARCHAR,GS08) GS08,'' GS07,PQF13,PQF31 FROM CHT A INNER JOIN R_PQF B ON A.GS01=B.PQF01  WHERE (SELECT COUNT(1) FROM R_PQO WHERE GS01=JM90 AND GS02=JM09 AND CONVERT(VARCHAR,GS08)=CONVERT(VARCHAR,CONVERT(FLOAT,CONVERT(DECIMAL(11,4),JM96))))=0 and GS01 not in (SELECT JM90 FROM R_PQO WHERE JM116='1' )
10:39:09.000 从数据类型 nvarchar 转换为 numeric 时出错。
10:41:03.000 UPDATE R_PQP SET GS73='T' FROM R_PQQ WHERE GS01=CP01 AND GS35=CP09 AND (GS35  LIKE '%丝印%' OR GS35 LIKE '%雕刻%' OR GS35  LIKE '%砂皮%' OR GS35  LIKE '%走台印%' OR GS35  LIKE '%冲印%') 
10:41:04.000 UPDATE R_PQP SET GS73='T' FROM R_PQAH WHERE GS01=AH01 AND GS35=AH18 AND (GS35  LIKE '%丝印%' OR GS35 LIKE '%雕刻%' OR GS35  LIKE '%砂皮%' OR GS35  LIKE '%走台印%' OR GS35  LIKE '%冲印%')
10:41:04.000 UPDATE R_PQP SET GS73='T' FROM R_PQI WHERE GS01=YQ03 AND  GS35 LIKE '%油漆%'  AND YQ139='1'
10:41:04.000 UPDATE R_PQP SET GS73='T' FROM R_PQAF WHERE GS01=AF002 AND GS07=AF015 AND GS02=AF084 AND GS08 ='Φ'+CONVERT(VARCHAR,CONVERT(FLOAT,AF022*10))+'*'+CONVERT(VARCHAR,CONVERT(FLOAT,AF020*10)) 
10:41:04.000 UPDATE R_PQP SET GS73='T' FROM R_PQU WHERE GS01=PQU01 AND GS07=PQU10 AND GS08=PQU12  
10:41:04.000 UPDATE R_PQP SET GS73='T' FROM R_PQS WHERE GS01=PJ01 AND GS56=PJ09 AND GS57=PJ89  
10:41:04.000 UPDATE R_PQP SET GS73='T' FROM R_PQT WHERE GS01=WX01 AND GS56=WX10 AND GS57=WX11 
10:41:05.000 WITH CET AS (select GS70,GS01,GS46,GS49,GS71,GS02,right(GS08,len(GS08) - charindex('*',GS08) ) a from R_PQP  WHERE GS70='R_338' AND GS73='F' ),CFT AS (SELECT GS70,GS01,GS46,GS49,GS71,GS02,right(a,LEN(a)-charindex('*',a)) GS08 FROM CET  ),CHT AS( SELECT DISTINCT GS70,GS01,GS46,GS49,GS71,GS02,CONVERT(FLOAT,CONVERT(DECIMAL(11,2),GS08)*1.0/10) GS08 FROM CFT  )SELECT GS70,GS01,GS46,GS49,GS71,GS02,CONVERT(VARCHAR,GS08) GS08,'' GS07,PQF13,PQF31 FROM CHT A INNER JOIN R_PQF B ON A.GS01=B.PQF01  WHERE (SELECT COUNT(1) FROM R_PQO WHERE GS01=JM90 AND GS02=JM09 AND CONVERT(VARCHAR,GS08)=CONVERT(VARCHAR,CONVERT(FLOAT,CONVERT(DECIMAL(11,4),JM96))))=0 and GS01 not in (SELECT JM90 FROM R_PQO WHERE JM116='1' )
10:41:05.000 从数据类型 nvarchar 转换为 numeric 时出错。
10:52:01.000 UPDATE R_PQP SET GS73='T' FROM R_PQQ WHERE GS01=CP01 AND GS35=CP09 AND (GS35  LIKE '%丝印%' OR GS35 LIKE '%雕刻%' OR GS35  LIKE '%砂皮%' OR GS35  LIKE '%走台印%' OR GS35  LIKE '%冲印%') 
10:52:01.000 UPDATE R_PQP SET GS73='T' FROM R_PQAH WHERE GS01=AH01 AND GS35=AH18 AND (GS35  LIKE '%丝印%' OR GS35 LIKE '%雕刻%' OR GS35  LIKE '%砂皮%' OR GS35  LIKE '%走台印%' OR GS35  LIKE '%冲印%')
10:52:01.000 UPDATE R_PQP SET GS73='T' FROM R_PQI WHERE GS01=YQ03 AND  GS35 LIKE '%油漆%'  AND YQ139='1'
10:52:01.000 UPDATE R_PQP SET GS73='T' FROM R_PQAF WHERE GS01=AF002 AND GS07=AF015 AND GS02=AF084 AND GS08 ='Φ'+CONVERT(VARCHAR,CONVERT(FLOAT,AF022*10))+'*'+CONVERT(VARCHAR,CONVERT(FLOAT,AF020*10)) 
10:52:02.000 UPDATE R_PQP SET GS73='T' FROM R_PQU WHERE GS01=PQU01 AND GS07=PQU10 AND GS08=PQU12  
10:52:02.000 UPDATE R_PQP SET GS73='T' FROM R_PQS WHERE GS01=PJ01 AND GS56=PJ09 AND GS57=PJ89  
10:52:02.000 UPDATE R_PQP SET GS73='T' FROM R_PQT WHERE GS01=WX01 AND GS56=WX10 AND GS57=WX11 
10:52:02.000 WITH CET AS (select GS70,GS01,GS46,GS49,GS71,GS02,right(GS08,len(GS08) - charindex('*',GS08) ) a from R_PQP  WHERE GS70='R_338' AND GS73='F' ),CFT AS (SELECT GS70,GS01,GS46,GS49,GS71,GS02,right(a,LEN(a)-charindex('*',a)) GS08 FROM CET  ),CHT AS( SELECT DISTINCT GS70,GS01,GS46,GS49,GS71,GS02,CONVERT(FLOAT,CONVERT(DECIMAL(11,2),GS08)*1.0/10) GS08 FROM CFT  )SELECT GS70,GS01,GS46,GS49,GS71,GS02,CONVERT(VARCHAR,GS08) GS08,'' GS07,PQF13,PQF31 FROM CHT A INNER JOIN R_PQF B ON A.GS01=B.PQF01  WHERE (SELECT COUNT(1) FROM R_PQO WHERE GS01=JM90 AND GS02=JM09 AND CONVERT(VARCHAR,GS08)=CONVERT(VARCHAR,CONVERT(FLOAT,CONVERT(DECIMAL(11,4),JM96))))=0 and GS01 not in (SELECT JM90 FROM R_PQO WHERE JM116='1' )
10:52:02.000 从数据类型 nvarchar 转换为 numeric 时出错。
10:55:34.000 UPDATE R_PQP SET GS73='T' FROM R_PQQ WHERE GS01=CP01 AND GS35=CP09 AND (GS35  LIKE '%丝印%' OR GS35 LIKE '%雕刻%' OR GS35  LIKE '%砂皮%' OR GS35  LIKE '%走台印%' OR GS35  LIKE '%冲印%') 
10:55:34.000 UPDATE R_PQP SET GS73='T' FROM R_PQAH WHERE GS01=AH01 AND GS35=AH18 AND (GS35  LIKE '%丝印%' OR GS35 LIKE '%雕刻%' OR GS35  LIKE '%砂皮%' OR GS35  LIKE '%走台印%' OR GS35  LIKE '%冲印%')
10:55:34.000 UPDATE R_PQP SET GS73='T' FROM R_PQI WHERE GS01=YQ03 AND  GS35 LIKE '%油漆%'  AND YQ139='1'
10:55:34.000 UPDATE R_PQP SET GS73='T' FROM R_PQAF WHERE GS01=AF002 AND GS07=AF015 AND GS02=AF084 AND GS08 ='Φ'+CONVERT(VARCHAR,CONVERT(FLOAT,AF022*10))+'*'+CONVERT(VARCHAR,CONVERT(FLOAT,AF020*10)) 
10:55:34.000 UPDATE R_PQP SET GS73='T' FROM R_PQU WHERE GS01=PQU01 AND GS07=PQU10 AND GS08=PQU12  
10:55:34.000 UPDATE R_PQP SET GS73='T' FROM R_PQS WHERE GS01=PJ01 AND GS56=PJ09 AND GS57=PJ89  
10:55:35.000 UPDATE R_PQP SET GS73='T' FROM R_PQT WHERE GS01=WX01 AND GS56=WX10 AND GS57=WX11 
10:55:35.000 WITH CET AS (select GS70,GS01,GS46,GS49,GS71,GS02,right(GS08,len(GS08) - charindex('*',GS08) ) a from R_PQP  WHERE GS70='R_338' AND GS73='F' ),CFT AS (SELECT GS70,GS01,GS46,GS49,GS71,GS02,right(a,LEN(a)-charindex('*',a)) GS08 FROM CET  ),CHT AS( SELECT DISTINCT GS70,GS01,GS46,GS49,GS71,GS02,CONVERT(FLOAT,CONVERT(DECIMAL(11,2),GS08)*1.0/10) GS08 FROM CFT  )SELECT GS70,GS01,GS46,GS49,GS71,GS02,CONVERT(VARCHAR,GS08) GS08,'' GS07,PQF13,PQF31 FROM CHT A INNER JOIN R_PQF B ON A.GS01=B.PQF01  WHERE (SELECT COUNT(1) FROM R_PQO WHERE GS01=JM90 AND GS02=JM09 AND CONVERT(VARCHAR,GS08)=CONVERT(VARCHAR,CONVERT(FLOAT,CONVERT(DECIMAL(11,4),JM96))))=0 and GS01 not in (SELECT JM90 FROM R_PQO WHERE JM116='1' )
10:55:35.000 从数据类型 nvarchar 转换为 numeric 时出错。
10:56:36.000 @QUR001[R_504-201806110001]
10:56:36.000 @QUR002[热转印]
10:56:36.000 @QUR003[R_196]
10:56:36.000 @QUR004[三孔连接板]
10:56:36.000 @QUR005[丝印]
10:56:36.000 @QUR006[4]
10:56:36.000 @QUR007[]
10:56:36.000 @QUR008[]
10:56:36.000 @QUR009[]
10:56:36.000 @QUR010[0]
10:56:36.000 @QUR011[0]
10:56:36.000 @QUR012[0]
10:56:36.000 @QUR013[0.041]
10:56:36.000 @QUR014[0]
10:56:36.000 @idx[4]
10:56:36.000 update R_QUR set QUR001=@QUR001,QUR002=@QUR002,QUR003=@QUR003,QUR004=@QUR004,QUR005=@QUR005,QUR006=@QUR006,QUR007=@QUR007,QUR008=@QUR008,QUR009=@QUR009,QUR010=@QUR010,QUR011=@QUR011,QUR012=@QUR012,QUR013=@QUR013,QUR014=@QUR014  where idx=@idx
10:56:36.000 @QUR001[R_504-201806110001]
10:56:36.000 @QUR002[成品委外]
10:56:36.000 @QUR003[R_195]
10:56:36.000 @QUR004[三层楼板10]
10:56:36.000 @QUR005[车间生产工资]
10:56:36.000 @QUR006[1]
10:56:36.000 @QUR007[]
10:56:36.000 @QUR008[]
10:56:36.000 @QUR009[]
10:56:36.000 @QUR010[0]
10:56:36.000 @QUR011[0]
10:56:36.000 @QUR012[0]
10:56:36.000 @QUR013[0.34]
10:56:36.000 @QUR014[0]
10:56:36.000 @idx[5]
10:56:36.000 update R_QUR set QUR001=@QUR001,QUR002=@QUR002,QUR003=@QUR003,QUR004=@QUR004,QUR005=@QUR005,QUR006=@QUR006,QUR007=@QUR007,QUR008=@QUR008,QUR009=@QUR009,QUR010=@QUR010,QUR011=@QUR011,QUR012=@QUR012,QUR013=@QUR013,QUR014=@QUR014  where idx=@idx
10:56:36.000 @QUR001[R_504-201806110001]
10:56:36.000 @QUR002[热转印]
10:56:36.000 @QUR003[R_196]
10:56:36.000 @QUR004[一层楼板5]
10:56:36.000 @QUR005[喷油漆工资]
10:56:36.000 @QUR006[1]
10:56:36.000 @QUR007[]
10:56:36.000 @QUR008[]
10:56:36.000 @QUR009[]
10:56:36.000 @QUR010[0]
10:56:36.000 @QUR011[0]
10:56:36.000 @QUR012[0]
10:56:36.000 @QUR013[0.17]
10:56:36.000 @QUR014[0]
10:56:36.000 @idx[6]
10:56:36.000 update R_QUR set QUR001=@QUR001,QUR002=@QUR002,QUR003=@QUR003,QUR004=@QUR004,QUR005=@QUR005,QUR006=@QUR006,QUR007=@QUR007,QUR008=@QUR008,QUR009=@QUR009,QUR010=@QUR010,QUR011=@QUR011,QUR012=@QUR012,QUR013=@QUR013,QUR014=@QUR014  where idx=@idx
10:56:36.000 @QUR001[R_504-201806110001]
10:56:36.000 @QUR002[密度板]
10:56:36.000 @QUR003[R_338]
10:56:36.000 @QUR004[密度板]
10:56:36.000 @QUR005[]
10:56:36.000 @QUR006[0.91195]
10:56:36.000 @QUR007[244.00]
10:56:36.000 @QUR008[122.00]
10:56:36.000 @QUR009[1.20]
10:56:36.000 @QUR010[20]
10:56:36.000 @QUR011[0]
10:56:36.000 @QUR012[1847.621607]
10:56:36.000 @QUR013[66]
10:56:36.000 @QUR014[0]
10:56:36.000 @idx[7]
10:56:36.000 update R_QUR set QUR001=@QUR001,QUR002=@QUR002,QUR003=@QUR003,QUR004=@QUR004,QUR005=@QUR005,QUR006=@QUR006,QUR007=@QUR007,QUR008=@QUR008,QUR009=@QUR009,QUR010=@QUR010,QUR011=@QUR011,QUR012=@QUR012,QUR013=@QUR013,QUR014=@QUR014  where idx=@idx
10:56:36.000 @QUR001[R_504-201806110001]
10:56:36.000 @QUR002[木材]
10:56:36.000 @QUR003[R_341]
10:56:36.000 @QUR004[三角贴粒]
10:56:36.000 @QUR005[]
10:56:36.000 @QUR006[4]
10:56:36.000 @QUR007[4.5]
10:56:36.000 @QUR008[2]
10:56:36.000 @QUR009[1.4]
10:56:36.000 @QUR010[20]
10:56:36.000 @QUR011[0]
10:56:36.000 @QUR012[3500]
10:56:36.000 @QUR013[0]
10:56:36.000 @QUR014[0]
10:56:36.000 insert into R_QUR(QUR001,QUR002,QUR003,QUR004,QUR005,QUR006,QUR007,QUR008,QUR009,QUR010,QUR011,QUR012,QUR013,QUR014) values (@QUR001,@QUR002,@QUR003,@QUR004,@QUR005,@QUR006,@QUR007,@QUR008,@QUR009,@QUR010,@QUR011,@QUR012,@QUR013,@QUR014)
10:56:36.000 @QUO001[R_504-201806110001]
10:56:36.000 @QUO002[怡人公司]
10:56:36.000 @QUO003[]
10:56:36.000 @QUO004[拖拉狗]
10:56:36.000 @QUO005[ZE30001A]
10:56:36.000 @QUO006[18060035]
10:56:36.000 @QUO007[3000]
10:56:36.000 @QUO008[2018/6/13 0:00:00]
10:56:36.000 @QUO009[]
10:56:36.000 @QUO010[刘芬芬]
10:56:36.000 update R_QUO set QUO002=@QUO002,QUO003=@QUO003,QUO004=@QUO004,QUO005=@QUO005,QUO006=@QUO006,QUO007=@QUO007,QUO008=@QUO008,QUO009=@QUO009,QUO010=@QUO010  where QUO001=@QUO001
10:56:51.000 @QUR001[R_504-201806110001]
10:56:51.000 @QUR002[密度板]
10:56:51.000 @QUR003[R_338]
10:56:51.000 @QUR004[密度板]
10:56:51.000 @QUR005[]
10:56:51.000 @QUR006[0.91195]
10:56:51.000 @QUR007[244.00]
10:56:51.000 @QUR008[122.00]
10:56:51.000 @QUR009[1.20]
10:56:51.000 @QUR010[20]
10:56:51.000 @QUR011[0]
10:56:51.000 @QUR012[1847.621607]
10:56:51.000 @QUR013[66]
10:56:51.000 @QUR014[0]
10:56:51.000 @idx[7]
10:56:51.000 update R_QUR set QUR001=@QUR001,QUR002=@QUR002,QUR003=@QUR003,QUR004=@QUR004,QUR005=@QUR005,QUR006=@QUR006,QUR007=@QUR007,QUR008=@QUR008,QUR009=@QUR009,QUR010=@QUR010,QUR011=@QUR011,QUR012=@QUR012,QUR013=@QUR013,QUR014=@QUR014  where idx=@idx
10:56:51.000 DELETE FROM R_QUR WHERE idx=6
10:56:51.000 未将对象引用设置到对象的实例。
   在 MulaolaoBll.LogHelperToSql.SaveLog(String cmdText, Object[] parameters) 位置 D:\ProjectData\MLL\Mulaolao\MulaolaoBll\LogHelperToSql.cs:行号 69
   在 StudentMgr.SqlHelper.ExecuteSqlTran(Hashtable SQLStringList) 位置 D:\ProjectData\MLL\Mulaolao\MulaolaoBll\SqlHelper.cs:行号 652
10:56:51.000 @QUO001[R_504-201806110001]
10:56:51.000 @QUO002[怡人公司]
10:56:51.000 @QUO003[]
10:56:51.000 @QUO004[拖拉狗]
10:56:51.000 @QUO005[ZE30001A]
10:56:51.000 @QUO006[18060035]
10:56:51.000 @QUO007[3000]
10:56:51.000 @QUO008[2018/6/13 0:00:00]
10:56:51.000 @QUO009[]
10:56:51.000 @QUO010[刘芬芬]
10:56:51.000 update R_QUO set QUO002=@QUO002,QUO003=@QUO003,QUO004=@QUO004,QUO005=@QUO005,QUO006=@QUO006,QUO007=@QUO007,QUO008=@QUO008,QUO009=@QUO009,QUO010=@QUO010  where QUO001=@QUO001
10:56:51.000 @QUR001[R_504-201806110001]
10:56:51.000 @QUR002[木材]
10:56:51.000 @QUR003[R_341]
10:56:51.000 @QUR004[三角贴粒]
10:56:51.000 @QUR005[]
10:56:51.000 @QUR006[4]
10:56:51.000 @QUR007[4.5]
10:56:51.000 @QUR008[2]
10:56:51.000 @QUR009[1.4]
10:56:51.000 @QUR010[20]
10:56:51.000 @QUR011[0]
10:56:51.000 @QUR012[3500]
10:56:51.000 @QUR013[0]
10:56:51.000 @QUR014[0]
10:56:51.000 @idx[8]
10:56:51.000 update R_QUR set QUR001=@QUR001,QUR002=@QUR002,QUR003=@QUR003,QUR004=@QUR004,QUR005=@QUR005,QUR006=@QUR006,QUR007=@QUR007,QUR008=@QUR008,QUR009=@QUR009,QUR010=@QUR010,QUR011=@QUR011,QUR012=@QUR012,QUR013=@QUR013,QUR014=@QUR014  where idx=@idx
10:56:51.000 @QUR001[R_504-201806110001]
10:56:51.000 @QUR002[成品委外]
10:56:51.000 @QUR003[R_195]
10:56:51.000 @QUR004[三层楼板10]
10:56:51.000 @QUR005[车间生产工资]
10:56:51.000 @QUR006[1]
10:56:51.000 @QUR007[]
10:56:51.000 @QUR008[]
10:56:51.000 @QUR009[]
10:56:51.000 @QUR010[0]
10:56:51.000 @QUR011[0]
10:56:51.000 @QUR012[0]
10:56:51.000 @QUR013[0.34]
10:56:51.000 @QUR014[0]
10:56:51.000 @idx[5]
10:56:51.000 update R_QUR set QUR001=@QUR001,QUR002=@QUR002,QUR003=@QUR003,QUR004=@QUR004,QUR005=@QUR005,QUR006=@QUR006,QUR007=@QUR007,QUR008=@QUR008,QUR009=@QUR009,QUR010=@QUR010,QUR011=@QUR011,QUR012=@QUR012,QUR013=@QUR013,QUR014=@QUR014  where idx=@idx
10:56:51.000 @QUR001[R_504-201806110001]
10:56:51.000 @QUR002[热转印]
10:56:51.000 @QUR003[R_196]
10:56:51.000 @QUR004[三孔连接板]
10:56:51.000 @QUR005[丝印]
10:56:51.000 @QUR006[4]
10:56:51.000 @QUR007[]
10:56:51.000 @QUR008[]
10:56:51.000 @QUR009[]
10:56:51.000 @QUR010[0]
10:56:51.000 @QUR011[0]
10:56:51.000 @QUR012[0]
10:56:51.000 @QUR013[0.041]
10:56:51.000 @QUR014[0]
10:56:51.000 @idx[4]
10:56:51.000 update R_QUR set QUR001=@QUR001,QUR002=@QUR002,QUR003=@QUR003,QUR004=@QUR004,QUR005=@QUR005,QUR006=@QUR006,QUR007=@QUR007,QUR008=@QUR008,QUR009=@QUR009,QUR010=@QUR010,QUR011=@QUR011,QUR012=@QUR012,QUR013=@QUR013,QUR014=@QUR014  where idx=@idx
11:50:54.000 UPDATE R_PQP SET GS73='T' FROM R_PQQ WHERE GS01=CP01 AND GS35=CP09 AND (GS35  LIKE '%丝印%' OR GS35 LIKE '%雕刻%' OR GS35  LIKE '%砂皮%' OR GS35  LIKE '%走台印%' OR GS35  LIKE '%冲印%') 
11:50:54.000 UPDATE R_PQP SET GS73='T' FROM R_PQAH WHERE GS01=AH01 AND GS35=AH18 AND (GS35  LIKE '%丝印%' OR GS35 LIKE '%雕刻%' OR GS35  LIKE '%砂皮%' OR GS35  LIKE '%走台印%' OR GS35  LIKE '%冲印%')
11:50:55.000 UPDATE R_PQP SET GS73='T' FROM R_PQI WHERE GS01=YQ03 AND  GS35 LIKE '%油漆%'  AND YQ139='1'
11:50:55.000 UPDATE R_PQP SET GS73='T' FROM R_PQAF WHERE GS01=AF002 AND GS07=AF015 AND GS02=AF084 AND GS08 ='Φ'+CONVERT(VARCHAR,CONVERT(FLOAT,AF022*10))+'*'+CONVERT(VARCHAR,CONVERT(FLOAT,AF020*10)) 
11:50:55.000 UPDATE R_PQP SET GS73='T' FROM R_PQU WHERE GS01=PQU01 AND GS07=PQU10 AND GS08=PQU12  
11:50:55.000 UPDATE R_PQP SET GS73='T' FROM R_PQS WHERE GS01=PJ01 AND GS56=PJ09 AND GS57=PJ89  
11:50:55.000 UPDATE R_PQP SET GS73='T' FROM R_PQT WHERE GS01=WX01 AND GS56=WX10 AND GS57=WX11 
11:50:55.000 WITH CET AS (select GS70,GS01,GS46,GS49,GS71,GS02,right(GS08,len(GS08) - charindex('*',GS08) ) a from R_PQP  WHERE GS70='R_338' AND GS73='F' ),CFT AS (SELECT GS70,GS01,GS46,GS49,GS71,GS02,right(a,LEN(a)-charindex('*',a)) GS08 FROM CET  ),CHT AS( SELECT DISTINCT GS70,GS01,GS46,GS49,GS71,GS02,CONVERT(FLOAT,CONVERT(DECIMAL(11,2),GS08)*1.0/10) GS08 FROM CFT  )SELECT GS70,GS01,GS46,GS49,GS71,GS02,CONVERT(VARCHAR,GS08) GS08,'' GS07,PQF13,PQF31 FROM CHT A INNER JOIN R_PQF B ON A.GS01=B.PQF01  WHERE (SELECT COUNT(1) FROM R_PQO WHERE GS01=JM90 AND GS02=JM09 AND CONVERT(VARCHAR,GS08)=CONVERT(VARCHAR,CONVERT(FLOAT,CONVERT(DECIMAL(11,4),JM96))))=0 and GS01 not in (SELECT JM90 FROM R_PQO WHERE JM116='1' )
11:50:55.000 从数据类型 nvarchar 转换为 numeric 时出错。
11:53:23.000 UPDATE R_PQP SET GS73='T' FROM R_PQQ WHERE GS01=CP01 AND GS35=CP09 AND (GS35  LIKE '%丝印%' OR GS35 LIKE '%雕刻%' OR GS35  LIKE '%砂皮%' OR GS35  LIKE '%走台印%' OR GS35  LIKE '%冲印%') 
11:53:23.000 UPDATE R_PQP SET GS73='T' FROM R_PQAH WHERE GS01=AH01 AND GS35=AH18 AND (GS35  LIKE '%丝印%' OR GS35 LIKE '%雕刻%' OR GS35  LIKE '%砂皮%' OR GS35  LIKE '%走台印%' OR GS35  LIKE '%冲印%')
11:53:23.000 UPDATE R_PQP SET GS73='T' FROM R_PQI WHERE GS01=YQ03 AND  GS35 LIKE '%油漆%'  AND YQ139='1'
11:53:23.000 UPDATE R_PQP SET GS73='T' FROM R_PQAF WHERE GS01=AF002 AND GS07=AF015 AND GS02=AF084 AND GS08 ='Φ'+CONVERT(VARCHAR,CONVERT(FLOAT,AF022*10))+'*'+CONVERT(VARCHAR,CONVERT(FLOAT,AF020*10)) 
11:53:23.000 UPDATE R_PQP SET GS73='T' FROM R_PQU WHERE GS01=PQU01 AND GS07=PQU10 AND GS08=PQU12  
11:53:23.000 UPDATE R_PQP SET GS73='T' FROM R_PQS WHERE GS01=PJ01 AND GS56=PJ09 AND GS57=PJ89  
11:53:24.000 UPDATE R_PQP SET GS73='T' FROM R_PQT WHERE GS01=WX01 AND GS56=WX10 AND GS57=WX11 
11:53:25.000 WITH CET AS (select GS70,GS01,GS46,GS49,GS71,GS02,right(GS08,len(GS08) - charindex('*',GS08) ) a from R_PQP  WHERE GS70='R_338' AND GS73='F' ),CFT AS (SELECT GS70,GS01,GS46,GS49,GS71,GS02,right(a,LEN(a)-charindex('*',a)) GS08 FROM CET  ),CHT AS( SELECT DISTINCT GS70,GS01,GS46,GS49,GS71,GS02,CONVERT(FLOAT,CONVERT(DECIMAL(11,2),GS08)*1.0/10) GS08 FROM CFT  )SELECT GS70,GS01,GS46,GS49,GS71,GS02,CONVERT(VARCHAR,GS08) GS08,'' GS07,PQF13,PQF31 FROM CHT A INNER JOIN R_PQF B ON A.GS01=B.PQF01  WHERE (SELECT COUNT(1) FROM R_PQO WHERE GS01=JM90 AND GS02=JM09 AND CONVERT(VARCHAR,GS08)=CONVERT(VARCHAR,CONVERT(FLOAT,CONVERT(DECIMAL(11,4),JM96))))=0 and GS01 not in (SELECT JM90 FROM R_PQO WHERE JM116='1' )
11:53:25.000 从数据类型 nvarchar 转换为 numeric 时出错。
11:54:40.000 UPDATE R_PQP SET GS73='T' FROM R_PQQ WHERE GS01=CP01 AND GS35=CP09 AND (GS35  LIKE '%丝印%' OR GS35 LIKE '%雕刻%' OR GS35  LIKE '%砂皮%' OR GS35  LIKE '%走台印%' OR GS35  LIKE '%冲印%') 
11:54:40.000 UPDATE R_PQP SET GS73='T' FROM R_PQAH WHERE GS01=AH01 AND GS35=AH18 AND (GS35  LIKE '%丝印%' OR GS35 LIKE '%雕刻%' OR GS35  LIKE '%砂皮%' OR GS35  LIKE '%走台印%' OR GS35  LIKE '%冲印%')
11:54:40.000 UPDATE R_PQP SET GS73='T' FROM R_PQI WHERE GS01=YQ03 AND  GS35 LIKE '%油漆%'  AND YQ139='1'
11:54:40.000 UPDATE R_PQP SET GS73='T' FROM R_PQAF WHERE GS01=AF002 AND GS07=AF015 AND GS02=AF084 AND GS08 ='Φ'+CONVERT(VARCHAR,CONVERT(FLOAT,AF022*10))+'*'+CONVERT(VARCHAR,CONVERT(FLOAT,AF020*10)) 
11:54:40.000 UPDATE R_PQP SET GS73='T' FROM R_PQU WHERE GS01=PQU01 AND GS07=PQU10 AND GS08=PQU12  
11:54:41.000 UPDATE R_PQP SET GS73='T' FROM R_PQS WHERE GS01=PJ01 AND GS56=PJ09 AND GS57=PJ89  
11:54:41.000 UPDATE R_PQP SET GS73='T' FROM R_PQT WHERE GS01=WX01 AND GS56=WX10 AND GS57=WX11 
11:54:42.000 WITH CET AS (select GS70,GS01,GS46,GS49,GS71,GS02,right(GS08,len(GS08) - charindex('*',GS08) ) a from R_PQP  WHERE GS70='R_338' AND GS73='F' ),CFT AS (SELECT GS70,GS01,GS46,GS49,GS71,GS02,right(a,LEN(a)-charindex('*',a)) GS08 FROM CET  ),CHT AS( SELECT DISTINCT GS70,GS01,GS46,GS49,GS71,GS02,CONVERT(FLOAT,CONVERT(DECIMAL(11,2),GS08)*1.0/10) GS08 FROM CFT  )SELECT GS70,GS01,GS46,GS49,GS71,GS02,CONVERT(VARCHAR,GS08) GS08,'' GS07,PQF13,PQF31 FROM CHT A INNER JOIN R_PQF B ON A.GS01=B.PQF01  WHERE (SELECT COUNT(1) FROM R_PQO WHERE GS01=JM90 AND GS02=JM09 AND CONVERT(VARCHAR,GS08)=CONVERT(VARCHAR,CONVERT(FLOAT,CONVERT(DECIMAL(11,4),JM96))))=0 and GS01 not in (SELECT JM90 FROM R_PQO WHERE JM116='1' )
11:54:42.000 从数据类型 nvarchar 转换为 numeric 时出错。
12:01:04.000 UPDATE R_PQP SET GS73='T' FROM R_PQQ WHERE GS01=CP01 AND GS35=CP09 AND (GS35  LIKE '%丝印%' OR GS35 LIKE '%雕刻%' OR GS35  LIKE '%砂皮%' OR GS35  LIKE '%走台印%' OR GS35  LIKE '%冲印%') 
12:01:04.000 UPDATE R_PQP SET GS73='T' FROM R_PQAH WHERE GS01=AH01 AND GS35=AH18 AND (GS35  LIKE '%丝印%' OR GS35 LIKE '%雕刻%' OR GS35  LIKE '%砂皮%' OR GS35  LIKE '%走台印%' OR GS35  LIKE '%冲印%')
12:01:04.000 UPDATE R_PQP SET GS73='T' FROM R_PQI WHERE GS01=YQ03 AND  GS35 LIKE '%油漆%'  AND YQ139='1'
12:01:04.000 UPDATE R_PQP SET GS73='T' FROM R_PQAF WHERE GS01=AF002 AND GS07=AF015 AND GS02=AF084 AND GS08 ='Φ'+CONVERT(VARCHAR,CONVERT(FLOAT,AF022*10))+'*'+CONVERT(VARCHAR,CONVERT(FLOAT,AF020*10)) 
12:01:04.000 UPDATE R_PQP SET GS73='T' FROM R_PQU WHERE GS01=PQU01 AND GS07=PQU10 AND GS08=PQU12  
12:01:05.000 UPDATE R_PQP SET GS73='T' FROM R_PQS WHERE GS01=PJ01 AND GS56=PJ09 AND GS57=PJ89  
12:01:05.000 UPDATE R_PQP SET GS73='T' FROM R_PQT WHERE GS01=WX01 AND GS56=WX10 AND GS57=WX11 
12:01:06.000 WITH CET AS (select GS70,GS01,GS46,GS49,GS71,GS02,right(GS08,len(GS08) - charindex('*',GS08) ) a from R_PQP  WHERE GS70='R_338' AND GS73='F' ),CFT AS (SELECT GS70,GS01,GS46,GS49,GS71,GS02,right(a,LEN(a)-charindex('*',a)) GS08 FROM CET  ),CHT AS( SELECT DISTINCT GS70,GS01,GS46,GS49,GS71,GS02,CONVERT(FLOAT,CONVERT(DECIMAL(11,2),GS08)*1.0/10) GS08 FROM CFT  )SELECT GS70,GS01,GS46,GS49,GS71,GS02,CONVERT(VARCHAR,GS08) GS08,'' GS07,PQF13,PQF31 FROM CHT A INNER JOIN R_PQF B ON A.GS01=B.PQF01  WHERE (SELECT COUNT(1) FROM R_PQO WHERE GS01=JM90 AND GS02=JM09 AND CONVERT(VARCHAR,GS08)=CONVERT(VARCHAR,CONVERT(FLOAT,CONVERT(DECIMAL(11,4),JM96))))=0 and GS01 not in (SELECT JM90 FROM R_PQO WHERE JM116='1' )
12:01:06.000 从数据类型 nvarchar 转换为 numeric 时出错。
12:05:12.000 UPDATE R_PQP SET GS73='T' FROM R_PQQ WHERE GS01=CP01 AND GS35=CP09 AND (GS35  LIKE '%丝印%' OR GS35 LIKE '%雕刻%' OR GS35  LIKE '%砂皮%' OR GS35  LIKE '%走台印%' OR GS35  LIKE '%冲印%') 
12:05:12.000 UPDATE R_PQP SET GS73='T' FROM R_PQAH WHERE GS01=AH01 AND GS35=AH18 AND (GS35  LIKE '%丝印%' OR GS35 LIKE '%雕刻%' OR GS35  LIKE '%砂皮%' OR GS35  LIKE '%走台印%' OR GS35  LIKE '%冲印%')
12:05:12.000 UPDATE R_PQP SET GS73='T' FROM R_PQI WHERE GS01=YQ03 AND  GS35 LIKE '%油漆%'  AND YQ139='1'
12:05:12.000 UPDATE R_PQP SET GS73='T' FROM R_PQAF WHERE GS01=AF002 AND GS07=AF015 AND GS02=AF084 AND GS08 ='Φ'+CONVERT(VARCHAR,CONVERT(FLOAT,AF022*10))+'*'+CONVERT(VARCHAR,CONVERT(FLOAT,AF020*10)) 
12:05:12.000 UPDATE R_PQP SET GS73='T' FROM R_PQU WHERE GS01=PQU01 AND GS07=PQU10 AND GS08=PQU12  
12:05:12.000 UPDATE R_PQP SET GS73='T' FROM R_PQS WHERE GS01=PJ01 AND GS56=PJ09 AND GS57=PJ89  
12:05:12.000 UPDATE R_PQP SET GS73='T' FROM R_PQT WHERE GS01=WX01 AND GS56=WX10 AND GS57=WX11 
12:05:13.000 WITH CET AS (select GS70,GS01,GS46,GS49,GS71,GS02,right(GS08,len(GS08) - charindex('*',GS08) ) a from R_PQP  WHERE GS70='R_338' AND GS73='F' ),CFT AS (SELECT GS70,GS01,GS46,GS49,GS71,GS02,right(a,LEN(a)-charindex('*',a)) GS08 FROM CET  ),CHT AS( SELECT DISTINCT GS70,GS01,GS46,GS49,GS71,GS02,CONVERT(FLOAT,CONVERT(DECIMAL(11,2),GS08)*1.0/10) GS08 FROM CFT  )SELECT GS70,GS01,GS46,GS49,GS71,GS02,CONVERT(VARCHAR,GS08) GS08,'' GS07,PQF13,PQF31 FROM CHT A INNER JOIN R_PQF B ON A.GS01=B.PQF01  WHERE (SELECT COUNT(1) FROM R_PQO WHERE GS01=JM90 AND GS02=JM09 AND CONVERT(VARCHAR,GS08)=CONVERT(VARCHAR,CONVERT(FLOAT,CONVERT(DECIMAL(11,4),JM96))))=0 and GS01 not in (SELECT JM90 FROM R_PQO WHERE JM116='1' )
12:05:13.000 从数据类型 nvarchar 转换为 numeric 时出错。
12:06:07.000 @QUR001[R_504-201806110001]
12:06:07.000 @QUR002[成品委外]
12:06:07.000 @QUR003[R_195]
12:06:07.000 @QUR004[三层楼板10]
12:06:07.000 @QUR005[车间生产工资]
12:06:07.000 @QUR006[1]
12:06:07.000 @QUR007[]
12:06:07.000 @QUR008[]
12:06:07.000 @QUR009[]
12:06:07.000 @QUR010[0]
12:06:07.000 @QUR011[0]
12:06:07.000 @QUR012[0]
12:06:07.000 @QUR013[0.34]
12:06:07.000 @QUR014[0]
12:06:07.000 @idx[5]
12:06:07.000 @QUR016[0]
12:06:07.000 update R_QUR set QUR001=@QUR001,QUR002=@QUR002,QUR003=@QUR003,QUR004=@QUR004,QUR005=@QUR005,QUR006=@QUR006,QUR007=@QUR007,QUR008=@QUR008,QUR009=@QUR009,QUR010=@QUR010,QUR011=@QUR011,QUR012=@QUR012,QUR013=@QUR013,QUR014=@QUR014,QUR016=@QUR016  where idx=@idx
12:06:08.000 @QUR001[R_504-201806110001]
12:06:08.000 @QUR002[热转印]
12:06:08.000 @QUR003[R_196]
12:06:08.000 @QUR004[三孔连接板]
12:06:08.000 @QUR005[丝印]
12:06:08.000 @QUR006[4]
12:06:08.000 @QUR007[]
12:06:08.000 @QUR008[]
12:06:08.000 @QUR009[]
12:06:08.000 @QUR010[0]
12:06:08.000 @QUR011[0]
12:06:08.000 @QUR012[0]
12:06:08.000 @QUR013[0.041]
12:06:08.000 @QUR014[0]
12:06:08.000 @idx[4]
12:06:08.000 @QUR016[0]
12:06:08.000 update R_QUR set QUR001=@QUR001,QUR002=@QUR002,QUR003=@QUR003,QUR004=@QUR004,QUR005=@QUR005,QUR006=@QUR006,QUR007=@QUR007,QUR008=@QUR008,QUR009=@QUR009,QUR010=@QUR010,QUR011=@QUR011,QUR012=@QUR012,QUR013=@QUR013,QUR014=@QUR014,QUR016=@QUR016  where idx=@idx
12:06:08.000 @QUO001[R_504-201806110001]
12:06:08.000 @QUO002[怡人公司]
12:06:08.000 @QUO003[]
12:06:08.000 @QUO004[拖拉狗]
12:06:08.000 @QUO005[ZE30001A]
12:06:08.000 @QUO006[18060035]
12:06:08.000 @QUO007[3000]
12:06:08.000 @QUO008[2018/6/13 0:00:00]
12:06:08.000 @QUO009[]
12:06:08.000 @QUO010[刘芬芬]
12:06:08.000 update R_QUO set QUO002=@QUO002,QUO003=@QUO003,QUO004=@QUO004,QUO005=@QUO005,QUO006=@QUO006,QUO007=@QUO007,QUO008=@QUO008,QUO009=@QUO009,QUO010=@QUO010  where QUO001=@QUO001
12:06:08.000 @QUR001[R_504-201806110001]
12:06:08.000 @QUR002[木材]
12:06:08.000 @QUR003[R_341]
12:06:08.000 @QUR004[三角贴粒]
12:06:08.000 @QUR005[]
12:06:08.000 @QUR006[4]
12:06:08.000 @QUR007[4.5]
12:06:08.000 @QUR008[2]
12:06:08.000 @QUR009[1.4]
12:06:08.000 @QUR010[20]
12:06:08.000 @QUR011[0]
12:06:08.000 @QUR012[3500]
12:06:08.000 @QUR013[0]
12:06:08.000 @QUR014[0]
12:06:08.000 @idx[8]
12:06:08.000 @QUR016[0]
12:06:08.000 update R_QUR set QUR001=@QUR001,QUR002=@QUR002,QUR003=@QUR003,QUR004=@QUR004,QUR005=@QUR005,QUR006=@QUR006,QUR007=@QUR007,QUR008=@QUR008,QUR009=@QUR009,QUR010=@QUR010,QUR011=@QUR011,QUR012=@QUR012,QUR013=@QUR013,QUR014=@QUR014,QUR016=@QUR016  where idx=@idx
12:06:08.000 @QUR001[R_504-201806110001]
12:06:08.000 @QUR002[密度板]
12:06:08.000 @QUR003[R_338]
12:06:08.000 @QUR004[密度板]
12:06:08.000 @QUR005[]
12:06:08.000 @QUR006[0.91195]
12:06:08.000 @QUR007[244.00]
12:06:08.000 @QUR008[122.00]
12:06:08.000 @QUR009[1.20]
12:06:08.000 @QUR010[20]
12:06:08.000 @QUR011[0]
12:06:08.000 @QUR012[1847.621607]
12:06:08.000 @QUR013[66]
12:06:08.000 @QUR014[0]
12:06:08.000 @idx[7]
12:06:08.000 @QUR016[0]
12:06:08.000 update R_QUR set QUR001=@QUR001,QUR002=@QUR002,QUR003=@QUR003,QUR004=@QUR004,QUR005=@QUR005,QUR006=@QUR006,QUR007=@QUR007,QUR008=@QUR008,QUR009=@QUR009,QUR010=@QUR010,QUR011=@QUR011,QUR012=@QUR012,QUR013=@QUR013,QUR014=@QUR014,QUR016=@QUR016  where idx=@idx
12:06:08.000 @QUR001[R_504-201806110001]
12:06:08.000 @QUR002[车木件]
12:06:08.000 @QUR003[R_342]
12:06:08.000 @QUR004[三角铲手柄]
12:06:08.000 @QUR005[]
12:06:08.000 @QUR006[1]
12:06:08.000 @QUR007[5.5]
12:06:08.000 @QUR008[1.5]
12:06:08.000 @QUR009[1.5]
12:06:08.000 @QUR010[23]
12:06:08.000 @QUR011[0]
12:06:08.000 @QUR012[20202]
12:06:08.000 @QUR013[0.25]
12:06:08.000 @QUR014[0.25]
12:06:08.000 @QUR016[12.375]
12:06:08.000 insert into R_QUR(QUR001,QUR002,QUR003,QUR004,QUR005,QUR006,QUR007,QUR008,QUR009,QUR010,QUR011,QUR012,QUR013,QUR014,QUR016) values (@QUR001,@QUR002,@QUR003,@QUR004,@QUR005,@QUR006,@QUR007,@QUR008,@QUR009,@QUR010,@QUR011,@QUR012,@QUR013,@QUR014,@QUR016)
14:35:23.000 UPDATE R_PQP SET GS73='T' FROM R_PQQ WHERE GS01=CP01 AND GS35=CP09 AND (GS35  LIKE '%丝印%' OR GS35 LIKE '%雕刻%' OR GS35  LIKE '%砂皮%' OR GS35  LIKE '%走台印%' OR GS35  LIKE '%冲印%') 
14:35:23.000 UPDATE R_PQP SET GS73='T' FROM R_PQAH WHERE GS01=AH01 AND GS35=AH18 AND (GS35  LIKE '%丝印%' OR GS35 LIKE '%雕刻%' OR GS35  LIKE '%砂皮%' OR GS35  LIKE '%走台印%' OR GS35  LIKE '%冲印%')
14:35:24.000 UPDATE R_PQP SET GS73='T' FROM R_PQI WHERE GS01=YQ03 AND  GS35 LIKE '%油漆%'  AND YQ139='1'
14:35:24.000 UPDATE R_PQP SET GS73='T' FROM R_PQAF WHERE GS01=AF002 AND GS07=AF015 AND GS02=AF084 AND GS08 ='Φ'+CONVERT(VARCHAR,CONVERT(FLOAT,AF022*10))+'*'+CONVERT(VARCHAR,CONVERT(FLOAT,AF020*10)) 
14:35:24.000 UPDATE R_PQP SET GS73='T' FROM R_PQU WHERE GS01=PQU01 AND GS07=PQU10 AND GS08=PQU12  
14:35:24.000 UPDATE R_PQP SET GS73='T' FROM R_PQS WHERE GS01=PJ01 AND GS56=PJ09 AND GS57=PJ89  
14:35:24.000 UPDATE R_PQP SET GS73='T' FROM R_PQT WHERE GS01=WX01 AND GS56=WX10 AND GS57=WX11 
14:35:25.000 WITH CET AS (select GS70,GS01,GS46,GS49,GS71,GS02,right(GS08,len(GS08) - charindex('*',GS08) ) a from R_PQP  WHERE GS70='R_338' AND GS73='F' ),CFT AS (SELECT GS70,GS01,GS46,GS49,GS71,GS02,right(a,LEN(a)-charindex('*',a)) GS08 FROM CET  ),CHT AS( SELECT DISTINCT GS70,GS01,GS46,GS49,GS71,GS02,CONVERT(FLOAT,CONVERT(DECIMAL(11,2),GS08)*1.0/10) GS08 FROM CFT  )SELECT GS70,GS01,GS46,GS49,GS71,GS02,CONVERT(VARCHAR,GS08) GS08,'' GS07,PQF13,PQF31 FROM CHT A INNER JOIN R_PQF B ON A.GS01=B.PQF01  WHERE (SELECT COUNT(1) FROM R_PQO WHERE GS01=JM90 AND GS02=JM09 AND CONVERT(VARCHAR,GS08)=CONVERT(VARCHAR,CONVERT(FLOAT,CONVERT(DECIMAL(11,4),JM96))))=0 and GS01 not in (SELECT JM90 FROM R_PQO WHERE JM116='1' )
14:35:25.000 从数据类型 nvarchar 转换为 numeric 时出错。
14:44:30.000 UPDATE R_PQP SET GS73='T' FROM R_PQQ WHERE GS01=CP01 AND GS35=CP09 AND (GS35  LIKE '%丝印%' OR GS35 LIKE '%雕刻%' OR GS35  LIKE '%砂皮%' OR GS35  LIKE '%走台印%' OR GS35  LIKE '%冲印%') 
14:44:30.000 UPDATE R_PQP SET GS73='T' FROM R_PQAH WHERE GS01=AH01 AND GS35=AH18 AND (GS35  LIKE '%丝印%' OR GS35 LIKE '%雕刻%' OR GS35  LIKE '%砂皮%' OR GS35  LIKE '%走台印%' OR GS35  LIKE '%冲印%')
14:44:31.000 UPDATE R_PQP SET GS73='T' FROM R_PQI WHERE GS01=YQ03 AND  GS35 LIKE '%油漆%'  AND YQ139='1'
14:44:31.000 UPDATE R_PQP SET GS73='T' FROM R_PQAF WHERE GS01=AF002 AND GS07=AF015 AND GS02=AF084 AND GS08 ='Φ'+CONVERT(VARCHAR,CONVERT(FLOAT,AF022*10))+'*'+CONVERT(VARCHAR,CONVERT(FLOAT,AF020*10)) 
14:44:31.000 UPDATE R_PQP SET GS73='T' FROM R_PQU WHERE GS01=PQU01 AND GS07=PQU10 AND GS08=PQU12  
14:44:31.000 UPDATE R_PQP SET GS73='T' FROM R_PQS WHERE GS01=PJ01 AND GS56=PJ09 AND GS57=PJ89  
14:44:31.000 UPDATE R_PQP SET GS73='T' FROM R_PQT WHERE GS01=WX01 AND GS56=WX10 AND GS57=WX11 
14:44:32.000 WITH CET AS (select GS70,GS01,GS46,GS49,GS71,GS02,right(GS08,len(GS08) - charindex('*',GS08) ) a from R_PQP  WHERE GS70='R_338' AND GS73='F' ),CFT AS (SELECT GS70,GS01,GS46,GS49,GS71,GS02,right(a,LEN(a)-charindex('*',a)) GS08 FROM CET  ),CHT AS( SELECT DISTINCT GS70,GS01,GS46,GS49,GS71,GS02,CONVERT(FLOAT,CONVERT(DECIMAL(11,2),GS08)*1.0/10) GS08 FROM CFT  )SELECT GS70,GS01,GS46,GS49,GS71,GS02,CONVERT(VARCHAR,GS08) GS08,'' GS07,PQF13,PQF31 FROM CHT A INNER JOIN R_PQF B ON A.GS01=B.PQF01  WHERE (SELECT COUNT(1) FROM R_PQO WHERE GS01=JM90 AND GS02=JM09 AND CONVERT(VARCHAR,GS08)=CONVERT(VARCHAR,CONVERT(FLOAT,CONVERT(DECIMAL(11,4),JM96))))=0 and GS01 not in (SELECT JM90 FROM R_PQO WHERE JM116='1' )
14:44:32.000 从数据类型 nvarchar 转换为 numeric 时出错。
14:46:05.000 UPDATE R_PQP SET GS73='T' FROM R_PQQ WHERE GS01=CP01 AND GS35=CP09 AND (GS35  LIKE '%丝印%' OR GS35 LIKE '%雕刻%' OR GS35  LIKE '%砂皮%' OR GS35  LIKE '%走台印%' OR GS35  LIKE '%冲印%') 
14:46:05.000 UPDATE R_PQP SET GS73='T' FROM R_PQAH WHERE GS01=AH01 AND GS35=AH18 AND (GS35  LIKE '%丝印%' OR GS35 LIKE '%雕刻%' OR GS35  LIKE '%砂皮%' OR GS35  LIKE '%走台印%' OR GS35  LIKE '%冲印%')
14:46:05.000 UPDATE R_PQP SET GS73='T' FROM R_PQI WHERE GS01=YQ03 AND  GS35 LIKE '%油漆%'  AND YQ139='1'
14:46:05.000 UPDATE R_PQP SET GS73='T' FROM R_PQAF WHERE GS01=AF002 AND GS07=AF015 AND GS02=AF084 AND GS08 ='Φ'+CONVERT(VARCHAR,CONVERT(FLOAT,AF022*10))+'*'+CONVERT(VARCHAR,CONVERT(FLOAT,AF020*10)) 
14:46:05.000 UPDATE R_PQP SET GS73='T' FROM R_PQU WHERE GS01=PQU01 AND GS07=PQU10 AND GS08=PQU12  
14:46:05.000 UPDATE R_PQP SET GS73='T' FROM R_PQS WHERE GS01=PJ01 AND GS56=PJ09 AND GS57=PJ89  
14:46:06.000 UPDATE R_PQP SET GS73='T' FROM R_PQT WHERE GS01=WX01 AND GS56=WX10 AND GS57=WX11 
14:46:06.000 WITH CET AS (select GS70,GS01,GS46,GS49,GS71,GS02,right(GS08,len(GS08) - charindex('*',GS08) ) a from R_PQP  WHERE GS70='R_338' AND GS73='F' ),CFT AS (SELECT GS70,GS01,GS46,GS49,GS71,GS02,right(a,LEN(a)-charindex('*',a)) GS08 FROM CET  ),CHT AS( SELECT DISTINCT GS70,GS01,GS46,GS49,GS71,GS02,CONVERT(FLOAT,CONVERT(DECIMAL(11,2),GS08)*1.0/10) GS08 FROM CFT  )SELECT GS70,GS01,GS46,GS49,GS71,GS02,CONVERT(VARCHAR,GS08) GS08,'' GS07,PQF13,PQF31 FROM CHT A INNER JOIN R_PQF B ON A.GS01=B.PQF01  WHERE (SELECT COUNT(1) FROM R_PQO WHERE GS01=JM90 AND GS02=JM09 AND CONVERT(VARCHAR,GS08)=CONVERT(VARCHAR,CONVERT(FLOAT,CONVERT(DECIMAL(11,4),JM96))))=0 and GS01 not in (SELECT JM90 FROM R_PQO WHERE JM116='1' )
14:46:06.000 从数据类型 nvarchar 转换为 numeric 时出错。
15:52:07.000 UPDATE R_PQP SET GS73='T' FROM R_PQQ WHERE GS01=CP01 AND GS35=CP09 AND (GS35  LIKE '%丝印%' OR GS35 LIKE '%雕刻%' OR GS35  LIKE '%砂皮%' OR GS35  LIKE '%走台印%' OR GS35  LIKE '%冲印%') 
15:52:08.000 UPDATE R_PQP SET GS73='T' FROM R_PQAH WHERE GS01=AH01 AND GS35=AH18 AND (GS35  LIKE '%丝印%' OR GS35 LIKE '%雕刻%' OR GS35  LIKE '%砂皮%' OR GS35  LIKE '%走台印%' OR GS35  LIKE '%冲印%')
15:52:08.000 UPDATE R_PQP SET GS73='T' FROM R_PQI WHERE GS01=YQ03 AND  GS35 LIKE '%油漆%'  AND YQ139='1'
15:52:08.000 UPDATE R_PQP SET GS73='T' FROM R_PQAF WHERE GS01=AF002 AND GS07=AF015 AND GS02=AF084 AND GS08 ='Φ'+CONVERT(VARCHAR,CONVERT(FLOAT,AF022*10))+'*'+CONVERT(VARCHAR,CONVERT(FLOAT,AF020*10)) 
15:52:08.000 UPDATE R_PQP SET GS73='T' FROM R_PQU WHERE GS01=PQU01 AND GS07=PQU10 AND GS08=PQU12  
15:52:09.000 UPDATE R_PQP SET GS73='T' FROM R_PQS WHERE GS01=PJ01 AND GS56=PJ09 AND GS57=PJ89  
15:52:09.000 UPDATE R_PQP SET GS73='T' FROM R_PQT WHERE GS01=WX01 AND GS56=WX10 AND GS57=WX11 
15:52:09.000 WITH CET AS (select GS70,GS01,GS46,GS49,GS71,GS02,right(GS08,len(GS08) - charindex('*',GS08) ) a from R_PQP  WHERE GS70='R_338' AND GS73='F' ),CFT AS (SELECT GS70,GS01,GS46,GS49,GS71,GS02,right(a,LEN(a)-charindex('*',a)) GS08 FROM CET  ),CHT AS( SELECT DISTINCT GS70,GS01,GS46,GS49,GS71,GS02,CONVERT(FLOAT,CONVERT(DECIMAL(11,2),GS08)*1.0/10) GS08 FROM CFT  )SELECT GS70,GS01,GS46,GS49,GS71,GS02,CONVERT(VARCHAR,GS08) GS08,'' GS07,PQF13,PQF31 FROM CHT A INNER JOIN R_PQF B ON A.GS01=B.PQF01  WHERE (SELECT COUNT(1) FROM R_PQO WHERE GS01=JM90 AND GS02=JM09 AND CONVERT(VARCHAR,GS08)=CONVERT(VARCHAR,CONVERT(FLOAT,CONVERT(DECIMAL(11,4),JM96))))=0 and GS01 not in (SELECT JM90 FROM R_PQO WHERE JM116='1' )
15:52:09.000 从数据类型 nvarchar 转换为 numeric 时出错。
15:53:29.000 UPDATE R_PQP SET GS73='T' FROM R_PQQ WHERE GS01=CP01 AND GS35=CP09 AND (GS35  LIKE '%丝印%' OR GS35 LIKE '%雕刻%' OR GS35  LIKE '%砂皮%' OR GS35  LIKE '%走台印%' OR GS35  LIKE '%冲印%') 
15:53:29.000 UPDATE R_PQP SET GS73='T' FROM R_PQAH WHERE GS01=AH01 AND GS35=AH18 AND (GS35  LIKE '%丝印%' OR GS35 LIKE '%雕刻%' OR GS35  LIKE '%砂皮%' OR GS35  LIKE '%走台印%' OR GS35  LIKE '%冲印%')
15:53:29.000 UPDATE R_PQP SET GS73='T' FROM R_PQI WHERE GS01=YQ03 AND  GS35 LIKE '%油漆%'  AND YQ139='1'
15:53:29.000 UPDATE R_PQP SET GS73='T' FROM R_PQAF WHERE GS01=AF002 AND GS07=AF015 AND GS02=AF084 AND GS08 ='Φ'+CONVERT(VARCHAR,CONVERT(FLOAT,AF022*10))+'*'+CONVERT(VARCHAR,CONVERT(FLOAT,AF020*10)) 
15:53:30.000 UPDATE R_PQP SET GS73='T' FROM R_PQU WHERE GS01=PQU01 AND GS07=PQU10 AND GS08=PQU12  
15:53:30.000 UPDATE R_PQP SET GS73='T' FROM R_PQS WHERE GS01=PJ01 AND GS56=PJ09 AND GS57=PJ89  
15:53:30.000 UPDATE R_PQP SET GS73='T' FROM R_PQT WHERE GS01=WX01 AND GS56=WX10 AND GS57=WX11 
15:53:31.000 WITH CET AS (select GS70,GS01,GS46,GS49,GS71,GS02,right(GS08,len(GS08) - charindex('*',GS08) ) a from R_PQP  WHERE GS70='R_338' AND GS73='F' ),CFT AS (SELECT GS70,GS01,GS46,GS49,GS71,GS02,right(a,LEN(a)-charindex('*',a)) GS08 FROM CET  ),CHT AS( SELECT DISTINCT GS70,GS01,GS46,GS49,GS71,GS02,CONVERT(FLOAT,CONVERT(DECIMAL(11,2),GS08)*1.0/10) GS08 FROM CFT  )SELECT GS70,GS01,GS46,GS49,GS71,GS02,CONVERT(VARCHAR,GS08) GS08,'' GS07,PQF13,PQF31 FROM CHT A INNER JOIN R_PQF B ON A.GS01=B.PQF01  WHERE (SELECT COUNT(1) FROM R_PQO WHERE GS01=JM90 AND GS02=JM09 AND CONVERT(VARCHAR,GS08)=CONVERT(VARCHAR,CONVERT(FLOAT,CONVERT(DECIMAL(11,4),JM96))))=0 and GS01 not in (SELECT JM90 FROM R_PQO WHERE JM116='1' )
15:53:31.000 从数据类型 nvarchar 转换为 numeric 时出错。
15:54:34.000 @QUO001[R_504-201806110001]
15:54:34.000 @QUO002[怡人公司]
15:54:34.000 @QUO003[]
15:54:34.000 @QUO004[拖拉狗]
15:54:34.000 @QUO005[ZE30001A]
15:54:34.000 @QUO006[18060035]
15:54:34.000 @QUO007[3000]
15:54:34.000 @QUO008[2018/6/13 0:00:00]
15:54:34.000 @QUO009[]
15:54:34.000 @QUO010[刘芬芬]
15:54:34.000 update R_QUO set QUO002=@QUO002,QUO003=@QUO003,QUO004=@QUO004,QUO005=@QUO005,QUO006=@QUO006,QUO007=@QUO007,QUO008=@QUO008,QUO009=@QUO009,QUO010=@QUO010  where QUO001=@QUO001
15:54:34.000 @QUR001[R_504-201806110001]
15:54:34.000 @QUR002[热转印]
15:54:34.000 @QUR003[R_196]
15:54:34.000 @QUR004[三孔连接板]
15:54:34.000 @QUR005[丝印]
15:54:34.000 @QUR006[4]
15:54:34.000 @QUR007[]
15:54:34.000 @QUR008[]
15:54:34.000 @QUR009[]
15:54:34.000 @QUR010[0]
15:54:34.000 @QUR011[0]
15:54:34.000 @QUR012[0]
15:54:34.000 @QUR013[0.041]
15:54:34.000 @QUR014[0]
15:54:34.000 @idx[4]
15:54:34.000 @QUR016[0.000000]
15:54:34.000 update R_QUR set QUR001=@QUR001,QUR002=@QUR002,QUR003=@QUR003,QUR004=@QUR004,QUR005=@QUR005,QUR006=@QUR006,QUR007=@QUR007,QUR008=@QUR008,QUR009=@QUR009,QUR010=@QUR010,QUR011=@QUR011,QUR012=@QUR012,QUR013=@QUR013,QUR014=@QUR014,QUR016=@QUR016  where idx=@idx
15:54:34.000 @QUR001[R_504-201806110001]
15:54:34.000 @QUR002[密度板]
15:54:34.000 @QUR003[R_338]
15:54:34.000 @QUR004[密度板]
15:54:34.000 @QUR005[]
15:54:34.000 @QUR006[0.91195]
15:54:34.000 @QUR007[244.00]
15:54:34.000 @QUR008[122.00]
15:54:34.000 @QUR009[1.20]
15:54:34.000 @QUR010[20]
15:54:34.000 @QUR011[0]
15:54:34.000 @QUR012[1847.621607]
15:54:34.000 @QUR013[66]
15:54:34.000 @QUR014[0]
15:54:34.000 @idx[7]
15:54:34.000 @QUR016[0.000000]
15:54:34.000 update R_QUR set QUR001=@QUR001,QUR002=@QUR002,QUR003=@QUR003,QUR004=@QUR004,QUR005=@QUR005,QUR006=@QUR006,QUR007=@QUR007,QUR008=@QUR008,QUR009=@QUR009,QUR010=@QUR010,QUR011=@QUR011,QUR012=@QUR012,QUR013=@QUR013,QUR014=@QUR014,QUR016=@QUR016  where idx=@idx
15:54:34.000 @QUR001[R_504-201806110001]
15:54:34.000 @QUR002[塑料件]
15:54:34.000 @QUR003[R_347]
15:54:34.000 @QUR004[20股红色弹力绳]
15:54:34.000 @QUR005[]
15:54:34.000 @QUR006[0.3]
15:54:34.000 @QUR007[]
15:54:34.000 @QUR008[]
15:54:34.000 @QUR009[]
15:54:34.000 @QUR010[30]
15:54:34.000 @QUR011[0]
15:54:34.000 @QUR012[0]
15:54:34.000 @QUR013[0.38]
15:54:34.000 @QUR014[0]
15:54:34.000 @QUR016[0]
15:54:34.000 insert into R_QUR(QUR001,QUR002,QUR003,QUR004,QUR005,QUR006,QUR007,QUR008,QUR009,QUR010,QUR011,QUR012,QUR013,QUR014,QUR016) values (@QUR001,@QUR002,@QUR003,@QUR004,@QUR005,@QUR006,@QUR007,@QUR008,@QUR009,@QUR010,@QUR011,@QUR012,@QUR013,@QUR014,@QUR016)
15:54:34.000 @QUR001[R_504-201806110001]
15:54:34.000 @QUR002[车木件]
15:54:34.000 @QUR003[R_342]
15:54:34.000 @QUR004[三角铲手柄]
15:54:34.000 @QUR005[]
15:54:34.000 @QUR006[1]
15:54:34.000 @QUR007[5.5]
15:54:34.000 @QUR008[1.5]
15:54:34.000 @QUR009[1.5]
15:54:34.000 @QUR010[23]
15:54:34.000 @QUR011[0]
15:54:34.000 @QUR012[20202]
15:54:34.000 @QUR013[0.25]
15:54:34.000 @QUR014[0.25]
15:54:34.000 @idx[9]
15:54:34.000 @QUR016[12.375000]
15:54:34.000 update R_QUR set QUR001=@QUR001,QUR002=@QUR002,QUR003=@QUR003,QUR004=@QUR004,QUR005=@QUR005,QUR006=@QUR006,QUR007=@QUR007,QUR008=@QUR008,QUR009=@QUR009,QUR010=@QUR010,QUR011=@QUR011,QUR012=@QUR012,QUR013=@QUR013,QUR014=@QUR014,QUR016=@QUR016  where idx=@idx
15:54:34.000 @QUR001[R_504-201806110001]
15:54:34.000 @QUR002[成品委外]
15:54:34.000 @QUR003[R_195]
15:54:34.000 @QUR004[三层楼板10]
15:54:34.000 @QUR005[车间生产工资]
15:54:34.000 @QUR006[1]
15:54:34.000 @QUR007[]
15:54:34.000 @QUR008[]
15:54:34.000 @QUR009[]
15:54:34.000 @QUR010[0]
15:54:34.000 @QUR011[0]
15:54:34.000 @QUR012[0]
15:54:34.000 @QUR013[0.34]
15:54:34.000 @QUR014[0]
15:54:34.000 @idx[5]
15:54:34.000 @QUR016[0.000000]
15:54:34.000 update R_QUR set QUR001=@QUR001,QUR002=@QUR002,QUR003=@QUR003,QUR004=@QUR004,QUR005=@QUR005,QUR006=@QUR006,QUR007=@QUR007,QUR008=@QUR008,QUR009=@QUR009,QUR010=@QUR010,QUR011=@QUR011,QUR012=@QUR012,QUR013=@QUR013,QUR014=@QUR014,QUR016=@QUR016  where idx=@idx
15:54:34.000 @QUR001[R_504-201806110001]
15:54:34.000 @QUR002[木材]
15:54:34.000 @QUR003[R_341]
15:54:34.000 @QUR004[三角贴粒]
15:54:34.000 @QUR005[]
15:54:34.000 @QUR006[4]
15:54:34.000 @QUR007[4.5]
15:54:34.000 @QUR008[2]
15:54:34.000 @QUR009[1.4]
15:54:34.000 @QUR010[20]
15:54:34.000 @QUR011[0]
15:54:34.000 @QUR012[3500]
15:54:34.000 @QUR013[0]
15:54:34.000 @QUR014[0]
15:54:34.000 @idx[8]
15:54:34.000 @QUR016[0.000000]
15:54:34.000 update R_QUR set QUR001=@QUR001,QUR002=@QUR002,QUR003=@QUR003,QUR004=@QUR004,QUR005=@QUR005,QUR006=@QUR006,QUR007=@QUR007,QUR008=@QUR008,QUR009=@QUR009,QUR010=@QUR010,QUR011=@QUR011,QUR012=@QUR012,QUR013=@QUR013,QUR014=@QUR014,QUR016=@QUR016  where idx=@idx
