10:53:53.000  异常信息：由于连接方在一段时间后没有正确答复或连接的主机没有反应，连接尝试失败。 192.168.0.222:80
  堆栈信息:   在 AutoUpdate.AppUpdate.DownloadFile(String url, String localFilePath) 位置 D:\ProjectData\MLL\Mulaolao\Mulaolao\Class\AppUpdate.cs:行号 242
   在 AutoUpdate.AppUpdate.CheckAppVersion(String& msg) 位置 D:\ProjectData\MLL\Mulaolao\Mulaolao\Class\AppUpdate.cs:行号 310
10:54:01.000 UPDATE R_PQP SET GS73='T' FROM R_PQQ WHERE GS01=CP01 AND GS35=CP09 AND (GS35  LIKE '%丝印%' OR GS35 LIKE '%雕刻%' OR GS35  LIKE '%砂皮%' OR GS35  LIKE '%走台印%' OR GS35  LIKE '%冲印%') 
10:54:01.000 UPDATE R_PQP SET GS73='T' FROM R_PQAH WHERE GS01=AH01 AND GS35=AH18 AND (GS35  LIKE '%丝印%' OR GS35 LIKE '%雕刻%' OR GS35  LIKE '%砂皮%' OR GS35  LIKE '%走台印%' OR GS35  LIKE '%冲印%')
10:54:01.000 UPDATE R_PQP SET GS73='T' FROM R_PQI WHERE GS01=YQ03 AND  GS35 LIKE '%油漆%'  AND YQ139='1'
10:54:01.000 UPDATE R_PQP SET GS73='T' FROM R_PQAF WHERE GS01=AF002 AND GS07=AF015 AND GS02=AF084 AND GS08 ='Φ'+CONVERT(VARCHAR,CONVERT(FLOAT,AF022*10))+'*'+CONVERT(VARCHAR,CONVERT(FLOAT,AF020*10)) 
10:54:02.000 UPDATE R_PQP SET GS73='T' FROM R_PQU WHERE GS01=PQU01 AND GS07=PQU10 AND GS08=PQU12  
10:54:02.000 UPDATE R_PQP SET GS73='T' FROM R_PQS WHERE GS01=PJ01 AND GS56=PJ09 AND GS57=PJ89  
10:54:03.000 UPDATE R_PQP SET GS73='T' FROM R_PQT WHERE GS01=WX01 AND GS56=WX10 AND GS57=WX11 
10:54:03.000 WITH CET AS (select GS70,GS01,GS46,GS49,GS71,GS02,right(GS08,len(GS08) - charindex('*',GS08) ) a from R_PQP  WHERE GS70='R_338' AND GS73='F' ),CFT AS (SELECT GS70,GS01,GS46,GS49,GS71,GS02,right(a,LEN(a)-charindex('*',a)) GS08 FROM CET  ),CHT AS( SELECT DISTINCT GS70,GS01,GS46,GS49,GS71,GS02,CONVERT(FLOAT,CONVERT(DECIMAL(11,2),GS08)*1.0/10) GS08 FROM CFT  )SELECT GS70,GS01,GS46,GS49,GS71,GS02,CONVERT(VARCHAR,GS08) GS08,'' GS07,PQF13,PQF31 FROM CHT A INNER JOIN R_PQF B ON A.GS01=B.PQF01  WHERE (SELECT COUNT(1) FROM R_PQO WHERE GS01=JM90 AND GS02=JM09 AND CONVERT(VARCHAR,GS08)=CONVERT(VARCHAR,CONVERT(FLOAT,CONVERT(DECIMAL(11,4),JM96))))=0 and GS01 not in (SELECT JM90 FROM R_PQO WHERE JM116='1' )
10:54:03.000 从数据类型 nvarchar 转换为 numeric 时出错。
11:51:34.000  异常信息：由于连接方在一段时间后没有正确答复或连接的主机没有反应，连接尝试失败。 192.168.0.222:80
  堆栈信息:   在 AutoUpdate.AppUpdate.DownloadFile(String url, String localFilePath) 位置 D:\ProjectData\MLL\Mulaolao\Mulaolao\Class\AppUpdate.cs:行号 242
   在 AutoUpdate.AppUpdate.CheckAppVersion(String& msg) 位置 D:\ProjectData\MLL\Mulaolao\Mulaolao\Class\AppUpdate.cs:行号 310
11:51:41.000 UPDATE R_PQP SET GS73='T' FROM R_PQQ WHERE GS01=CP01 AND GS35=CP09 AND (GS35  LIKE '%丝印%' OR GS35 LIKE '%雕刻%' OR GS35  LIKE '%砂皮%' OR GS35  LIKE '%走台印%' OR GS35  LIKE '%冲印%') 
11:51:41.000 UPDATE R_PQP SET GS73='T' FROM R_PQAH WHERE GS01=AH01 AND GS35=AH18 AND (GS35  LIKE '%丝印%' OR GS35 LIKE '%雕刻%' OR GS35  LIKE '%砂皮%' OR GS35  LIKE '%走台印%' OR GS35  LIKE '%冲印%')
11:51:41.000 UPDATE R_PQP SET GS73='T' FROM R_PQI WHERE GS01=YQ03 AND  GS35 LIKE '%油漆%'  AND YQ139='1'
11:51:42.000 UPDATE R_PQP SET GS73='T' FROM R_PQAF WHERE GS01=AF002 AND GS07=AF015 AND GS02=AF084 AND GS08 ='Φ'+CONVERT(VARCHAR,CONVERT(FLOAT,AF022*10))+'*'+CONVERT(VARCHAR,CONVERT(FLOAT,AF020*10)) 
11:51:43.000 UPDATE R_PQP SET GS73='T' FROM R_PQU WHERE GS01=PQU01 AND GS07=PQU10 AND GS08=PQU12  
11:51:43.000 UPDATE R_PQP SET GS73='T' FROM R_PQS WHERE GS01=PJ01 AND GS56=PJ09 AND GS57=PJ89  
11:51:44.000 UPDATE R_PQP SET GS73='T' FROM R_PQT WHERE GS01=WX01 AND GS56=WX10 AND GS57=WX11 
11:51:44.000 WITH CET AS (select GS70,GS01,GS46,GS49,GS71,GS02,right(GS08,len(GS08) - charindex('*',GS08) ) a from R_PQP  WHERE GS70='R_338' AND GS73='F' ),CFT AS (SELECT GS70,GS01,GS46,GS49,GS71,GS02,right(a,LEN(a)-charindex('*',a)) GS08 FROM CET  ),CHT AS( SELECT DISTINCT GS70,GS01,GS46,GS49,GS71,GS02,CONVERT(FLOAT,CONVERT(DECIMAL(11,2),GS08)*1.0/10) GS08 FROM CFT  )SELECT GS70,GS01,GS46,GS49,GS71,GS02,CONVERT(VARCHAR,GS08) GS08,'' GS07,PQF13,PQF31 FROM CHT A INNER JOIN R_PQF B ON A.GS01=B.PQF01  WHERE (SELECT COUNT(1) FROM R_PQO WHERE GS01=JM90 AND GS02=JM09 AND CONVERT(VARCHAR,GS08)=CONVERT(VARCHAR,CONVERT(FLOAT,CONVERT(DECIMAL(11,4),JM96))))=0 and GS01 not in (SELECT JM90 FROM R_PQO WHERE JM116='1' )
11:51:44.000 从数据类型 nvarchar 转换为 numeric 时出错。
11:52:11.000 UPDATE R_REVIEWS SET RES08='2018/9/21 11:52:11' WHERE RES06=''
11:52:11.000 UPDATE R_PQO SET JM114='2018/9/21 11:52:11' WHERE JM01=''
11:52:11.000 SELECT JM09,JM92,JM93,JM94,JM95,JM96,CONVERT( DECIMAL( 11, 5 ), JM94 * JM95 * JM96 * 0.000001 ) U0,CASE WHEN JM10 = 0 THEN 0 WHEN JM10 != 0 THEN CONVERT( BIGINT, round(JM103/JM10,0) )+ISNULL(JM118,0) END U1,JM10,CONVERT(DECIMAL(6,2),JM11) JM11, JM13,CONVERT(BIGINT,round(JM12,0)) JM12,CASE WHEN JM94 = 0 OR JM95 = 0 OR JM96 = 0 THEN 0 WHEN JM94 != 0 AND JM95 != 0 AND JM96 != 0 THEN CONVERT( BIGINT, round(JM11 / JM94 / JM95 / JM96 / 0.000001,0) ) END U2,CASE WHEN JM10 = 0 THEN 0 WHEN JM10 != 0 THEN CONVERT( DECIMAL( 11, 5 ), JM94 * JM95 * JM96 * 0.000001 * JM103 / JM10 ) END U3,CASE WHEN JM10=0 THEN JM118*JM11 ELSE CONVERT(decimal(11,0),JM103/JM10+isnull(JM118,0))*JM11 END U4,CASE WHEN JM10=0 THEN JM118*JM11 ELSE CONVERT(decimal(11,0),JM103/JM10+isnull(JM118,0))*JM11 END U5,CASE WHEN JM10 = 0 THEN 0 WHEN JM10 != 0 THEN CONVERT( DECIMAL( 11, 2 ), JM12 * JM94 * JM95 * JM96 * 0.000001 / JM10 ) END U6,CASE WHEN JM10 = 0 THEN 0 WHEN JM10 != 0 THEN CONVERT( DECIMAL( 11, 2 ), JM11 / JM10 ) END U7,JM14, CONVERT( VARCHAR( 20 ), JM16, 102 ) JM16, CONVERT( VARCHAR( 20 ), JM17, 102 ) JM17,JM103 FROM R_PQO WHERE JM01 =@JM01
11:52:11.000 参数化查询 '(@JM01 nvarchar(4000))SELECT JM09,JM92,JM93,JM94,JM95,JM96,CONVE' 需要参数 '@JM01'，但未提供该参数。
11:52:11.000 SELECT DBA002 U0,DBA028,DGA003 U1,DGA008 U2,DGA011,DGA017,DGA009 U3,DGA012,JM04,CONVERT(VARCHAR(20),JM05,102) JM05,JM06,CONVERT(VARCHAR(20),JM07,102) JM07,JM08,JM100,JM101,JM102,JM90,JM19,JM20,JM21,JM22,JM23,JM24,JM25,JM26,JM27,CONVERT(VARCHAR(20),JM28,102) JM28,CONVERT(VARCHAR(30),JM30,102) JM30,JM29,JM33,JM31,CONVERT(VARCHAR(20),JM32,102) JM32,JM39,JM40,JM41,JM42,JM43,JM44,JM45,JM46,JM47,JM48,JM49,JM34,JM35,JM36,JM37,JM38,JM50,CONVERT(NVARCHAR(20),JM51,102) JM51,JM56,JM57,JM58,JM59,JM60,JM61,JM62,JM63,JM64,JM65,JM66,JM67,JM71,JM72,JM68,JM69,JM70,JM52,CONVERT(VARCHAR(20),JM53,102) JM53,JM73,JM74,JM75,JM76,JM77,JM78,JM79,JM80,JM81,JM82,JM83,CONVERT(VARCHAR(20),JM84,102) JM84,JM85,CONVERT(VARCHAR(20),JM86,102) JM86,JM87,CONVERT(VARCHAR(20),JM88,102) JM88,CONVERT(VARCHAR(20),JM89,102) JM89,JM54,JM55,JM108,JM01,CASE WHEN JM90='' THEN 'F' WHEN JM90!='' THEN CASE WHEN JM14='库存' THEN 'T' ELSE '1' END END JM,ISNULL(JM107,'F') JM107 FROM R_PQO A ,TPADBA B,TPADGA C WHERE A.JM02=B.DBA001 AND A.JM03=C.DGA001 AND JM01=@JM01
11:52:11.000 参数化查询 '(@JM01 nvarchar(4000))SELECT DBA002 U0,DBA028,DGA003 U1,DGA008 U' 需要参数 '@JM01'，但未提供该参数。
11:53:05.000  异常信息：由于连接方在一段时间后没有正确答复或连接的主机没有反应，连接尝试失败。 192.168.0.222:80
  堆栈信息:   在 AutoUpdate.AppUpdate.DownloadFile(String url, String localFilePath) 位置 D:\ProjectData\MLL\Mulaolao\Mulaolao\Class\AppUpdate.cs:行号 242
   在 AutoUpdate.AppUpdate.CheckAppVersion(String& msg) 位置 D:\ProjectData\MLL\Mulaolao\Mulaolao\Class\AppUpdate.cs:行号 310
11:53:14.000 UPDATE R_PQP SET GS73='T' FROM R_PQQ WHERE GS01=CP01 AND GS35=CP09 AND (GS35  LIKE '%丝印%' OR GS35 LIKE '%雕刻%' OR GS35  LIKE '%砂皮%' OR GS35  LIKE '%走台印%' OR GS35  LIKE '%冲印%') 
11:53:14.000 UPDATE R_PQP SET GS73='T' FROM R_PQAH WHERE GS01=AH01 AND GS35=AH18 AND (GS35  LIKE '%丝印%' OR GS35 LIKE '%雕刻%' OR GS35  LIKE '%砂皮%' OR GS35  LIKE '%走台印%' OR GS35  LIKE '%冲印%')
11:53:14.000 UPDATE R_PQP SET GS73='T' FROM R_PQI WHERE GS01=YQ03 AND  GS35 LIKE '%油漆%'  AND YQ139='1'
11:53:14.000 UPDATE R_PQP SET GS73='T' FROM R_PQAF WHERE GS01=AF002 AND GS07=AF015 AND GS02=AF084 AND GS08 ='Φ'+CONVERT(VARCHAR,CONVERT(FLOAT,AF022*10))+'*'+CONVERT(VARCHAR,CONVERT(FLOAT,AF020*10)) 
11:53:14.000 UPDATE R_PQP SET GS73='T' FROM R_PQU WHERE GS01=PQU01 AND GS07=PQU10 AND GS08=PQU12  
11:53:14.000 UPDATE R_PQP SET GS73='T' FROM R_PQS WHERE GS01=PJ01 AND GS56=PJ09 AND GS57=PJ89  
11:53:15.000 UPDATE R_PQP SET GS73='T' FROM R_PQT WHERE GS01=WX01 AND GS56=WX10 AND GS57=WX11 
11:53:15.000 WITH CET AS (select GS70,GS01,GS46,GS49,GS71,GS02,right(GS08,len(GS08) - charindex('*',GS08) ) a from R_PQP  WHERE GS70='R_338' AND GS73='F' ),CFT AS (SELECT GS70,GS01,GS46,GS49,GS71,GS02,right(a,LEN(a)-charindex('*',a)) GS08 FROM CET  ),CHT AS( SELECT DISTINCT GS70,GS01,GS46,GS49,GS71,GS02,CONVERT(FLOAT,CONVERT(DECIMAL(11,2),GS08)*1.0/10) GS08 FROM CFT  )SELECT GS70,GS01,GS46,GS49,GS71,GS02,CONVERT(VARCHAR,GS08) GS08,'' GS07,PQF13,PQF31 FROM CHT A INNER JOIN R_PQF B ON A.GS01=B.PQF01  WHERE (SELECT COUNT(1) FROM R_PQO WHERE GS01=JM90 AND GS02=JM09 AND CONVERT(VARCHAR,GS08)=CONVERT(VARCHAR,CONVERT(FLOAT,CONVERT(DECIMAL(11,4),JM96))))=0 and GS01 not in (SELECT JM90 FROM R_PQO WHERE JM116='1' )
11:53:15.000 从数据类型 nvarchar 转换为 numeric 时出错。
11:53:44.000 UPDATE R_PQO SET JM114='2018/9/21 11:53:44' WHERE JM01='R_338-20180919002'
11:54:04.000 UPDATE R_PQO SET JM114='2018/9/21 11:54:04' WHERE JM01='R_338-20180919002'
11:56:32.000  异常信息：由于连接方在一段时间后没有正确答复或连接的主机没有反应，连接尝试失败。 192.168.0.222:80
  堆栈信息:   在 AutoUpdate.AppUpdate.DownloadFile(String url, String localFilePath) 位置 D:\ProjectData\MLL\Mulaolao\Mulaolao\Class\AppUpdate.cs:行号 242
   在 AutoUpdate.AppUpdate.CheckAppVersion(String& msg) 位置 D:\ProjectData\MLL\Mulaolao\Mulaolao\Class\AppUpdate.cs:行号 310
11:56:43.000 UPDATE R_PQP SET GS73='T' FROM R_PQQ WHERE GS01=CP01 AND GS35=CP09 AND (GS35  LIKE '%丝印%' OR GS35 LIKE '%雕刻%' OR GS35  LIKE '%砂皮%' OR GS35  LIKE '%走台印%' OR GS35  LIKE '%冲印%') 
11:56:44.000 UPDATE R_PQP SET GS73='T' FROM R_PQAH WHERE GS01=AH01 AND GS35=AH18 AND (GS35  LIKE '%丝印%' OR GS35 LIKE '%雕刻%' OR GS35  LIKE '%砂皮%' OR GS35  LIKE '%走台印%' OR GS35  LIKE '%冲印%')
11:56:44.000 UPDATE R_PQP SET GS73='T' FROM R_PQI WHERE GS01=YQ03 AND  GS35 LIKE '%油漆%'  AND YQ139='1'
11:56:44.000 UPDATE R_PQP SET GS73='T' FROM R_PQAF WHERE GS01=AF002 AND GS07=AF015 AND GS02=AF084 AND GS08 ='Φ'+CONVERT(VARCHAR,CONVERT(FLOAT,AF022*10))+'*'+CONVERT(VARCHAR,CONVERT(FLOAT,AF020*10)) 
11:56:44.000 UPDATE R_PQP SET GS73='T' FROM R_PQU WHERE GS01=PQU01 AND GS07=PQU10 AND GS08=PQU12  
11:56:44.000 UPDATE R_PQP SET GS73='T' FROM R_PQS WHERE GS01=PJ01 AND GS56=PJ09 AND GS57=PJ89  
11:56:44.000 UPDATE R_PQP SET GS73='T' FROM R_PQT WHERE GS01=WX01 AND GS56=WX10 AND GS57=WX11 
11:56:45.000 WITH CET AS (select GS70,GS01,GS46,GS49,GS71,GS02,right(GS08,len(GS08) - charindex('*',GS08) ) a from R_PQP  WHERE GS70='R_338' AND GS73='F' ),CFT AS (SELECT GS70,GS01,GS46,GS49,GS71,GS02,right(a,LEN(a)-charindex('*',a)) GS08 FROM CET  ),CHT AS( SELECT DISTINCT GS70,GS01,GS46,GS49,GS71,GS02,CONVERT(FLOAT,CONVERT(DECIMAL(11,2),GS08)*1.0/10) GS08 FROM CFT  )SELECT GS70,GS01,GS46,GS49,GS71,GS02,CONVERT(VARCHAR,GS08) GS08,'' GS07,PQF13,PQF31 FROM CHT A INNER JOIN R_PQF B ON A.GS01=B.PQF01  WHERE (SELECT COUNT(1) FROM R_PQO WHERE GS01=JM90 AND GS02=JM09 AND CONVERT(VARCHAR,GS08)=CONVERT(VARCHAR,CONVERT(FLOAT,CONVERT(DECIMAL(11,4),JM96))))=0 and GS01 not in (SELECT JM90 FROM R_PQO WHERE JM116='1' )
11:56:45.000 从数据类型 nvarchar 转换为 numeric 时出错。
11:57:05.000 UPDATE R_PQO SET JM114='2018/9/21 11:57:05' WHERE JM01='R_338-20180919002'
14:23:24.000  异常信息：由于连接方在一段时间后没有正确答复或连接的主机没有反应，连接尝试失败。 192.168.0.222:80
  堆栈信息:   在 AutoUpdate.AppUpdate.DownloadFile(String url, String localFilePath) 位置 D:\ProjectData\MLL\Mulaolao\Mulaolao\Class\AppUpdate.cs:行号 242
   在 AutoUpdate.AppUpdate.CheckAppVersion(String& msg) 位置 D:\ProjectData\MLL\Mulaolao\Mulaolao\Class\AppUpdate.cs:行号 310
14:23:33.000 UPDATE R_PQP SET GS73='T' FROM R_PQQ WHERE GS01=CP01 AND GS35=CP09 AND (GS35  LIKE '%丝印%' OR GS35 LIKE '%雕刻%' OR GS35  LIKE '%砂皮%' OR GS35  LIKE '%走台印%' OR GS35  LIKE '%冲印%') 
14:23:33.000 UPDATE R_PQP SET GS73='T' FROM R_PQAH WHERE GS01=AH01 AND GS35=AH18 AND (GS35  LIKE '%丝印%' OR GS35 LIKE '%雕刻%' OR GS35  LIKE '%砂皮%' OR GS35  LIKE '%走台印%' OR GS35  LIKE '%冲印%')
14:23:33.000 UPDATE R_PQP SET GS73='T' FROM R_PQI WHERE GS01=YQ03 AND  GS35 LIKE '%油漆%'  AND YQ139='1'
14:23:33.000 UPDATE R_PQP SET GS73='T' FROM R_PQAF WHERE GS01=AF002 AND GS07=AF015 AND GS02=AF084 AND GS08 ='Φ'+CONVERT(VARCHAR,CONVERT(FLOAT,AF022*10))+'*'+CONVERT(VARCHAR,CONVERT(FLOAT,AF020*10)) 
14:23:34.000 UPDATE R_PQP SET GS73='T' FROM R_PQU WHERE GS01=PQU01 AND GS07=PQU10 AND GS08=PQU12  
14:23:34.000 UPDATE R_PQP SET GS73='T' FROM R_PQS WHERE GS01=PJ01 AND GS56=PJ09 AND GS57=PJ89  
14:23:34.000 UPDATE R_PQP SET GS73='T' FROM R_PQT WHERE GS01=WX01 AND GS56=WX10 AND GS57=WX11 
14:23:35.000 WITH CET AS (select GS70,GS01,GS46,GS49,GS71,GS02,right(GS08,len(GS08) - charindex('*',GS08) ) a from R_PQP  WHERE GS70='R_338' AND GS73='F' ),CFT AS (SELECT GS70,GS01,GS46,GS49,GS71,GS02,right(a,LEN(a)-charindex('*',a)) GS08 FROM CET  ),CHT AS( SELECT DISTINCT GS70,GS01,GS46,GS49,GS71,GS02,CONVERT(FLOAT,CONVERT(DECIMAL(11,2),GS08)*1.0/10) GS08 FROM CFT  )SELECT GS70,GS01,GS46,GS49,GS71,GS02,CONVERT(VARCHAR,GS08) GS08,'' GS07,PQF13,PQF31 FROM CHT A INNER JOIN R_PQF B ON A.GS01=B.PQF01  WHERE (SELECT COUNT(1) FROM R_PQO WHERE GS01=JM90 AND GS02=JM09 AND CONVERT(VARCHAR,GS08)=CONVERT(VARCHAR,CONVERT(FLOAT,CONVERT(DECIMAL(11,4),JM96))))=0 and GS01 not in (SELECT JM90 FROM R_PQO WHERE JM116='1' )
14:23:35.000 从数据类型 nvarchar 转换为 numeric 时出错。
14:24:21.000 @DS21[R_436-20180921003]
14:24:21.000 @DS03[内六角螺丝1]
14:24:21.000 @DS04[PVC割摸]
14:24:21.000 INSERT INTO R_PQR (DS01,DS02,DS03,DS04,DS05,DS06,DS09,DS18,DS21,DS22,DS24,DS25,DS26,DS27,DS29) VALUES ('18090302','白坯前道','内六角螺丝1','PVC割摸','80','0','','4.0000','R_436-20180921003','小卖部','ZE3159A','1000','王祖汉','2018/10/31 0:00:00','6')
14:24:21.000 INSERT INTO R_PQBF (BF001,BF002,BF003,BF004,BF005,BF006,BF007,BF008) VALUES ('R_436','产品定时、定量、定额工序工资明细表','廖灵飞','2018/9/21 14:24:21','R_436-20180921003','INSERT INTO R_PQR (DS01,DS02,DS03,DS04,DS05,DS06,DS09,DS18,DS21,DS22,DS24,DS25,DS26,DS27,DS29) VALUES (''18090302'',''白坯前道'',''内六角螺丝1'',''PVC割摸'',''80'',''0'','''',''4.0000'',''R_436-20180921003'',''小卖部'',''ZE3159A'',''1000'',''王祖汉'',''2018/10/31 0:00:00'',''6'')','新建','新增新建')
14:24:27.000 @DS21[R_436-20180921003]
14:24:27.000 @DS03[对锁帽1]
14:24:27.000 @DS04[PVC割摸]
14:24:27.000 INSERT INTO R_PQR (DS01,DS02,DS03,DS04,DS05,DS06,DS09,DS18,DS21,DS22,DS24,DS25,DS26,DS27,DS29) VALUES ('18090302','白坯前道','对锁帽1','PVC割摸','80','0','','4.0000','R_436-20180921003','小卖部','ZE3159A','1000','王祖汉','2018/10/31 0:00:00','2')
14:24:27.000 INSERT INTO R_PQBF (BF001,BF002,BF003,BF004,BF005,BF006,BF007,BF008) VALUES ('R_436','产品定时、定量、定额工序工资明细表','廖灵飞','2018/9/21 14:24:27','R_436-20180921003','INSERT INTO R_PQR (DS01,DS02,DS03,DS04,DS05,DS06,DS09,DS18,DS21,DS22,DS24,DS25,DS26,DS27,DS29) VALUES (''18090302'',''白坯前道'',''对锁帽1'',''PVC割摸'',''80'',''0'','''',''4.0000'',''R_436-20180921003'',''小卖部'',''ZE3159A'',''1000'',''王祖汉'',''2018/10/31 0:00:00'',''2'')','新建','新增新建')
14:24:29.000 UPDATE R_PQR SET DS10='赖仁松', DS11='廖灵飞', DS12='2018/9/21 14:23:48', DS13='', DS14='2018/9/21 14:23:48', DS01='18090302', DS22='小卖部', DS24='ZE3159A', DS25='1000', DS26='王祖汉', DS27='2018/10/31 0:00:00' WHERE DS21='R_436-20180921003'
14:24:29.000 INSERT INTO R_PQBF (BF001,BF002,BF003,BF004,BF005,BF006,BF007,BF008) VALUES ('R_436','产品定时、定量、定额工序工资明细表','廖灵飞','2018/9/21 14:24:29','R_436-20180921003','UPDATE R_PQR SET DS10=''赖仁松'', DS11=''廖灵飞'', DS12=''2018/9/21 14:23:48'', DS13='''', DS14=''2018/9/21 14:23:48'', DS01=''18090302'', DS22=''小卖部'', DS24=''ZE3159A'', DS25=''1000'', DS26=''王祖汉'', DS27=''2018/10/31 0:00:00'' WHERE DS21=''R_436-20180921003''','保存','新增保存')
14:24:47.000 @DS21[R_436-20180921003]
14:24:47.000 @DS03[自攻螺丝2]
14:24:47.000 @DS04[PVC割摸]
14:24:47.000 INSERT INTO R_PQR (DS01,DS02,DS03,DS04,DS05,DS06,DS09,DS18,DS21,DS22,DS24,DS25,DS26,DS27,DS29) VALUES ('18090302','白坯前道','自攻螺丝2','PVC割摸','80','0','','4.00','R_436-20180921003','小卖部','ZE3159A','1000','王祖汉','2018/10/31 0:00:00','2')
14:24:47.000 INSERT INTO R_PQBF (BF001,BF002,BF003,BF004,BF005,BF006,BF007,BF008) VALUES ('R_436','产品定时、定量、定额工序工资明细表','廖灵飞','2018/9/21 14:24:47','R_436-20180921003','INSERT INTO R_PQR (DS01,DS02,DS03,DS04,DS05,DS06,DS09,DS18,DS21,DS22,DS24,DS25,DS26,DS27,DS29) VALUES (''18090302'',''白坯前道'',''自攻螺丝2'',''PVC割摸'',''80'',''0'','''',''4.00'',''R_436-20180921003'',''小卖部'',''ZE3159A'',''1000'',''王祖汉'',''2018/10/31 0:00:00'',''2'')','新建','更改新建')
15:07:06.000  异常信息：由于连接方在一段时间后没有正确答复或连接的主机没有反应，连接尝试失败。 192.168.0.222:80
  堆栈信息:   在 AutoUpdate.AppUpdate.DownloadFile(String url, String localFilePath) 位置 D:\ProjectData\MLL\Mulaolao\Mulaolao\Class\AppUpdate.cs:行号 242
   在 AutoUpdate.AppUpdate.CheckAppVersion(String& msg) 位置 D:\ProjectData\MLL\Mulaolao\Mulaolao\Class\AppUpdate.cs:行号 310
15:09:00.000 UPDATE R_PQP SET GS73='T' FROM R_PQQ WHERE GS01=CP01 AND GS35=CP09 AND (GS35  LIKE '%丝印%' OR GS35 LIKE '%雕刻%' OR GS35  LIKE '%砂皮%' OR GS35  LIKE '%走台印%' OR GS35  LIKE '%冲印%') 
15:09:00.000 UPDATE R_PQP SET GS73='T' FROM R_PQAH WHERE GS01=AH01 AND GS35=AH18 AND (GS35  LIKE '%丝印%' OR GS35 LIKE '%雕刻%' OR GS35  LIKE '%砂皮%' OR GS35  LIKE '%走台印%' OR GS35  LIKE '%冲印%')
15:09:00.000 UPDATE R_PQP SET GS73='T' FROM R_PQI WHERE GS01=YQ03 AND  GS35 LIKE '%油漆%'  AND YQ139='1'
15:09:00.000 UPDATE R_PQP SET GS73='T' FROM R_PQAF WHERE GS01=AF002 AND GS07=AF015 AND GS02=AF084 AND GS08 ='Φ'+CONVERT(VARCHAR,CONVERT(FLOAT,AF022*10))+'*'+CONVERT(VARCHAR,CONVERT(FLOAT,AF020*10)) 
15:09:01.000 UPDATE R_PQP SET GS73='T' FROM R_PQU WHERE GS01=PQU01 AND GS07=PQU10 AND GS08=PQU12  
15:09:01.000 UPDATE R_PQP SET GS73='T' FROM R_PQS WHERE GS01=PJ01 AND GS56=PJ09 AND GS57=PJ89  
15:09:01.000 UPDATE R_PQP SET GS73='T' FROM R_PQT WHERE GS01=WX01 AND GS56=WX10 AND GS57=WX11 
15:09:02.000 WITH CET AS (select GS70,GS01,GS46,GS49,GS71,GS02,right(GS08,len(GS08) - charindex('*',GS08) ) a from R_PQP  WHERE GS70='R_338' AND GS73='F' ),CFT AS (SELECT GS70,GS01,GS46,GS49,GS71,GS02,right(a,LEN(a)-charindex('*',a)) GS08 FROM CET  ),CHT AS( SELECT DISTINCT GS70,GS01,GS46,GS49,GS71,GS02,CONVERT(FLOAT,CONVERT(DECIMAL(11,2),GS08)*1.0/10) GS08 FROM CFT  )SELECT GS70,GS01,GS46,GS49,GS71,GS02,CONVERT(VARCHAR,GS08) GS08,'' GS07,PQF13,PQF31 FROM CHT A INNER JOIN R_PQF B ON A.GS01=B.PQF01  WHERE (SELECT COUNT(1) FROM R_PQO WHERE GS01=JM90 AND GS02=JM09 AND CONVERT(VARCHAR,GS08)=CONVERT(VARCHAR,CONVERT(FLOAT,CONVERT(DECIMAL(11,4),JM96))))=0 and GS01 not in (SELECT JM90 FROM R_PQO WHERE JM116='1' )
15:09:02.000 从数据类型 nvarchar 转换为 numeric 时出错。
15:11:12.000 @RES06[R_338-20180919004]
15:11:12.000 @RES01[R_338]
15:11:26.000 UPDATE R_PQAMB SET AMB311='27658.94' WHERE AMB001='R_338-20180919004'
15:11:26.000 UPDATE R_PQAM SET AM311=27658.94 WHERE AM002='18090302'
15:17:58.000 UPDATE R_PQAMB SET AMB307='25149.08' WHERE AMB001='R_338-20180919003'
15:17:58.000 UPDATE R_PQAM SET AM307=25149.08 WHERE AM002='18090302'
15:18:54.000 @RES06[R_338-20180920002]
15:18:54.000 @RES01[R_338]
15:18:56.000 UPDATE R_PQO SET JM02='MLL-0024',JM03='000145',JM04='王祖汉',JM05='2018/9/20 0:00:00',JM06='饶云祥',JM07='2018/9/20 0:00:00',JM08='MLL-00370672',JM19='全球',JM20='3Y+',JM21='T',JM22='T',JM23='T',JM24='T',JM25='T',JM26='T',JM27='',JM28='2018/9/20 0:00:00',JM29='',JM30='2018/9/20 0:00:00',JM31='',JM32='2018/9/20 0:00:00',JM33='',JM34='',JM35='在内',JM36='有',JM37='未检测',JM38='',JM39='T',JM40='F',JM41='T',JM42='T',JM43='F',JM44='T',JM45='T',JM46='T',JM47='T',JM48='T',JM49='T',JM50='吴书松',JM51='2018/9/20 0:00:00',JM52='',JM53='2018/9/20 0:00:00',JM54='椴木芯',JM55='棕色',JM56='14',JM57='1',JM58='',JM59='',JM60='',JM61='',JM62='100',JM63='',JM64='0.1',JM65='',JM66='100',JM67='0',JM68='',JM69='',JM70='',JM71='',JM72='',JM73='0',JM74='0',JM75='0',JM76='0',JM77='0',JM78='0',JM79='0',JM80='0',JM81='0',JM82='王祖汉',JM83='',JM84='2018/9/20 0:00:00',JM85='饶云祥',JM86='2018/9/20 0:00:00',JM87='',JM88='2018/9/21 15:18:55',JM89='2018/9/20 0:00:00',JM90='18090321',JM98='',JM99='',JM100='工作台',JM101='1822402009',JM102='ZE3000A',JM106='',JM107='F',JM108='周家任',JM113='F' WHERE JM01='R_338-20180920002'
15:18:56.000 INSERT INTO R_PQBF (BF001,BF002,BF003,BF004,BF005,BF006,BF007,BF008) VALUES ('R_338','胶合板、密度板采购合同书','廖灵飞','2018/9/21 15:18:56','R_338-20180920002','UPDATE R_PQO SET JM02=''MLL-0024'',JM03=''000145'',JM04=''王祖汉'',JM05=''2018/9/20 0:00:00'',JM06=''饶云祥'',JM07=''2018/9/20 0:00:00'',JM08=''MLL-00370672'',JM19=''全球'',JM20=''3Y+'',JM21=''T'',JM22=''T'',JM23=''T'',JM24=''T'',JM25=''T'',JM26=''T'',JM27='''',JM28=''2018/9/20 0:00:00'',JM29='''',JM30=''2018/9/20 0:00:00'',JM31='''',JM32=''2018/9/20 0:00:00'',JM33='''',JM34='''',JM35=''在内'',JM36=''有'',JM37=''未检测'',JM38='''',JM39=''T'',JM40=''F'',JM41=''T'',JM42=''T'',JM43=''F'',JM44=''T'',JM45=''T'',JM46=''T'',JM47=''T'',JM48=''T'',JM49=''T'',JM50=''吴书松'',JM51=''2018/9/20 0:00:00'',JM52='''',JM53=''2018/9/20 0:00:00'',JM54=''椴木芯'',JM55=''棕色'',JM56=''14'',JM57=''1'',JM58='''',JM59='''',JM60='''',JM61='''',JM62=''100'',JM63='''',JM64=''0.1'',JM65='''',JM66=''100'',JM67=''0'',JM68='''',JM69='''',JM70='''',JM71='''',JM72='''',JM73=''0'',JM74=''0'',JM75=''0'',JM76=''0'',JM77=''0'',JM78=''0'',JM79=''0'',JM80=''0'',JM81=''0'',JM82=''王祖汉'',JM83='''',JM84=''2018/9/20 0:00:00'',JM85=''饶云祥'',JM86=''2018/9/20 0:00:00'',JM87='''',JM88=''2018/9/21 15:18:55'',JM89=''2018/9/20 0:00:00'',JM90=''18090321'',JM98='''',JM99='''',JM100=''工作台'',JM101=''1822402009'',JM102=''ZE3000A'',JM106='''',JM107=''F'',JM108=''周家任'',JM113=''F'' WHERE JM01=''R_338-20180920002''','保存','更改保存')
15:19:03.000 UPDATE R_PQAMB SET AMB311='11480.00' WHERE AMB001='R_338-20180920002'
15:19:03.000 UPDATE R_PQAM SET AM311=11480.00 WHERE AM002='18090321'
