14:03:04.000  异常信息：由于连接方在一段时间后没有正确答复或连接的主机没有反应，连接尝试失败。 192.168.0.222:80
  堆栈信息:   在 AutoUpdate.AppUpdate.DownloadFile(String url, String localFilePath) 位置 D:\ProjectData\MLL\Mulaolao\Mulaolao\Class\AppUpdate.cs:行号 242
   在 AutoUpdate.AppUpdate.CheckAppVersion(String& msg) 位置 D:\ProjectData\MLL\Mulaolao\Mulaolao\Class\AppUpdate.cs:行号 310
14:05:09.000 UPDATE R_PQP SET GS73='T' FROM R_PQQ WHERE GS01=CP01 AND GS35=CP09 AND (GS35  LIKE '%丝印%' OR GS35 LIKE '%雕刻%' OR GS35  LIKE '%砂皮%' OR GS35  LIKE '%走台印%' OR GS35  LIKE '%冲印%') 
14:05:09.000 UPDATE R_PQP SET GS73='T' FROM R_PQAH WHERE GS01=AH01 AND GS35=AH18 AND (GS35  LIKE '%丝印%' OR GS35 LIKE '%雕刻%' OR GS35  LIKE '%砂皮%' OR GS35  LIKE '%走台印%' OR GS35  LIKE '%冲印%')
14:05:09.000 UPDATE R_PQP SET GS73='T' FROM R_PQI WHERE GS01=YQ03 AND  GS35 LIKE '%油漆%'  AND YQ139='1'
14:05:10.000 UPDATE R_PQP SET GS73='T' FROM R_PQAF WHERE GS01=AF002 AND GS07=AF015 AND GS02=AF084 AND GS08 ='Φ'+CONVERT(VARCHAR,CONVERT(FLOAT,AF022*10))+'*'+CONVERT(VARCHAR,CONVERT(FLOAT,AF020*10)) 
14:05:10.000 UPDATE R_PQP SET GS73='T' FROM R_PQU WHERE GS01=PQU01 AND GS07=PQU10 AND GS08=PQU12  
14:05:11.000 UPDATE R_PQP SET GS73='T' FROM R_PQS WHERE GS01=PJ01 AND GS56=PJ09 AND GS57=PJ89  
14:05:11.000 UPDATE R_PQP SET GS73='T' FROM R_PQT WHERE GS01=WX01 AND GS56=WX10 AND GS57=WX11 
14:05:11.000 WITH CET AS (select GS70,GS01,GS46,GS49,GS71,GS02,right(GS08,len(GS08) - charindex('*',GS08) ) a from R_PQP  WHERE GS70='R_338' AND GS73='F' ),CFT AS (SELECT GS70,GS01,GS46,GS49,GS71,GS02,right(a,LEN(a)-charindex('*',a)) GS08 FROM CET  ),CHT AS( SELECT DISTINCT GS70,GS01,GS46,GS49,GS71,GS02,CONVERT(FLOAT,CONVERT(DECIMAL(11,2),GS08)*1.0/10) GS08 FROM CFT  )SELECT GS70,GS01,GS46,GS49,GS71,GS02,CONVERT(VARCHAR,GS08) GS08,'' GS07,PQF13,PQF31 FROM CHT A INNER JOIN R_PQF B ON A.GS01=B.PQF01  WHERE (SELECT COUNT(1) FROM R_PQO WHERE GS01=JM90 AND GS02=JM09 AND CONVERT(VARCHAR,GS08)=CONVERT(VARCHAR,CONVERT(FLOAT,CONVERT(DECIMAL(11,4),JM96))))=0 and GS01 not in (SELECT JM90 FROM R_PQO WHERE JM116='1' )
14:05:11.000 从数据类型 nvarchar 转换为 numeric 时出错。
14:05:32.000 DELETE FROM R_PQR WHERE DS21='R_436-20180903001'
14:05:32.000 INSERT INTO R_PQBF (BF001,BF002,BF003,BF004,BF005,BF006,BF007,BF008) VALUES ('R_436','产品定时、定量、定额工序工资明细表','廖灵飞','2018/9/3 14:05:32','R_436-20180903001','DELETE FROM R_PQR WHERE DS21=''R_436-20180903001''','取消','新增取消')
14:05:45.000 INSERT INTO R_PQR (DS01,DS22,DS24,DS25,DS26,DS27,DS02,DS18,DS03,DS04,DS17,DS05,DS06,DS07,DS08,DS15,DS16,DS09,DS10,DS29,DS11) SELECT DS01,DS22,DS24,DS25,DS26,DS27,DS02,DS18,DS03,DS04,DS17,DS05,DS06,DS07,DS08,DS15,DS16,DS09,DS10,DS29,'廖灵飞' DS11 FROM R_PQR WHERE DS21='R_436-20180828008'
14:05:45.000 INSERT INTO R_PQBF (BF001,BF002,BF003,BF004,BF005,BF006,BF007,BF008) VALUES ('R_436','产品定时、定量、定额工序工资明细表','廖灵飞','2018/9/3 14:05:45','R_436-20180828008','INSERT INTO R_PQR (DS01,DS22,DS24,DS25,DS26,DS27,DS02,DS18,DS03,DS04,DS17,DS05,DS06,DS07,DS08,DS15,DS16,DS09,DS10,DS29,DS11) SELECT DS01,DS22,DS24,DS25,DS26,DS27,DS02,DS18,DS03,DS04,DS17,DS05,DS06,DS07,DS08,DS15,DS16,DS09,DS10,DS29,''廖灵飞'' DS11 FROM R_PQR WHERE DS21=''R_436-20180828008''','复制','更改复制')
14:05:45.000 UPDATE R_PQR SET DS21='R_436-20180903002' WHERE DS21 IS NULL
14:05:45.000 INSERT INTO R_PQBF (BF001,BF002,BF003,BF004,BF005,BF006,BF007,BF008) VALUES ('R_436','产品定时、定量、定额工序工资明细表','廖灵飞','2018/9/3 14:05:45','R_436-20180903002','UPDATE R_PQR SET DS21=''R_436-20180903002'' WHERE DS21 IS NULL','复制','更改复制更改单号')
14:05:53.000 DELETE FROM R_PQR WHERE DS21='R_436-20180903002'
14:05:53.000 INSERT INTO R_PQBF (BF001,BF002,BF003,BF004,BF005,BF006,BF007,BF008) VALUES ('R_436','产品定时、定量、定额工序工资明细表','廖灵飞','2018/9/3 14:05:53','R_436-20180903002','DELETE FROM R_PQR WHERE DS21=''R_436-20180903002''','取消','新增取消')
14:06:09.000 DELETE FROM R_PQR WHERE DS21='R_436-20180903003'
14:06:09.000 INSERT INTO R_PQBF (BF001,BF002,BF003,BF004,BF005,BF006,BF007,BF008) VALUES ('R_436','产品定时、定量、定额工序工资明细表','廖灵飞','2018/9/3 14:06:09','R_436-20180903003','DELETE FROM R_PQR WHERE DS21=''R_436-20180903003''','取消','新增取消')
14:09:38.000 UPDATE R_PQR SET DS10='周家任', DS11='廖灵飞', DS12='2017/1/8 0:00:00', DS13='', DS14='2017/1/8 0:00:00', DS01='16080084', DS22='工作台', DS24='ZE3000A', DS25='1000', DS26='周家任', DS27='2016/11/10 0:00:00' WHERE DS21='R_436-20170105013'
14:09:38.000 INSERT INTO R_PQBF (BF001,BF002,BF003,BF004,BF005,BF006,BF007,BF008) VALUES ('R_436','产品定时、定量、定额工序工资明细表','廖灵飞','2018/9/3 14:09:38','R_436-20170105013','UPDATE R_PQR SET DS10=''周家任'', DS11=''廖灵飞'', DS12=''2017/1/8 0:00:00'', DS13='''', DS14=''2017/1/8 0:00:00'', DS01=''16080084'', DS22=''工作台'', DS24=''ZE3000A'', DS25=''1000'', DS26=''周家任'', DS27=''2016/11/10 0:00:00'' WHERE DS21=''R_436-20170105013''','保存','更改保存')
14:11:18.000 @MZ002[18030056]
14:11:18.000 @MZ016[锅铲]
14:11:18.000 @MZ018[30*95*6]
14:11:18.000 @MZ019[灰色]
14:11:18.000 @MZ023[色面]
14:11:18.000 @MZ032[蛐彩康]
14:11:18.000 INSERT INTO R_PQMZ (MZ001,MZ002,MZ006,MZ016,MZ017,MZ018,MZ019,MZ020,MZ021,MZ022,MZ023,MZ024,MZ025,MZ026,MZ027,MZ028,MZ031,MZ032,MZ105,MZ106,MZ107,MZ108,MZ118,MZ119,MZ120,MZ122,MZ124,MZ125,MZ126) VALUES ('R_344-20180828017','18030056','2024','锅铲','胶合板','30*95*6','灰色','0.00000','0','0','色面','0','21.0','1.100','0.800','2.800','马达庆','蛐彩康','17100','','厂内','000076','20','21','50','外购','灰色','005','0.000000')
14:11:18.000 INSERT INTO R_PQBF (BF001,BF002,BF003,BF004,BF005,BF006,BF007,BF008) VALUES ('R_344','滚漆承揽加工成本合同书','廖灵飞','2018/9/3 14:11:18','R_344-20180828017','INSERT INTO R_PQMZ (MZ001,MZ002,MZ006,MZ016,MZ017,MZ018,MZ019,MZ020,MZ021,MZ022,MZ023,MZ024,MZ025,MZ026,MZ027,MZ028,MZ031,MZ032,MZ105,MZ106,MZ107,MZ108,MZ118,MZ119,MZ120,MZ122,MZ124,MZ125,MZ126) VALUES (''R_344-20180828017'',''18030056'',''2024'',''锅铲'',''胶合板'',''30*95*6'',''灰色'',''0.00000'',''0'',''0'',''色面'',''0'',''21.0'',''1.100'',''0.800'',''2.800'',''马达庆'',''蛐彩康'',''17100'','''',''厂内'',''000076'',''20'',''21'',''50'',''外购'',''灰色'',''005'',''0.000000'')','新建','维护新建')
14:11:33.000 @MZ002[18030056]
14:11:33.000 @MZ016[龙头圆档]
14:11:33.000 @MZ018[Φ15*19]
14:11:33.000 @MZ019[灰色]
14:11:33.000 @MZ023[色面]
14:11:33.000 @MZ032[蛐彩康]
14:11:33.000 INSERT INTO R_PQMZ (MZ001,MZ002,MZ006,MZ016,MZ017,MZ018,MZ019,MZ020,MZ021,MZ022,MZ023,MZ024,MZ025,MZ026,MZ027,MZ028,MZ031,MZ032,MZ105,MZ106,MZ107,MZ108,MZ118,MZ119,MZ120,MZ122,MZ124,MZ125,MZ126) VALUES ('R_344-20180828017','18030056','2024','龙头圆档','胶合板','Φ15*19','灰色','0.00000','0','0.4','色面','2','21.0','1.100','0.800','2.800','马达庆','蛐彩康','3357.6','','厂内','000076','0','0','0','外购','灰色','006','0.000000')
14:11:33.000 INSERT INTO R_PQBF (BF001,BF002,BF003,BF004,BF005,BF006,BF007,BF008) VALUES ('R_344','滚漆承揽加工成本合同书','廖灵飞','2018/9/3 14:11:33','R_344-20180828017','INSERT INTO R_PQMZ (MZ001,MZ002,MZ006,MZ016,MZ017,MZ018,MZ019,MZ020,MZ021,MZ022,MZ023,MZ024,MZ025,MZ026,MZ027,MZ028,MZ031,MZ032,MZ105,MZ106,MZ107,MZ108,MZ118,MZ119,MZ120,MZ122,MZ124,MZ125,MZ126) VALUES (''R_344-20180828017'',''18030056'',''2024'',''龙头圆档'',''胶合板'',''Φ15*19'',''灰色'',''0.00000'',''0'',''0.4'',''色面'',''2'',''21.0'',''1.100'',''0.800'',''2.800'',''马达庆'',''蛐彩康'',''3357.6'','''',''厂内'',''000076'',''0'',''0'',''0'',''外购'',''灰色'',''006'',''0.000000'')','新建','维护新建')
14:48:26.000  异常信息：由于连接方在一段时间后没有正确答复或连接的主机没有反应，连接尝试失败。 192.168.0.222:80
  堆栈信息:   在 AutoUpdate.AppUpdate.DownloadFile(String url, String localFilePath) 位置 D:\ProjectData\MLL\Mulaolao\Mulaolao\Class\AppUpdate.cs:行号 242
   在 AutoUpdate.AppUpdate.CheckAppVersion(String& msg) 位置 D:\ProjectData\MLL\Mulaolao\Mulaolao\Class\AppUpdate.cs:行号 310
14:48:33.000 UPDATE R_PQP SET GS73='T' FROM R_PQQ WHERE GS01=CP01 AND GS35=CP09 AND (GS35  LIKE '%丝印%' OR GS35 LIKE '%雕刻%' OR GS35  LIKE '%砂皮%' OR GS35  LIKE '%走台印%' OR GS35  LIKE '%冲印%') 
14:48:34.000 UPDATE R_PQP SET GS73='T' FROM R_PQAH WHERE GS01=AH01 AND GS35=AH18 AND (GS35  LIKE '%丝印%' OR GS35 LIKE '%雕刻%' OR GS35  LIKE '%砂皮%' OR GS35  LIKE '%走台印%' OR GS35  LIKE '%冲印%')
14:48:34.000 UPDATE R_PQP SET GS73='T' FROM R_PQI WHERE GS01=YQ03 AND  GS35 LIKE '%油漆%'  AND YQ139='1'
14:48:34.000 UPDATE R_PQP SET GS73='T' FROM R_PQAF WHERE GS01=AF002 AND GS07=AF015 AND GS02=AF084 AND GS08 ='Φ'+CONVERT(VARCHAR,CONVERT(FLOAT,AF022*10))+'*'+CONVERT(VARCHAR,CONVERT(FLOAT,AF020*10)) 
14:48:35.000 UPDATE R_PQP SET GS73='T' FROM R_PQU WHERE GS01=PQU01 AND GS07=PQU10 AND GS08=PQU12  
14:48:36.000 UPDATE R_PQP SET GS73='T' FROM R_PQS WHERE GS01=PJ01 AND GS56=PJ09 AND GS57=PJ89  
14:48:36.000 UPDATE R_PQP SET GS73='T' FROM R_PQT WHERE GS01=WX01 AND GS56=WX10 AND GS57=WX11 
14:48:36.000 WITH CET AS (select GS70,GS01,GS46,GS49,GS71,GS02,right(GS08,len(GS08) - charindex('*',GS08) ) a from R_PQP  WHERE GS70='R_338' AND GS73='F' ),CFT AS (SELECT GS70,GS01,GS46,GS49,GS71,GS02,right(a,LEN(a)-charindex('*',a)) GS08 FROM CET  ),CHT AS( SELECT DISTINCT GS70,GS01,GS46,GS49,GS71,GS02,CONVERT(FLOAT,CONVERT(DECIMAL(11,2),GS08)*1.0/10) GS08 FROM CFT  )SELECT GS70,GS01,GS46,GS49,GS71,GS02,CONVERT(VARCHAR,GS08) GS08,'' GS07,PQF13,PQF31 FROM CHT A INNER JOIN R_PQF B ON A.GS01=B.PQF01  WHERE (SELECT COUNT(1) FROM R_PQO WHERE GS01=JM90 AND GS02=JM09 AND CONVERT(VARCHAR,GS08)=CONVERT(VARCHAR,CONVERT(FLOAT,CONVERT(DECIMAL(11,4),JM96))))=0 and GS01 not in (SELECT JM90 FROM R_PQO WHERE JM116='1' )
14:48:36.000 从数据类型 nvarchar 转换为 numeric 时出错。
14:54:13.000  异常信息：由于连接方在一段时间后没有正确答复或连接的主机没有反应，连接尝试失败。 192.168.0.222:80
  堆栈信息:   在 AutoUpdate.AppUpdate.DownloadFile(String url, String localFilePath) 位置 D:\ProjectData\MLL\Mulaolao\Mulaolao\Class\AppUpdate.cs:行号 242
   在 AutoUpdate.AppUpdate.CheckAppVersion(String& msg) 位置 D:\ProjectData\MLL\Mulaolao\Mulaolao\Class\AppUpdate.cs:行号 310
14:54:57.000 UPDATE R_PQP SET GS73='T' FROM R_PQQ WHERE GS01=CP01 AND GS35=CP09 AND (GS35  LIKE '%丝印%' OR GS35 LIKE '%雕刻%' OR GS35  LIKE '%砂皮%' OR GS35  LIKE '%走台印%' OR GS35  LIKE '%冲印%') 
14:55:03.000 WITH CET AS (select GS70,GS01,GS46,GS49,GS71,GS02,right(GS08,len(GS08) - charindex('*',GS08) ) a from R_PQP  WHERE GS70='R_338' AND GS73='F' ),CFT AS (SELECT GS70,GS01,GS46,GS49,GS71,GS02,right(a,LEN(a)-charindex('*',a)) GS08 FROM CET  ),CHT AS( SELECT DISTINCT GS70,GS01,GS46,GS49,GS71,GS02,CONVERT(FLOAT,CONVERT(DECIMAL(11,2),GS08)*1.0/10) GS08 FROM CFT  )SELECT GS70,GS01,GS46,GS49,GS71,GS02,CONVERT(VARCHAR,GS08) GS08,'' GS07,PQF13,PQF31 FROM CHT A INNER JOIN R_PQF B ON A.GS01=B.PQF01  WHERE (SELECT COUNT(1) FROM R_PQO WHERE GS01=JM90 AND GS02=JM09 AND CONVERT(VARCHAR,GS08)=CONVERT(VARCHAR,CONVERT(FLOAT,CONVERT(DECIMAL(11,4),JM96))))=0 and GS01 not in (SELECT JM90 FROM R_PQO WHERE JM116='1' )
14:55:03.000 UPDATE R_PQP SET GS73='T' FROM R_PQAH WHERE GS01=AH01 AND GS35=AH18 AND (GS35  LIKE '%丝印%' OR GS35 LIKE '%雕刻%' OR GS35  LIKE '%砂皮%' OR GS35  LIKE '%走台印%' OR GS35  LIKE '%冲印%')
14:55:03.000 从数据类型 nvarchar 转换为 numeric 时出错。
14:55:04.000 UPDATE R_PQP SET GS73='T' FROM R_PQI WHERE GS01=YQ03 AND  GS35 LIKE '%油漆%'  AND YQ139='1'
14:55:04.000 UPDATE R_PQP SET GS73='T' FROM R_PQAF WHERE GS01=AF002 AND GS07=AF015 AND GS02=AF084 AND GS08 ='Φ'+CONVERT(VARCHAR,CONVERT(FLOAT,AF022*10))+'*'+CONVERT(VARCHAR,CONVERT(FLOAT,AF020*10)) 
14:55:04.000 UPDATE R_PQP SET GS73='T' FROM R_PQU WHERE GS01=PQU01 AND GS07=PQU10 AND GS08=PQU12  
14:55:04.000 UPDATE R_PQP SET GS73='T' FROM R_PQS WHERE GS01=PJ01 AND GS56=PJ09 AND GS57=PJ89  
14:55:04.000 UPDATE R_PQP SET GS73='T' FROM R_PQT WHERE GS01=WX01 AND GS56=WX10 AND GS57=WX11 
14:56:44.000 @MZ002[18060170]
14:56:44.000 @MZ016[整套]
14:56:44.000 @MZ018[]
14:56:44.000 @MZ019[白色]
14:56:44.000 @MZ023[色面]
14:56:44.000 @MZ032[蛐彩康]
14:56:50.000 @MZ002[18060170]
14:56:50.000 @MZ016[整套]
14:56:50.000 @MZ018[12*90]
14:56:50.000 @MZ019[白色]
14:56:50.000 @MZ023[色面]
14:56:50.000 @MZ032[蛐彩康]
14:56:50.000 INSERT INTO R_PQMZ (MZ001,MZ002,MZ006,MZ016,MZ017,MZ018,MZ019,MZ020,MZ021,MZ022,MZ023,MZ024,MZ025,MZ026,MZ027,MZ028,MZ031,MZ032,MZ105,MZ106,MZ107,MZ108,MZ118,MZ119,MZ120,MZ122,MZ124,MZ125,MZ126) VALUES ('R_344-20180901002','18060170','1000','整套','密度板','12*90','白色','0.00000','1','0.0450','色面','1','21.5','1.000','0.800','2.600','马达庆','蛐彩康','0','','厂外','000076','0','0','0','外购','白色','011','0.000000')
14:56:50.000 INSERT INTO R_PQBF (BF001,BF002,BF003,BF004,BF005,BF006,BF007,BF008) VALUES ('R_344','滚漆承揽加工成本合同书','廖灵飞','2018/9/3 14:56:50','R_344-20180901002','INSERT INTO R_PQMZ (MZ001,MZ002,MZ006,MZ016,MZ017,MZ018,MZ019,MZ020,MZ021,MZ022,MZ023,MZ024,MZ025,MZ026,MZ027,MZ028,MZ031,MZ032,MZ105,MZ106,MZ107,MZ108,MZ118,MZ119,MZ120,MZ122,MZ124,MZ125,MZ126) VALUES (''R_344-20180901002'',''18060170'',''1000'',''整套'',''密度板'',''12*90'',''白色'',''0.00000'',''1'',''0.0450'',''色面'',''1'',''21.5'',''1.000'',''0.800'',''2.600'',''马达庆'',''蛐彩康'',''0'','''',''厂外'',''000076'',''0'',''0'',''0'',''外购'',''白色'',''011'',''0.000000'')','新建','更改新建')
14:59:29.000  异常信息：由于连接方在一段时间后没有正确答复或连接的主机没有反应，连接尝试失败。 192.168.0.222:80
  堆栈信息:   在 AutoUpdate.AppUpdate.DownloadFile(String url, String localFilePath) 位置 D:\ProjectData\MLL\Mulaolao\Mulaolao\Class\AppUpdate.cs:行号 242
   在 AutoUpdate.AppUpdate.CheckAppVersion(String& msg) 位置 D:\ProjectData\MLL\Mulaolao\Mulaolao\Class\AppUpdate.cs:行号 310
14:59:44.000 UPDATE R_PQP SET GS73='T' FROM R_PQQ WHERE GS01=CP01 AND GS35=CP09 AND (GS35  LIKE '%丝印%' OR GS35 LIKE '%雕刻%' OR GS35  LIKE '%砂皮%' OR GS35  LIKE '%走台印%' OR GS35  LIKE '%冲印%') 
14:59:44.000 UPDATE R_PQP SET GS73='T' FROM R_PQAH WHERE GS01=AH01 AND GS35=AH18 AND (GS35  LIKE '%丝印%' OR GS35 LIKE '%雕刻%' OR GS35  LIKE '%砂皮%' OR GS35  LIKE '%走台印%' OR GS35  LIKE '%冲印%')
14:59:44.000 UPDATE R_PQP SET GS73='T' FROM R_PQI WHERE GS01=YQ03 AND  GS35 LIKE '%油漆%'  AND YQ139='1'
14:59:44.000 UPDATE R_PQP SET GS73='T' FROM R_PQAF WHERE GS01=AF002 AND GS07=AF015 AND GS02=AF084 AND GS08 ='Φ'+CONVERT(VARCHAR,CONVERT(FLOAT,AF022*10))+'*'+CONVERT(VARCHAR,CONVERT(FLOAT,AF020*10)) 
14:59:44.000 UPDATE R_PQP SET GS73='T' FROM R_PQU WHERE GS01=PQU01 AND GS07=PQU10 AND GS08=PQU12  
14:59:44.000 UPDATE R_PQP SET GS73='T' FROM R_PQS WHERE GS01=PJ01 AND GS56=PJ09 AND GS57=PJ89  
14:59:44.000 UPDATE R_PQP SET GS73='T' FROM R_PQT WHERE GS01=WX01 AND GS56=WX10 AND GS57=WX11 
14:59:45.000 WITH CET AS (select GS70,GS01,GS46,GS49,GS71,GS02,right(GS08,len(GS08) - charindex('*',GS08) ) a from R_PQP  WHERE GS70='R_338' AND GS73='F' ),CFT AS (SELECT GS70,GS01,GS46,GS49,GS71,GS02,right(a,LEN(a)-charindex('*',a)) GS08 FROM CET  ),CHT AS( SELECT DISTINCT GS70,GS01,GS46,GS49,GS71,GS02,CONVERT(FLOAT,CONVERT(DECIMAL(11,2),GS08)*1.0/10) GS08 FROM CFT  )SELECT GS70,GS01,GS46,GS49,GS71,GS02,CONVERT(VARCHAR,GS08) GS08,'' GS07,PQF13,PQF31 FROM CHT A INNER JOIN R_PQF B ON A.GS01=B.PQF01  WHERE (SELECT COUNT(1) FROM R_PQO WHERE GS01=JM90 AND GS02=JM09 AND CONVERT(VARCHAR,GS08)=CONVERT(VARCHAR,CONVERT(FLOAT,CONVERT(DECIMAL(11,4),JM96))))=0 and GS01 not in (SELECT JM90 FROM R_PQO WHERE JM116='1' )
14:59:45.000 从数据类型 nvarchar 转换为 numeric 时出错。
15:01:07.000  异常信息：由于连接方在一段时间后没有正确答复或连接的主机没有反应，连接尝试失败。 192.168.0.222:80
  堆栈信息:   在 AutoUpdate.AppUpdate.DownloadFile(String url, String localFilePath) 位置 D:\ProjectData\MLL\Mulaolao\Mulaolao\Class\AppUpdate.cs:行号 242
   在 AutoUpdate.AppUpdate.CheckAppVersion(String& msg) 位置 D:\ProjectData\MLL\Mulaolao\Mulaolao\Class\AppUpdate.cs:行号 310
15:01:14.000 UPDATE R_PQP SET GS73='T' FROM R_PQQ WHERE GS01=CP01 AND GS35=CP09 AND (GS35  LIKE '%丝印%' OR GS35 LIKE '%雕刻%' OR GS35  LIKE '%砂皮%' OR GS35  LIKE '%走台印%' OR GS35  LIKE '%冲印%') 
15:01:14.000 UPDATE R_PQP SET GS73='T' FROM R_PQAH WHERE GS01=AH01 AND GS35=AH18 AND (GS35  LIKE '%丝印%' OR GS35 LIKE '%雕刻%' OR GS35  LIKE '%砂皮%' OR GS35  LIKE '%走台印%' OR GS35  LIKE '%冲印%')
15:01:14.000 UPDATE R_PQP SET GS73='T' FROM R_PQI WHERE GS01=YQ03 AND  GS35 LIKE '%油漆%'  AND YQ139='1'
15:01:14.000 UPDATE R_PQP SET GS73='T' FROM R_PQAF WHERE GS01=AF002 AND GS07=AF015 AND GS02=AF084 AND GS08 ='Φ'+CONVERT(VARCHAR,CONVERT(FLOAT,AF022*10))+'*'+CONVERT(VARCHAR,CONVERT(FLOAT,AF020*10)) 
15:01:14.000 UPDATE R_PQP SET GS73='T' FROM R_PQU WHERE GS01=PQU01 AND GS07=PQU10 AND GS08=PQU12  
15:01:14.000 UPDATE R_PQP SET GS73='T' FROM R_PQS WHERE GS01=PJ01 AND GS56=PJ09 AND GS57=PJ89  
15:01:15.000 UPDATE R_PQP SET GS73='T' FROM R_PQT WHERE GS01=WX01 AND GS56=WX10 AND GS57=WX11 
15:01:15.000 WITH CET AS (select GS70,GS01,GS46,GS49,GS71,GS02,right(GS08,len(GS08) - charindex('*',GS08) ) a from R_PQP  WHERE GS70='R_338' AND GS73='F' ),CFT AS (SELECT GS70,GS01,GS46,GS49,GS71,GS02,right(a,LEN(a)-charindex('*',a)) GS08 FROM CET  ),CHT AS( SELECT DISTINCT GS70,GS01,GS46,GS49,GS71,GS02,CONVERT(FLOAT,CONVERT(DECIMAL(11,2),GS08)*1.0/10) GS08 FROM CFT  )SELECT GS70,GS01,GS46,GS49,GS71,GS02,CONVERT(VARCHAR,GS08) GS08,'' GS07,PQF13,PQF31 FROM CHT A INNER JOIN R_PQF B ON A.GS01=B.PQF01  WHERE (SELECT COUNT(1) FROM R_PQO WHERE GS01=JM90 AND GS02=JM09 AND CONVERT(VARCHAR,GS08)=CONVERT(VARCHAR,CONVERT(FLOAT,CONVERT(DECIMAL(11,4),JM96))))=0 and GS01 not in (SELECT JM90 FROM R_PQO WHERE JM116='1' )
15:01:15.000 从数据类型 nvarchar 转换为 numeric 时出错。
15:01:49.000 @MZ002[18060170]
15:01:49.000 @MZ016[整套]
15:01:49.000 @MZ018[12*89]
15:01:49.000 @MZ019[白色]
15:01:49.000 @MZ023[色面]
15:01:49.000 @MZ032[蛐彩康]
15:01:49.000 INSERT INTO R_PQMZ (MZ001,MZ002,MZ006,MZ016,MZ017,MZ018,MZ019,MZ020,MZ021,MZ022,MZ023,MZ024,MZ025,MZ026,MZ027,MZ028,MZ031,MZ032,MZ105,MZ106,MZ107,MZ108,MZ118,MZ119,MZ120,MZ122,MZ124,MZ125,MZ126) VALUES ('R_344-20180901002','18060170','1000','整套','密度板','12*89','白色','0.00000','1','0.0450','色面','1','21.5','1.000','0.800','2.600','马达庆','蛐彩康','0','','厂外','000076','0','0','0','外购','白色','012','0.000000')
15:01:49.000 INSERT INTO R_PQBF (BF001,BF002,BF003,BF004,BF005,BF006,BF007,BF008) VALUES ('R_344','滚漆承揽加工成本合同书','廖灵飞','2018/9/3 15:01:49','R_344-20180901002','INSERT INTO R_PQMZ (MZ001,MZ002,MZ006,MZ016,MZ017,MZ018,MZ019,MZ020,MZ021,MZ022,MZ023,MZ024,MZ025,MZ026,MZ027,MZ028,MZ031,MZ032,MZ105,MZ106,MZ107,MZ108,MZ118,MZ119,MZ120,MZ122,MZ124,MZ125,MZ126) VALUES (''R_344-20180901002'',''18060170'',''1000'',''整套'',''密度板'',''12*89'',''白色'',''0.00000'',''1'',''0.0450'',''色面'',''1'',''21.5'',''1.000'',''0.800'',''2.600'',''马达庆'',''蛐彩康'',''0'','''',''厂外'',''000076'',''0'',''0'',''0'',''外购'',''白色'',''012'',''0.000000'')','新建','更改新建')
15:05:46.000 WITH CET AS(SELECT AK003,SUM(AK011) AK011 FROM R_PQAK WHERE AK003 NOT LIKE 'R_195%' AND AK003 NOT LIKE 'R_196%' AND AK003 NOT LIKE 'R_199%' AND AK003 NOT LIKE 'R_339%' AND AK003 NOT LIKE 'R_344%' AND AK003 NOT LIKE 'R_495%' AND AK003 NOT LIKE 'R_505%' GROUP BY AK003),CFT AS(SELECT AC16,SUM(AC09*AC10) AC FROM R_PQAC WHERE (AC24='未结' OR AC24='未结完' OR AC24='' OR AC24 IS NULL) GROUP BY AC16),CHT AS (SELECT AC16,CONVERT(FLOAT,AC-AK011) KC FROM CFT A LEFT JOIN CET B ON A.AC16=B.AK003) UPDATE R_PQAC SET AC24=(SELECT CASE WHEN KC IS NULL THEN '未结' WHEN KC<=100 OR KC>=-100 THEN '已结' ELSE '未结完' END KC1 FROM CHT  A WHERE A.AC16=CHT.AC16  ) FROM CHT WHERE R_PQAC.AC16=CHT.AC16 
15:05:46.000 UPDATE R_PQAC SET AC24='已结' WHERE LEN(AC16)>17
15:14:15.000 UPDATE R_PQP SET GS73='T' FROM R_PQQ WHERE GS01=CP01 AND GS35=CP09 AND (GS35  LIKE '%丝印%' OR GS35 LIKE '%雕刻%' OR GS35  LIKE '%砂皮%' OR GS35  LIKE '%走台印%' OR GS35  LIKE '%冲印%') 
15:14:15.000 UPDATE R_PQP SET GS73='T' FROM R_PQAH WHERE GS01=AH01 AND GS35=AH18 AND (GS35  LIKE '%丝印%' OR GS35 LIKE '%雕刻%' OR GS35  LIKE '%砂皮%' OR GS35  LIKE '%走台印%' OR GS35  LIKE '%冲印%')
15:14:15.000 UPDATE R_PQP SET GS73='T' FROM R_PQI WHERE GS01=YQ03 AND  GS35 LIKE '%油漆%'  AND YQ139='1'
15:14:15.000 UPDATE R_PQP SET GS73='T' FROM R_PQAF WHERE GS01=AF002 AND GS07=AF015 AND GS02=AF084 AND GS08 ='Φ'+CONVERT(VARCHAR,CONVERT(FLOAT,AF022*10))+'*'+CONVERT(VARCHAR,CONVERT(FLOAT,AF020*10)) 
15:14:15.000 UPDATE R_PQP SET GS73='T' FROM R_PQU WHERE GS01=PQU01 AND GS07=PQU10 AND GS08=PQU12  
15:14:16.000 UPDATE R_PQP SET GS73='T' FROM R_PQS WHERE GS01=PJ01 AND GS56=PJ09 AND GS57=PJ89  
15:14:16.000 UPDATE R_PQP SET GS73='T' FROM R_PQT WHERE GS01=WX01 AND GS56=WX10 AND GS57=WX11 
15:14:16.000 WITH CET AS (select GS70,GS01,GS46,GS49,GS71,GS02,right(GS08,len(GS08) - charindex('*',GS08) ) a from R_PQP  WHERE GS70='R_338' AND GS73='F' ),CFT AS (SELECT GS70,GS01,GS46,GS49,GS71,GS02,right(a,LEN(a)-charindex('*',a)) GS08 FROM CET  ),CHT AS( SELECT DISTINCT GS70,GS01,GS46,GS49,GS71,GS02,CONVERT(FLOAT,CONVERT(DECIMAL(11,2),GS08)*1.0/10) GS08 FROM CFT  )SELECT GS70,GS01,GS46,GS49,GS71,GS02,CONVERT(VARCHAR,GS08) GS08,'' GS07,PQF13,PQF31 FROM CHT A INNER JOIN R_PQF B ON A.GS01=B.PQF01  WHERE (SELECT COUNT(1) FROM R_PQO WHERE GS01=JM90 AND GS02=JM09 AND CONVERT(VARCHAR,GS08)=CONVERT(VARCHAR,CONVERT(FLOAT,CONVERT(DECIMAL(11,4),JM96))))=0 and GS01 not in (SELECT JM90 FROM R_PQO WHERE JM116='1' )
15:14:16.000 从数据类型 nvarchar 转换为 numeric 时出错。
15:16:24.000 DELETE FROM R_PQO WHERE JM01='R_338-20180903002'
15:16:24.000 DELETE FROM R_REVIEWS WHERE RES01='R_338' AND RES06='R_338-20180903002'
15:16:24.000 UPDATE R_PQAC SET AC17='F' WHERE AC16 LIKE 'R_338-20180903002%'
15:16:24.000 INSERT INTO R_PQBF (BF001,BF002,BF003,BF004,BF005,BF006,BF007,BF008) VALUES ('R_338','胶合板、密度板采购合同书','廖灵飞','2018/9/3 15:16:24','R_338-20180903002','DELETE FROM R_PQO WHERE JM01=''R_338-20180903002''','取消','新增取消')
15:17:30.000 INSERT INTO R_PQO (JM90,JM100,JM101,JM102,JM103,JM02,JM03,JM09,JM10,JM11,JM12,JM13,JM14,JM15,JM104,JM18,JM91,JM92,JM93,JM94,JM95,JM96,JM19,JM20,JM21,JM22,JM23,JM24,JM25,JM26,JM27,JM29,JM31,JM33,JM34,JM35,JM36,JM37,JM38,JM39,JM40,JM41,JM42,JM43,JM44,JM45,JM46,JM47,JM48,JM49,JM50,JM52,JM54,JM55,JM56,JM57,JM58,JM59,JM60,JM61,JM62,JM63,JM64,JM65,JM66,JM67,JM68,JM71,JM72,JM73,JM74,JM75,JM76,JM77,JM78,JM79,JM80,JM81)SELECT JM90,JM100,JM101,JM102,JM103,JM02,JM03,JM09,JM10,JM11,JM12,JM13,JM14,JM15,JM104,JM18,JM91,JM92,JM93,JM94,JM95,JM96,JM19,JM20,JM21,JM22,JM23,JM24,JM25,JM26,JM27,JM29,JM31,JM33,JM34,JM35,JM36,JM37,JM38,JM39,JM40,JM41,JM42,JM43,JM44,JM45,JM46,JM47,JM48,JM49,JM50,JM52,JM54,JM55,JM56,JM57,JM58,JM59,JM60,JM61,JM62,JM63,JM64,JM65,JM66,JM67,JM68,JM71,JM72,JM73,JM74,JM75,JM76,JM77,JM78,JM79,JM80,JM81 FROM R_PQO WHERE JM01='R_338-20171228010'
15:17:30.000 INSERT INTO R_PQBF (BF001,BF002,BF003,BF004,BF005,BF006,BF007,BF008) VALUES ('R_338','胶合板、密度板采购合同书','廖灵飞','2018/9/3 15:17:30','R_338-20171228010','INSERT INTO R_PQO (JM90,JM100,JM101,JM102,JM103,JM02,JM03,JM09,JM10,JM11,JM12,JM13,JM14,JM15,JM104,JM18,JM91,JM92,JM93,JM94,JM95,JM96,JM19,JM20,JM21,JM22,JM23,JM24,JM25,JM26,JM27,JM29,JM31,JM33,JM34,JM35,JM36,JM37,JM38,JM39,JM40,JM41,JM42,JM43,JM44,JM45,JM46,JM47,JM48,JM49,JM50,JM52,JM54,JM55,JM56,JM57,JM58,JM59,JM60,JM61,JM62,JM63,JM64,JM65,JM66,JM67,JM68,JM71,JM72,JM73,JM74,JM75,JM76,JM77,JM78,JM79,JM80,JM81)SELECT JM90,JM100,JM101,JM102,JM103,JM02,JM03,JM09,JM10,JM11,JM12,JM13,JM14,JM15,JM104,JM18,JM91,JM92,JM93,JM94,JM95,JM96,JM19,JM20,JM21,JM22,JM23,JM24,JM25,JM26,JM27,JM29,JM31,JM33,JM34,JM35,JM36,JM37,JM38,JM39,JM40,JM41,JM42,JM43,JM44,JM45,JM46,JM47,JM48,JM49,JM50,JM52,JM54,JM55,JM56,JM57,JM58,JM59,JM60,JM61,JM62,JM63,JM64,JM65,JM66,JM67,JM68,JM71,JM72,JM73,JM74,JM75,JM76,JM77,JM78,JM79,JM80,JM81 FROM R_PQO WHERE JM01=''R_338-20171228010''','复制','维护复制')
15:17:30.000 UPDATE R_PQO SET JM01='R_338-20180903003',JM106='复制',JM16=DATEADD(DAY,5,GETDATE()) WHERE JM01 IS NULL
15:17:30.000 INSERT INTO R_PQBF (BF001,BF002,BF003,BF004,BF005,BF006,BF007,BF008) VALUES ('R_338','胶合板、密度板采购合同书','廖灵飞','2018/9/3 15:17:30','R_338-20180903003','UPDATE R_PQO SET JM01=''R_338-20180903003'',JM106=''复制'',JM16=DATEADD(DAY,5,GETDATE()) WHERE JM01 IS NULL','复制','复制更改单号')
15:17:48.000 DELETE FROM R_PQO WHERE JM01='R_338-20180903003'
15:17:48.000 DELETE FROM R_REVIEWS WHERE RES01='R_338' AND RES06='R_338-20180903003'
15:17:48.000 UPDATE R_PQAC SET AC17='F' WHERE AC16 LIKE 'R_338-20180903003%'
15:17:48.000 INSERT INTO R_PQBF (BF001,BF002,BF003,BF004,BF005,BF006,BF007,BF008) VALUES ('R_338','胶合板、密度板采购合同书','廖灵飞','2018/9/3 15:17:48','R_338-20180903003','DELETE FROM R_PQO WHERE JM01=''R_338-20180903003''','取消','新增取消')
15:17:56.000 @RES06[R_338-20180704002]
15:17:56.000 @RES01[R_338]
15:17:56.000 DELETE FROM R_PQO WHERE JM01='R_338-20180704002'
15:17:56.000 DELETE FROM R_REVIEWS WHERE RES01='R_338' AND RES06='R_338-20180704002'
15:17:56.000 UPDATE R_PQAC SET AC17='F' WHERE AC16 LIKE 'R_338-20180704002%'
15:17:56.000 INSERT INTO R_PQBF (BF001,BF002,BF003,BF004,BF005,BF006,BF007,BF008) VALUES ('R_338','胶合板、密度板采购合同书','廖灵飞','2018/9/3 15:17:56','R_338-20180704002','DELETE FROM R_PQO WHERE JM01=''R_338-20180704002''','删除','维护删除')
15:17:56.000 DELETE FROM R_PQAMB WHERE AMB001='R_338-20180704002'
15:19:28.000 INSERT INTO R_PQO (JM90,JM100,JM101,JM102,JM103,JM02,JM03,JM09,JM10,JM11,JM12,JM13,JM14,JM15,JM104,JM18,JM91,JM92,JM93,JM94,JM95,JM96,JM19,JM20,JM21,JM22,JM23,JM24,JM25,JM26,JM27,JM29,JM31,JM33,JM34,JM35,JM36,JM37,JM38,JM39,JM40,JM41,JM42,JM43,JM44,JM45,JM46,JM47,JM48,JM49,JM50,JM52,JM54,JM55,JM56,JM57,JM58,JM59,JM60,JM61,JM62,JM63,JM64,JM65,JM66,JM67,JM68,JM71,JM72,JM73,JM74,JM75,JM76,JM77,JM78,JM79,JM80,JM81)SELECT JM90,JM100,JM101,JM102,JM103,JM02,JM03,JM09,JM10,JM11,JM12,JM13,JM14,JM15,JM104,JM18,JM91,JM92,JM93,JM94,JM95,JM96,JM19,JM20,JM21,JM22,JM23,JM24,JM25,JM26,JM27,JM29,JM31,JM33,JM34,JM35,JM36,JM37,JM38,JM39,JM40,JM41,JM42,JM43,JM44,JM45,JM46,JM47,JM48,JM49,JM50,JM52,JM54,JM55,JM56,JM57,JM58,JM59,JM60,JM61,JM62,JM63,JM64,JM65,JM66,JM67,JM68,JM71,JM72,JM73,JM74,JM75,JM76,JM77,JM78,JM79,JM80,JM81 FROM R_PQO WHERE JM01='R_338-20171228010'
15:19:28.000 INSERT INTO R_PQBF (BF001,BF002,BF003,BF004,BF005,BF006,BF007,BF008) VALUES ('R_338','胶合板、密度板采购合同书','廖灵飞','2018/9/3 15:19:28','R_338-20171228010','INSERT INTO R_PQO (JM90,JM100,JM101,JM102,JM103,JM02,JM03,JM09,JM10,JM11,JM12,JM13,JM14,JM15,JM104,JM18,JM91,JM92,JM93,JM94,JM95,JM96,JM19,JM20,JM21,JM22,JM23,JM24,JM25,JM26,JM27,JM29,JM31,JM33,JM34,JM35,JM36,JM37,JM38,JM39,JM40,JM41,JM42,JM43,JM44,JM45,JM46,JM47,JM48,JM49,JM50,JM52,JM54,JM55,JM56,JM57,JM58,JM59,JM60,JM61,JM62,JM63,JM64,JM65,JM66,JM67,JM68,JM71,JM72,JM73,JM74,JM75,JM76,JM77,JM78,JM79,JM80,JM81)SELECT JM90,JM100,JM101,JM102,JM103,JM02,JM03,JM09,JM10,JM11,JM12,JM13,JM14,JM15,JM104,JM18,JM91,JM92,JM93,JM94,JM95,JM96,JM19,JM20,JM21,JM22,JM23,JM24,JM25,JM26,JM27,JM29,JM31,JM33,JM34,JM35,JM36,JM37,JM38,JM39,JM40,JM41,JM42,JM43,JM44,JM45,JM46,JM47,JM48,JM49,JM50,JM52,JM54,JM55,JM56,JM57,JM58,JM59,JM60,JM61,JM62,JM63,JM64,JM65,JM66,JM67,JM68,JM71,JM72,JM73,JM74,JM75,JM76,JM77,JM78,JM79,JM80,JM81 FROM R_PQO WHERE JM01=''R_338-20171228010''','复制','维护复制')
15:19:28.000 UPDATE R_PQO SET JM01='R_338-20180903005',JM106='复制',JM16=DATEADD(DAY,5,GETDATE()) WHERE JM01 IS NULL
15:19:28.000 INSERT INTO R_PQBF (BF001,BF002,BF003,BF004,BF005,BF006,BF007,BF008) VALUES ('R_338','胶合板、密度板采购合同书','廖灵飞','2018/9/3 15:19:28','R_338-20180903005','UPDATE R_PQO SET JM01=''R_338-20180903005'',JM106=''复制'',JM16=DATEADD(DAY,5,GETDATE()) WHERE JM01 IS NULL','复制','复制更改单号')
15:19:33.000 DELETE FROM R_PQO WHERE JM01='R_338-20180903004'
15:19:33.000 DELETE FROM R_REVIEWS WHERE RES01='R_338' AND RES06='R_338-20180903004'
15:19:33.000 UPDATE R_PQAC SET AC17='F' WHERE AC16 LIKE 'R_338-20180903004%'
15:19:33.000 INSERT INTO R_PQBF (BF001,BF002,BF003,BF004,BF005,BF006,BF007,BF008) VALUES ('R_338','胶合板、密度板采购合同书','廖灵飞','2018/9/3 15:19:33','R_338-20180903004','DELETE FROM R_PQO WHERE JM01=''R_338-20180903004''','取消','新增取消')
15:20:17.000 UPDATE R_PQO SET JM09='密度板',JM10='76.92307',JM11='66.0000',JM12='1847.62',JM13='0.0000',JM14='库存',JM15='13',JM16='2018/9/8 0:00:00',JM17='2018/9/3 15:20:07',JM91='0.00',JM92='丽人高密度',JM93='E1',JM94='244.00',JM95='122.00',JM96='1.20',JM103='1000',JM104='0',JM112='66.0000' WHERE JM01='R_338-20180903005' AND idx='5875'
15:20:17.000 INSERT INTO R_PQBF (BF001,BF002,BF003,BF004,BF005,BF006,BF007,BF008) VALUES ('R_338','胶合板、密度板采购合同书','廖灵飞','2018/9/3 15:20:17','R_338-20180903005','UPDATE R_PQO SET JM09=''密度板'',JM10=''76.92307'',JM11=''66.0000'',JM12=''1847.62'',JM13=''0.0000'',JM14=''库存'',JM15=''13'',JM16=''2018/9/8 0:00:00'',JM17=''2018/9/3 15:20:07'',JM91=''0.00'',JM92=''丽人高密度'',JM93=''E1'',JM94=''244.00'',JM95=''122.00'',JM96=''1.20'',JM103=''1000'',JM104=''0'',JM112=''66.0000'' WHERE JM01=''R_338-20180903005'' AND idx=''5875''','编辑','新增编辑')
15:20:27.000 @JM01[R_338-20180903005]
15:20:27.000 @JM09[沪千密度板]
15:20:27.000 @JM94[244.00]
15:20:27.000 @JM95[122.00]
15:20:27.000 @JM96[0.90]
15:20:29.000 UPDATE R_PQO SET JM09='沪千密度板',JM10='1.95312',JM11='60.0000',JM12='2239.54',JM13='0.0000',JM14='外购',JM15='0',JM16='2018/10/6 0:00:00',JM17='2018/9/3 15:20:21',JM91='0.00',JM92='沪千全松',JM93='E1',JM94='244.00',JM95='122.00',JM96='0.90',JM103='1000',JM104='512',JM112='60.0000' WHERE JM01='R_338-20180903005' AND idx='5876'
15:20:29.000 INSERT INTO R_PQBF (BF001,BF002,BF003,BF004,BF005,BF006,BF007,BF008) VALUES ('R_338','胶合板、密度板采购合同书','廖灵飞','2018/9/3 15:20:29','R_338-20180903005','UPDATE R_PQO SET JM09=''沪千密度板'',JM10=''1.95312'',JM11=''60.0000'',JM12=''2239.54'',JM13=''0.0000'',JM14=''外购'',JM15=''0'',JM16=''2018/10/6 0:00:00'',JM17=''2018/9/3 15:20:21'',JM91=''0.00'',JM92=''沪千全松'',JM93=''E1'',JM94=''244.00'',JM95=''122.00'',JM96=''0.90'',JM103=''1000'',JM104=''512'',JM112=''60.0000'' WHERE JM01=''R_338-20180903005'' AND idx=''5876''','编辑','新增编辑')
15:21:52.000 DELETE FROM R_PQO WHERE JM01='R_338-20180903005'
15:21:52.000 DELETE FROM R_REVIEWS WHERE RES01='R_338' AND RES06='R_338-20180903005'
15:21:52.000 UPDATE R_PQAC SET AC17='F' WHERE AC16 LIKE 'R_338-20180903005%'
15:21:52.000 INSERT INTO R_PQBF (BF001,BF002,BF003,BF004,BF005,BF006,BF007,BF008) VALUES ('R_338','胶合板、密度板采购合同书','廖灵飞','2018/9/3 15:21:52','R_338-20180903005','DELETE FROM R_PQO WHERE JM01=''R_338-20180903005''','取消','新增取消')
15:21:56.000 INSERT INTO R_PQO (JM90,JM100,JM101,JM102,JM103,JM02,JM03,JM09,JM10,JM11,JM12,JM13,JM14,JM15,JM104,JM18,JM91,JM92,JM93,JM94,JM95,JM96,JM19,JM20,JM21,JM22,JM23,JM24,JM25,JM26,JM27,JM29,JM31,JM33,JM34,JM35,JM36,JM37,JM38,JM39,JM40,JM41,JM42,JM43,JM44,JM45,JM46,JM47,JM48,JM49,JM50,JM52,JM54,JM55,JM56,JM57,JM58,JM59,JM60,JM61,JM62,JM63,JM64,JM65,JM66,JM67,JM68,JM71,JM72,JM73,JM74,JM75,JM76,JM77,JM78,JM79,JM80,JM81)SELECT JM90,JM100,JM101,JM102,JM103,JM02,JM03,JM09,JM10,JM11,JM12,JM13,JM14,JM15,JM104,JM18,JM91,JM92,JM93,JM94,JM95,JM96,JM19,JM20,JM21,JM22,JM23,JM24,JM25,JM26,JM27,JM29,JM31,JM33,JM34,JM35,JM36,JM37,JM38,JM39,JM40,JM41,JM42,JM43,JM44,JM45,JM46,JM47,JM48,JM49,JM50,JM52,JM54,JM55,JM56,JM57,JM58,JM59,JM60,JM61,JM62,JM63,JM64,JM65,JM66,JM67,JM68,JM71,JM72,JM73,JM74,JM75,JM76,JM77,JM78,JM79,JM80,JM81 FROM R_PQO WHERE JM01='R_338-20171228010'
15:21:56.000 INSERT INTO R_PQBF (BF001,BF002,BF003,BF004,BF005,BF006,BF007,BF008) VALUES ('R_338','胶合板、密度板采购合同书','廖灵飞','2018/9/3 15:21:56','R_338-20171228010','INSERT INTO R_PQO (JM90,JM100,JM101,JM102,JM103,JM02,JM03,JM09,JM10,JM11,JM12,JM13,JM14,JM15,JM104,JM18,JM91,JM92,JM93,JM94,JM95,JM96,JM19,JM20,JM21,JM22,JM23,JM24,JM25,JM26,JM27,JM29,JM31,JM33,JM34,JM35,JM36,JM37,JM38,JM39,JM40,JM41,JM42,JM43,JM44,JM45,JM46,JM47,JM48,JM49,JM50,JM52,JM54,JM55,JM56,JM57,JM58,JM59,JM60,JM61,JM62,JM63,JM64,JM65,JM66,JM67,JM68,JM71,JM72,JM73,JM74,JM75,JM76,JM77,JM78,JM79,JM80,JM81)SELECT JM90,JM100,JM101,JM102,JM103,JM02,JM03,JM09,JM10,JM11,JM12,JM13,JM14,JM15,JM104,JM18,JM91,JM92,JM93,JM94,JM95,JM96,JM19,JM20,JM21,JM22,JM23,JM24,JM25,JM26,JM27,JM29,JM31,JM33,JM34,JM35,JM36,JM37,JM38,JM39,JM40,JM41,JM42,JM43,JM44,JM45,JM46,JM47,JM48,JM49,JM50,JM52,JM54,JM55,JM56,JM57,JM58,JM59,JM60,JM61,JM62,JM63,JM64,JM65,JM66,JM67,JM68,JM71,JM72,JM73,JM74,JM75,JM76,JM77,JM78,JM79,JM80,JM81 FROM R_PQO WHERE JM01=''R_338-20171228010''','复制','维护复制')
15:21:56.000 UPDATE R_PQO SET JM01='R_338-20180903006',JM106='复制',JM16=DATEADD(DAY,5,GETDATE()) WHERE JM01 IS NULL
15:21:56.000 INSERT INTO R_PQBF (BF001,BF002,BF003,BF004,BF005,BF006,BF007,BF008) VALUES ('R_338','胶合板、密度板采购合同书','廖灵飞','2018/9/3 15:21:56','R_338-20180903006','UPDATE R_PQO SET JM01=''R_338-20180903006'',JM106=''复制'',JM16=DATEADD(DAY,5,GETDATE()) WHERE JM01 IS NULL','复制','复制更改单号')
15:22:07.000 UPDATE R_PQO SET JM09='沪千密度板',JM10='1.95312',JM11='60.0000',JM12='2239.54',JM13='0.0000',JM14='外购',JM15='0',JM16='2018/9/8 0:00:00',JM17='2018/9/3 15:22:04',JM91='0.00',JM92='沪千全松',JM93='E1',JM94='244.00',JM95='122.00',JM96='0.90',JM103='1000',JM104='512',JM112='60.0000' WHERE JM01='R_338-20180903006' AND idx='5878'
15:22:07.000 INSERT INTO R_PQBF (BF001,BF002,BF003,BF004,BF005,BF006,BF007,BF008) VALUES ('R_338','胶合板、密度板采购合同书','廖灵飞','2018/9/3 15:22:07','R_338-20180903006','UPDATE R_PQO SET JM09=''沪千密度板'',JM10=''1.95312'',JM11=''60.0000'',JM12=''2239.54'',JM13=''0.0000'',JM14=''外购'',JM15=''0'',JM16=''2018/9/8 0:00:00'',JM17=''2018/9/3 15:22:04'',JM91=''0.00'',JM92=''沪千全松'',JM93=''E1'',JM94=''244.00'',JM95=''122.00'',JM96=''0.90'',JM103=''1000'',JM104=''512'',JM112=''60.0000'' WHERE JM01=''R_338-20180903006'' AND idx=''5878''','编辑','新增编辑')
15:24:04.000 UPDATE R_PQO SET JM02='MLL-0024',JM03='000031',JM04='廖灵飞',JM05='2018/9/3 15:22:01',JM06='廖灵飞',JM07='2018/9/3 15:22:02',JM08='MLL-00010151',JM19='全球',JM20='18M+',JM21='T',JM22='T',JM23='T',JM24='T',JM25='T',JM26='T',JM27='柳洪明',JM28='2018/9/3 15:21:57',JM29='',JM30='2018/9/3 15:21:57',JM31='',JM32='2018/9/3 15:21:57',JM33='',JM34='',JM35='在内',JM36='有',JM37='未检测',JM38='',JM39='T',JM40='F',JM41='T',JM42='T',JM43='F',JM44='T',JM45='T',JM46='T',JM47='T',JM48='T',JM49='T',JM50='王祖汉',JM51='2018/9/3 15:21:57',JM52='',JM53='2018/9/3 15:21:57',JM54='冲压专用板',JM55='浅白色',JM56='14',JM57='0',JM58='',JM59='',JM60='',JM61='',JM62='100',JM63='',JM64='0.1',JM65='',JM66='',JM67='0',JM68='',JM69='',JM70='',JM71='',JM72='',JM73='0',JM74='0',JM75='0',JM76='0',JM77='0',JM78='0',JM79='0',JM80='0',JM81='0',JM82='廖灵飞',JM83='',JM84='2018/9/3 15:21:57',JM85='',JM86='2018/9/3 15:21:57',JM87='',JM88='2018/9/3 15:21:57',JM89='2018/9/3 15:21:57',JM90='18070220',JM98='',JM99='',JM100='大矿山',JM101='1822401378',JM102='ZE3753A',JM106='',JM107='F',JM108='张朝云',JM113='F' WHERE JM01='R_338-20180903006'
15:24:04.000 INSERT INTO R_PQBF (BF001,BF002,BF003,BF004,BF005,BF006,BF007,BF008) VALUES ('R_338','胶合板、密度板采购合同书','廖灵飞','2018/9/3 15:24:04','R_338-20180903006','UPDATE R_PQO SET JM02=''MLL-0024'',JM03=''000031'',JM04=''廖灵飞'',JM05=''2018/9/3 15:22:01'',JM06=''廖灵飞'',JM07=''2018/9/3 15:22:02'',JM08=''MLL-00010151'',JM19=''全球'',JM20=''18M+'',JM21=''T'',JM22=''T'',JM23=''T'',JM24=''T'',JM25=''T'',JM26=''T'',JM27=''柳洪明'',JM28=''2018/9/3 15:21:57'',JM29='''',JM30=''2018/9/3 15:21:57'',JM31='''',JM32=''2018/9/3 15:21:57'',JM33='''',JM34='''',JM35=''在内'',JM36=''有'',JM37=''未检测'',JM38='''',JM39=''T'',JM40=''F'',JM41=''T'',JM42=''T'',JM43=''F'',JM44=''T'',JM45=''T'',JM46=''T'',JM47=''T'',JM48=''T'',JM49=''T'',JM50=''王祖汉'',JM51=''2018/9/3 15:21:57'',JM52='''',JM53=''2018/9/3 15:21:57'',JM54=''冲压专用板'',JM55=''浅白色'',JM56=''14'',JM57=''0'',JM58='''',JM59='''',JM60='''',JM61='''',JM62=''100'',JM63='''',JM64=''0.1'',JM65='''',JM66='''',JM67=''0'',JM68='''',JM69='''',JM70='''',JM71='''',JM72='''',JM73=''0'',JM74=''0'',JM75=''0'',JM76=''0'',JM77=''0'',JM78=''0'',JM79=''0'',JM80=''0'',JM81=''0'',JM82=''廖灵飞'',JM83='''',JM84=''2018/9/3 15:21:57'',JM85='''',JM86=''2018/9/3 15:21:57'',JM87='''',JM88=''2018/9/3 15:21:57'',JM89=''2018/9/3 15:21:57'',JM90=''18070220'',JM98='''',JM99='''',JM100=''大矿山'',JM101=''1822401378'',JM102=''ZE3753A'',JM106='''',JM107=''F'',JM108=''张朝云'',JM113=''F'' WHERE JM01=''R_338-20180903006''','保存','复制保存')
15:24:14.000 @RES06[R_338-20180903006]
15:24:14.000 @RES01[R_338]
15:25:02.000 UPDATE R_PQO SET JM02='MLL-0024',JM03='000031',JM04='廖灵飞',JM05='2018/9/3 15:22:01',JM06='廖灵飞',JM07='2018/9/3 15:22:02',JM08='MLL-00010151',JM19='全球',JM20='18M+',JM21='T',JM22='T',JM23='T',JM24='T',JM25='T',JM26='T',JM27='柳洪明',JM28='2018/9/3 15:21:57',JM29='',JM30='2018/9/3 15:21:57',JM31='',JM32='2018/9/3 15:21:57',JM33='',JM34='',JM35='在内',JM36='有',JM37='未检测',JM38='',JM39='T',JM40='F',JM41='T',JM42='T',JM43='F',JM44='T',JM45='T',JM46='T',JM47='T',JM48='T',JM49='T',JM50='王祖汉',JM51='2018/9/3 15:21:57',JM52='',JM53='2018/9/3 15:21:57',JM54='冲压专用板',JM55='浅白色',JM56='14',JM57='0',JM58='',JM59='',JM60='',JM61='',JM62='100',JM63='',JM64='0.1',JM65='',JM66='',JM67='0',JM68='',JM69='',JM70='',JM71='',JM72='',JM73='0',JM74='0',JM75='0',JM76='0',JM77='0',JM78='0',JM79='0',JM80='0',JM81='0',JM82='廖灵飞',JM83='',JM84='2018/9/3 15:21:57',JM85='',JM86='2018/9/3 15:21:57',JM87='',JM88='2018/9/3 15:21:57',JM89='2018/9/3 15:21:57',JM90='18070220',JM98='',JM99='',JM100='大矿山',JM101='1822401378',JM102='ZE3753A',JM106='',JM107='F',JM108='张朝云',JM113='F' WHERE JM01='R_338-20180903006'
15:25:02.000 INSERT INTO R_PQBF (BF001,BF002,BF003,BF004,BF005,BF006,BF007,BF008) VALUES ('R_338','胶合板、密度板采购合同书','廖灵飞','2018/9/3 15:25:02','R_338-20180903006','UPDATE R_PQO SET JM02=''MLL-0024'',JM03=''000031'',JM04=''廖灵飞'',JM05=''2018/9/3 15:22:01'',JM06=''廖灵飞'',JM07=''2018/9/3 15:22:02'',JM08=''MLL-00010151'',JM19=''全球'',JM20=''18M+'',JM21=''T'',JM22=''T'',JM23=''T'',JM24=''T'',JM25=''T'',JM26=''T'',JM27=''柳洪明'',JM28=''2018/9/3 15:21:57'',JM29='''',JM30=''2018/9/3 15:21:57'',JM31='''',JM32=''2018/9/3 15:21:57'',JM33='''',JM34='''',JM35=''在内'',JM36=''有'',JM37=''未检测'',JM38='''',JM39=''T'',JM40=''F'',JM41=''T'',JM42=''T'',JM43=''F'',JM44=''T'',JM45=''T'',JM46=''T'',JM47=''T'',JM48=''T'',JM49=''T'',JM50=''王祖汉'',JM51=''2018/9/3 15:21:57'',JM52='''',JM53=''2018/9/3 15:21:57'',JM54=''冲压专用板'',JM55=''浅白色'',JM56=''14'',JM57=''0'',JM58='''',JM59='''',JM60='''',JM61='''',JM62=''100'',JM63='''',JM64=''0.1'',JM65='''',JM66='''',JM67=''0'',JM68='''',JM69='''',JM70='''',JM71='''',JM72='''',JM73=''0'',JM74=''0'',JM75=''0'',JM76=''0'',JM77=''0'',JM78=''0'',JM79=''0'',JM80=''0'',JM81=''0'',JM82=''廖灵飞'',JM83='''',JM84=''2018/9/3 15:21:57'',JM85='''',JM86=''2018/9/3 15:21:57'',JM87='''',JM88=''2018/9/3 15:21:57'',JM89=''2018/9/3 15:21:57'',JM90=''18070220'',JM98='''',JM99='''',JM100=''大矿山'',JM101=''1822401378'',JM102=''ZE3753A'',JM106='''',JM107=''F'',JM108=''张朝云'',JM113=''F'' WHERE JM01=''R_338-20180903006''','保存','新增保存')
15:26:28.000  异常信息：由于连接方在一段时间后没有正确答复或连接的主机没有反应，连接尝试失败。 192.168.0.222:80
  堆栈信息:   在 AutoUpdate.AppUpdate.DownloadFile(String url, String localFilePath) 位置 D:\ProjectData\MLL\Mulaolao\Mulaolao\Class\AppUpdate.cs:行号 242
   在 AutoUpdate.AppUpdate.CheckAppVersion(String& msg) 位置 D:\ProjectData\MLL\Mulaolao\Mulaolao\Class\AppUpdate.cs:行号 310
15:26:43.000 UPDATE R_PQP SET GS73='T' FROM R_PQQ WHERE GS01=CP01 AND GS35=CP09 AND (GS35  LIKE '%丝印%' OR GS35 LIKE '%雕刻%' OR GS35  LIKE '%砂皮%' OR GS35  LIKE '%走台印%' OR GS35  LIKE '%冲印%') 
15:26:43.000 UPDATE R_PQP SET GS73='T' FROM R_PQAH WHERE GS01=AH01 AND GS35=AH18 AND (GS35  LIKE '%丝印%' OR GS35 LIKE '%雕刻%' OR GS35  LIKE '%砂皮%' OR GS35  LIKE '%走台印%' OR GS35  LIKE '%冲印%')
15:26:43.000 UPDATE R_PQP SET GS73='T' FROM R_PQI WHERE GS01=YQ03 AND  GS35 LIKE '%油漆%'  AND YQ139='1'
15:26:44.000 UPDATE R_PQP SET GS73='T' FROM R_PQAF WHERE GS01=AF002 AND GS07=AF015 AND GS02=AF084 AND GS08 ='Φ'+CONVERT(VARCHAR,CONVERT(FLOAT,AF022*10))+'*'+CONVERT(VARCHAR,CONVERT(FLOAT,AF020*10)) 
15:26:44.000 UPDATE R_PQP SET GS73='T' FROM R_PQU WHERE GS01=PQU01 AND GS07=PQU10 AND GS08=PQU12  
15:26:44.000 UPDATE R_PQP SET GS73='T' FROM R_PQS WHERE GS01=PJ01 AND GS56=PJ09 AND GS57=PJ89  
15:26:45.000 UPDATE R_PQP SET GS73='T' FROM R_PQT WHERE GS01=WX01 AND GS56=WX10 AND GS57=WX11 
15:26:45.000 WITH CET AS (select GS70,GS01,GS46,GS49,GS71,GS02,right(GS08,len(GS08) - charindex('*',GS08) ) a from R_PQP  WHERE GS70='R_338' AND GS73='F' ),CFT AS (SELECT GS70,GS01,GS46,GS49,GS71,GS02,right(a,LEN(a)-charindex('*',a)) GS08 FROM CET  ),CHT AS( SELECT DISTINCT GS70,GS01,GS46,GS49,GS71,GS02,CONVERT(FLOAT,CONVERT(DECIMAL(11,2),GS08)*1.0/10) GS08 FROM CFT  )SELECT GS70,GS01,GS46,GS49,GS71,GS02,CONVERT(VARCHAR,GS08) GS08,'' GS07,PQF13,PQF31 FROM CHT A INNER JOIN R_PQF B ON A.GS01=B.PQF01  WHERE (SELECT COUNT(1) FROM R_PQO WHERE GS01=JM90 AND GS02=JM09 AND CONVERT(VARCHAR,GS08)=CONVERT(VARCHAR,CONVERT(FLOAT,CONVERT(DECIMAL(11,4),JM96))))=0 and GS01 not in (SELECT JM90 FROM R_PQO WHERE JM116='1' )
15:26:45.000 从数据类型 nvarchar 转换为 numeric 时出错。
15:33:44.000 @RES06[R_338-20180903006]
15:33:44.000 @RES01[R_338]
15:33:45.000 UPDATE R_PQO SET JM02='MLL-0024',JM03='000031',JM04='廖灵飞',JM05='2018/9/3 0:00:00',JM06='廖灵飞',JM07='2018/9/3 0:00:00',JM08='MLL-00010151',JM19='全球',JM20='18M+',JM21='T',JM22='T',JM23='T',JM24='T',JM25='T',JM26='T',JM27='柳洪明',JM28='2018/9/3 0:00:00',JM29='',JM30='2018/9/3 0:00:00',JM31='',JM32='2018/9/3 0:00:00',JM33='',JM34='',JM35='在内',JM36='有',JM37='未检测',JM38='',JM39='T',JM40='F',JM41='T',JM42='T',JM43='F',JM44='T',JM45='T',JM46='T',JM47='T',JM48='T',JM49='T',JM50='王祖汉',JM51='2018/9/3 0:00:00',JM52='',JM53='2018/9/3 0:00:00',JM54='冲压专用板',JM55='浅白色',JM56='14',JM57='0',JM58='',JM59='',JM60='',JM61='',JM62='100',JM63='',JM64='0.1',JM65='',JM66='',JM67='0',JM68='',JM69='',JM70='',JM71='',JM72='',JM73='0',JM74='0',JM75='0',JM76='0',JM77='0',JM78='0',JM79='0',JM80='0',JM81='0',JM82='廖灵飞',JM83='',JM84='2018/9/3 0:00:00',JM85='',JM86='2018/9/3 0:00:00',JM87='',JM88='2018/9/3 0:00:00',JM89='2018/9/3 0:00:00',JM90='18070220',JM98='',JM99='',JM100='大矿山',JM101='1822401378',JM102='ZE3753A',JM106='',JM107='F',JM108='张朝云',JM113='F' WHERE JM01='R_338-20180903006'
15:33:45.000 INSERT INTO R_PQBF (BF001,BF002,BF003,BF004,BF005,BF006,BF007,BF008) VALUES ('R_338','胶合板、密度板采购合同书','廖灵飞','2018/9/3 15:33:45','R_338-20180903006','UPDATE R_PQO SET JM02=''MLL-0024'',JM03=''000031'',JM04=''廖灵飞'',JM05=''2018/9/3 0:00:00'',JM06=''廖灵飞'',JM07=''2018/9/3 0:00:00'',JM08=''MLL-00010151'',JM19=''全球'',JM20=''18M+'',JM21=''T'',JM22=''T'',JM23=''T'',JM24=''T'',JM25=''T'',JM26=''T'',JM27=''柳洪明'',JM28=''2018/9/3 0:00:00'',JM29='''',JM30=''2018/9/3 0:00:00'',JM31='''',JM32=''2018/9/3 0:00:00'',JM33='''',JM34='''',JM35=''在内'',JM36=''有'',JM37=''未检测'',JM38='''',JM39=''T'',JM40=''F'',JM41=''T'',JM42=''T'',JM43=''F'',JM44=''T'',JM45=''T'',JM46=''T'',JM47=''T'',JM48=''T'',JM49=''T'',JM50=''王祖汉'',JM51=''2018/9/3 0:00:00'',JM52='''',JM53=''2018/9/3 0:00:00'',JM54=''冲压专用板'',JM55=''浅白色'',JM56=''14'',JM57=''0'',JM58='''',JM59='''',JM60='''',JM61='''',JM62=''100'',JM63='''',JM64=''0.1'',JM65='''',JM66='''',JM67=''0'',JM68='''',JM69='''',JM70='''',JM71='''',JM72='''',JM73=''0'',JM74=''0'',JM75=''0'',JM76=''0'',JM77=''0'',JM78=''0'',JM79=''0'',JM80=''0'',JM81=''0'',JM82=''廖灵飞'',JM83='''',JM84=''2018/9/3 0:00:00'',JM85='''',JM86=''2018/9/3 0:00:00'',JM87='''',JM88=''2018/9/3 0:00:00'',JM89=''2018/9/3 0:00:00'',JM90=''18070220'',JM98='''',JM99='''',JM100=''大矿山'',JM101=''1822401378'',JM102=''ZE3753A'',JM106='''',JM107=''F'',JM108=''张朝云'',JM113=''F'' WHERE JM01=''R_338-20180903006''','保存','更改保存')
15:33:57.000 @RES06[R_338-20180903006]
15:33:57.000 @RES01[R_338]
15:36:43.000  异常信息：由于连接方在一段时间后没有正确答复或连接的主机没有反应，连接尝试失败。 192.168.0.222:80
  堆栈信息:   在 AutoUpdate.AppUpdate.DownloadFile(String url, String localFilePath) 位置 D:\ProjectData\MLL\Mulaolao\Mulaolao\Class\AppUpdate.cs:行号 242
   在 AutoUpdate.AppUpdate.CheckAppVersion(String& msg) 位置 D:\ProjectData\MLL\Mulaolao\Mulaolao\Class\AppUpdate.cs:行号 310
15:36:52.000 UPDATE R_PQP SET GS73='T' FROM R_PQQ WHERE GS01=CP01 AND GS35=CP09 AND (GS35  LIKE '%丝印%' OR GS35 LIKE '%雕刻%' OR GS35  LIKE '%砂皮%' OR GS35  LIKE '%走台印%' OR GS35  LIKE '%冲印%') 
15:36:52.000 UPDATE R_PQP SET GS73='T' FROM R_PQAH WHERE GS01=AH01 AND GS35=AH18 AND (GS35  LIKE '%丝印%' OR GS35 LIKE '%雕刻%' OR GS35  LIKE '%砂皮%' OR GS35  LIKE '%走台印%' OR GS35  LIKE '%冲印%')
15:36:52.000 UPDATE R_PQP SET GS73='T' FROM R_PQI WHERE GS01=YQ03 AND  GS35 LIKE '%油漆%'  AND YQ139='1'
15:36:52.000 UPDATE R_PQP SET GS73='T' FROM R_PQAF WHERE GS01=AF002 AND GS07=AF015 AND GS02=AF084 AND GS08 ='Φ'+CONVERT(VARCHAR,CONVERT(FLOAT,AF022*10))+'*'+CONVERT(VARCHAR,CONVERT(FLOAT,AF020*10)) 
15:36:52.000 UPDATE R_PQP SET GS73='T' FROM R_PQU WHERE GS01=PQU01 AND GS07=PQU10 AND GS08=PQU12  
15:36:52.000 UPDATE R_PQP SET GS73='T' FROM R_PQS WHERE GS01=PJ01 AND GS56=PJ09 AND GS57=PJ89  
15:36:53.000 UPDATE R_PQP SET GS73='T' FROM R_PQT WHERE GS01=WX01 AND GS56=WX10 AND GS57=WX11 
15:36:53.000 WITH CET AS (select GS70,GS01,GS46,GS49,GS71,GS02,right(GS08,len(GS08) - charindex('*',GS08) ) a from R_PQP  WHERE GS70='R_338' AND GS73='F' ),CFT AS (SELECT GS70,GS01,GS46,GS49,GS71,GS02,right(a,LEN(a)-charindex('*',a)) GS08 FROM CET  ),CHT AS( SELECT DISTINCT GS70,GS01,GS46,GS49,GS71,GS02,CONVERT(FLOAT,CONVERT(DECIMAL(11,2),GS08)*1.0/10) GS08 FROM CFT  )SELECT GS70,GS01,GS46,GS49,GS71,GS02,CONVERT(VARCHAR,GS08) GS08,'' GS07,PQF13,PQF31 FROM CHT A INNER JOIN R_PQF B ON A.GS01=B.PQF01  WHERE (SELECT COUNT(1) FROM R_PQO WHERE GS01=JM90 AND GS02=JM09 AND CONVERT(VARCHAR,GS08)=CONVERT(VARCHAR,CONVERT(FLOAT,CONVERT(DECIMAL(11,4),JM96))))=0 and GS01 not in (SELECT JM90 FROM R_PQO WHERE JM116='1' )
15:36:53.000 从数据类型 nvarchar 转换为 numeric 时出错。
15:37:11.000 @RES06[R_338-20180903006]
15:37:11.000 @RES01[R_338]
15:39:38.000  异常信息：由于连接方在一段时间后没有正确答复或连接的主机没有反应，连接尝试失败。 192.168.0.222:80
  堆栈信息:   在 AutoUpdate.AppUpdate.DownloadFile(String url, String localFilePath) 位置 D:\ProjectData\MLL\Mulaolao\Mulaolao\Class\AppUpdate.cs:行号 242
   在 AutoUpdate.AppUpdate.CheckAppVersion(String& msg) 位置 D:\ProjectData\MLL\Mulaolao\Mulaolao\Class\AppUpdate.cs:行号 310
15:39:46.000 UPDATE R_PQP SET GS73='T' FROM R_PQQ WHERE GS01=CP01 AND GS35=CP09 AND (GS35  LIKE '%丝印%' OR GS35 LIKE '%雕刻%' OR GS35  LIKE '%砂皮%' OR GS35  LIKE '%走台印%' OR GS35  LIKE '%冲印%') 
15:39:46.000 UPDATE R_PQP SET GS73='T' FROM R_PQAH WHERE GS01=AH01 AND GS35=AH18 AND (GS35  LIKE '%丝印%' OR GS35 LIKE '%雕刻%' OR GS35  LIKE '%砂皮%' OR GS35  LIKE '%走台印%' OR GS35  LIKE '%冲印%')
15:39:46.000 UPDATE R_PQP SET GS73='T' FROM R_PQI WHERE GS01=YQ03 AND  GS35 LIKE '%油漆%'  AND YQ139='1'
15:39:46.000 UPDATE R_PQP SET GS73='T' FROM R_PQAF WHERE GS01=AF002 AND GS07=AF015 AND GS02=AF084 AND GS08 ='Φ'+CONVERT(VARCHAR,CONVERT(FLOAT,AF022*10))+'*'+CONVERT(VARCHAR,CONVERT(FLOAT,AF020*10)) 
15:39:46.000 UPDATE R_PQP SET GS73='T' FROM R_PQU WHERE GS01=PQU01 AND GS07=PQU10 AND GS08=PQU12  
15:39:46.000 UPDATE R_PQP SET GS73='T' FROM R_PQS WHERE GS01=PJ01 AND GS56=PJ09 AND GS57=PJ89  
15:39:47.000 UPDATE R_PQP SET GS73='T' FROM R_PQT WHERE GS01=WX01 AND GS56=WX10 AND GS57=WX11 
15:39:47.000 WITH CET AS (select GS70,GS01,GS46,GS49,GS71,GS02,right(GS08,len(GS08) - charindex('*',GS08) ) a from R_PQP  WHERE GS70='R_338' AND GS73='F' ),CFT AS (SELECT GS70,GS01,GS46,GS49,GS71,GS02,right(a,LEN(a)-charindex('*',a)) GS08 FROM CET  ),CHT AS( SELECT DISTINCT GS70,GS01,GS46,GS49,GS71,GS02,CONVERT(FLOAT,CONVERT(DECIMAL(11,2),GS08)*1.0/10) GS08 FROM CFT  )SELECT GS70,GS01,GS46,GS49,GS71,GS02,CONVERT(VARCHAR,GS08) GS08,'' GS07,PQF13,PQF31 FROM CHT A INNER JOIN R_PQF B ON A.GS01=B.PQF01  WHERE (SELECT COUNT(1) FROM R_PQO WHERE GS01=JM90 AND GS02=JM09 AND CONVERT(VARCHAR,GS08)=CONVERT(VARCHAR,CONVERT(FLOAT,CONVERT(DECIMAL(11,4),JM96))))=0 and GS01 not in (SELECT JM90 FROM R_PQO WHERE JM116='1' )
15:39:47.000 从数据类型 nvarchar 转换为 numeric 时出错。
15:40:03.000 @RES06[R_338-20180903006]
15:40:03.000 @RES01[R_338]
15:42:56.000  异常信息：由于连接方在一段时间后没有正确答复或连接的主机没有反应，连接尝试失败。 192.168.0.222:80
  堆栈信息:   在 AutoUpdate.AppUpdate.DownloadFile(String url, String localFilePath) 位置 D:\ProjectData\MLL\Mulaolao\Mulaolao\Class\AppUpdate.cs:行号 242
   在 AutoUpdate.AppUpdate.CheckAppVersion(String& msg) 位置 D:\ProjectData\MLL\Mulaolao\Mulaolao\Class\AppUpdate.cs:行号 310
15:43:05.000 UPDATE R_PQP SET GS73='T' FROM R_PQQ WHERE GS01=CP01 AND GS35=CP09 AND (GS35  LIKE '%丝印%' OR GS35 LIKE '%雕刻%' OR GS35  LIKE '%砂皮%' OR GS35  LIKE '%走台印%' OR GS35  LIKE '%冲印%') 
15:43:06.000 UPDATE R_PQP SET GS73='T' FROM R_PQAH WHERE GS01=AH01 AND GS35=AH18 AND (GS35  LIKE '%丝印%' OR GS35 LIKE '%雕刻%' OR GS35  LIKE '%砂皮%' OR GS35  LIKE '%走台印%' OR GS35  LIKE '%冲印%')
15:43:06.000 UPDATE R_PQP SET GS73='T' FROM R_PQI WHERE GS01=YQ03 AND  GS35 LIKE '%油漆%'  AND YQ139='1'
15:43:06.000 UPDATE R_PQP SET GS73='T' FROM R_PQAF WHERE GS01=AF002 AND GS07=AF015 AND GS02=AF084 AND GS08 ='Φ'+CONVERT(VARCHAR,CONVERT(FLOAT,AF022*10))+'*'+CONVERT(VARCHAR,CONVERT(FLOAT,AF020*10)) 
15:43:06.000 UPDATE R_PQP SET GS73='T' FROM R_PQU WHERE GS01=PQU01 AND GS07=PQU10 AND GS08=PQU12  
15:43:06.000 UPDATE R_PQP SET GS73='T' FROM R_PQS WHERE GS01=PJ01 AND GS56=PJ09 AND GS57=PJ89  
15:43:06.000 UPDATE R_PQP SET GS73='T' FROM R_PQT WHERE GS01=WX01 AND GS56=WX10 AND GS57=WX11 
15:43:07.000 WITH CET AS (select GS70,GS01,GS46,GS49,GS71,GS02,right(GS08,len(GS08) - charindex('*',GS08) ) a from R_PQP  WHERE GS70='R_338' AND GS73='F' ),CFT AS (SELECT GS70,GS01,GS46,GS49,GS71,GS02,right(a,LEN(a)-charindex('*',a)) GS08 FROM CET  ),CHT AS( SELECT DISTINCT GS70,GS01,GS46,GS49,GS71,GS02,CONVERT(FLOAT,CONVERT(DECIMAL(11,2),GS08)*1.0/10) GS08 FROM CFT  )SELECT GS70,GS01,GS46,GS49,GS71,GS02,CONVERT(VARCHAR,GS08) GS08,'' GS07,PQF13,PQF31 FROM CHT A INNER JOIN R_PQF B ON A.GS01=B.PQF01  WHERE (SELECT COUNT(1) FROM R_PQO WHERE GS01=JM90 AND GS02=JM09 AND CONVERT(VARCHAR,GS08)=CONVERT(VARCHAR,CONVERT(FLOAT,CONVERT(DECIMAL(11,4),JM96))))=0 and GS01 not in (SELECT JM90 FROM R_PQO WHERE JM116='1' )
15:43:07.000 从数据类型 nvarchar 转换为 numeric 时出错。
15:43:41.000 @RES06[R_338-20180903006]
15:43:41.000 @RES01[R_338]
15:44:42.000  异常信息：由于连接方在一段时间后没有正确答复或连接的主机没有反应，连接尝试失败。 192.168.0.222:80
  堆栈信息:   在 AutoUpdate.AppUpdate.DownloadFile(String url, String localFilePath) 位置 D:\ProjectData\MLL\Mulaolao\Mulaolao\Class\AppUpdate.cs:行号 242
   在 AutoUpdate.AppUpdate.CheckAppVersion(String& msg) 位置 D:\ProjectData\MLL\Mulaolao\Mulaolao\Class\AppUpdate.cs:行号 310
15:45:23.000 UPDATE R_PQP SET GS73='T' FROM R_PQQ WHERE GS01=CP01 AND GS35=CP09 AND (GS35  LIKE '%丝印%' OR GS35 LIKE '%雕刻%' OR GS35  LIKE '%砂皮%' OR GS35  LIKE '%走台印%' OR GS35  LIKE '%冲印%') 
15:45:23.000 UPDATE R_PQP SET GS73='T' FROM R_PQAH WHERE GS01=AH01 AND GS35=AH18 AND (GS35  LIKE '%丝印%' OR GS35 LIKE '%雕刻%' OR GS35  LIKE '%砂皮%' OR GS35  LIKE '%走台印%' OR GS35  LIKE '%冲印%')
15:45:24.000 UPDATE R_PQP SET GS73='T' FROM R_PQI WHERE GS01=YQ03 AND  GS35 LIKE '%油漆%'  AND YQ139='1'
15:45:24.000 UPDATE R_PQP SET GS73='T' FROM R_PQAF WHERE GS01=AF002 AND GS07=AF015 AND GS02=AF084 AND GS08 ='Φ'+CONVERT(VARCHAR,CONVERT(FLOAT,AF022*10))+'*'+CONVERT(VARCHAR,CONVERT(FLOAT,AF020*10)) 
15:45:24.000 UPDATE R_PQP SET GS73='T' FROM R_PQU WHERE GS01=PQU01 AND GS07=PQU10 AND GS08=PQU12  
15:45:24.000 UPDATE R_PQP SET GS73='T' FROM R_PQS WHERE GS01=PJ01 AND GS56=PJ09 AND GS57=PJ89  
15:45:24.000 UPDATE R_PQP SET GS73='T' FROM R_PQT WHERE GS01=WX01 AND GS56=WX10 AND GS57=WX11 
15:45:24.000 WITH CET AS (select GS70,GS01,GS46,GS49,GS71,GS02,right(GS08,len(GS08) - charindex('*',GS08) ) a from R_PQP  WHERE GS70='R_338' AND GS73='F' ),CFT AS (SELECT GS70,GS01,GS46,GS49,GS71,GS02,right(a,LEN(a)-charindex('*',a)) GS08 FROM CET  ),CHT AS( SELECT DISTINCT GS70,GS01,GS46,GS49,GS71,GS02,CONVERT(FLOAT,CONVERT(DECIMAL(11,2),GS08)*1.0/10) GS08 FROM CFT  )SELECT GS70,GS01,GS46,GS49,GS71,GS02,CONVERT(VARCHAR,GS08) GS08,'' GS07,PQF13,PQF31 FROM CHT A INNER JOIN R_PQF B ON A.GS01=B.PQF01  WHERE (SELECT COUNT(1) FROM R_PQO WHERE GS01=JM90 AND GS02=JM09 AND CONVERT(VARCHAR,GS08)=CONVERT(VARCHAR,CONVERT(FLOAT,CONVERT(DECIMAL(11,4),JM96))))=0 and GS01 not in (SELECT JM90 FROM R_PQO WHERE JM116='1' )
15:45:24.000 从数据类型 nvarchar 转换为 numeric 时出错。
15:46:04.000 @RES06[R_338-20180903006]
15:46:04.000 @RES01[R_338]
15:46:10.000 UPDATE R_PQO SET JM09='密度板',JM10='76.92307',JM11='66.0000',JM12='1847.62',JM13='0.0000',JM14='库存',JM15='13',JM16='2018/9/8 0:00:00',JM17='2018/9/3 15:46:07',JM91='0.00',JM92='丽人高密度',JM93='E1',JM94='244.00',JM95='122.00',JM96='1.20',JM103='1000',JM104='0',JM112='66.0000' WHERE JM01='R_338-20180903006' AND idx='5877'
15:46:10.000 INSERT INTO R_PQBF (BF001,BF002,BF003,BF004,BF005,BF006,BF007,BF008) VALUES ('R_338','胶合板、密度板采购合同书','廖灵飞','2018/9/3 15:46:10','R_338-20180903006','UPDATE R_PQO SET JM09=''密度板'',JM10=''76.92307'',JM11=''66.0000'',JM12=''1847.62'',JM13=''0.0000'',JM14=''库存'',JM15=''13'',JM16=''2018/9/8 0:00:00'',JM17=''2018/9/3 15:46:07'',JM91=''0.00'',JM92=''丽人高密度'',JM93=''E1'',JM94=''244.00'',JM95=''122.00'',JM96=''1.20'',JM103=''1000'',JM104=''0'',JM112=''66.0000'' WHERE JM01=''R_338-20180903006'' AND idx=''5877''','编辑','更改编辑')
15:48:48.000  异常信息：由于连接方在一段时间后没有正确答复或连接的主机没有反应，连接尝试失败。 192.168.0.222:80
  堆栈信息:   在 AutoUpdate.AppUpdate.DownloadFile(String url, String localFilePath) 位置 D:\ProjectData\MLL\Mulaolao\Mulaolao\Class\AppUpdate.cs:行号 242
   在 AutoUpdate.AppUpdate.CheckAppVersion(String& msg) 位置 D:\ProjectData\MLL\Mulaolao\Mulaolao\Class\AppUpdate.cs:行号 310
15:48:58.000 UPDATE R_PQP SET GS73='T' FROM R_PQQ WHERE GS01=CP01 AND GS35=CP09 AND (GS35  LIKE '%丝印%' OR GS35 LIKE '%雕刻%' OR GS35  LIKE '%砂皮%' OR GS35  LIKE '%走台印%' OR GS35  LIKE '%冲印%') 
15:49:06.000 WITH CET AS (select GS70,GS01,GS46,GS49,GS71,GS02,right(GS08,len(GS08) - charindex('*',GS08) ) a from R_PQP  WHERE GS70='R_338' AND GS73='F' ),CFT AS (SELECT GS70,GS01,GS46,GS49,GS71,GS02,right(a,LEN(a)-charindex('*',a)) GS08 FROM CET  ),CHT AS( SELECT DISTINCT GS70,GS01,GS46,GS49,GS71,GS02,CONVERT(FLOAT,CONVERT(DECIMAL(11,2),GS08)*1.0/10) GS08 FROM CFT  )SELECT GS70,GS01,GS46,GS49,GS71,GS02,CONVERT(VARCHAR,GS08) GS08,'' GS07,PQF13,PQF31 FROM CHT A INNER JOIN R_PQF B ON A.GS01=B.PQF01  WHERE (SELECT COUNT(1) FROM R_PQO WHERE GS01=JM90 AND GS02=JM09 AND CONVERT(VARCHAR,GS08)=CONVERT(VARCHAR,CONVERT(FLOAT,CONVERT(DECIMAL(11,4),JM96))))=0 and GS01 not in (SELECT JM90 FROM R_PQO WHERE JM116='1' )
15:49:06.000 UPDATE R_PQP SET GS73='T' FROM R_PQAH WHERE GS01=AH01 AND GS35=AH18 AND (GS35  LIKE '%丝印%' OR GS35 LIKE '%雕刻%' OR GS35  LIKE '%砂皮%' OR GS35  LIKE '%走台印%' OR GS35  LIKE '%冲印%')
15:49:06.000 从数据类型 nvarchar 转换为 numeric 时出错。
15:49:06.000 UPDATE R_PQP SET GS73='T' FROM R_PQI WHERE GS01=YQ03 AND  GS35 LIKE '%油漆%'  AND YQ139='1'
15:49:06.000 UPDATE R_PQP SET GS73='T' FROM R_PQAF WHERE GS01=AF002 AND GS07=AF015 AND GS02=AF084 AND GS08 ='Φ'+CONVERT(VARCHAR,CONVERT(FLOAT,AF022*10))+'*'+CONVERT(VARCHAR,CONVERT(FLOAT,AF020*10)) 
15:49:06.000 UPDATE R_PQP SET GS73='T' FROM R_PQU WHERE GS01=PQU01 AND GS07=PQU10 AND GS08=PQU12  
15:49:06.000 UPDATE R_PQP SET GS73='T' FROM R_PQS WHERE GS01=PJ01 AND GS56=PJ09 AND GS57=PJ89  
15:49:06.000 UPDATE R_PQP SET GS73='T' FROM R_PQT WHERE GS01=WX01 AND GS56=WX10 AND GS57=WX11 
15:49:28.000 @GZ38[MLL-0001]
15:49:28.000 UPDATE R_PQW SET GZ39='执行' WHERE idx IN (SELECT FZ002 FROM R_PQFZ WHERE FZ001 IN (SELECT A.idx FROM R_PQEZ A,R_REVIEWS B WHERE RES06=EZ001 AND RES05='执行'))
15:49:31.000 WITH CET AS( SELECT SU,GZ01,GZ03,GZ04 FROM (SELECT CONVERT(DECIMAL(14,6),CASE WHEN SUM(ISNULL(GZ25,0))=0 THEN 0 ELSE (ISNULL(GZ34*GZ40*1.0,0)-SUM(ISNULL(GZ26,0)))/SUM(ISNULL(GZ25,0)) END) SU,GZ01,GZ03,GZ04 FROM R_PQW GROUP BY GZ34,GZ40,GZ01,GZ03,GZ04) A) UPDATE R_PQW SET GZ41=A.SU FROM CET A,R_PQW B WHERE A.GZ01=B.GZ01 AND A.GZ03=B.GZ03 AND A.GZ04=B.GZ04
15:49:32.000 UPDATE R_PQW SET GZ41=1.000000 WHERE GZ41>1
15:49:33.000 UPDATE R_PQW SET GZ41=0.000000 WHERE GZ41<0
15:49:33.000 @GZ38[MLL-0001]
15:49:41.000 WITH CET AS( SELECT SU,GZ01,GZ03,GZ04 FROM (SELECT CONVERT(DECIMAL(14,6),CASE WHEN SUM(ISNULL(GZ25,0))=0 THEN 0 ELSE (ISNULL(GZ34*GZ40*1.0,0)-SUM(ISNULL(GZ26,0)))/SUM(ISNULL(GZ25,0)) END) SU,GZ01,GZ03,GZ04 FROM R_PQW GROUP BY GZ34,GZ40,GZ01,GZ03,GZ04) A) UPDATE R_PQW SET GZ41=A.SU FROM CET A,R_PQW B WHERE A.GZ01=B.GZ01 AND A.GZ03=B.GZ03 AND A.GZ04=B.GZ04
15:49:42.000 UPDATE R_PQW SET GZ41=1.000000 WHERE GZ41>1
15:49:42.000 UPDATE R_PQW SET GZ41=0.000000 WHERE GZ41<0
15:49:42.000 @GZ38[MLL-0001]
