10:43:48.000  异常信息：由于连接方在一段时间后没有正确答复或连接的主机没有反应，连接尝试失败。 192.168.0.222:80
  堆栈信息:   在 AutoUpdate.AppUpdate.DownloadFile(String url, String localFilePath) 位置 D:\ProjectData\MLL\Mulaolao\Mulaolao\Class\AppUpdate.cs:行号 242
   在 AutoUpdate.AppUpdate.CheckAppVersion(String& msg) 位置 D:\ProjectData\MLL\Mulaolao\Mulaolao\Class\AppUpdate.cs:行号 310
10:43:59.000 UPDATE R_PQP SET GS73='T' FROM R_PQQ WHERE GS01=CP01 AND GS35=CP09 AND (GS35  LIKE '%丝印%' OR GS35 LIKE '%雕刻%' OR GS35  LIKE '%砂皮%' OR GS35  LIKE '%走台印%' OR GS35  LIKE '%冲印%') 
10:43:59.000 UPDATE R_PQP SET GS73='T' FROM R_PQAH WHERE GS01=AH01 AND GS35=AH18 AND (GS35  LIKE '%丝印%' OR GS35 LIKE '%雕刻%' OR GS35  LIKE '%砂皮%' OR GS35  LIKE '%走台印%' OR GS35  LIKE '%冲印%')
10:43:59.000 UPDATE R_PQP SET GS73='T' FROM R_PQI WHERE GS01=YQ03 AND  GS35 LIKE '%油漆%'  AND YQ139='1'
10:43:59.000 UPDATE R_PQP SET GS73='T' FROM R_PQAF WHERE GS01=AF002 AND GS07=AF015 AND GS02=AF084 AND GS08 ='Φ'+CONVERT(VARCHAR,CONVERT(FLOAT,AF022*10))+'*'+CONVERT(VARCHAR,CONVERT(FLOAT,AF020*10)) 
10:44:00.000 UPDATE R_PQP SET GS73='T' FROM R_PQU WHERE GS01=PQU01 AND GS07=PQU10 AND GS08=PQU12  
10:44:01.000 UPDATE R_PQP SET GS73='T' FROM R_PQS WHERE GS01=PJ01 AND GS56=PJ09 AND GS57=PJ89  
10:44:01.000 UPDATE R_PQP SET GS73='T' FROM R_PQT WHERE GS01=WX01 AND GS56=WX10 AND GS57=WX11 
10:44:01.000 WITH CET AS (select GS70,GS01,GS46,GS49,GS71,GS02,right(GS08,len(GS08) - charindex('*',GS08) ) a from R_PQP  WHERE GS70='R_338' AND GS73='F' ),CFT AS (SELECT GS70,GS01,GS46,GS49,GS71,GS02,right(a,LEN(a)-charindex('*',a)) GS08 FROM CET  ),CHT AS( SELECT DISTINCT GS70,GS01,GS46,GS49,GS71,GS02,CONVERT(FLOAT,CONVERT(DECIMAL(11,2),GS08)*1.0/10) GS08 FROM CFT  )SELECT GS70,GS01,GS46,GS49,GS71,GS02,CONVERT(VARCHAR,GS08) GS08,'' GS07,PQF13,PQF31 FROM CHT A INNER JOIN R_PQF B ON A.GS01=B.PQF01  WHERE (SELECT COUNT(1) FROM R_PQO WHERE GS01=JM90 AND GS02=JM09 AND CONVERT(VARCHAR,GS08)=CONVERT(VARCHAR,CONVERT(FLOAT,CONVERT(DECIMAL(11,4),JM96))))=0 and GS01 not in (SELECT JM90 FROM R_PQO WHERE JM116='1' )
10:44:01.000 从数据类型 nvarchar 转换为 numeric 时出错。
10:44:39.000 @RES06[R_338-20181007002]
10:44:39.000 @RES01[R_338]
10:45:57.000 @JM01[R_338-20181007002]
10:45:57.000 @JM09[蜜度板]
10:45:57.000 @JM94[92.00]
10:45:57.000 @JM95[92.00]
10:45:57.000 @JM96[0.40]
10:45:57.000 UPDATE R_PQO SET JM09='蜜度板',JM10='174.5',JM11='18.5',JM12='0',JM13='204.7',JM14='外购',JM15='0',JM16='2018/10/13 0:00:00',JM17='2018/10/7 0:00:00',JM91='0',JM92='沪东',JM93='E1',JM94='92.00',JM95='92.00',JM96='0.40',JM103='57932',JM104='332',JM112='0',JM118='0',JM119='0',JM120='5465',JM121='0.003385' WHERE JM01='R_338-20181007002' AND idx='6078'
10:45:57.000 INSERT INTO R_PQBF (BF001,BF002,BF003,BF004,BF005,BF006,BF007,BF008) VALUES ('R_338','胶合板、密度板采购合同书','廖灵飞','2018/10/9 10:45:57','R_338-20181007002','UPDATE R_PQO SET JM09=''蜜度板'',JM10=''174.5'',JM11=''18.5'',JM12=''0'',JM13=''204.7'',JM14=''外购'',JM15=''0'',JM16=''2018/10/13 0:00:00'',JM17=''2018/10/7 0:00:00'',JM91=''0'',JM92=''沪东'',JM93=''E1'',JM94=''92.00'',JM95=''92.00'',JM96=''0.40'',JM103=''57932'',JM104=''332'',JM112=''0'',JM118=''0'',JM119=''0'',JM120=''5465'',JM121=''0.003385'' WHERE JM01=''R_338-20181007002'' AND idx=''6078''','编辑','更改编辑')
10:46:10.000 @JM01[R_338-20181007002]
10:46:10.000 @JM09[蜜度板]
10:46:10.000 @JM94[92.00]
10:46:10.000 @JM95[92.00]
10:46:10.000 @JM96[1.50]
10:46:10.000 UPDATE R_PQO SET JM09='蜜度板',JM10='1060',JM11='0',JM12='0',JM13='16.95',JM14='外购',JM15='0',JM16='2018/10/13 0:00:00',JM17='2018/10/7 0:00:00',JM91='0',JM92='沪东',JM93='E1',JM94='92.00',JM95='92.00',JM96='1.50',JM103='57932',JM104='55',JM112='0',JM118='0',JM119='0',JM120='3978',JM121='0.012696' WHERE JM01='R_338-20181007002' AND idx='6077'
10:46:10.000 INSERT INTO R_PQBF (BF001,BF002,BF003,BF004,BF005,BF006,BF007,BF008) VALUES ('R_338','胶合板、密度板采购合同书','廖灵飞','2018/10/9 10:46:10','R_338-20181007002','UPDATE R_PQO SET JM09=''蜜度板'',JM10=''1060'',JM11=''0'',JM12=''0'',JM13=''16.95'',JM14=''外购'',JM15=''0'',JM16=''2018/10/13 0:00:00'',JM17=''2018/10/7 0:00:00'',JM91=''0'',JM92=''沪东'',JM93=''E1'',JM94=''92.00'',JM95=''92.00'',JM96=''1.50'',JM103=''57932'',JM104=''55'',JM112=''0'',JM118=''0'',JM119=''0'',JM120=''3978'',JM121=''0.012696'' WHERE JM01=''R_338-20181007002'' AND idx=''6077''','编辑','更改编辑')
10:46:25.000 @JM01[R_338-20181007002]
10:46:25.000 @JM09[蜜度板]
10:46:25.000 @JM94[92.00]
10:46:25.000 @JM95[92.00]
10:46:25.000 @JM96[1.80]
10:46:25.000 UPDATE R_PQO SET JM09='蜜度板',JM10='1060',JM11='60.6',JM12='0',JM13='16.95',JM14='外购',JM15='0',JM16='2018/10/13 0:00:00',JM17='2018/10/7 0:00:00',JM91='0',JM92='沪东',JM93='E1',JM94='92.00',JM95='92.00',JM96='1.80',JM103='57932',JM104='55',JM112='0',JM118='0',JM119='0',JM120='3938',JM121='0.015235' WHERE JM01='R_338-20181007002' AND idx='6077'
10:46:25.000 INSERT INTO R_PQBF (BF001,BF002,BF003,BF004,BF005,BF006,BF007,BF008) VALUES ('R_338','胶合板、密度板采购合同书','廖灵飞','2018/10/9 10:46:25','R_338-20181007002','UPDATE R_PQO SET JM09=''蜜度板'',JM10=''1060'',JM11=''60.6'',JM12=''0'',JM13=''16.95'',JM14=''外购'',JM15=''0'',JM16=''2018/10/13 0:00:00'',JM17=''2018/10/7 0:00:00'',JM91=''0'',JM92=''沪东'',JM93=''E1'',JM94=''92.00'',JM95=''92.00'',JM96=''1.80'',JM103=''57932'',JM104=''55'',JM112=''0'',JM118=''0'',JM119=''0'',JM120=''3938'',JM121=''0.015235'' WHERE JM01=''R_338-20181007002'' AND idx=''6077''','编辑','更改编辑')
10:54:20.000  异常信息：由于连接方在一段时间后没有正确答复或连接的主机没有反应，连接尝试失败。 192.168.0.222:80
  堆栈信息:   在 AutoUpdate.AppUpdate.DownloadFile(String url, String localFilePath) 位置 D:\ProjectData\MLL\Mulaolao\Mulaolao\Class\AppUpdate.cs:行号 242
   在 AutoUpdate.AppUpdate.CheckAppVersion(String& msg) 位置 D:\ProjectData\MLL\Mulaolao\Mulaolao\Class\AppUpdate.cs:行号 310
10:54:29.000 UPDATE R_PQP SET GS73='T' FROM R_PQQ WHERE GS01=CP01 AND GS35=CP09 AND (GS35  LIKE '%丝印%' OR GS35 LIKE '%雕刻%' OR GS35  LIKE '%砂皮%' OR GS35  LIKE '%走台印%' OR GS35  LIKE '%冲印%') 
10:54:29.000 UPDATE R_PQP SET GS73='T' FROM R_PQAH WHERE GS01=AH01 AND GS35=AH18 AND (GS35  LIKE '%丝印%' OR GS35 LIKE '%雕刻%' OR GS35  LIKE '%砂皮%' OR GS35  LIKE '%走台印%' OR GS35  LIKE '%冲印%')
10:54:30.000 UPDATE R_PQP SET GS73='T' FROM R_PQI WHERE GS01=YQ03 AND  GS35 LIKE '%油漆%'  AND YQ139='1'
10:54:30.000 UPDATE R_PQP SET GS73='T' FROM R_PQAF WHERE GS01=AF002 AND GS07=AF015 AND GS02=AF084 AND GS08 ='Φ'+CONVERT(VARCHAR,CONVERT(FLOAT,AF022*10))+'*'+CONVERT(VARCHAR,CONVERT(FLOAT,AF020*10)) 
10:54:31.000 UPDATE R_PQP SET GS73='T' FROM R_PQU WHERE GS01=PQU01 AND GS07=PQU10 AND GS08=PQU12  
10:54:31.000 UPDATE R_PQP SET GS73='T' FROM R_PQS WHERE GS01=PJ01 AND GS56=PJ09 AND GS57=PJ89  
10:54:32.000 UPDATE R_PQP SET GS73='T' FROM R_PQT WHERE GS01=WX01 AND GS56=WX10 AND GS57=WX11 
10:54:32.000 WITH CET AS (select GS70,GS01,GS46,GS49,GS71,GS02,right(GS08,len(GS08) - charindex('*',GS08) ) a from R_PQP  WHERE GS70='R_338' AND GS73='F' ),CFT AS (SELECT GS70,GS01,GS46,GS49,GS71,GS02,right(a,LEN(a)-charindex('*',a)) GS08 FROM CET  ),CHT AS( SELECT DISTINCT GS70,GS01,GS46,GS49,GS71,GS02,CONVERT(FLOAT,CONVERT(DECIMAL(11,2),GS08)*1.0/10) GS08 FROM CFT  )SELECT GS70,GS01,GS46,GS49,GS71,GS02,CONVERT(VARCHAR,GS08) GS08,'' GS07,PQF13,PQF31 FROM CHT A INNER JOIN R_PQF B ON A.GS01=B.PQF01  WHERE (SELECT COUNT(1) FROM R_PQO WHERE GS01=JM90 AND GS02=JM09 AND CONVERT(VARCHAR,GS08)=CONVERT(VARCHAR,CONVERT(FLOAT,CONVERT(DECIMAL(11,4),JM96))))=0 and GS01 not in (SELECT JM90 FROM R_PQO WHERE JM116='1' )
10:54:32.000 从数据类型 nvarchar 转换为 numeric 时出错。
11:03:11.000  异常信息：由于连接方在一段时间后没有正确答复或连接的主机没有反应，连接尝试失败。 192.168.0.222:80
  堆栈信息:   在 AutoUpdate.AppUpdate.DownloadFile(String url, String localFilePath) 位置 D:\ProjectData\MLL\Mulaolao\Mulaolao\Class\AppUpdate.cs:行号 242
   在 AutoUpdate.AppUpdate.CheckAppVersion(String& msg) 位置 D:\ProjectData\MLL\Mulaolao\Mulaolao\Class\AppUpdate.cs:行号 310
11:03:20.000 UPDATE R_PQP SET GS73='T' FROM R_PQQ WHERE GS01=CP01 AND GS35=CP09 AND (GS35  LIKE '%丝印%' OR GS35 LIKE '%雕刻%' OR GS35  LIKE '%砂皮%' OR GS35  LIKE '%走台印%' OR GS35  LIKE '%冲印%') 
11:03:20.000 UPDATE R_PQP SET GS73='T' FROM R_PQAH WHERE GS01=AH01 AND GS35=AH18 AND (GS35  LIKE '%丝印%' OR GS35 LIKE '%雕刻%' OR GS35  LIKE '%砂皮%' OR GS35  LIKE '%走台印%' OR GS35  LIKE '%冲印%')
11:03:21.000 UPDATE R_PQP SET GS73='T' FROM R_PQI WHERE GS01=YQ03 AND  GS35 LIKE '%油漆%'  AND YQ139='1'
11:03:21.000 UPDATE R_PQP SET GS73='T' FROM R_PQAF WHERE GS01=AF002 AND GS07=AF015 AND GS02=AF084 AND GS08 ='Φ'+CONVERT(VARCHAR,CONVERT(FLOAT,AF022*10))+'*'+CONVERT(VARCHAR,CONVERT(FLOAT,AF020*10)) 
11:03:22.000 UPDATE R_PQP SET GS73='T' FROM R_PQU WHERE GS01=PQU01 AND GS07=PQU10 AND GS08=PQU12  
11:03:22.000 UPDATE R_PQP SET GS73='T' FROM R_PQS WHERE GS01=PJ01 AND GS56=PJ09 AND GS57=PJ89  
11:03:22.000 UPDATE R_PQP SET GS73='T' FROM R_PQT WHERE GS01=WX01 AND GS56=WX10 AND GS57=WX11 
11:03:22.000 WITH CET AS (select GS70,GS01,GS46,GS49,GS71,GS02,right(GS08,len(GS08) - charindex('*',GS08) ) a from R_PQP  WHERE GS70='R_338' AND GS73='F' ),CFT AS (SELECT GS70,GS01,GS46,GS49,GS71,GS02,right(a,LEN(a)-charindex('*',a)) GS08 FROM CET  ),CHT AS( SELECT DISTINCT GS70,GS01,GS46,GS49,GS71,GS02,CONVERT(FLOAT,CONVERT(DECIMAL(11,2),GS08)*1.0/10) GS08 FROM CFT  )SELECT GS70,GS01,GS46,GS49,GS71,GS02,CONVERT(VARCHAR,GS08) GS08,'' GS07,PQF13,PQF31 FROM CHT A INNER JOIN R_PQF B ON A.GS01=B.PQF01  WHERE (SELECT COUNT(1) FROM R_PQO WHERE GS01=JM90 AND GS02=JM09 AND CONVERT(VARCHAR,GS08)=CONVERT(VARCHAR,CONVERT(FLOAT,CONVERT(DECIMAL(11,4),JM96))))=0 and GS01 not in (SELECT JM90 FROM R_PQO WHERE JM116='1' )
11:03:22.000 从数据类型 nvarchar 转换为 numeric 时出错。
11:03:44.000 @RES06[R_338-20181006004]
11:03:44.000 @RES01[R_338]
11:03:57.000 @JM01[R_338-20181006004]
11:03:57.000 @JM09[胶合板]
11:03:57.000 @JM94[92.00]
11:03:57.000 @JM95[92.00]
11:03:57.000 @JM96[0.20]
11:03:57.000 INSERT INTO R_PQO (JM01,JM09,JM10,JM11,JM12,JM13,JM14,JM15,JM16,JM17,JM91,JM92,JM93,JM94,JM95,JM96,JM103,JM104,JM112,JM03,JM118,JM119,JM120,JM121) VALUES ('R_338-20181006004','胶合板','14.71','14.2','0','561.65','外购','0','2018/10/20 0:00:00','2018/10/6 0:00:00','0','沪东','E1','92.00','92.00','0.20','42836','2912','0','000222','0','0','8387','0.001693')
11:03:57.000 INSERT INTO R_PQBF (BF001,BF002,BF003,BF004,BF005,BF006,BF007,BF008) VALUES ('R_338','胶合板、密度板采购合同书','廖灵飞','2018/10/9 11:03:57','R_338-20181006004','INSERT INTO R_PQO (JM01,JM09,JM10,JM11,JM12,JM13,JM14,JM15,JM16,JM17,JM91,JM92,JM93,JM94,JM95,JM96,JM103,JM104,JM112,JM03,JM118,JM119,JM120,JM121) VALUES (''R_338-20181006004'',''胶合板'',''14.71'',''14.2'',''0'',''561.65'',''外购'',''0'',''2018/10/20 0:00:00'',''2018/10/6 0:00:00'',''0'',''沪东'',''E1'',''92.00'',''92.00'',''0.20'',''42836'',''2912'',''0'',''000222'',''0'',''0'',''8387'',''0.001693'')','新建','更改新建')
11:04:10.000 @JM01[R_338-20181006004]
11:04:10.000 @JM09[胶合板]
11:04:10.000 @JM94[92.00]
11:04:10.000 @JM95[92.00]
11:04:10.000 @JM96[0.80]
11:04:10.000 UPDATE R_PQO SET JM09='胶合板',JM10='14.71',JM11='29.5',JM12='0',JM13='561.65',JM14='外购',JM15='0',JM16='2018/10/20 0:00:00',JM17='2018/10/6 0:00:00',JM91='0',JM92='沪东',JM93='E1',JM94='92.00',JM95='92.00',JM96='0.80',JM103='42836',JM104='2912',JM112='0',JM118='0',JM119='0',JM120='4357',JM121='0.006771' WHERE JM01='R_338-20181006004' AND idx='6075'
11:04:10.000 INSERT INTO R_PQBF (BF001,BF002,BF003,BF004,BF005,BF006,BF007,BF008) VALUES ('R_338','胶合板、密度板采购合同书','廖灵飞','2018/10/9 11:04:10','R_338-20181006004','UPDATE R_PQO SET JM09=''胶合板'',JM10=''14.71'',JM11=''29.5'',JM12=''0'',JM13=''561.65'',JM14=''外购'',JM15=''0'',JM16=''2018/10/20 0:00:00'',JM17=''2018/10/6 0:00:00'',JM91=''0'',JM92=''沪东'',JM93=''E1'',JM94=''92.00'',JM95=''92.00'',JM96=''0.80'',JM103=''42836'',JM104=''2912'',JM112=''0'',JM118=''0'',JM119=''0'',JM120=''4357'',JM121=''0.006771'' WHERE JM01=''R_338-20181006004'' AND idx=''6075''','编辑','更改编辑')
11:04:30.000 @JM01[R_338-20181006004]
11:04:30.000 @JM09[胶合板]
11:04:30.000 @JM94[92.00]
11:04:30.000 @JM95[92.00]
11:04:30.000 @JM96[0.90]
11:04:30.000 UPDATE R_PQO SET JM09='胶合板',JM10='27.46',JM11='33',JM12='0',JM13='413.47',JM14='外购',JM15='0',JM16='2018/10/20 0:00:00',JM17='2018/10/6 0:00:00',JM91='0',JM92='沪东',JM93='E1',JM94='92.00',JM95='92.00',JM96='0.90',JM103='42836',JM104='1560',JM112='0',JM118='0',JM119='0',JM120='4332',JM121='0.007618' WHERE JM01='R_338-20181006004' AND idx='6074'
11:04:30.000 INSERT INTO R_PQBF (BF001,BF002,BF003,BF004,BF005,BF006,BF007,BF008) VALUES ('R_338','胶合板、密度板采购合同书','廖灵飞','2018/10/9 11:04:30','R_338-20181006004','UPDATE R_PQO SET JM09=''胶合板'',JM10=''27.46'',JM11=''33'',JM12=''0'',JM13=''413.47'',JM14=''外购'',JM15=''0'',JM16=''2018/10/20 0:00:00'',JM17=''2018/10/6 0:00:00'',JM91=''0'',JM92=''沪东'',JM93=''E1'',JM94=''92.00'',JM95=''92.00'',JM96=''0.90'',JM103=''42836'',JM104=''1560'',JM112=''0'',JM118=''0'',JM119=''0'',JM120=''4332'',JM121=''0.007618'' WHERE JM01=''R_338-20181006004'' AND idx=''6074''','编辑','更改编辑')
11:04:38.000 @JM01[R_338-20181006004]
11:04:38.000 @JM09[胶合板]
11:04:38.000 @JM94[92.00]
11:04:38.000 @JM95[92.00]
11:04:38.000 @JM96[2.70]
11:04:38.000 UPDATE R_PQO SET JM09='胶合板',JM10='19.61',JM11='74.99',JM12='0',JM13='215.76',JM14='外购',JM15='0',JM16='2018/10/20 0:00:00',JM17='2018/10/6 0:00:00',JM91='0',JM92='沪东',JM93='E1',JM94='92.00',JM95='92.00',JM96='2.70',JM103='42836',JM104='2184',JM112='0',JM118='0',JM119='0',JM120='3282',JM121='0.02285' WHERE JM01='R_338-20181006004' AND idx='6073'
11:04:38.000 INSERT INTO R_PQBF (BF001,BF002,BF003,BF004,BF005,BF006,BF007,BF008) VALUES ('R_338','胶合板、密度板采购合同书','廖灵飞','2018/10/9 11:04:38','R_338-20181006004','UPDATE R_PQO SET JM09=''胶合板'',JM10=''19.61'',JM11=''74.99'',JM12=''0'',JM13=''215.76'',JM14=''外购'',JM15=''0'',JM16=''2018/10/20 0:00:00'',JM17=''2018/10/6 0:00:00'',JM91=''0'',JM92=''沪东'',JM93=''E1'',JM94=''92.00'',JM95=''92.00'',JM96=''2.70'',JM103=''42836'',JM104=''2184'',JM112=''0'',JM118=''0'',JM119=''0'',JM120=''3282'',JM121=''0.02285'' WHERE JM01=''R_338-20181006004'' AND idx=''6073''','编辑','更改编辑')
11:05:07.000 UPDATE R_PQO SET JM09='胶合板',JM10='14.71',JM11='5.56',JM12='8388.47',JM13='561.65',JM14='外购',JM15='0',JM16='2018/10/20 0:00:00',JM17='2018/10/6 0:00:00',JM91='0',JM92='沪东',JM93='E1',JM94='92.00',JM95='92.00',JM96='0.20',JM103='42836',JM104='2912',JM112='0.0000',JM118='0',JM119='0',JM120='8387',JM121='0.001693' WHERE JM01='R_338-20181006004' AND idx='6083'
11:05:07.000 INSERT INTO R_PQBF (BF001,BF002,BF003,BF004,BF005,BF006,BF007,BF008) VALUES ('R_338','胶合板、密度板采购合同书','廖灵飞','2018/10/9 11:05:07','R_338-20181006004','UPDATE R_PQO SET JM09=''胶合板'',JM10=''14.71'',JM11=''5.56'',JM12=''8388.47'',JM13=''561.65'',JM14=''外购'',JM15=''0'',JM16=''2018/10/20 0:00:00'',JM17=''2018/10/6 0:00:00'',JM91=''0'',JM92=''沪东'',JM93=''E1'',JM94=''92.00'',JM95=''92.00'',JM96=''0.20'',JM103=''42836'',JM104=''2912'',JM112=''0.0000'',JM118=''0'',JM119=''0'',JM120=''8387'',JM121=''0.001693'' WHERE JM01=''R_338-20181006004'' AND idx=''6083''','编辑','更改编辑')
11:05:19.000 UPDATE R_PQO SET JM09='胶合板',JM10='14.71',JM11='7.38',JM12='0',JM13='561.65',JM14='外购',JM15='0',JM16='2018/10/20 0:00:00',JM17='2018/10/6 0:00:00',JM91='0',JM92='沪东',JM93='E1',JM94='92.00',JM95='92.00',JM96='0.20',JM103='42836',JM104='2912',JM112='0.0000',JM118='0',JM119='0',JM120='8387',JM121='0.001693' WHERE JM01='R_338-20181006004' AND idx='6083'
11:05:19.000 INSERT INTO R_PQBF (BF001,BF002,BF003,BF004,BF005,BF006,BF007,BF008) VALUES ('R_338','胶合板、密度板采购合同书','廖灵飞','2018/10/9 11:05:19','R_338-20181006004','UPDATE R_PQO SET JM09=''胶合板'',JM10=''14.71'',JM11=''7.38'',JM12=''0'',JM13=''561.65'',JM14=''外购'',JM15=''0'',JM16=''2018/10/20 0:00:00'',JM17=''2018/10/6 0:00:00'',JM91=''0'',JM92=''沪东'',JM93=''E1'',JM94=''92.00'',JM95=''92.00'',JM96=''0.20'',JM103=''42836'',JM104=''2912'',JM112=''0.0000'',JM118=''0'',JM119=''0'',JM120=''8387'',JM121=''0.001693'' WHERE JM01=''R_338-20181006004'' AND idx=''6083''','编辑','更改编辑')
11:05:34.000 UPDATE R_PQO SET JM09='胶合板',JM10='14.71',JM11='14.2',JM12='0.00',JM13='561.65',JM14='外购',JM15='0',JM16='2018/10/20 0:00:00',JM17='2018/10/6 0:00:00',JM91='0',JM92='沪东',JM93='E1',JM94='92.00',JM95='92.00',JM96='0.20',JM103='42836',JM104='2912',JM112='0.0000',JM118='0',JM119='0',JM120='8387',JM121='0.001693' WHERE JM01='R_338-20181006004' AND idx='6083'
11:05:34.000 INSERT INTO R_PQBF (BF001,BF002,BF003,BF004,BF005,BF006,BF007,BF008) VALUES ('R_338','胶合板、密度板采购合同书','廖灵飞','2018/10/9 11:05:34','R_338-20181006004','UPDATE R_PQO SET JM09=''胶合板'',JM10=''14.71'',JM11=''14.2'',JM12=''0.00'',JM13=''561.65'',JM14=''外购'',JM15=''0'',JM16=''2018/10/20 0:00:00'',JM17=''2018/10/6 0:00:00'',JM91=''0'',JM92=''沪东'',JM93=''E1'',JM94=''92.00'',JM95=''92.00'',JM96=''0.20'',JM103=''42836'',JM104=''2912'',JM112=''0.0000'',JM118=''0'',JM119=''0'',JM120=''8387'',JM121=''0.001693'' WHERE JM01=''R_338-20181006004'' AND idx=''6083''','编辑','更改编辑')
11:05:43.000 UPDATE R_PQO SET JM09='胶合板',JM10='14.71',JM11='7.38',JM12='8388',JM13='561.65',JM14='外购',JM15='0',JM16='2018/10/20 0:00:00',JM17='2018/10/6 0:00:00',JM91='0',JM92='沪东',JM93='E1',JM94='92.00',JM95='92.00',JM96='0.20',JM103='42836',JM104='2912',JM112='0.0000',JM118='0',JM119='0',JM120='8387',JM121='0.001693' WHERE JM01='R_338-20181006004' AND idx='6083'
11:05:43.000 INSERT INTO R_PQBF (BF001,BF002,BF003,BF004,BF005,BF006,BF007,BF008) VALUES ('R_338','胶合板、密度板采购合同书','廖灵飞','2018/10/9 11:05:43','R_338-20181006004','UPDATE R_PQO SET JM09=''胶合板'',JM10=''14.71'',JM11=''7.38'',JM12=''8388'',JM13=''561.65'',JM14=''外购'',JM15=''0'',JM16=''2018/10/20 0:00:00'',JM17=''2018/10/6 0:00:00'',JM91=''0'',JM92=''沪东'',JM93=''E1'',JM94=''92.00'',JM95=''92.00'',JM96=''0.20'',JM103=''42836'',JM104=''2912'',JM112=''0.0000'',JM118=''0'',JM119=''0'',JM120=''8387'',JM121=''0.001693'' WHERE JM01=''R_338-20181006004'' AND idx=''6083''','编辑','更改编辑')
11:06:19.000 UPDATE R_PQO SET JM09='胶合板',JM10='14.71',JM11='14.2',JM12='8388',JM13='561.65',JM14='外购',JM15='0',JM16='2018/10/20 0:00:00',JM17='2018/10/6 0:00:00',JM91='0',JM92='沪东',JM93='E1',JM94='92.00',JM95='92.00',JM96='0.20',JM103='42836',JM104='2912',JM112='0',JM118='0',JM119='0',JM120='8387',JM121='0.001693' WHERE JM01='R_338-20181006004' AND idx='6083'
11:06:19.000 INSERT INTO R_PQBF (BF001,BF002,BF003,BF004,BF005,BF006,BF007,BF008) VALUES ('R_338','胶合板、密度板采购合同书','廖灵飞','2018/10/9 11:06:19','R_338-20181006004','UPDATE R_PQO SET JM09=''胶合板'',JM10=''14.71'',JM11=''14.2'',JM12=''8388'',JM13=''561.65'',JM14=''外购'',JM15=''0'',JM16=''2018/10/20 0:00:00'',JM17=''2018/10/6 0:00:00'',JM91=''0'',JM92=''沪东'',JM93=''E1'',JM94=''92.00'',JM95=''92.00'',JM96=''0.20'',JM103=''42836'',JM104=''2912'',JM112=''0'',JM118=''0'',JM119=''0'',JM120=''8387'',JM121=''0.001693'' WHERE JM01=''R_338-20181006004'' AND idx=''6083''','编辑','更改编辑')
11:06:32.000 UPDATE R_PQO SET JM09='胶合板',JM10='14.71',JM11='56.79',JM12='4356.69',JM13='561.65',JM14='外购',JM15='0',JM16='2018/10/20 0:00:00',JM17='2018/10/6 0:00:00',JM91='0',JM92='沪东',JM93='E1',JM94='92.00',JM95='92.00',JM96='0.80',JM103='42836',JM104='2912',JM112='29.5000',JM118='0',JM119='0',JM120='4357',JM121='0.006771' WHERE JM01='R_338-20181006004' AND idx='6075'
11:06:32.000 INSERT INTO R_PQBF (BF001,BF002,BF003,BF004,BF005,BF006,BF007,BF008) VALUES ('R_338','胶合板、密度板采购合同书','廖灵飞','2018/10/9 11:06:32','R_338-20181006004','UPDATE R_PQO SET JM09=''胶合板'',JM10=''14.71'',JM11=''56.79'',JM12=''4356.69'',JM13=''561.65'',JM14=''外购'',JM15=''0'',JM16=''2018/10/20 0:00:00'',JM17=''2018/10/6 0:00:00'',JM91=''0'',JM92=''沪东'',JM93=''E1'',JM94=''92.00'',JM95=''92.00'',JM96=''0.80'',JM103=''42836'',JM104=''2912'',JM112=''29.5000'',JM118=''0'',JM119=''0'',JM120=''4357'',JM121=''0.006771'' WHERE JM01=''R_338-20181006004'' AND idx=''6075''','编辑','更改编辑')
11:06:49.000 UPDATE R_PQO SET JM09='胶合板',JM10='14.71',JM11='29.5',JM12='8386.99',JM13='561.65',JM14='外购',JM15='0',JM16='2018/10/20 0:00:00',JM17='2018/10/6 0:00:00',JM91='0',JM92='沪东',JM93='E1',JM94='92.00',JM95='92.00',JM96='0.80',JM103='42836',JM104='2912',JM112='56.7900',JM118='0',JM119='0',JM120='4357',JM121='0.006771' WHERE JM01='R_338-20181006004' AND idx='6075'
11:06:49.000 INSERT INTO R_PQBF (BF001,BF002,BF003,BF004,BF005,BF006,BF007,BF008) VALUES ('R_338','胶合板、密度板采购合同书','廖灵飞','2018/10/9 11:06:49','R_338-20181006004','UPDATE R_PQO SET JM09=''胶合板'',JM10=''14.71'',JM11=''29.5'',JM12=''8386.99'',JM13=''561.65'',JM14=''外购'',JM15=''0'',JM16=''2018/10/20 0:00:00'',JM17=''2018/10/6 0:00:00'',JM91=''0'',JM92=''沪东'',JM93=''E1'',JM94=''92.00'',JM95=''92.00'',JM96=''0.80'',JM103=''42836'',JM104=''2912'',JM112=''56.7900'',JM118=''0'',JM119=''0'',JM120=''4357'',JM121=''0.006771'' WHERE JM01=''R_338-20181006004'' AND idx=''6075''','编辑','更改编辑')
11:06:57.000 UPDATE R_PQO SET JM09='胶合板',JM10='14.71',JM11='29.5',JM12='4356',JM13='561.65',JM14='外购',JM15='0',JM16='2018/10/20 0:00:00',JM17='2018/10/6 0:00:00',JM91='0',JM92='沪东',JM93='E1',JM94='92.00',JM95='92.00',JM96='0.80',JM103='42836',JM104='2912',JM112='56.7900',JM118='0',JM119='0',JM120='4357',JM121='0.006771' WHERE JM01='R_338-20181006004' AND idx='6075'
11:06:57.000 INSERT INTO R_PQBF (BF001,BF002,BF003,BF004,BF005,BF006,BF007,BF008) VALUES ('R_338','胶合板、密度板采购合同书','廖灵飞','2018/10/9 11:06:57','R_338-20181006004','UPDATE R_PQO SET JM09=''胶合板'',JM10=''14.71'',JM11=''29.5'',JM12=''4356'',JM13=''561.65'',JM14=''外购'',JM15=''0'',JM16=''2018/10/20 0:00:00'',JM17=''2018/10/6 0:00:00'',JM91=''0'',JM92=''沪东'',JM93=''E1'',JM94=''92.00'',JM95=''92.00'',JM96=''0.80'',JM103=''42836'',JM104=''2912'',JM112=''56.7900'',JM118=''0'',JM119=''0'',JM120=''4357'',JM121=''0.006771'' WHERE JM01=''R_338-20181006004'' AND idx=''6075''','编辑','更改编辑')
11:07:04.000 UPDATE R_PQO SET JM09='胶合板',JM10='27.46',JM11='33',JM12='4332.07',JM13='413.47',JM14='外购',JM15='0',JM16='2018/10/20 0:00:00',JM17='2018/10/6 0:00:00',JM91='0',JM92='沪东',JM93='E1',JM94='92.00',JM95='92.00',JM96='0.90',JM103='42836',JM104='1560',JM112='33.0000',JM118='0',JM119='0',JM120='4332',JM121='0.007618' WHERE JM01='R_338-20181006004' AND idx='6074'
11:07:04.000 INSERT INTO R_PQBF (BF001,BF002,BF003,BF004,BF005,BF006,BF007,BF008) VALUES ('R_338','胶合板、密度板采购合同书','廖灵飞','2018/10/9 11:07:04','R_338-20181006004','UPDATE R_PQO SET JM09=''胶合板'',JM10=''27.46'',JM11=''33'',JM12=''4332.07'',JM13=''413.47'',JM14=''外购'',JM15=''0'',JM16=''2018/10/20 0:00:00'',JM17=''2018/10/6 0:00:00'',JM91=''0'',JM92=''沪东'',JM93=''E1'',JM94=''92.00'',JM95=''92.00'',JM96=''0.90'',JM103=''42836'',JM104=''1560'',JM112=''33.0000'',JM118=''0'',JM119=''0'',JM120=''4332'',JM121=''0.007618'' WHERE JM01=''R_338-20181006004'' AND idx=''6074''','编辑','更改编辑')
11:07:11.000 UPDATE R_PQO SET JM09='胶合板',JM10='19.61',JM11='74.99',JM12='3281.44',JM13='215.76',JM14='外购',JM15='0',JM16='2018/10/20 0:00:00',JM17='2018/10/6 0:00:00',JM91='0',JM92='沪东',JM93='E1',JM94='92.00',JM95='92.00',JM96='2.70',JM103='42836',JM104='2184',JM112='74.9900',JM118='0',JM119='0',JM120='3282',JM121='0.02285' WHERE JM01='R_338-20181006004' AND idx='6073'
11:07:11.000 INSERT INTO R_PQBF (BF001,BF002,BF003,BF004,BF005,BF006,BF007,BF008) VALUES ('R_338','胶合板、密度板采购合同书','廖灵飞','2018/10/9 11:07:11','R_338-20181006004','UPDATE R_PQO SET JM09=''胶合板'',JM10=''19.61'',JM11=''74.99'',JM12=''3281.44'',JM13=''215.76'',JM14=''外购'',JM15=''0'',JM16=''2018/10/20 0:00:00'',JM17=''2018/10/6 0:00:00'',JM91=''0'',JM92=''沪东'',JM93=''E1'',JM94=''92.00'',JM95=''92.00'',JM96=''2.70'',JM103=''42836'',JM104=''2184'',JM112=''74.9900'',JM118=''0'',JM119=''0'',JM120=''3282'',JM121=''0.02285'' WHERE JM01=''R_338-20181006004'' AND idx=''6073''','编辑','更改编辑')
11:07:17.000 UPDATE R_PQO SET JM09='胶合板',JM10='14.71',JM11='29.33',JM12='4356.69',JM13='561.65',JM14='外购',JM15='0',JM16='2018/10/20 0:00:00',JM17='2018/10/6 0:00:00',JM91='0',JM92='沪东',JM93='E1',JM94='92.00',JM95='92.00',JM96='0.80',JM103='42836',JM104='2912',JM112='29.5000',JM118='0',JM119='0',JM120='4357',JM121='0.006771' WHERE JM01='R_338-20181006004' AND idx='6075'
11:07:17.000 INSERT INTO R_PQBF (BF001,BF002,BF003,BF004,BF005,BF006,BF007,BF008) VALUES ('R_338','胶合板、密度板采购合同书','廖灵飞','2018/10/9 11:07:17','R_338-20181006004','UPDATE R_PQO SET JM09=''胶合板'',JM10=''14.71'',JM11=''29.33'',JM12=''4356.69'',JM13=''561.65'',JM14=''外购'',JM15=''0'',JM16=''2018/10/20 0:00:00'',JM17=''2018/10/6 0:00:00'',JM91=''0'',JM92=''沪东'',JM93=''E1'',JM94=''92.00'',JM95=''92.00'',JM96=''0.80'',JM103=''42836'',JM104=''2912'',JM112=''29.5000'',JM118=''0'',JM119=''0'',JM120=''4357'',JM121=''0.006771'' WHERE JM01=''R_338-20181006004'' AND idx=''6075''','编辑','更改编辑')
11:07:27.000 UPDATE R_PQO SET JM09='胶合板',JM10='14.71',JM11='29.5',JM12='4331.58',JM13='561.65',JM14='外购',JM15='0',JM16='2018/10/20 0:00:00',JM17='2018/10/6 0:00:00',JM91='0',JM92='沪东',JM93='E1',JM94='92.00',JM95='92.00',JM96='0.80',JM103='42836',JM104='2912',JM112='29.3300',JM118='0',JM119='0',JM120='4357',JM121='0.006771' WHERE JM01='R_338-20181006004' AND idx='6075'
11:07:27.000 INSERT INTO R_PQBF (BF001,BF002,BF003,BF004,BF005,BF006,BF007,BF008) VALUES ('R_338','胶合板、密度板采购合同书','廖灵飞','2018/10/9 11:07:27','R_338-20181006004','UPDATE R_PQO SET JM09=''胶合板'',JM10=''14.71'',JM11=''29.5'',JM12=''4331.58'',JM13=''561.65'',JM14=''外购'',JM15=''0'',JM16=''2018/10/20 0:00:00'',JM17=''2018/10/6 0:00:00'',JM91=''0'',JM92=''沪东'',JM93=''E1'',JM94=''92.00'',JM95=''92.00'',JM96=''0.80'',JM103=''42836'',JM104=''2912'',JM112=''29.3300'',JM118=''0'',JM119=''0'',JM120=''4357'',JM121=''0.006771'' WHERE JM01=''R_338-20181006004'' AND idx=''6075''','编辑','更改编辑')
11:07:38.000 UPDATE R_PQO SET JM09='胶合板',JM10='14.71',JM11='14.2',JM12='8388.00',JM13='561.65',JM14='外购',JM15='0',JM16='2018/10/20 0:00:00',JM17='2018/10/6 0:00:00',JM91='0',JM92='沪东',JM93='E1',JM94='92.00',JM95='92.00',JM96='0.20',JM103='42836',JM104='2912',JM112='0.0000',JM118='0',JM119='0',JM120='8387',JM121='0.001693' WHERE JM01='R_338-20181006004' AND idx='6083'
11:07:38.000 INSERT INTO R_PQBF (BF001,BF002,BF003,BF004,BF005,BF006,BF007,BF008) VALUES ('R_338','胶合板、密度板采购合同书','廖灵飞','2018/10/9 11:07:38','R_338-20181006004','UPDATE R_PQO SET JM09=''胶合板'',JM10=''14.71'',JM11=''14.2'',JM12=''8388.00'',JM13=''561.65'',JM14=''外购'',JM15=''0'',JM16=''2018/10/20 0:00:00'',JM17=''2018/10/6 0:00:00'',JM91=''0'',JM92=''沪东'',JM93=''E1'',JM94=''92.00'',JM95=''92.00'',JM96=''0.20'',JM103=''42836'',JM104=''2912'',JM112=''0.0000'',JM118=''0'',JM119=''0'',JM120=''8387'',JM121=''0.001693'' WHERE JM01=''R_338-20181006004'' AND idx=''6083''','编辑','更改编辑')
11:07:58.000 UPDATE R_PQO SET JM09='胶合板',JM10='14.71',JM11='14.2',JM12='8388.00',JM13='561.65',JM14='外购',JM15='0',JM16='2018/10/20 0:00:00',JM17='2018/10/6 0:00:00',JM91='0',JM92='沪东',JM93='E1',JM94='92.00',JM95='92.00',JM96='0.20',JM103='42836',JM104='2912',JM112='0.0000',JM118='0',JM119='0',JM120='8387',JM121='0.001693' WHERE JM01='R_338-20181006004' AND idx='6083'
11:07:58.000 INSERT INTO R_PQBF (BF001,BF002,BF003,BF004,BF005,BF006,BF007,BF008) VALUES ('R_338','胶合板、密度板采购合同书','廖灵飞','2018/10/9 11:07:58','R_338-20181006004','UPDATE R_PQO SET JM09=''胶合板'',JM10=''14.71'',JM11=''14.2'',JM12=''8388.00'',JM13=''561.65'',JM14=''外购'',JM15=''0'',JM16=''2018/10/20 0:00:00'',JM17=''2018/10/6 0:00:00'',JM91=''0'',JM92=''沪东'',JM93=''E1'',JM94=''92.00'',JM95=''92.00'',JM96=''0.20'',JM103=''42836'',JM104=''2912'',JM112=''0.0000'',JM118=''0'',JM119=''0'',JM120=''8387'',JM121=''0.001693'' WHERE JM01=''R_338-20181006004'' AND idx=''6083''','编辑','更改编辑')
11:11:07.000  异常信息：由于连接方在一段时间后没有正确答复或连接的主机没有反应，连接尝试失败。 192.168.0.222:80
  堆栈信息:   在 AutoUpdate.AppUpdate.DownloadFile(String url, String localFilePath) 位置 D:\ProjectData\MLL\Mulaolao\Mulaolao\Class\AppUpdate.cs:行号 242
   在 AutoUpdate.AppUpdate.CheckAppVersion(String& msg) 位置 D:\ProjectData\MLL\Mulaolao\Mulaolao\Class\AppUpdate.cs:行号 310
11:11:14.000 UPDATE R_PQP SET GS73='T' FROM R_PQQ WHERE GS01=CP01 AND GS35=CP09 AND (GS35  LIKE '%丝印%' OR GS35 LIKE '%雕刻%' OR GS35  LIKE '%砂皮%' OR GS35  LIKE '%走台印%' OR GS35  LIKE '%冲印%') 
11:11:14.000 UPDATE R_PQP SET GS73='T' FROM R_PQAH WHERE GS01=AH01 AND GS35=AH18 AND (GS35  LIKE '%丝印%' OR GS35 LIKE '%雕刻%' OR GS35  LIKE '%砂皮%' OR GS35  LIKE '%走台印%' OR GS35  LIKE '%冲印%')
11:11:14.000 UPDATE R_PQP SET GS73='T' FROM R_PQI WHERE GS01=YQ03 AND  GS35 LIKE '%油漆%'  AND YQ139='1'
11:11:14.000 UPDATE R_PQP SET GS73='T' FROM R_PQAF WHERE GS01=AF002 AND GS07=AF015 AND GS02=AF084 AND GS08 ='Φ'+CONVERT(VARCHAR,CONVERT(FLOAT,AF022*10))+'*'+CONVERT(VARCHAR,CONVERT(FLOAT,AF020*10)) 
11:11:14.000 UPDATE R_PQP SET GS73='T' FROM R_PQU WHERE GS01=PQU01 AND GS07=PQU10 AND GS08=PQU12  
11:11:15.000 UPDATE R_PQP SET GS73='T' FROM R_PQS WHERE GS01=PJ01 AND GS56=PJ09 AND GS57=PJ89  
11:11:15.000 UPDATE R_PQP SET GS73='T' FROM R_PQT WHERE GS01=WX01 AND GS56=WX10 AND GS57=WX11 
11:11:16.000 WITH CET AS (select GS70,GS01,GS46,GS49,GS71,GS02,right(GS08,len(GS08) - charindex('*',GS08) ) a from R_PQP  WHERE GS70='R_338' AND GS73='F' ),CFT AS (SELECT GS70,GS01,GS46,GS49,GS71,GS02,right(a,LEN(a)-charindex('*',a)) GS08 FROM CET  ),CHT AS( SELECT DISTINCT GS70,GS01,GS46,GS49,GS71,GS02,CONVERT(FLOAT,CONVERT(DECIMAL(11,2),GS08)*1.0/10) GS08 FROM CFT  )SELECT GS70,GS01,GS46,GS49,GS71,GS02,CONVERT(VARCHAR,GS08) GS08,'' GS07,PQF13,PQF31 FROM CHT A INNER JOIN R_PQF B ON A.GS01=B.PQF01  WHERE (SELECT COUNT(1) FROM R_PQO WHERE GS01=JM90 AND GS02=JM09 AND CONVERT(VARCHAR,GS08)=CONVERT(VARCHAR,CONVERT(FLOAT,CONVERT(DECIMAL(11,4),JM96))))=0 and GS01 not in (SELECT JM90 FROM R_PQO WHERE JM116='1' )
11:11:16.000 从数据类型 nvarchar 转换为 numeric 时出错。
11:11:30.000 @RES06[R_338-20181006004]
11:11:30.000 @RES01[R_338]
11:11:49.000 DELETE FROM R_PQO WHERE JM01='R_338-20181006004' AND idx=6073
11:11:49.000 INSERT INTO R_PQBF (BF001,BF002,BF003,BF004,BF005,BF006,BF007,BF008) VALUES ('R_338','胶合板、密度板采购合同书','廖灵飞','2018/10/9 11:11:49','R_338-20181006004','DELETE FROM R_PQO WHERE JM01=''R_338-20181006004'' AND idx=6073','删除','更改删除')
11:11:51.000 DELETE FROM R_PQO WHERE JM01='R_338-20181006004' AND idx=6074
11:11:51.000 INSERT INTO R_PQBF (BF001,BF002,BF003,BF004,BF005,BF006,BF007,BF008) VALUES ('R_338','胶合板、密度板采购合同书','廖灵飞','2018/10/9 11:11:51','R_338-20181006004','DELETE FROM R_PQO WHERE JM01=''R_338-20181006004'' AND idx=6074','删除','更改删除')
11:11:54.000 DELETE FROM R_PQO WHERE JM01='R_338-20181006004' AND idx=6075
11:11:54.000 INSERT INTO R_PQBF (BF001,BF002,BF003,BF004,BF005,BF006,BF007,BF008) VALUES ('R_338','胶合板、密度板采购合同书','廖灵飞','2018/10/9 11:11:54','R_338-20181006004','DELETE FROM R_PQO WHERE JM01=''R_338-20181006004'' AND idx=6075','删除','更改删除')
11:11:56.000 DELETE FROM R_PQO WHERE JM01='R_338-20181006004' AND idx=6083
11:11:56.000 INSERT INTO R_PQBF (BF001,BF002,BF003,BF004,BF005,BF006,BF007,BF008) VALUES ('R_338','胶合板、密度板采购合同书','廖灵飞','2018/10/9 11:11:56','R_338-20181006004','DELETE FROM R_PQO WHERE JM01=''R_338-20181006004'' AND idx=6083','删除','更改删除')
11:12:15.000 @JM01[R_338-20181006004]
11:12:15.000 @JM09[胶合板]
11:12:15.000 @JM94[92.00]
11:12:15.000 @JM95[92.00]
11:12:15.000 @JM96[0.20]
11:12:15.000 INSERT INTO R_PQO (JM01,JM09,JM10,JM11,JM12,JM13,JM14,JM15,JM16,JM17,JM91,JM92,JM93,JM94,JM95,JM96,JM103,JM104,JM112,JM03,JM118,JM119,JM120,JM121) VALUES ('R_338-20181006004','胶合板','12','14.2','0','0','外购','0','2018/10/20 0:00:00','2018/10/6 0:00:00','0','沪东','E1','92.00','92.00','0.20','42836','3570','0','000222','0','0','8387','0.001693')
11:12:15.000 INSERT INTO R_PQBF (BF001,BF002,BF003,BF004,BF005,BF006,BF007,BF008) VALUES ('R_338','胶合板、密度板采购合同书','廖灵飞','2018/10/9 11:12:15','R_338-20181006004','INSERT INTO R_PQO (JM01,JM09,JM10,JM11,JM12,JM13,JM14,JM15,JM16,JM17,JM91,JM92,JM93,JM94,JM95,JM96,JM103,JM104,JM112,JM03,JM118,JM119,JM120,JM121) VALUES (''R_338-20181006004'',''胶合板'',''12'',''14.2'',''0'',''0'',''外购'',''0'',''2018/10/20 0:00:00'',''2018/10/6 0:00:00'',''0'',''沪东'',''E1'',''92.00'',''92.00'',''0.20'',''42836'',''3570'',''0'',''000222'',''0'',''0'',''8387'',''0.001693'')','新建','更改新建')
18:34:59.000  异常信息：由于连接方在一段时间后没有正确答复或连接的主机没有反应，连接尝试失败。 192.168.0.222:80
  堆栈信息:   在 AutoUpdate.AppUpdate.DownloadFile(String url, String localFilePath) 位置 D:\ProjectData\MLL\Mulaolao\Mulaolao\Class\AppUpdate.cs:行号 242
   在 AutoUpdate.AppUpdate.CheckAppVersion(String& msg) 位置 D:\ProjectData\MLL\Mulaolao\Mulaolao\Class\AppUpdate.cs:行号 310
18:35:09.000 UPDATE R_PQP SET GS73='T' FROM R_PQQ WHERE GS01=CP01 AND GS35=CP09 AND (GS35  LIKE '%丝印%' OR GS35 LIKE '%雕刻%' OR GS35  LIKE '%砂皮%' OR GS35  LIKE '%走台印%' OR GS35  LIKE '%冲印%') 
18:35:09.000 UPDATE R_PQP SET GS73='T' FROM R_PQAH WHERE GS01=AH01 AND GS35=AH18 AND (GS35  LIKE '%丝印%' OR GS35 LIKE '%雕刻%' OR GS35  LIKE '%砂皮%' OR GS35  LIKE '%走台印%' OR GS35  LIKE '%冲印%')
18:35:09.000 UPDATE R_PQP SET GS73='T' FROM R_PQI WHERE GS01=YQ03 AND  GS35 LIKE '%油漆%'  AND YQ139='1'
18:35:09.000 UPDATE R_PQP SET GS73='T' FROM R_PQAF WHERE GS01=AF002 AND GS07=AF015 AND GS02=AF084 AND GS08 ='Φ'+CONVERT(VARCHAR,CONVERT(FLOAT,AF022*10))+'*'+CONVERT(VARCHAR,CONVERT(FLOAT,AF020*10)) 
18:35:10.000 UPDATE R_PQP SET GS73='T' FROM R_PQU WHERE GS01=PQU01 AND GS07=PQU10 AND GS08=PQU12  
18:35:10.000 UPDATE R_PQP SET GS73='T' FROM R_PQS WHERE GS01=PJ01 AND GS56=PJ09 AND GS57=PJ89  
18:35:11.000 UPDATE R_PQP SET GS73='T' FROM R_PQT WHERE GS01=WX01 AND GS56=WX10 AND GS57=WX11 
18:35:11.000 WITH CET AS (select GS70,GS01,GS46,GS49,GS71,GS02,right(GS08,len(GS08) - charindex('*',GS08) ) a from R_PQP  WHERE GS70='R_338' AND GS73='F' ),CFT AS (SELECT GS70,GS01,GS46,GS49,GS71,GS02,right(a,LEN(a)-charindex('*',a)) GS08 FROM CET  ),CHT AS( SELECT DISTINCT GS70,GS01,GS46,GS49,GS71,GS02,CONVERT(FLOAT,CONVERT(DECIMAL(11,2),GS08)*1.0/10) GS08 FROM CFT  )SELECT GS70,GS01,GS46,GS49,GS71,GS02,CONVERT(VARCHAR,GS08) GS08,'' GS07,PQF13,PQF31 FROM CHT A INNER JOIN R_PQF B ON A.GS01=B.PQF01  WHERE (SELECT COUNT(1) FROM R_PQO WHERE GS01=JM90 AND GS02=JM09 AND CONVERT(VARCHAR,GS08)=CONVERT(VARCHAR,CONVERT(FLOAT,CONVERT(DECIMAL(11,4),JM96))))=0 and GS01 not in (SELECT JM90 FROM R_PQO WHERE JM116='1' )
18:35:11.000 从数据类型 nvarchar 转换为 numeric 时出错。
18:37:26.000 @JM01[R_338-20181009001]
18:37:26.000 @JM09[胶合板]
18:37:26.000 @JM94[92.00]
18:37:26.000 @JM95[92.00]
18:37:26.000 @JM96[0.20]
18:37:26.000 UPDATE R_PQO SET JM09='胶合板',JM10='7.04900',JM11='14.2',JM12='0',JM13='95.4000',JM14='外购',JM15='0',JM16='2018/11/2 0:00:00',JM17='2018/8/9 0:00:00',JM91='0.00',JM92='沪东',JM93='E1',JM94='92.00',JM95='92.00',JM96='0.20',JM103='960',JM104='136',JM112='0',JM118='0',JM119='0',JM120='8387',JM121='0.001693' WHERE JM01='R_338-20181009001' AND idx='5671'
18:37:26.000 INSERT INTO R_PQBF (BF001,BF002,BF003,BF004,BF005,BF006,BF007,BF008) VALUES ('R_338','胶合板、密度板采购合同书','廖灵飞','2018/10/9 18:37:26','R_338-20181009001','UPDATE R_PQO SET JM09=''胶合板'',JM10=''7.04900'',JM11=''14.2'',JM12=''0'',JM13=''95.4000'',JM14=''外购'',JM15=''0'',JM16=''2018/11/2 0:00:00'',JM17=''2018/8/9 0:00:00'',JM91=''0.00'',JM92=''沪东'',JM93=''E1'',JM94=''92.00'',JM95=''92.00'',JM96=''0.20'',JM103=''960'',JM104=''136'',JM112=''0'',JM118=''0'',JM119=''0'',JM120=''8387'',JM121=''0.001693'' WHERE JM01=''R_338-20181009001'' AND idx=''5671''','编辑','新增编辑')
18:37:28.000 @JM01[R_338-20181009001]
18:37:28.000 @JM09[胶合板]
18:37:28.000 @JM94[92.00]
18:37:28.000 @JM95[92.00]
18:37:28.000 @JM96[0.20]
18:37:28.000 INSERT INTO R_PQO (JM01,JM09,JM10,JM11,JM12,JM13,JM14,JM15,JM16,JM17,JM91,JM92,JM93,JM94,JM95,JM96,JM103,JM104,JM112,JM03,JM118,JM119,JM120,JM121) VALUES ('R_338-20181009001','胶合板','7.04900','14.2','0','95.4000','外购','0','2018/11/2 0:00:00','2018/8/9 0:00:00','0.00','沪东','E1','92.00','92.00','0.20','960','136','0','000222','0','0','8387','0.001693')
18:37:28.000 INSERT INTO R_PQBF (BF001,BF002,BF003,BF004,BF005,BF006,BF007,BF008) VALUES ('R_338','胶合板、密度板采购合同书','廖灵飞','2018/10/9 18:37:28','R_338-20181009001','INSERT INTO R_PQO (JM01,JM09,JM10,JM11,JM12,JM13,JM14,JM15,JM16,JM17,JM91,JM92,JM93,JM94,JM95,JM96,JM103,JM104,JM112,JM03,JM118,JM119,JM120,JM121) VALUES (''R_338-20181009001'',''胶合板'',''7.04900'',''14.2'',''0'',''95.4000'',''外购'',''0'',''2018/11/2 0:00:00'',''2018/8/9 0:00:00'',''0.00'',''沪东'',''E1'',''92.00'',''92.00'',''0.20'',''960'',''136'',''0'',''000222'',''0'',''0'',''8387'',''0.001693'')','新建','新增新建')
18:37:43.000 UPDATE R_PQO SET JM09='胶合板',JM10='7.049',JM11='14.2',JM12='8388',JM13='95.4',JM14='外购',JM15='0',JM16='2018/11/2 0:00:00',JM17='2018/8/9 0:00:00',JM91='0',JM92='沪东',JM93='E1',JM94='92.00',JM95='92.00',JM96='0.20',JM103='960',JM104='136',JM112='0.0000',JM118='0',JM119='0',JM120='8387',JM121='0.001693' WHERE JM01='R_338-20181009001' AND idx='6085'
18:37:43.000 INSERT INTO R_PQBF (BF001,BF002,BF003,BF004,BF005,BF006,BF007,BF008) VALUES ('R_338','胶合板、密度板采购合同书','廖灵飞','2018/10/9 18:37:43','R_338-20181009001','UPDATE R_PQO SET JM09=''胶合板'',JM10=''7.049'',JM11=''14.2'',JM12=''8388'',JM13=''95.4'',JM14=''外购'',JM15=''0'',JM16=''2018/11/2 0:00:00'',JM17=''2018/8/9 0:00:00'',JM91=''0'',JM92=''沪东'',JM93=''E1'',JM94=''92.00'',JM95=''92.00'',JM96=''0.20'',JM103=''960'',JM104=''136'',JM112=''0.0000'',JM118=''0'',JM119=''0'',JM120=''8387'',JM121=''0.001693'' WHERE JM01=''R_338-20181009001'' AND idx=''6085''','编辑','新增编辑')
18:43:06.000  异常信息：由于连接方在一段时间后没有正确答复或连接的主机没有反应，连接尝试失败。 192.168.0.222:80
  堆栈信息:   在 AutoUpdate.AppUpdate.DownloadFile(String url, String localFilePath) 位置 D:\ProjectData\MLL\Mulaolao\Mulaolao\Class\AppUpdate.cs:行号 242
   在 AutoUpdate.AppUpdate.CheckAppVersion(String& msg) 位置 D:\ProjectData\MLL\Mulaolao\Mulaolao\Class\AppUpdate.cs:行号 310
18:43:17.000 UPDATE R_PQP SET GS73='T' FROM R_PQQ WHERE GS01=CP01 AND GS35=CP09 AND (GS35  LIKE '%丝印%' OR GS35 LIKE '%雕刻%' OR GS35  LIKE '%砂皮%' OR GS35  LIKE '%走台印%' OR GS35  LIKE '%冲印%') 
18:43:17.000 UPDATE R_PQP SET GS73='T' FROM R_PQAH WHERE GS01=AH01 AND GS35=AH18 AND (GS35  LIKE '%丝印%' OR GS35 LIKE '%雕刻%' OR GS35  LIKE '%砂皮%' OR GS35  LIKE '%走台印%' OR GS35  LIKE '%冲印%')
18:43:17.000 UPDATE R_PQP SET GS73='T' FROM R_PQI WHERE GS01=YQ03 AND  GS35 LIKE '%油漆%'  AND YQ139='1'
18:43:17.000 UPDATE R_PQP SET GS73='T' FROM R_PQAF WHERE GS01=AF002 AND GS07=AF015 AND GS02=AF084 AND GS08 ='Φ'+CONVERT(VARCHAR,CONVERT(FLOAT,AF022*10))+'*'+CONVERT(VARCHAR,CONVERT(FLOAT,AF020*10)) 
18:43:18.000 UPDATE R_PQP SET GS73='T' FROM R_PQU WHERE GS01=PQU01 AND GS07=PQU10 AND GS08=PQU12  
18:43:19.000 UPDATE R_PQP SET GS73='T' FROM R_PQS WHERE GS01=PJ01 AND GS56=PJ09 AND GS57=PJ89  
18:43:19.000 UPDATE R_PQP SET GS73='T' FROM R_PQT WHERE GS01=WX01 AND GS56=WX10 AND GS57=WX11 
18:43:19.000 WITH CET AS (select GS70,GS01,GS46,GS49,GS71,GS02,right(GS08,len(GS08) - charindex('*',GS08) ) a from R_PQP  WHERE GS70='R_338' AND GS73='F' ),CFT AS (SELECT GS70,GS01,GS46,GS49,GS71,GS02,right(a,LEN(a)-charindex('*',a)) GS08 FROM CET  ),CHT AS( SELECT DISTINCT GS70,GS01,GS46,GS49,GS71,GS02,CONVERT(FLOAT,CONVERT(DECIMAL(11,2),GS08)*1.0/10) GS08 FROM CFT  )SELECT GS70,GS01,GS46,GS49,GS71,GS02,CONVERT(VARCHAR,GS08) GS08,'' GS07,PQF13,PQF31 FROM CHT A INNER JOIN R_PQF B ON A.GS01=B.PQF01  WHERE (SELECT COUNT(1) FROM R_PQO WHERE GS01=JM90 AND GS02=JM09 AND CONVERT(VARCHAR,GS08)=CONVERT(VARCHAR,CONVERT(FLOAT,CONVERT(DECIMAL(11,4),JM96))))=0 and GS01 not in (SELECT JM90 FROM R_PQO WHERE JM116='1' )
18:43:19.000 从数据类型 nvarchar 转换为 numeric 时出错。
18:43:35.000 @RES06[R_338-20181007003]
18:43:35.000 @RES01[R_338]
18:43:55.000 @JM01[R_338-20181007003]
18:43:55.000 @JM09[密度板]
18:43:55.000 @JM94[92.00]
18:43:55.000 @JM95[92.00]
18:43:55.000 @JM96[0.20]
18:43:55.000 UPDATE R_PQO SET JM09='密度板',JM10='407.962',JM11='14.2',JM12='8387',JM13='87.56',JM14='外购',JM15='0',JM16='2018/10/12 0:00:00',JM17='2018/10/7 0:00:00',JM91='0',JM92='沪东',JM93='E1',JM94='92.00',JM95='92.00',JM96='0.20',JM103='85672',JM104='210',JM112='0',JM118='0',JM119='0',JM120='8387',JM121='0.001693' WHERE JM01='R_338-20181007003' AND idx='6079'
18:43:55.000 INSERT INTO R_PQBF (BF001,BF002,BF003,BF004,BF005,BF006,BF007,BF008) VALUES ('R_338','胶合板、密度板采购合同书','廖灵飞','2018/10/9 18:43:55','R_338-20181007003','UPDATE R_PQO SET JM09=''密度板'',JM10=''407.962'',JM11=''14.2'',JM12=''8387'',JM13=''87.56'',JM14=''外购'',JM15=''0'',JM16=''2018/10/12 0:00:00'',JM17=''2018/10/7 0:00:00'',JM91=''0'',JM92=''沪东'',JM93=''E1'',JM94=''92.00'',JM95=''92.00'',JM96=''0.20'',JM103=''85672'',JM104=''210'',JM112=''0'',JM118=''0'',JM119=''0'',JM120=''8387'',JM121=''0.001693'' WHERE JM01=''R_338-20181007003'' AND idx=''6079''','编辑','更改编辑')
18:44:05.000 UPDATE R_PQO SET JM02='MLL-0024',JM03='000222',JM04='王祖汉',JM05='2018/10/7 0:00:00',JM06='',JM07='2018/10/7 0:00:00',JM08='MLL-00370699',JM19='德国',JM20='3-',JM21='F',JM22='F',JM23='F',JM24='F',JM25='F',JM26='F',JM27='',JM28='2018/10/7 0:00:00',JM29='',JM30='2018/10/7 0:00:00',JM31='',JM32='2018/10/7 0:00:00',JM33='',JM34='',JM35='',JM36='',JM37='',JM38='',JM39='F',JM40='F',JM41='F',JM42='F',JM43='F',JM44='F',JM45='F',JM46='F',JM47='F',JM48='F',JM49='F',JM50='',JM51='2018/10/7 0:00:00',JM52='',JM53='2018/10/7 0:00:00',JM54='',JM55='',JM56='',JM57='',JM58='',JM59='',JM60='',JM61='',JM62='',JM63='',JM64='',JM65='',JM66='',JM67='0',JM68='',JM69='',JM70='',JM71='',JM72='',JM73='0',JM74='0',JM75='0',JM76='0',JM77='0',JM78='0',JM79='0',JM80='0',JM81='0',JM82='王祖汉',JM83='',JM84='2018/10/7 0:00:00',JM85='',JM86='2018/10/7 0:00:00',JM87='',JM88='2018/10/7 0:00:00',JM89='2018/10/7 0:00:00',JM90='18100330',JM98='',JM99='',JM100='维尼熊多功能盒',JM101='HH18000',JM102='NY181206',JM106='',JM107='F',JM108='周家任',JM113='F' WHERE JM01='R_338-20181007003'
18:44:05.000 INSERT INTO R_PQBF (BF001,BF002,BF003,BF004,BF005,BF006,BF007,BF008) VALUES ('R_338','胶合板、密度板采购合同书','廖灵飞','2018/10/9 18:44:05','R_338-20181007003','UPDATE R_PQO SET JM02=''MLL-0024'',JM03=''000222'',JM04=''王祖汉'',JM05=''2018/10/7 0:00:00'',JM06='''',JM07=''2018/10/7 0:00:00'',JM08=''MLL-00370699'',JM19=''德国'',JM20=''3-'',JM21=''F'',JM22=''F'',JM23=''F'',JM24=''F'',JM25=''F'',JM26=''F'',JM27='''',JM28=''2018/10/7 0:00:00'',JM29='''',JM30=''2018/10/7 0:00:00'',JM31='''',JM32=''2018/10/7 0:00:00'',JM33='''',JM34='''',JM35='''',JM36='''',JM37='''',JM38='''',JM39=''F'',JM40=''F'',JM41=''F'',JM42=''F'',JM43=''F'',JM44=''F'',JM45=''F'',JM46=''F'',JM47=''F'',JM48=''F'',JM49=''F'',JM50='''',JM51=''2018/10/7 0:00:00'',JM52='''',JM53=''2018/10/7 0:00:00'',JM54='''',JM55='''',JM56='''',JM57='''',JM58='''',JM59='''',JM60='''',JM61='''',JM62='''',JM63='''',JM64='''',JM65='''',JM66='''',JM67=''0'',JM68='''',JM69='''',JM70='''',JM71='''',JM72='''',JM73=''0'',JM74=''0'',JM75=''0'',JM76=''0'',JM77=''0'',JM78=''0'',JM79=''0'',JM80=''0'',JM81=''0'',JM82=''王祖汉'',JM83='''',JM84=''2018/10/7 0:00:00'',JM85='''',JM86=''2018/10/7 0:00:00'',JM87='''',JM88=''2018/10/7 0:00:00'',JM89=''2018/10/7 0:00:00'',JM90=''18100330'',JM98='''',JM99='''',JM100=''维尼熊多功能盒'',JM101=''HH18000'',JM102=''NY181206'',JM106='''',JM107=''F'',JM108=''周家任'',JM113=''F'' WHERE JM01=''R_338-20181007003''','保存','更改保存')
18:44:11.000 @RES06[R_338-20181007003]
18:44:11.000 @RES01[R_338]
18:44:14.000 UPDATE R_PQO SET JM02='MLL-0024',JM03='000222',JM04='王祖汉',JM05='2018/10/7 0:00:00',JM06='廖灵飞',JM07='2018/10/9 18:44:12',JM08='MLL-00370699',JM19='德国',JM20='3-',JM21='F',JM22='F',JM23='F',JM24='F',JM25='F',JM26='F',JM27='',JM28='2018/10/7 0:00:00',JM29='',JM30='2018/10/7 0:00:00',JM31='',JM32='2018/10/7 0:00:00',JM33='',JM34='',JM35='',JM36='',JM37='',JM38='',JM39='F',JM40='F',JM41='F',JM42='F',JM43='F',JM44='F',JM45='F',JM46='F',JM47='F',JM48='F',JM49='F',JM50='',JM51='2018/10/7 0:00:00',JM52='',JM53='2018/10/7 0:00:00',JM54='',JM55='',JM56='',JM57='',JM58='',JM59='',JM60='',JM61='',JM62='',JM63='',JM64='',JM65='',JM66='',JM67='0',JM68='',JM69='',JM70='',JM71='',JM72='',JM73='0',JM74='0',JM75='0',JM76='0',JM77='0',JM78='0',JM79='0',JM80='0',JM81='0',JM82='王祖汉',JM83='',JM84='2018/10/7 0:00:00',JM85='',JM86='2018/10/7 0:00:00',JM87='',JM88='2018/10/7 0:00:00',JM89='2018/10/7 0:00:00',JM90='18100330',JM98='',JM99='',JM100='维尼熊多功能盒',JM101='HH18000',JM102='NY181206',JM106='',JM107='F',JM108='周家任',JM113='F' WHERE JM01='R_338-20181007003'
18:44:14.000 INSERT INTO R_PQBF (BF001,BF002,BF003,BF004,BF005,BF006,BF007,BF008) VALUES ('R_338','胶合板、密度板采购合同书','廖灵飞','2018/10/9 18:44:14','R_338-20181007003','UPDATE R_PQO SET JM02=''MLL-0024'',JM03=''000222'',JM04=''王祖汉'',JM05=''2018/10/7 0:00:00'',JM06=''廖灵飞'',JM07=''2018/10/9 18:44:12'',JM08=''MLL-00370699'',JM19=''德国'',JM20=''3-'',JM21=''F'',JM22=''F'',JM23=''F'',JM24=''F'',JM25=''F'',JM26=''F'',JM27='''',JM28=''2018/10/7 0:00:00'',JM29='''',JM30=''2018/10/7 0:00:00'',JM31='''',JM32=''2018/10/7 0:00:00'',JM33='''',JM34='''',JM35='''',JM36='''',JM37='''',JM38='''',JM39=''F'',JM40=''F'',JM41=''F'',JM42=''F'',JM43=''F'',JM44=''F'',JM45=''F'',JM46=''F'',JM47=''F'',JM48=''F'',JM49=''F'',JM50='''',JM51=''2018/10/7 0:00:00'',JM52='''',JM53=''2018/10/7 0:00:00'',JM54='''',JM55='''',JM56='''',JM57='''',JM58='''',JM59='''',JM60='''',JM61='''',JM62='''',JM63='''',JM64='''',JM65='''',JM66='''',JM67=''0'',JM68='''',JM69='''',JM70='''',JM71='''',JM72='''',JM73=''0'',JM74=''0'',JM75=''0'',JM76=''0'',JM77=''0'',JM78=''0'',JM79=''0'',JM80=''0'',JM81=''0'',JM82=''王祖汉'',JM83='''',JM84=''2018/10/7 0:00:00'',JM85='''',JM86=''2018/10/7 0:00:00'',JM87='''',JM88=''2018/10/7 0:00:00'',JM89=''2018/10/7 0:00:00'',JM90=''18100330'',JM98='''',JM99='''',JM100=''维尼熊多功能盒'',JM101=''HH18000'',JM102=''NY181206'',JM106='''',JM107=''F'',JM108=''周家任'',JM113=''F'' WHERE JM01=''R_338-20181007003''','保存','更改保存')
18:44:18.000 UPDATE R_REVIEWS SET RES08='2018/10/9 18:44:18' WHERE RES06='R_338-20181007003'
18:44:18.000 UPDATE R_PQO SET JM114='2018/10/9 18:44:18' WHERE JM01='R_338-20181007003'
18:44:44.000 UPDATE R_PQO SET JM114='2018/10/9 18:44:44' WHERE JM01='R_338-20181007003'
18:44:57.000 UPDATE R_PQO SET JM114='2018/10/9 18:44:57' WHERE JM01='R_338-20181007003'
18:45:21.000 UPDATE R_PQO SET JM114='2018/10/9 18:45:21' WHERE JM01='R_338-20180615011'
