13:22:21.000  异常信息：由于连接方在一段时间后没有正确答复或连接的主机没有反应，连接尝试失败。 192.168.0.222:80
  堆栈信息:   在 AutoUpdate.AppUpdate.DownloadFile(String url, String localFilePath) 位置 D:\ProjectData\MLL\Mulaolao\Mulaolao\Class\AppUpdate.cs:行号 242
   在 AutoUpdate.AppUpdate.CheckAppVersion(String& msg) 位置 D:\ProjectData\MLL\Mulaolao\Mulaolao\Class\AppUpdate.cs:行号 310
13:22:35.000 UPDATE R_PQP SET GS73='T' FROM R_PQQ WHERE GS01=CP01 AND GS35=CP09 AND (GS35  LIKE '%丝印%' OR GS35 LIKE '%雕刻%' OR GS35  LIKE '%砂皮%' OR GS35  LIKE '%走台印%' OR GS35  LIKE '%冲印%') 
13:22:35.000 UPDATE R_PQP SET GS73='T' FROM R_PQAH WHERE GS01=AH01 AND GS35=AH18 AND (GS35  LIKE '%丝印%' OR GS35 LIKE '%雕刻%' OR GS35  LIKE '%砂皮%' OR GS35  LIKE '%走台印%' OR GS35  LIKE '%冲印%')
13:22:35.000 UPDATE R_PQP SET GS73='T' FROM R_PQI WHERE GS01=YQ03 AND  GS35 LIKE '%油漆%'  AND YQ139='1'
13:22:35.000 UPDATE R_PQP SET GS73='T' FROM R_PQAF WHERE GS01=AF002 AND GS07=AF015 AND GS02=AF084 AND GS08 ='Φ'+CONVERT(VARCHAR,CONVERT(FLOAT,AF022*10))+'*'+CONVERT(VARCHAR,CONVERT(FLOAT,AF020*10)) 
13:22:36.000 UPDATE R_PQP SET GS73='T' FROM R_PQU WHERE GS01=PQU01 AND GS07=PQU10 AND GS08=PQU12  
13:22:36.000 UPDATE R_PQP SET GS73='T' FROM R_PQS WHERE GS01=PJ01 AND GS56=PJ09 AND GS57=PJ89  
13:22:37.000 UPDATE R_PQP SET GS73='T' FROM R_PQT WHERE GS01=WX01 AND GS56=WX10 AND GS57=WX11 
13:22:37.000 WITH CET AS (select GS70,GS01,GS46,GS49,GS71,GS02,right(GS08,len(GS08) - charindex('*',GS08) ) a from R_PQP  WHERE GS70='R_338' AND GS73='F' ),CFT AS (SELECT GS70,GS01,GS46,GS49,GS71,GS02,right(a,LEN(a)-charindex('*',a)) GS08 FROM CET  ),CHT AS( SELECT DISTINCT GS70,GS01,GS46,GS49,GS71,GS02,CONVERT(FLOAT,CONVERT(DECIMAL(11,2),GS08)*1.0/10) GS08 FROM CFT  )SELECT GS70,GS01,GS46,GS49,GS71,GS02,CONVERT(VARCHAR,GS08) GS08,'' GS07,PQF13,PQF31 FROM CHT A INNER JOIN R_PQF B ON A.GS01=B.PQF01  WHERE (SELECT COUNT(1) FROM R_PQO WHERE GS01=JM90 AND GS02=JM09 AND CONVERT(VARCHAR,GS08)=CONVERT(VARCHAR,CONVERT(FLOAT,CONVERT(DECIMAL(11,4),JM96))))=0 and GS01 not in (SELECT JM90 FROM R_PQO WHERE JM116='1' )
13:22:37.000 从数据类型 nvarchar 转换为 numeric 时出错。
13:38:19.000  异常信息：由于连接方在一段时间后没有正确答复或连接的主机没有反应，连接尝试失败。 192.168.0.222:80
  堆栈信息:   在 AutoUpdate.AppUpdate.DownloadFile(String url, String localFilePath) 位置 D:\ProjectData\MLL\Mulaolao\Mulaolao\Class\AppUpdate.cs:行号 242
   在 AutoUpdate.AppUpdate.CheckAppVersion(String& msg) 位置 D:\ProjectData\MLL\Mulaolao\Mulaolao\Class\AppUpdate.cs:行号 310
13:40:04.000 UPDATE R_PQP SET GS73='T' FROM R_PQQ WHERE GS01=CP01 AND GS35=CP09 AND (GS35  LIKE '%丝印%' OR GS35 LIKE '%雕刻%' OR GS35  LIKE '%砂皮%' OR GS35  LIKE '%走台印%' OR GS35  LIKE '%冲印%') 
13:40:04.000 UPDATE R_PQP SET GS73='T' FROM R_PQAH WHERE GS01=AH01 AND GS35=AH18 AND (GS35  LIKE '%丝印%' OR GS35 LIKE '%雕刻%' OR GS35  LIKE '%砂皮%' OR GS35  LIKE '%走台印%' OR GS35  LIKE '%冲印%')
13:40:04.000 UPDATE R_PQP SET GS73='T' FROM R_PQI WHERE GS01=YQ03 AND  GS35 LIKE '%油漆%'  AND YQ139='1'
13:40:04.000 UPDATE R_PQP SET GS73='T' FROM R_PQAF WHERE GS01=AF002 AND GS07=AF015 AND GS02=AF084 AND GS08 ='Φ'+CONVERT(VARCHAR,CONVERT(FLOAT,AF022*10))+'*'+CONVERT(VARCHAR,CONVERT(FLOAT,AF020*10)) 
13:40:06.000 UPDATE R_PQP SET GS73='T' FROM R_PQU WHERE GS01=PQU01 AND GS07=PQU10 AND GS08=PQU12  
13:40:09.000 UPDATE R_PQP SET GS73='T' FROM R_PQS WHERE GS01=PJ01 AND GS56=PJ09 AND GS57=PJ89  
13:40:09.000 UPDATE R_PQP SET GS73='T' FROM R_PQT WHERE GS01=WX01 AND GS56=WX10 AND GS57=WX11 
13:40:09.000 WITH CET AS (select GS70,GS01,GS46,GS49,GS71,GS02,right(GS08,len(GS08) - charindex('*',GS08) ) a from R_PQP  WHERE GS70='R_338' AND GS73='F' ),CFT AS (SELECT GS70,GS01,GS46,GS49,GS71,GS02,right(a,LEN(a)-charindex('*',a)) GS08 FROM CET  ),CHT AS( SELECT DISTINCT GS70,GS01,GS46,GS49,GS71,GS02,CONVERT(FLOAT,CONVERT(DECIMAL(11,2),GS08)*1.0/10) GS08 FROM CFT  )SELECT GS70,GS01,GS46,GS49,GS71,GS02,CONVERT(VARCHAR,GS08) GS08,'' GS07,PQF13,PQF31 FROM CHT A INNER JOIN R_PQF B ON A.GS01=B.PQF01  WHERE (SELECT COUNT(1) FROM R_PQO WHERE GS01=JM90 AND GS02=JM09 AND CONVERT(VARCHAR,GS08)=CONVERT(VARCHAR,CONVERT(FLOAT,CONVERT(DECIMAL(11,4),JM96))))=0 and GS01 not in (SELECT JM90 FROM R_PQO WHERE JM116='1' )
13:40:09.000 从数据类型 nvarchar 转换为 numeric 时出错。
14:06:31.000  异常信息：由于连接方在一段时间后没有正确答复或连接的主机没有反应，连接尝试失败。 192.168.0.222:80
  堆栈信息:   在 AutoUpdate.AppUpdate.DownloadFile(String url, String localFilePath) 位置 D:\ProjectData\MLL\Mulaolao\Mulaolao\Class\AppUpdate.cs:行号 242
   在 AutoUpdate.AppUpdate.CheckAppVersion(String& msg) 位置 D:\ProjectData\MLL\Mulaolao\Mulaolao\Class\AppUpdate.cs:行号 310
14:07:32.000 UPDATE R_PQP SET GS73='T' FROM R_PQQ WHERE GS01=CP01 AND GS35=CP09 AND (GS35  LIKE '%丝印%' OR GS35 LIKE '%雕刻%' OR GS35  LIKE '%砂皮%' OR GS35  LIKE '%走台印%' OR GS35  LIKE '%冲印%') 
14:07:32.000 UPDATE R_PQP SET GS73='T' FROM R_PQAH WHERE GS01=AH01 AND GS35=AH18 AND (GS35  LIKE '%丝印%' OR GS35 LIKE '%雕刻%' OR GS35  LIKE '%砂皮%' OR GS35  LIKE '%走台印%' OR GS35  LIKE '%冲印%')
14:07:32.000 UPDATE R_PQP SET GS73='T' FROM R_PQI WHERE GS01=YQ03 AND  GS35 LIKE '%油漆%'  AND YQ139='1'
14:07:33.000 UPDATE R_PQP SET GS73='T' FROM R_PQAF WHERE GS01=AF002 AND GS07=AF015 AND GS02=AF084 AND GS08 ='Φ'+CONVERT(VARCHAR,CONVERT(FLOAT,AF022*10))+'*'+CONVERT(VARCHAR,CONVERT(FLOAT,AF020*10)) 
14:07:33.000 UPDATE R_PQP SET GS73='T' FROM R_PQU WHERE GS01=PQU01 AND GS07=PQU10 AND GS08=PQU12  
14:07:33.000 UPDATE R_PQP SET GS73='T' FROM R_PQS WHERE GS01=PJ01 AND GS56=PJ09 AND GS57=PJ89  
14:07:34.000 UPDATE R_PQP SET GS73='T' FROM R_PQT WHERE GS01=WX01 AND GS56=WX10 AND GS57=WX11 
14:07:34.000 WITH CET AS (select GS70,GS01,GS46,GS49,GS71,GS02,right(GS08,len(GS08) - charindex('*',GS08) ) a from R_PQP  WHERE GS70='R_338' AND GS73='F' ),CFT AS (SELECT GS70,GS01,GS46,GS49,GS71,GS02,right(a,LEN(a)-charindex('*',a)) GS08 FROM CET  ),CHT AS( SELECT DISTINCT GS70,GS01,GS46,GS49,GS71,GS02,CONVERT(FLOAT,CONVERT(DECIMAL(11,2),GS08)*1.0/10) GS08 FROM CFT  )SELECT GS70,GS01,GS46,GS49,GS71,GS02,CONVERT(VARCHAR,GS08) GS08,'' GS07,PQF13,PQF31 FROM CHT A INNER JOIN R_PQF B ON A.GS01=B.PQF01  WHERE (SELECT COUNT(1) FROM R_PQO WHERE GS01=JM90 AND GS02=JM09 AND CONVERT(VARCHAR,GS08)=CONVERT(VARCHAR,CONVERT(FLOAT,CONVERT(DECIMAL(11,4),JM96))))=0 and GS01 not in (SELECT JM90 FROM R_PQO WHERE JM116='1' )
14:07:34.000 从数据类型 nvarchar 转换为 numeric 时出错。
