09:15:44.000  异常信息：由于连接方在一段时间后没有正确答复或连接的主机没有反应，连接尝试失败。 192.168.0.222:80
  堆栈信息:   在 AutoUpdate.AppUpdate.DownloadFile(String url, String localFilePath) 位置 D:\ProjectData\MLL\Mulaolao\Mulaolao\Class\AppUpdate.cs:行号 242
   在 AutoUpdate.AppUpdate.CheckAppVersion(String& msg) 位置 D:\ProjectData\MLL\Mulaolao\Mulaolao\Class\AppUpdate.cs:行号 310
09:15:53.000 UPDATE R_PQP SET GS73='T' FROM R_PQQ WHERE GS01=CP01 AND GS35=CP09 AND (GS35  LIKE '%丝印%' OR GS35 LIKE '%雕刻%' OR GS35  LIKE '%砂皮%' OR GS35  LIKE '%走台印%' OR GS35  LIKE '%冲印%') 
09:15:53.000 UPDATE R_PQP SET GS73='T' FROM R_PQAH WHERE GS01=AH01 AND GS35=AH18 AND (GS35  LIKE '%丝印%' OR GS35 LIKE '%雕刻%' OR GS35  LIKE '%砂皮%' OR GS35  LIKE '%走台印%' OR GS35  LIKE '%冲印%')
09:15:53.000 UPDATE R_PQP SET GS73='T' FROM R_PQI WHERE GS01=YQ03 AND  GS35 LIKE '%油漆%'  AND YQ139='1'
09:15:53.000 UPDATE R_PQP SET GS73='T' FROM R_PQAF WHERE GS01=AF002 AND GS07=AF015 AND GS02=AF084 AND GS08 ='Φ'+CONVERT(VARCHAR,CONVERT(FLOAT,AF022*10))+'*'+CONVERT(VARCHAR,CONVERT(FLOAT,AF020*10)) 
09:15:54.000 UPDATE R_PQP SET GS73='T' FROM R_PQU WHERE GS01=PQU01 AND GS07=PQU10 AND GS08=PQU12  
09:15:54.000 UPDATE R_PQP SET GS73='T' FROM R_PQS WHERE GS01=PJ01 AND GS56=PJ09 AND GS57=PJ89  
09:15:54.000 UPDATE R_PQP SET GS73='T' FROM R_PQT WHERE GS01=WX01 AND GS56=WX10 AND GS57=WX11 
09:15:54.000 WITH CET AS (select GS70,GS01,GS46,GS49,GS71,GS02,right(GS08,len(GS08) - charindex('*',GS08) ) a from R_PQP  WHERE GS70='R_338' AND GS73='F' ),CFT AS (SELECT GS70,GS01,GS46,GS49,GS71,GS02,right(a,LEN(a)-charindex('*',a)) GS08 FROM CET  ),CHT AS( SELECT DISTINCT GS70,GS01,GS46,GS49,GS71,GS02,CONVERT(FLOAT,CONVERT(DECIMAL(11,2),GS08)*1.0/10) GS08 FROM CFT  )SELECT GS70,GS01,GS46,GS49,GS71,GS02,CONVERT(VARCHAR,GS08) GS08,'' GS07,PQF13,PQF31 FROM CHT A INNER JOIN R_PQF B ON A.GS01=B.PQF01  WHERE (SELECT COUNT(1) FROM R_PQO WHERE GS01=JM90 AND GS02=JM09 AND CONVERT(VARCHAR,GS08)=CONVERT(VARCHAR,CONVERT(FLOAT,CONVERT(DECIMAL(11,4),JM96))))=0 and GS01 not in (SELECT JM90 FROM R_PQO WHERE JM116='1' )
09:15:54.000 从数据类型 nvarchar 转换为 numeric 时出错。
09:16:45.000 INSERT INTO R_PQT (WX01,WX83,WX84,WX85,WX86,WX02,WX10,WX11,WX12,WX13,WX14,WX15,WX16,WX87,WX17,WX18,WX19,WX20,WX23,WX24,WX25,WX26,WX27,WX28,WX29,WX30,WX31,WX32,WX33,WX35,WX36,WX37,WX38,WX39,WX40,WX41,WX42,WX43,WX44,WX45,WX46,WX47,WX48,WX49,WX50,WX51,WX56,WX57,WX58,WX59,WX60,WX61,WX62,WX63,WX64,WX65,WX66,WX67,WX68,WX72,WX77,WX78,WX79) SELECT WX01,WX83,WX84,WX85,WX86,WX02,WX10,WX11,WX12,WX13,WX14,WX15,WX16,WX87,WX17,WX18,WX19,WX20,WX23,WX24,WX25,WX26,WX27,WX28,WX29,WX30,WX31,WX32,WX33,WX35,WX36,WX37,WX38,WX39,WX40,WX41,WX42,WX43,WX44,WX45,WX46,WX47,WX48,WX49,WX50,WX51,WX56,WX57,WX58,WX59,WX60,WX61,WX62,WX63,WX64,WX65,WX66,WX67,WX68,WX72,WX77,WX78,WX79 FROM R_PQT WHERE WX82='R_349-20181117016'
09:16:45.000 INSERT INTO R_PQBF (BF001,BF002,BF003,BF004,BF005,BF006,BF007,BF008) VALUES ('R_349','外箱、中包、彩盒、纸片（卡）等采购合同','廖灵飞','2018/12/8 9:16:45','R_349-20181117016','INSERT INTO R_PQT (WX01,WX83,WX84,WX85,WX86,WX02,WX10,WX11,WX12,WX13,WX14,WX15,WX16,WX87,WX17,WX18,WX19,WX20,WX23,WX24,WX25,WX26,WX27,WX28,WX29,WX30,WX31,WX32,WX33,WX35,WX36,WX37,WX38,WX39,WX40,WX41,WX42,WX43,WX44,WX45,WX46,WX47,WX48,WX49,WX50,WX51,WX56,WX57,WX58,WX59,WX60,WX61,WX62,WX63,WX64,WX65,WX66,WX67,WX68,WX72,WX77,WX78,WX79) SELECT WX01,WX83,WX84,WX85,WX86,WX02,WX10,WX11,WX12,WX13,WX14,WX15,WX16,WX87,WX17,WX18,WX19,WX20,WX23,WX24,WX25,WX26,WX27,WX28,WX29,WX30,WX31,WX32,WX33,WX35,WX36,WX37,WX38,WX39,WX40,WX41,WX42,WX43,WX44,WX45,WX46,WX47,WX48,WX49,WX50,WX51,WX56,WX57,WX58,WX59,WX60,WX61,WX62,WX63,WX64,WX65,WX66,WX67,WX68,WX72,WX77,WX78,WX79 FROM R_PQT WHERE WX82=''R_349-20181117016''','复制','维护复制')
09:16:45.000 UPDATE R_PQT SET WX82='R_349-20181208001',WX89='复制',WX21=DATEADD(DAY,5,GETDATE()) WHERE WX82 IS NULL
09:16:45.000 INSERT INTO R_PQBF (BF001,BF002,BF003,BF004,BF005,BF006,BF007,BF008) VALUES ('R_349','外箱、中包、彩盒、纸片（卡）等采购合同','廖灵飞','2018/12/8 9:16:45','R_349-20181208001','UPDATE R_PQT SET WX82=''R_349-20181208001'',WX89=''复制'',WX21=DATEADD(DAY,5,GETDATE()) WHERE WX82 IS NULL','复制','更改复制单号')
09:17:17.000 @GS34[R_509-20181108001]
09:17:17.000 @GS52[外箱]
09:17:17.000 @GS53[0.3000]
09:17:17.000 @GS54[0.0000]
09:17:17.000 @GS55[]
09:17:17.000 @GS56[双瓦外箱]
09:17:17.000 @GS57[475*315*31]
09:17:17.000 @GS58[个]
09:17:17.000 @GS59[1.0000]
09:17:17.000 @GS60[0.0000]
09:17:17.000 @GS61[0.0000]
09:17:17.000 @GS69[0]
09:17:17.000 @GS62[]
09:17:17.000 @GS63[]
09:17:17.000 @GS64[严少荣]
09:17:17.000 @GS65[吴书松]
09:17:17.000 @GS66[吴小毛]
09:17:17.000 @GS67[2018/12/8 9:17:05]
09:17:17.000 @GS68[]
09:17:17.000 @GS49[2004]
09:17:17.000 INSERT INTO R_PQP (GS34,GS52,GS49,GS53,GS54,GS55,GS56,GS57,GS58,GS59,GS60,GS61,GS69,GS62,GS63,GS64,GS65,GS66,GS67,GS68) VALUES (@GS34,@GS52,@GS49,@GS53,@GS54,@GS55,@GS56,@GS57,@GS58,@GS59,@GS60,@GS61,@GS69,@GS62,@GS63,@GS64,@GS65,@GS66,@GS67,@GS68)
09:17:23.000 @GS34[R_509-20181108001]
09:17:23.000 @GS03[老单]
09:17:23.000 @GS22[]
09:17:23.000 @GS23[2018/11/8 0:00:00]
09:17:23.000 @GS24[]
09:17:23.000 @GS25[2018/11/8 0:00:00]
09:17:23.000 @GS26[]
09:17:23.000 @GS27[2018/11/8 0:00:00]
09:17:23.000 @GS28[]
09:17:23.000 @GS29[2018/11/8 0:00:00]
09:17:23.000 @GS30[]
09:17:23.000 @GS31[0]
09:17:23.000 @GS32[更改名称]
09:17:23.000 @GS33[[廖灵飞20181208]]
09:17:23.000 @GS46[钓鱼游戏]
09:17:23.000 @GS47[1822020671]
09:17:23.000 @GS48[Z824527]
09:17:23.000 @GS49[2004]
09:17:23.000 @GS50[]
09:17:23.000 @GS01[18110344]
09:17:23.000 UPDATE R_PQP SET GS01=@GS01,GS46=@GS46,GS47=@GS47,GS48=@GS48,GS49=@GS49,GS50=@GS50,GS03=@GS03,GS22=@GS22,GS23=@GS23,GS24=@GS24,GS25=@GS25,GS26=@GS26,GS27=@GS27,GS28=@GS28,GS29=@GS29,GS30=@GS30,GS31=@GS31,GS32=@GS32,GS33=@GS33 WHERE GS34=@GS34
09:23:50.000  异常信息：由于连接方在一段时间后没有正确答复或连接的主机没有反应，连接尝试失败。 192.168.0.222:80
  堆栈信息:   在 AutoUpdate.AppUpdate.DownloadFile(String url, String localFilePath) 位置 D:\ProjectData\MLL\Mulaolao\Mulaolao\Class\AppUpdate.cs:行号 242
   在 AutoUpdate.AppUpdate.CheckAppVersion(String& msg) 位置 D:\ProjectData\MLL\Mulaolao\Mulaolao\Class\AppUpdate.cs:行号 310
09:24:00.000 UPDATE R_PQP SET GS73='T' FROM R_PQQ WHERE GS01=CP01 AND GS35=CP09 AND (GS35  LIKE '%丝印%' OR GS35 LIKE '%雕刻%' OR GS35  LIKE '%砂皮%' OR GS35  LIKE '%走台印%' OR GS35  LIKE '%冲印%') 
09:24:00.000 UPDATE R_PQP SET GS73='T' FROM R_PQAH WHERE GS01=AH01 AND GS35=AH18 AND (GS35  LIKE '%丝印%' OR GS35 LIKE '%雕刻%' OR GS35  LIKE '%砂皮%' OR GS35  LIKE '%走台印%' OR GS35  LIKE '%冲印%')
09:24:00.000 UPDATE R_PQP SET GS73='T' FROM R_PQI WHERE GS01=YQ03 AND  GS35 LIKE '%油漆%'  AND YQ139='1'
09:24:00.000 UPDATE R_PQP SET GS73='T' FROM R_PQAF WHERE GS01=AF002 AND GS07=AF015 AND GS02=AF084 AND GS08 ='Φ'+CONVERT(VARCHAR,CONVERT(FLOAT,AF022*10))+'*'+CONVERT(VARCHAR,CONVERT(FLOAT,AF020*10)) 
09:24:00.000 UPDATE R_PQP SET GS73='T' FROM R_PQU WHERE GS01=PQU01 AND GS07=PQU10 AND GS08=PQU12  
09:24:01.000 UPDATE R_PQP SET GS73='T' FROM R_PQS WHERE GS01=PJ01 AND GS56=PJ09 AND GS57=PJ89  
09:24:01.000 UPDATE R_PQP SET GS73='T' FROM R_PQT WHERE GS01=WX01 AND GS56=WX10 AND GS57=WX11 
09:24:01.000 WITH CET AS (select GS70,GS01,GS46,GS49,GS71,GS02,right(GS08,len(GS08) - charindex('*',GS08) ) a from R_PQP  WHERE GS70='R_338' AND GS73='F' ),CFT AS (SELECT GS70,GS01,GS46,GS49,GS71,GS02,right(a,LEN(a)-charindex('*',a)) GS08 FROM CET  ),CHT AS( SELECT DISTINCT GS70,GS01,GS46,GS49,GS71,GS02,CONVERT(FLOAT,CONVERT(DECIMAL(11,2),GS08)*1.0/10) GS08 FROM CFT  )SELECT GS70,GS01,GS46,GS49,GS71,GS02,CONVERT(VARCHAR,GS08) GS08,'' GS07,PQF13,PQF31 FROM CHT A INNER JOIN R_PQF B ON A.GS01=B.PQF01  WHERE (SELECT COUNT(1) FROM R_PQO WHERE GS01=JM90 AND GS02=JM09 AND CONVERT(VARCHAR,GS08)=CONVERT(VARCHAR,CONVERT(FLOAT,CONVERT(DECIMAL(11,4),JM96))))=0 and GS01 not in (SELECT JM90 FROM R_PQO WHERE JM116='1' )
09:24:01.000 从数据类型 nvarchar 转换为 numeric 时出错。
09:25:48.000 INSERT INTO R_PQT (WX01,WX83,WX84,WX85,WX86,WX02,WX10,WX11,WX12,WX13,WX14,WX15,WX16,WX87,WX17,WX18,WX19,WX20,WX23,WX24,WX25,WX26,WX27,WX28,WX29,WX30,WX31,WX32,WX33,WX35,WX36,WX37,WX38,WX39,WX40,WX41,WX42,WX43,WX44,WX45,WX46,WX47,WX48,WX49,WX50,WX51,WX56,WX57,WX58,WX59,WX60,WX61,WX62,WX63,WX64,WX65,WX66,WX67,WX68,WX72,WX77,WX78,WX79) SELECT WX01,WX83,WX84,WX85,WX86,WX02,WX10,WX11,WX12,WX13,WX14,WX15,WX16,WX87,WX17,WX18,WX19,WX20,WX23,WX24,WX25,WX26,WX27,WX28,WX29,WX30,WX31,WX32,WX33,WX35,WX36,WX37,WX38,WX39,WX40,WX41,WX42,WX43,WX44,WX45,WX46,WX47,WX48,WX49,WX50,WX51,WX56,WX57,WX58,WX59,WX60,WX61,WX62,WX63,WX64,WX65,WX66,WX67,WX68,WX72,WX77,WX78,WX79 FROM R_PQT WHERE WX82='R_349-20181117014'
09:25:48.000 INSERT INTO R_PQBF (BF001,BF002,BF003,BF004,BF005,BF006,BF007,BF008) VALUES ('R_349','外箱、中包、彩盒、纸片（卡）等采购合同','廖灵飞','2018/12/8 9:25:48','R_349-20181117014','INSERT INTO R_PQT (WX01,WX83,WX84,WX85,WX86,WX02,WX10,WX11,WX12,WX13,WX14,WX15,WX16,WX87,WX17,WX18,WX19,WX20,WX23,WX24,WX25,WX26,WX27,WX28,WX29,WX30,WX31,WX32,WX33,WX35,WX36,WX37,WX38,WX39,WX40,WX41,WX42,WX43,WX44,WX45,WX46,WX47,WX48,WX49,WX50,WX51,WX56,WX57,WX58,WX59,WX60,WX61,WX62,WX63,WX64,WX65,WX66,WX67,WX68,WX72,WX77,WX78,WX79) SELECT WX01,WX83,WX84,WX85,WX86,WX02,WX10,WX11,WX12,WX13,WX14,WX15,WX16,WX87,WX17,WX18,WX19,WX20,WX23,WX24,WX25,WX26,WX27,WX28,WX29,WX30,WX31,WX32,WX33,WX35,WX36,WX37,WX38,WX39,WX40,WX41,WX42,WX43,WX44,WX45,WX46,WX47,WX48,WX49,WX50,WX51,WX56,WX57,WX58,WX59,WX60,WX61,WX62,WX63,WX64,WX65,WX66,WX67,WX68,WX72,WX77,WX78,WX79 FROM R_PQT WHERE WX82=''R_349-20181117014''','复制','维护复制')
09:25:48.000 UPDATE R_PQT SET WX82='R_349-20181208002',WX89='复制',WX21=DATEADD(DAY,5,GETDATE()) WHERE WX82 IS NULL
09:25:48.000 INSERT INTO R_PQBF (BF001,BF002,BF003,BF004,BF005,BF006,BF007,BF008) VALUES ('R_349','外箱、中包、彩盒、纸片（卡）等采购合同','廖灵飞','2018/12/8 9:25:48','R_349-20181208002','UPDATE R_PQT SET WX82=''R_349-20181208002'',WX89=''复制'',WX21=DATEADD(DAY,5,GETDATE()) WHERE WX82 IS NULL','复制','更改复制单号')
09:34:08.000  异常信息：由于连接方在一段时间后没有正确答复或连接的主机没有反应，连接尝试失败。 192.168.0.222:80
  堆栈信息:   在 AutoUpdate.AppUpdate.DownloadFile(String url, String localFilePath) 位置 D:\ProjectData\MLL\Mulaolao\Mulaolao\Class\AppUpdate.cs:行号 242
   在 AutoUpdate.AppUpdate.CheckAppVersion(String& msg) 位置 D:\ProjectData\MLL\Mulaolao\Mulaolao\Class\AppUpdate.cs:行号 310
09:34:49.000 UPDATE R_PQP SET GS73='T' FROM R_PQQ WHERE GS01=CP01 AND GS35=CP09 AND (GS35  LIKE '%丝印%' OR GS35 LIKE '%雕刻%' OR GS35  LIKE '%砂皮%' OR GS35  LIKE '%走台印%' OR GS35  LIKE '%冲印%') 
09:34:49.000 UPDATE R_PQP SET GS73='T' FROM R_PQAH WHERE GS01=AH01 AND GS35=AH18 AND (GS35  LIKE '%丝印%' OR GS35 LIKE '%雕刻%' OR GS35  LIKE '%砂皮%' OR GS35  LIKE '%走台印%' OR GS35  LIKE '%冲印%')
09:34:49.000 UPDATE R_PQP SET GS73='T' FROM R_PQI WHERE GS01=YQ03 AND  GS35 LIKE '%油漆%'  AND YQ139='1'
09:34:49.000 UPDATE R_PQP SET GS73='T' FROM R_PQAF WHERE GS01=AF002 AND GS07=AF015 AND GS02=AF084 AND GS08 ='Φ'+CONVERT(VARCHAR,CONVERT(FLOAT,AF022*10))+'*'+CONVERT(VARCHAR,CONVERT(FLOAT,AF020*10)) 
09:34:49.000 UPDATE R_PQP SET GS73='T' FROM R_PQU WHERE GS01=PQU01 AND GS07=PQU10 AND GS08=PQU12  
09:34:49.000 UPDATE R_PQP SET GS73='T' FROM R_PQS WHERE GS01=PJ01 AND GS56=PJ09 AND GS57=PJ89  
09:34:49.000 UPDATE R_PQP SET GS73='T' FROM R_PQT WHERE GS01=WX01 AND GS56=WX10 AND GS57=WX11 
09:34:50.000 WITH CET AS (select GS70,GS01,GS46,GS49,GS71,GS02,right(GS08,len(GS08) - charindex('*',GS08) ) a from R_PQP  WHERE GS70='R_338' AND GS73='F' ),CFT AS (SELECT GS70,GS01,GS46,GS49,GS71,GS02,right(a,LEN(a)-charindex('*',a)) GS08 FROM CET  ),CHT AS( SELECT DISTINCT GS70,GS01,GS46,GS49,GS71,GS02,CONVERT(FLOAT,CONVERT(DECIMAL(11,2),GS08)*1.0/10) GS08 FROM CFT  )SELECT GS70,GS01,GS46,GS49,GS71,GS02,CONVERT(VARCHAR,GS08) GS08,'' GS07,PQF13,PQF31 FROM CHT A INNER JOIN R_PQF B ON A.GS01=B.PQF01  WHERE (SELECT COUNT(1) FROM R_PQO WHERE GS01=JM90 AND GS02=JM09 AND CONVERT(VARCHAR,GS08)=CONVERT(VARCHAR,CONVERT(FLOAT,CONVERT(DECIMAL(11,4),JM96))))=0 and GS01 not in (SELECT JM90 FROM R_PQO WHERE JM116='1' )
09:34:50.000 从数据类型 nvarchar 转换为 numeric 时出错。
09:35:10.000 UPDATE R_PQAMB SET AMB218='511.0' WHERE AMB001='R_347-20180517001'
09:35:29.000 UPDATE R_PQAMB SET AMB209='375.2' WHERE AMB001='R_343-20181112004'
09:35:29.000 UPDATE R_PQAM SET AM209='375.2' WHERE AM002='18110349'
09:35:53.000 UPDATE R_PQAF SET AF082='T' WHERE AF001 IN ('R_342-20160506001,R_342-20160511012','R_342-20160506001,R_342-20160511012','R_342-20160506001,R_342-20160511012','R_342-20160506001,R_342-20160511012','R_342-20160506001,R_342-20160511012','R_342-20160506001,R_342-20160511012','R_342-20160506001,R_342-20160511012','R_342-20160506001,R_342-20160511012','R_342-20160506001,R_342-20160511012','R_342-20160506001,R_342-20160511012','R_342-20160506001,R_342-20160511012','R_342-20160506001,R_342-20160511012','R_342-20160506004','R_342-20160511011','R_342-20160511011','R_342-20160511011','R_342-20160511011')
09:35:53.000 UPDATE R_PQAC SET AC17='T' WHERE AC18 IN ('R_342-20160506001,R_342-20160511012','R_342-20160506001,R_342-20160511012','R_342-20160506001,R_342-20160511012','R_342-20160506001,R_342-20160511012','R_342-20160506001,R_342-20160511012','R_342-20160506001,R_342-20160511012','R_342-20160506001,R_342-20160511012','R_342-20160506001,R_342-20160511012','R_342-20160506001,R_342-20160511012','R_342-20160506001,R_342-20160511012','R_342-20160506001,R_342-20160511012','R_342-20160506001,R_342-20160511012','R_342-20160506004','R_342-20160511011','R_342-20160511011','R_342-20160511011','R_342-20160511011')
09:36:02.000 UPDATE R_PQAF SET AF002='18110349',AF003='MARC超级摩托车',AF004='396',AF005='Po683',AF007='MLL-0026',AF008='000163',AF009='2018/11/12 0:00:00',AF010='王祖汉',AF011='MLL-00370612',AF012='饶云祥',AF013='2018/11/13 0:00:00',AF014='2018/11/12 0:00:00',AF035='',AF036='2018/11/12 0:00:00',AF037='',AF038='',AF039='',AF040='',AF041='',AF042='',AF043='2018/11/12 0:00:00',AF044='',AF045='2018/11/12 0:00:00',AF046='',AF047='',AF048='',AF049='2018/11/12 0:00:00',AF050='',AF051='2018/11/12 0:00:00',AF052='0',AF053='',AF054='',AF055='0',AF056='0',AF057='0',AF058='0',AF059='0',AF060='0',AF061='0',AF062='0',AF063='0',AF064='',AF065='',AF066='2018/11/12 0:00:00',AF067='王祖汉',AF068='',AF069='2018/11/12 0:00:00',AF070='饶云祥',AF071='2018/11/13 0:00:00',AF072='廖灵飞',AF073='2018/11/13 0:00:00',AF074='[廖灵飞20181208]',AF075='sfdd',AF077='',AF078='F',AF079='赖仁通',AF083='F' WHERE AF001='R_342-20181112004'
09:36:02.000 INSERT INTO R_PQBF (BF001,BF002,BF003,BF004,BF005,BF006,BF007,BF008) VALUES ('R_342','车木件采购合同','廖灵飞','2018/12/8 9:36:02','R_342-20181112004','UPDATE R_PQAF SET AF002=''18110349'',AF003=''MARC超级摩托车'',AF004=''396'',AF005=''Po683'',AF007=''MLL-0026'',AF008=''000163'',AF009=''2018/11/12 0:00:00'',AF010=''王祖汉'',AF011=''MLL-00370612'',AF012=''饶云祥'',AF013=''2018/11/13 0:00:00'',AF014=''2018/11/12 0:00:00'',AF035='''',AF036=''2018/11/12 0:00:00'',AF037='''',AF038='''',AF039='''',AF040='''',AF041='''',AF042='''',AF043=''2018/11/12 0:00:00'',AF044='''',AF045=''2018/11/12 0:00:00'',AF046='''',AF047='''',AF048='''',AF049=''2018/11/12 0:00:00'',AF050='''',AF051=''2018/11/12 0:00:00'',AF052=''0'',AF053='''',AF054='''',AF055=''0'',AF056=''0'',AF057=''0'',AF058=''0'',AF059=''0'',AF060=''0'',AF061=''0'',AF062=''0'',AF063=''0'',AF064='''',AF065='''',AF066=''2018/11/12 0:00:00'',AF067=''王祖汉'',AF068='''',AF069=''2018/11/12 0:00:00'',AF070=''饶云祥'',AF071=''2018/11/13 0:00:00'',AF072=''廖灵飞'',AF073=''2018/11/13 0:00:00'',AF074=''[廖灵飞20181208]'',AF075=''sfdd'',AF077='''',AF078=''F'',AF079=''赖仁通'',AF083=''F'' WHERE AF001=''R_342-20181112004''','保存','维护保存')
09:36:03.000 UPDATE R_PQAMB SET AMB270='730.0' WHERE AMB001='R_342-20181112004'
09:36:03.000 UPDATE R_PQAM SET AM270='730.0' WHERE AM002='18110349'
09:36:14.000 UPDATE R_PQV SET PQV93='T' WHERE PQV76 IN ('R_341-20160527005','R_341-20160528002','R_341-20160528011','R_341-20160530004','R_341-20161213003','R_341-20161213003','R_341-20171204002','R_341-20171221003','R_341-20180104002','R_341-20181103004','R_341-20181103004')
09:36:14.000 UPDATE R_PQAC SET AC17='T' WHERE AC16 IN ('R_464-20160527002','R_464-20160802001','R_464-20180412001','R_464-20160530001','R_464-20170116001','R_464-20170116002','R_464-20171208001','R_464-20171222001','R_464-20180413005','R_464-20181103001','R_464-20181103002')
09:36:21.000 @RES01[R_341]
09:36:21.000 @RES06[R_341-20181116001]
09:36:24.000 UPDATE R_PQV SET PQV01='18110351',PQV02='MLL-0024',PQV03='000058',PQV04='2018/11/16 0:00:00',PQV05='王祖汉',PQV06='2018/11/16 0:00:00',PQV07='饶云祥',PQV08='2018/11/16 0:00:00',PQV09='MLL-00370237',PQV25='',PQV26='2018/11/16 0:00:00',PQV27='在内',PQV28='',PQV29='',PQV30='',PQV31='',PQV32='',PQV33='2018/11/16 0:00:00',PQV34='',PQV35='2018/11/16 0:00:00',PQV36='',PQV37='2018/11/16 0:00:00',PQV38='',PQV39='',PQV40='',PQV41='2018/11/16 0:00:00',PQV42='0',PQV43='',PQV44='',PQV45='0',PQV46='0',PQV47='0',PQV48='0',PQV49='0',PQV50='0',PQV51='0',PQV52='0',PQV53='0',PQV54='1.594',PQV55='',PQV56='2018/11/16 0:00:00',PQV57='王祖汉',PQV58='',PQV59='2018/11/16 0:00:00',PQV60='饶云祥',PQV61='2018/11/16 0:00:00',PQV62='廖灵飞',PQV63='2018/11/20 0:00:00',PQV74='xsdfs',PQV75='[廖灵飞20181208]',PQV77='故事场景游戏',PQV78='945078-1',PQV79='158902-1',PQV87='',PQV88='F',PQV89='夏汝伟',PQV92='F',PQV94='F' WHERE PQV76='R_341-20181116001'
09:36:24.000 INSERT INTO R_PQBF (BF001,BF002,BF003,BF004,BF005,BF006,BF007,BF008) VALUES ('R_341','木材采购合同','廖灵飞','2018/12/8 9:36:24','R_341-20181116001','UPDATE R_PQV SET PQV01=''18110351'',PQV02=''MLL-0024'',PQV03=''000058'',PQV04=''2018/11/16 0:00:00'',PQV05=''王祖汉'',PQV06=''2018/11/16 0:00:00'',PQV07=''饶云祥'',PQV08=''2018/11/16 0:00:00'',PQV09=''MLL-00370237'',PQV25='''',PQV26=''2018/11/16 0:00:00'',PQV27=''在内'',PQV28='''',PQV29='''',PQV30='''',PQV31='''',PQV32='''',PQV33=''2018/11/16 0:00:00'',PQV34='''',PQV35=''2018/11/16 0:00:00'',PQV36='''',PQV37=''2018/11/16 0:00:00'',PQV38='''',PQV39='''',PQV40='''',PQV41=''2018/11/16 0:00:00'',PQV42=''0'',PQV43='''',PQV44='''',PQV45=''0'',PQV46=''0'',PQV47=''0'',PQV48=''0'',PQV49=''0'',PQV50=''0'',PQV51=''0'',PQV52=''0'',PQV53=''0'',PQV54=''1.594'',PQV55='''',PQV56=''2018/11/16 0:00:00'',PQV57=''王祖汉'',PQV58='''',PQV59=''2018/11/16 0:00:00'',PQV60=''饶云祥'',PQV61=''2018/11/16 0:00:00'',PQV62=''廖灵飞'',PQV63=''2018/11/20 0:00:00'',PQV74=''xsdfs'',PQV75=''[廖灵飞20181208]'',PQV77=''故事场景游戏'',PQV78=''945078-1'',PQV79=''158902-1'',PQV87='''',PQV88=''F'',PQV89=''夏汝伟'',PQV92=''F'',PQV94=''F'' WHERE PQV76=''R_341-20181116001''','保存','维护保存')
09:36:25.000 UPDATE R_PQAMB SET AMB346='1592.9' WHERE AMB001='R_341-20181116001'
09:36:25.000 UPDATE R_PQAM SET AM346='1592.9' WHERE AM002='18110351'
