08:27:28.000  异常信息：由于连接方在一段时间后没有正确答复或连接的主机没有反应，连接尝试失败。 192.168.0.222:80
  堆栈信息:   在 AutoUpdate.AppUpdate.DownloadFile(String url, String localFilePath) 位置 D:\ProjectData\MLL\Mulaolao\Mulaolao\Class\AppUpdate.cs:行号 242
   在 AutoUpdate.AppUpdate.CheckAppVersion(String& msg) 位置 D:\ProjectData\MLL\Mulaolao\Mulaolao\Class\AppUpdate.cs:行号 310
08:27:40.000 UPDATE R_PQP SET GS73='T' FROM R_PQQ WHERE GS01=CP01 AND GS35=CP09 AND (GS35  LIKE '%丝印%' OR GS35 LIKE '%雕刻%' OR GS35  LIKE '%砂皮%' OR GS35  LIKE '%走台印%' OR GS35  LIKE '%冲印%') 
08:27:41.000 UPDATE R_PQP SET GS73='T' FROM R_PQAH WHERE GS01=AH01 AND GS35=AH18 AND (GS35  LIKE '%丝印%' OR GS35 LIKE '%雕刻%' OR GS35  LIKE '%砂皮%' OR GS35  LIKE '%走台印%' OR GS35  LIKE '%冲印%')
08:27:42.000 UPDATE R_PQP SET GS73='T' FROM R_PQI WHERE GS01=YQ03 AND  GS35 LIKE '%油漆%'  AND YQ139='1'
08:27:43.000 UPDATE R_PQP SET GS73='T' FROM R_PQAF WHERE GS01=AF002 AND GS07=AF015 AND GS02=AF084 AND GS08 ='Φ'+CONVERT(VARCHAR,CONVERT(FLOAT,AF022*10))+'*'+CONVERT(VARCHAR,CONVERT(FLOAT,AF020*10)) 
08:27:44.000 UPDATE R_PQP SET GS73='T' FROM R_PQU WHERE GS01=PQU01 AND GS07=PQU10 AND GS08=PQU12  
08:27:45.000 UPDATE R_PQP SET GS73='T' FROM R_PQS WHERE GS01=PJ01 AND GS56=PJ09 AND GS57=PJ89  
08:27:45.000 UPDATE R_PQP SET GS73='T' FROM R_PQT WHERE GS01=WX01 AND GS56=WX10 AND GS57=WX11 
08:27:46.000 WITH CET AS (select GS70,GS01,GS46,GS49,GS71,GS02,right(GS08,len(GS08) - charindex('*',GS08) ) a from R_PQP  WHERE GS70='R_338' AND GS73='F' ),CFT AS (SELECT GS70,GS01,GS46,GS49,GS71,GS02,right(a,LEN(a)-charindex('*',a)) GS08 FROM CET  ),CHT AS( SELECT DISTINCT GS70,GS01,GS46,GS49,GS71,GS02,CONVERT(FLOAT,CONVERT(DECIMAL(11,2),GS08)*1.0/10) GS08 FROM CFT  )SELECT GS70,GS01,GS46,GS49,GS71,GS02,CONVERT(VARCHAR,GS08) GS08,'' GS07,PQF13,PQF31 FROM CHT A INNER JOIN R_PQF B ON A.GS01=B.PQF01  WHERE (SELECT COUNT(1) FROM R_PQO WHERE GS01=JM90 AND GS02=JM09 AND CONVERT(VARCHAR,GS08)=CONVERT(VARCHAR,CONVERT(FLOAT,CONVERT(DECIMAL(11,4),JM96))))=0 and GS01 not in (SELECT JM90 FROM R_PQO WHERE JM116='1' )
08:27:46.000 从数据类型 nvarchar 转换为 numeric 时出错。
08:29:33.000 INSERT INTO R_PQT (WX01,WX83,WX84,WX85,WX86,WX02,WX10,WX11,WX12,WX13,WX14,WX15,WX16,WX87,WX17,WX18,WX19,WX20,WX23,WX24,WX25,WX26,WX27,WX28,WX29,WX30,WX31,WX32,WX33,WX35,WX36,WX37,WX38,WX39,WX40,WX41,WX42,WX43,WX44,WX45,WX46,WX47,WX48,WX49,WX50,WX51,WX56,WX57,WX58,WX59,WX60,WX61,WX62,WX63,WX64,WX65,WX66,WX67,WX68,WX72,WX77,WX78,WX79) SELECT WX01,WX83,WX84,WX85,WX86,WX02,WX10,WX11,WX12,WX13,WX14,WX15,WX16,WX87,WX17,WX18,WX19,WX20,WX23,WX24,WX25,WX26,WX27,WX28,WX29,WX30,WX31,WX32,WX33,WX35,WX36,WX37,WX38,WX39,WX40,WX41,WX42,WX43,WX44,WX45,WX46,WX47,WX48,WX49,WX50,WX51,WX56,WX57,WX58,WX59,WX60,WX61,WX62,WX63,WX64,WX65,WX66,WX67,WX68,WX72,WX77,WX78,WX79 FROM R_PQT WHERE WX82='R_349-20180903002'
08:29:33.000 INSERT INTO R_PQBF (BF001,BF002,BF003,BF004,BF005,BF006,BF007,BF008) VALUES ('R_349','外箱、中包、彩盒、纸片（卡）等采购合同','廖灵飞','2018/10/12 8:29:33','R_349-20180903002','INSERT INTO R_PQT (WX01,WX83,WX84,WX85,WX86,WX02,WX10,WX11,WX12,WX13,WX14,WX15,WX16,WX87,WX17,WX18,WX19,WX20,WX23,WX24,WX25,WX26,WX27,WX28,WX29,WX30,WX31,WX32,WX33,WX35,WX36,WX37,WX38,WX39,WX40,WX41,WX42,WX43,WX44,WX45,WX46,WX47,WX48,WX49,WX50,WX51,WX56,WX57,WX58,WX59,WX60,WX61,WX62,WX63,WX64,WX65,WX66,WX67,WX68,WX72,WX77,WX78,WX79) SELECT WX01,WX83,WX84,WX85,WX86,WX02,WX10,WX11,WX12,WX13,WX14,WX15,WX16,WX87,WX17,WX18,WX19,WX20,WX23,WX24,WX25,WX26,WX27,WX28,WX29,WX30,WX31,WX32,WX33,WX35,WX36,WX37,WX38,WX39,WX40,WX41,WX42,WX43,WX44,WX45,WX46,WX47,WX48,WX49,WX50,WX51,WX56,WX57,WX58,WX59,WX60,WX61,WX62,WX63,WX64,WX65,WX66,WX67,WX68,WX72,WX77,WX78,WX79 FROM R_PQT WHERE WX82=''R_349-20180903002''','复制','维护复制')
08:29:33.000 UPDATE R_PQT SET WX82='R_349-20181012001',WX89='复制',WX21=DATEADD(DAY,5,GETDATE()) WHERE WX82 IS NULL
08:29:33.000 INSERT INTO R_PQBF (BF001,BF002,BF003,BF004,BF005,BF006,BF007,BF008) VALUES ('R_349','外箱、中包、彩盒、纸片（卡）等采购合同','廖灵飞','2018/10/12 8:29:33','R_349-20181012001','UPDATE R_PQT SET WX82=''R_349-20181012001'',WX89=''复制'',WX21=DATEADD(DAY,5,GETDATE()) WHERE WX82 IS NULL','复制','更改复制单号')
08:29:40.000 UPDATE R_PQT SET WX86='960',WX16='0',WX87='1920' WHERE idx='3068'
08:29:40.000 INSERT INTO R_PQBF (BF001,BF002,BF003,BF004,BF005,BF006,BF007,BF008) VALUES ('R_349','外箱、中包、彩盒、纸片（卡）等采购合同','廖灵飞','2018/10/12 8:29:40','R_349-20181012001','UPDATE R_PQT SET WX86=''960'',WX16=''0'',WX87=''1920'' WHERE idx=''3068''','批量编辑','新增批量编辑')
08:29:40.000 UPDATE R_PQT SET WX86='960',WX16='0',WX87='960' WHERE idx='3067'
08:29:40.000 INSERT INTO R_PQBF (BF001,BF002,BF003,BF004,BF005,BF006,BF007,BF008) VALUES ('R_349','外箱、中包、彩盒、纸片（卡）等采购合同','廖灵飞','2018/10/12 8:29:40','R_349-20181012001','UPDATE R_PQT SET WX86=''960'',WX16=''0'',WX87=''960'' WHERE idx=''3067''','批量编辑','新增批量编辑')
08:29:40.000 UPDATE R_PQT SET WX86='960',WX16='0',WX87='960' WHERE idx='3066'
08:29:40.000 INSERT INTO R_PQBF (BF001,BF002,BF003,BF004,BF005,BF006,BF007,BF008) VALUES ('R_349','外箱、中包、彩盒、纸片（卡）等采购合同','廖灵飞','2018/10/12 8:29:40','R_349-20181012001','UPDATE R_PQT SET WX86=''960'',WX16=''0'',WX87=''960'' WHERE idx=''3066''','批量编辑','新增批量编辑')
08:30:10.000 DELETE FROM R_PQT WHERE WX82='R_349-20181012001'
08:30:10.000 DELETE FROM R_REVIEWS WHERE RES01='R_349' AND RES06='R_349-20181012001'
08:30:10.000 INSERT INTO R_PQBF (BF001,BF002,BF003,BF004,BF005,BF006,BF007,BF008) VALUES ('R_349','外箱、中包、彩盒、纸片（卡）等采购合同','廖灵飞','2018/10/12 8:30:10','R_349-20181012001','DELETE FROM R_PQT WHERE WX82=''R_349-20181012001''','取消','新增取消')
08:42:54.000  异常信息：由于连接方在一段时间后没有正确答复或连接的主机没有反应，连接尝试失败。 192.168.0.222:80
  堆栈信息:   在 AutoUpdate.AppUpdate.DownloadFile(String url, String localFilePath) 位置 D:\ProjectData\MLL\Mulaolao\Mulaolao\Class\AppUpdate.cs:行号 242
   在 AutoUpdate.AppUpdate.CheckAppVersion(String& msg) 位置 D:\ProjectData\MLL\Mulaolao\Mulaolao\Class\AppUpdate.cs:行号 310
08:43:02.000 UPDATE R_PQP SET GS73='T' FROM R_PQQ WHERE GS01=CP01 AND GS35=CP09 AND (GS35  LIKE '%丝印%' OR GS35 LIKE '%雕刻%' OR GS35  LIKE '%砂皮%' OR GS35  LIKE '%走台印%' OR GS35  LIKE '%冲印%') 
08:43:02.000 UPDATE R_PQP SET GS73='T' FROM R_PQAH WHERE GS01=AH01 AND GS35=AH18 AND (GS35  LIKE '%丝印%' OR GS35 LIKE '%雕刻%' OR GS35  LIKE '%砂皮%' OR GS35  LIKE '%走台印%' OR GS35  LIKE '%冲印%')
08:43:02.000 UPDATE R_PQP SET GS73='T' FROM R_PQI WHERE GS01=YQ03 AND  GS35 LIKE '%油漆%'  AND YQ139='1'
08:43:02.000 UPDATE R_PQP SET GS73='T' FROM R_PQAF WHERE GS01=AF002 AND GS07=AF015 AND GS02=AF084 AND GS08 ='Φ'+CONVERT(VARCHAR,CONVERT(FLOAT,AF022*10))+'*'+CONVERT(VARCHAR,CONVERT(FLOAT,AF020*10)) 
08:43:02.000 UPDATE R_PQP SET GS73='T' FROM R_PQU WHERE GS01=PQU01 AND GS07=PQU10 AND GS08=PQU12  
08:43:03.000 UPDATE R_PQP SET GS73='T' FROM R_PQS WHERE GS01=PJ01 AND GS56=PJ09 AND GS57=PJ89  
08:43:03.000 UPDATE R_PQP SET GS73='T' FROM R_PQT WHERE GS01=WX01 AND GS56=WX10 AND GS57=WX11 
08:43:03.000 WITH CET AS (select GS70,GS01,GS46,GS49,GS71,GS02,right(GS08,len(GS08) - charindex('*',GS08) ) a from R_PQP  WHERE GS70='R_338' AND GS73='F' ),CFT AS (SELECT GS70,GS01,GS46,GS49,GS71,GS02,right(a,LEN(a)-charindex('*',a)) GS08 FROM CET  ),CHT AS( SELECT DISTINCT GS70,GS01,GS46,GS49,GS71,GS02,CONVERT(FLOAT,CONVERT(DECIMAL(11,2),GS08)*1.0/10) GS08 FROM CFT  )SELECT GS70,GS01,GS46,GS49,GS71,GS02,CONVERT(VARCHAR,GS08) GS08,'' GS07,PQF13,PQF31 FROM CHT A INNER JOIN R_PQF B ON A.GS01=B.PQF01  WHERE (SELECT COUNT(1) FROM R_PQO WHERE GS01=JM90 AND GS02=JM09 AND CONVERT(VARCHAR,GS08)=CONVERT(VARCHAR,CONVERT(FLOAT,CONVERT(DECIMAL(11,4),JM96))))=0 and GS01 not in (SELECT JM90 FROM R_PQO WHERE JM116='1' )
08:43:03.000 从数据类型 nvarchar 转换为 numeric 时出错。
08:43:41.000 INSERT INTO R_PQT (WX01,WX83,WX84,WX85,WX86,WX02,WX10,WX11,WX12,WX13,WX14,WX15,WX16,WX87,WX17,WX18,WX19,WX20,WX23,WX24,WX25,WX26,WX27,WX28,WX29,WX30,WX31,WX32,WX33,WX35,WX36,WX37,WX38,WX39,WX40,WX41,WX42,WX43,WX44,WX45,WX46,WX47,WX48,WX49,WX50,WX51,WX56,WX57,WX58,WX59,WX60,WX61,WX62,WX63,WX64,WX65,WX66,WX67,WX68,WX72,WX77,WX78,WX79) SELECT WX01,WX83,WX84,WX85,WX86,WX02,WX10,WX11,WX12,WX13,WX14,WX15,WX16,WX87,WX17,WX18,WX19,WX20,WX23,WX24,WX25,WX26,WX27,WX28,WX29,WX30,WX31,WX32,WX33,WX35,WX36,WX37,WX38,WX39,WX40,WX41,WX42,WX43,WX44,WX45,WX46,WX47,WX48,WX49,WX50,WX51,WX56,WX57,WX58,WX59,WX60,WX61,WX62,WX63,WX64,WX65,WX66,WX67,WX68,WX72,WX77,WX78,WX79 FROM R_PQT WHERE WX82='R_349-20180903002'
08:43:41.000 INSERT INTO R_PQBF (BF001,BF002,BF003,BF004,BF005,BF006,BF007,BF008) VALUES ('R_349','外箱、中包、彩盒、纸片（卡）等采购合同','廖灵飞','2018/10/12 8:43:41','R_349-20180903002','INSERT INTO R_PQT (WX01,WX83,WX84,WX85,WX86,WX02,WX10,WX11,WX12,WX13,WX14,WX15,WX16,WX87,WX17,WX18,WX19,WX20,WX23,WX24,WX25,WX26,WX27,WX28,WX29,WX30,WX31,WX32,WX33,WX35,WX36,WX37,WX38,WX39,WX40,WX41,WX42,WX43,WX44,WX45,WX46,WX47,WX48,WX49,WX50,WX51,WX56,WX57,WX58,WX59,WX60,WX61,WX62,WX63,WX64,WX65,WX66,WX67,WX68,WX72,WX77,WX78,WX79) SELECT WX01,WX83,WX84,WX85,WX86,WX02,WX10,WX11,WX12,WX13,WX14,WX15,WX16,WX87,WX17,WX18,WX19,WX20,WX23,WX24,WX25,WX26,WX27,WX28,WX29,WX30,WX31,WX32,WX33,WX35,WX36,WX37,WX38,WX39,WX40,WX41,WX42,WX43,WX44,WX45,WX46,WX47,WX48,WX49,WX50,WX51,WX56,WX57,WX58,WX59,WX60,WX61,WX62,WX63,WX64,WX65,WX66,WX67,WX68,WX72,WX77,WX78,WX79 FROM R_PQT WHERE WX82=''R_349-20180903002''','复制','维护复制')
08:43:41.000 UPDATE R_PQT SET WX82='R_349-20181012002',WX89='复制',WX21=DATEADD(DAY,5,GETDATE()) WHERE WX82 IS NULL
08:43:41.000 INSERT INTO R_PQBF (BF001,BF002,BF003,BF004,BF005,BF006,BF007,BF008) VALUES ('R_349','外箱、中包、彩盒、纸片（卡）等采购合同','廖灵飞','2018/10/12 8:43:41','R_349-20181012002','UPDATE R_PQT SET WX82=''R_349-20181012002'',WX89=''复制'',WX21=DATEADD(DAY,5,GETDATE()) WHERE WX82 IS NULL','复制','更改复制单号')
08:43:51.000 UPDATE R_PQT SET WX15='4000',WX86='2000',WX16='0',WX87='4000' WHERE idx='3071'
08:43:51.000 INSERT INTO R_PQBF (BF001,BF002,BF003,BF004,BF005,BF006,BF007,BF008) VALUES ('R_349','外箱、中包、彩盒、纸片（卡）等采购合同','廖灵飞','2018/10/12 8:43:51','R_349-20181012002','UPDATE R_PQT SET WX15=''4000'',WX86=''2000'',WX16=''0'',WX87=''4000'' WHERE idx=''3071''','批量编辑','新增批量编辑')
08:43:51.000 UPDATE R_PQT SET WX15='2000',WX86='2000',WX16='0',WX87='2000' WHERE idx='3070'
08:43:51.000 INSERT INTO R_PQBF (BF001,BF002,BF003,BF004,BF005,BF006,BF007,BF008) VALUES ('R_349','外箱、中包、彩盒、纸片（卡）等采购合同','廖灵飞','2018/10/12 8:43:51','R_349-20181012002','UPDATE R_PQT SET WX15=''2000'',WX86=''2000'',WX16=''0'',WX87=''2000'' WHERE idx=''3070''','批量编辑','新增批量编辑')
08:43:51.000 UPDATE R_PQT SET WX15='2000',WX86='2000',WX16='0',WX87='2000' WHERE idx='3069'
08:43:51.000 INSERT INTO R_PQBF (BF001,BF002,BF003,BF004,BF005,BF006,BF007,BF008) VALUES ('R_349','外箱、中包、彩盒、纸片（卡）等采购合同','廖灵飞','2018/10/12 8:43:51','R_349-20181012002','UPDATE R_PQT SET WX15=''2000'',WX86=''2000'',WX16=''0'',WX87=''2000'' WHERE idx=''3069''','批量编辑','新增批量编辑')
08:45:38.000 DELETE FROM R_PQT WHERE WX82='R_349-20181012002'
08:45:38.000 DELETE FROM R_REVIEWS WHERE RES01='R_349' AND RES06='R_349-20181012002'
08:45:38.000 INSERT INTO R_PQBF (BF001,BF002,BF003,BF004,BF005,BF006,BF007,BF008) VALUES ('R_349','外箱、中包、彩盒、纸片（卡）等采购合同','廖灵飞','2018/10/12 8:45:38','R_349-20181012002','DELETE FROM R_PQT WHERE WX82=''R_349-20181012002''','取消','新增取消')
08:56:56.000  异常信息：由于连接方在一段时间后没有正确答复或连接的主机没有反应，连接尝试失败。 192.168.0.222:80
  堆栈信息:   在 AutoUpdate.AppUpdate.DownloadFile(String url, String localFilePath) 位置 D:\ProjectData\MLL\Mulaolao\Mulaolao\Class\AppUpdate.cs:行号 242
   在 AutoUpdate.AppUpdate.CheckAppVersion(String& msg) 位置 D:\ProjectData\MLL\Mulaolao\Mulaolao\Class\AppUpdate.cs:行号 310
08:57:02.000 UPDATE R_PQP SET GS73='T' FROM R_PQQ WHERE GS01=CP01 AND GS35=CP09 AND (GS35  LIKE '%丝印%' OR GS35 LIKE '%雕刻%' OR GS35  LIKE '%砂皮%' OR GS35  LIKE '%走台印%' OR GS35  LIKE '%冲印%') 
08:57:03.000 UPDATE R_PQP SET GS73='T' FROM R_PQAH WHERE GS01=AH01 AND GS35=AH18 AND (GS35  LIKE '%丝印%' OR GS35 LIKE '%雕刻%' OR GS35  LIKE '%砂皮%' OR GS35  LIKE '%走台印%' OR GS35  LIKE '%冲印%')
08:57:03.000 UPDATE R_PQP SET GS73='T' FROM R_PQI WHERE GS01=YQ03 AND  GS35 LIKE '%油漆%'  AND YQ139='1'
08:57:03.000 UPDATE R_PQP SET GS73='T' FROM R_PQAF WHERE GS01=AF002 AND GS07=AF015 AND GS02=AF084 AND GS08 ='Φ'+CONVERT(VARCHAR,CONVERT(FLOAT,AF022*10))+'*'+CONVERT(VARCHAR,CONVERT(FLOAT,AF020*10)) 
08:57:04.000 UPDATE R_PQP SET GS73='T' FROM R_PQU WHERE GS01=PQU01 AND GS07=PQU10 AND GS08=PQU12  
08:57:04.000 UPDATE R_PQP SET GS73='T' FROM R_PQS WHERE GS01=PJ01 AND GS56=PJ09 AND GS57=PJ89  
08:57:04.000 UPDATE R_PQP SET GS73='T' FROM R_PQT WHERE GS01=WX01 AND GS56=WX10 AND GS57=WX11 
08:57:05.000 WITH CET AS (select GS70,GS01,GS46,GS49,GS71,GS02,right(GS08,len(GS08) - charindex('*',GS08) ) a from R_PQP  WHERE GS70='R_338' AND GS73='F' ),CFT AS (SELECT GS70,GS01,GS46,GS49,GS71,GS02,right(a,LEN(a)-charindex('*',a)) GS08 FROM CET  ),CHT AS( SELECT DISTINCT GS70,GS01,GS46,GS49,GS71,GS02,CONVERT(FLOAT,CONVERT(DECIMAL(11,2),GS08)*1.0/10) GS08 FROM CFT  )SELECT GS70,GS01,GS46,GS49,GS71,GS02,CONVERT(VARCHAR,GS08) GS08,'' GS07,PQF13,PQF31 FROM CHT A INNER JOIN R_PQF B ON A.GS01=B.PQF01  WHERE (SELECT COUNT(1) FROM R_PQO WHERE GS01=JM90 AND GS02=JM09 AND CONVERT(VARCHAR,GS08)=CONVERT(VARCHAR,CONVERT(FLOAT,CONVERT(DECIMAL(11,4),JM96))))=0 and GS01 not in (SELECT JM90 FROM R_PQO WHERE JM116='1' )
08:57:05.000 从数据类型 nvarchar 转换为 numeric 时出错。
09:14:25.000  异常信息：由于连接方在一段时间后没有正确答复或连接的主机没有反应，连接尝试失败。 192.168.0.222:80
  堆栈信息:   在 AutoUpdate.AppUpdate.DownloadFile(String url, String localFilePath) 位置 D:\ProjectData\MLL\Mulaolao\Mulaolao\Class\AppUpdate.cs:行号 242
   在 AutoUpdate.AppUpdate.CheckAppVersion(String& msg) 位置 D:\ProjectData\MLL\Mulaolao\Mulaolao\Class\AppUpdate.cs:行号 310
09:14:34.000 UPDATE R_PQP SET GS73='T' FROM R_PQQ WHERE GS01=CP01 AND GS35=CP09 AND (GS35  LIKE '%丝印%' OR GS35 LIKE '%雕刻%' OR GS35  LIKE '%砂皮%' OR GS35  LIKE '%走台印%' OR GS35  LIKE '%冲印%') 
09:14:34.000 UPDATE R_PQP SET GS73='T' FROM R_PQAH WHERE GS01=AH01 AND GS35=AH18 AND (GS35  LIKE '%丝印%' OR GS35 LIKE '%雕刻%' OR GS35  LIKE '%砂皮%' OR GS35  LIKE '%走台印%' OR GS35  LIKE '%冲印%')
09:14:34.000 UPDATE R_PQP SET GS73='T' FROM R_PQI WHERE GS01=YQ03 AND  GS35 LIKE '%油漆%'  AND YQ139='1'
09:14:34.000 UPDATE R_PQP SET GS73='T' FROM R_PQAF WHERE GS01=AF002 AND GS07=AF015 AND GS02=AF084 AND GS08 ='Φ'+CONVERT(VARCHAR,CONVERT(FLOAT,AF022*10))+'*'+CONVERT(VARCHAR,CONVERT(FLOAT,AF020*10)) 
09:14:34.000 UPDATE R_PQP SET GS73='T' FROM R_PQU WHERE GS01=PQU01 AND GS07=PQU10 AND GS08=PQU12  
09:14:35.000 UPDATE R_PQP SET GS73='T' FROM R_PQS WHERE GS01=PJ01 AND GS56=PJ09 AND GS57=PJ89  
09:14:35.000 UPDATE R_PQP SET GS73='T' FROM R_PQT WHERE GS01=WX01 AND GS56=WX10 AND GS57=WX11 
09:14:35.000 WITH CET AS (select GS70,GS01,GS46,GS49,GS71,GS02,right(GS08,len(GS08) - charindex('*',GS08) ) a from R_PQP  WHERE GS70='R_338' AND GS73='F' ),CFT AS (SELECT GS70,GS01,GS46,GS49,GS71,GS02,right(a,LEN(a)-charindex('*',a)) GS08 FROM CET  ),CHT AS( SELECT DISTINCT GS70,GS01,GS46,GS49,GS71,GS02,CONVERT(FLOAT,CONVERT(DECIMAL(11,2),GS08)*1.0/10) GS08 FROM CFT  )SELECT GS70,GS01,GS46,GS49,GS71,GS02,CONVERT(VARCHAR,GS08) GS08,'' GS07,PQF13,PQF31 FROM CHT A INNER JOIN R_PQF B ON A.GS01=B.PQF01  WHERE (SELECT COUNT(1) FROM R_PQO WHERE GS01=JM90 AND GS02=JM09 AND CONVERT(VARCHAR,GS08)=CONVERT(VARCHAR,CONVERT(FLOAT,CONVERT(DECIMAL(11,4),JM96))))=0 and GS01 not in (SELECT JM90 FROM R_PQO WHERE JM116='1' )
09:14:35.000 从数据类型 nvarchar 转换为 numeric 时出错。
09:18:56.000  异常信息：由于连接方在一段时间后没有正确答复或连接的主机没有反应，连接尝试失败。 192.168.0.222:80
  堆栈信息:   在 AutoUpdate.AppUpdate.DownloadFile(String url, String localFilePath) 位置 D:\ProjectData\MLL\Mulaolao\Mulaolao\Class\AppUpdate.cs:行号 242
   在 AutoUpdate.AppUpdate.CheckAppVersion(String& msg) 位置 D:\ProjectData\MLL\Mulaolao\Mulaolao\Class\AppUpdate.cs:行号 310
09:19:04.000 UPDATE R_PQP SET GS73='T' FROM R_PQQ WHERE GS01=CP01 AND GS35=CP09 AND (GS35  LIKE '%丝印%' OR GS35 LIKE '%雕刻%' OR GS35  LIKE '%砂皮%' OR GS35  LIKE '%走台印%' OR GS35  LIKE '%冲印%') 
09:19:04.000 UPDATE R_PQP SET GS73='T' FROM R_PQAH WHERE GS01=AH01 AND GS35=AH18 AND (GS35  LIKE '%丝印%' OR GS35 LIKE '%雕刻%' OR GS35  LIKE '%砂皮%' OR GS35  LIKE '%走台印%' OR GS35  LIKE '%冲印%')
09:19:05.000 UPDATE R_PQP SET GS73='T' FROM R_PQI WHERE GS01=YQ03 AND  GS35 LIKE '%油漆%'  AND YQ139='1'
09:19:05.000 UPDATE R_PQP SET GS73='T' FROM R_PQAF WHERE GS01=AF002 AND GS07=AF015 AND GS02=AF084 AND GS08 ='Φ'+CONVERT(VARCHAR,CONVERT(FLOAT,AF022*10))+'*'+CONVERT(VARCHAR,CONVERT(FLOAT,AF020*10)) 
09:19:05.000 UPDATE R_PQP SET GS73='T' FROM R_PQU WHERE GS01=PQU01 AND GS07=PQU10 AND GS08=PQU12  
09:19:06.000 UPDATE R_PQP SET GS73='T' FROM R_PQS WHERE GS01=PJ01 AND GS56=PJ09 AND GS57=PJ89  
09:19:06.000 UPDATE R_PQP SET GS73='T' FROM R_PQT WHERE GS01=WX01 AND GS56=WX10 AND GS57=WX11 
09:19:06.000 WITH CET AS (select GS70,GS01,GS46,GS49,GS71,GS02,right(GS08,len(GS08) - charindex('*',GS08) ) a from R_PQP  WHERE GS70='R_338' AND GS73='F' ),CFT AS (SELECT GS70,GS01,GS46,GS49,GS71,GS02,right(a,LEN(a)-charindex('*',a)) GS08 FROM CET  ),CHT AS( SELECT DISTINCT GS70,GS01,GS46,GS49,GS71,GS02,CONVERT(FLOAT,CONVERT(DECIMAL(11,2),GS08)*1.0/10) GS08 FROM CFT  )SELECT GS70,GS01,GS46,GS49,GS71,GS02,CONVERT(VARCHAR,GS08) GS08,'' GS07,PQF13,PQF31 FROM CHT A INNER JOIN R_PQF B ON A.GS01=B.PQF01  WHERE (SELECT COUNT(1) FROM R_PQO WHERE GS01=JM90 AND GS02=JM09 AND CONVERT(VARCHAR,GS08)=CONVERT(VARCHAR,CONVERT(FLOAT,CONVERT(DECIMAL(11,4),JM96))))=0 and GS01 not in (SELECT JM90 FROM R_PQO WHERE JM116='1' )
09:19:06.000 从数据类型 nvarchar 转换为 numeric 时出错。
09:21:00.000  异常信息：由于连接方在一段时间后没有正确答复或连接的主机没有反应，连接尝试失败。 192.168.0.222:80
  堆栈信息:   在 AutoUpdate.AppUpdate.DownloadFile(String url, String localFilePath) 位置 D:\ProjectData\MLL\Mulaolao\Mulaolao\Class\AppUpdate.cs:行号 242
   在 AutoUpdate.AppUpdate.CheckAppVersion(String& msg) 位置 D:\ProjectData\MLL\Mulaolao\Mulaolao\Class\AppUpdate.cs:行号 310
09:21:10.000 UPDATE R_PQP SET GS73='T' FROM R_PQQ WHERE GS01=CP01 AND GS35=CP09 AND (GS35  LIKE '%丝印%' OR GS35 LIKE '%雕刻%' OR GS35  LIKE '%砂皮%' OR GS35  LIKE '%走台印%' OR GS35  LIKE '%冲印%') 
09:21:10.000 UPDATE R_PQP SET GS73='T' FROM R_PQAH WHERE GS01=AH01 AND GS35=AH18 AND (GS35  LIKE '%丝印%' OR GS35 LIKE '%雕刻%' OR GS35  LIKE '%砂皮%' OR GS35  LIKE '%走台印%' OR GS35  LIKE '%冲印%')
09:21:10.000 UPDATE R_PQP SET GS73='T' FROM R_PQI WHERE GS01=YQ03 AND  GS35 LIKE '%油漆%'  AND YQ139='1'
09:21:10.000 UPDATE R_PQP SET GS73='T' FROM R_PQAF WHERE GS01=AF002 AND GS07=AF015 AND GS02=AF084 AND GS08 ='Φ'+CONVERT(VARCHAR,CONVERT(FLOAT,AF022*10))+'*'+CONVERT(VARCHAR,CONVERT(FLOAT,AF020*10)) 
09:21:11.000 UPDATE R_PQP SET GS73='T' FROM R_PQU WHERE GS01=PQU01 AND GS07=PQU10 AND GS08=PQU12  
09:21:11.000 UPDATE R_PQP SET GS73='T' FROM R_PQS WHERE GS01=PJ01 AND GS56=PJ09 AND GS57=PJ89  
09:21:11.000 UPDATE R_PQP SET GS73='T' FROM R_PQT WHERE GS01=WX01 AND GS56=WX10 AND GS57=WX11 
09:21:11.000 WITH CET AS (select GS70,GS01,GS46,GS49,GS71,GS02,right(GS08,len(GS08) - charindex('*',GS08) ) a from R_PQP  WHERE GS70='R_338' AND GS73='F' ),CFT AS (SELECT GS70,GS01,GS46,GS49,GS71,GS02,right(a,LEN(a)-charindex('*',a)) GS08 FROM CET  ),CHT AS( SELECT DISTINCT GS70,GS01,GS46,GS49,GS71,GS02,CONVERT(FLOAT,CONVERT(DECIMAL(11,2),GS08)*1.0/10) GS08 FROM CFT  )SELECT GS70,GS01,GS46,GS49,GS71,GS02,CONVERT(VARCHAR,GS08) GS08,'' GS07,PQF13,PQF31 FROM CHT A INNER JOIN R_PQF B ON A.GS01=B.PQF01  WHERE (SELECT COUNT(1) FROM R_PQO WHERE GS01=JM90 AND GS02=JM09 AND CONVERT(VARCHAR,GS08)=CONVERT(VARCHAR,CONVERT(FLOAT,CONVERT(DECIMAL(11,4),JM96))))=0 and GS01 not in (SELECT JM90 FROM R_PQO WHERE JM116='1' )
09:21:11.000 从数据类型 nvarchar 转换为 numeric 时出错。
09:22:30.000 INSERT INTO R_PQS (PJ01,PJ93,PJ94,PJ95,PJ96,PJ03,PJ09,PJ10,PJ11,PJ12,PJ13,PJ97,PJ14,PJ15,PJ16,PJ17,PJ18,PJ21,PJ24,PJ27,PJ30,PJ33,PJ34,PJ35,PJ36,PJ37,PJ38,PJ39,PJ40,PJ41,PJ42,PJ43,PJ44,PJ45,PJ46,PJ47,PJ48,PJ49,PJ50,PJ51,PJ52,PJ53,PJ54,PJ55,PJ56,PJ57,PJ58,PJ59,PJ60,PJ61,PJ62,PJ63,PJ64,PJ65,PJ66,PJ67,PJ68,PJ69,PJ70,PJ71,PJ72,PJ73,PJ74,PJ75,PJ76,PJ77,PJ89) SELECT PJ01,PJ93,PJ94,PJ95,PJ96,PJ03,PJ09,PJ10,PJ11,PJ12,PJ13,PJ97,PJ14,PJ15,PJ16,PJ17,PJ18,PJ21,PJ24,PJ27,PJ30,PJ33,PJ34,PJ35,PJ36,PJ37,PJ38,PJ39,PJ40,PJ41,PJ42,PJ43,PJ44,PJ45,PJ46,PJ47,PJ48,PJ49,PJ50,PJ51,PJ52,PJ53,PJ54,PJ55,PJ56,PJ57,PJ58,PJ59,PJ60,PJ61,PJ62,PJ63,PJ64,PJ65,PJ66,PJ67,PJ68,PJ69,PJ70,PJ71,PJ72,PJ73,PJ74,PJ75,PJ76,PJ77,PJ89 FROM R_PQS WHERE PJ92='R_347-20160525005'
09:22:30.000 INSERT INTO R_PQBF (BF001,BF002,BF003,BF004,BF005,BF006,BF007,BF008) VALUES ('R_347','产品塑料、布和其他零配件采购合同','廖灵飞','2018/10/12 9:22:30','R_347-20160525005','INSERT INTO R_PQS (PJ01,PJ93,PJ94,PJ95,PJ96,PJ03,PJ09,PJ10,PJ11,PJ12,PJ13,PJ97,PJ14,PJ15,PJ16,PJ17,PJ18,PJ21,PJ24,PJ27,PJ30,PJ33,PJ34,PJ35,PJ36,PJ37,PJ38,PJ39,PJ40,PJ41,PJ42,PJ43,PJ44,PJ45,PJ46,PJ47,PJ48,PJ49,PJ50,PJ51,PJ52,PJ53,PJ54,PJ55,PJ56,PJ57,PJ58,PJ59,PJ60,PJ61,PJ62,PJ63,PJ64,PJ65,PJ66,PJ67,PJ68,PJ69,PJ70,PJ71,PJ72,PJ73,PJ74,PJ75,PJ76,PJ77,PJ89) SELECT PJ01,PJ93,PJ94,PJ95,PJ96,PJ03,PJ09,PJ10,PJ11,PJ12,PJ13,PJ97,PJ14,PJ15,PJ16,PJ17,PJ18,PJ21,PJ24,PJ27,PJ30,PJ33,PJ34,PJ35,PJ36,PJ37,PJ38,PJ39,PJ40,PJ41,PJ42,PJ43,PJ44,PJ45,PJ46,PJ47,PJ48,PJ49,PJ50,PJ51,PJ52,PJ53,PJ54,PJ55,PJ56,PJ57,PJ58,PJ59,PJ60,PJ61,PJ62,PJ63,PJ64,PJ65,PJ66,PJ67,PJ68,PJ69,PJ70,PJ71,PJ72,PJ73,PJ74,PJ75,PJ76,PJ77,PJ89 FROM R_PQS WHERE PJ92=''R_347-20160525005''','复制','维护复制')
09:22:30.000 UPDATE R_PQS SET PJ92='R_347-20181012001',PJ99='复制',PJ19=DATEADD(DAY,5,GETDATE()) WHERE PJ92 IS NULL
09:22:30.000 INSERT INTO R_PQBF (BF001,BF002,BF003,BF004,BF005,BF006,BF007,BF008) VALUES ('R_347','产品塑料、布和其他零配件采购合同','廖灵飞','2018/10/12 9:22:30','R_347-20181012001','UPDATE R_PQS SET PJ92=''R_347-20181012001'',PJ99=''复制'',PJ19=DATEADD(DAY,5,GETDATE()) WHERE PJ92 IS NULL','复制','更改复制单号')
09:22:36.000 UPDATE R_PQS SET PJ96=1500,PJ14=0,PJ97=4500 WHERE idx='6934'
09:22:36.000 INSERT INTO R_PQBF (BF001,BF002,BF003,BF004,BF005,BF006,BF007,BF008) VALUES ('R_347','产品塑料、布和其他零配件采购合同','廖灵飞','2018/10/12 9:22:36','R_347-20181012001','UPDATE R_PQS SET PJ96=1500,PJ14=0,PJ97=4500 WHERE idx=''6934''','批量编辑','新增批量编辑')
09:22:36.000 UPDATE R_PQS SET PJ96=1500,PJ14=0,PJ97=3000 WHERE idx='6933'
09:22:36.000 INSERT INTO R_PQBF (BF001,BF002,BF003,BF004,BF005,BF006,BF007,BF008) VALUES ('R_347','产品塑料、布和其他零配件采购合同','廖灵飞','2018/10/12 9:22:36','R_347-20181012001','UPDATE R_PQS SET PJ96=1500,PJ14=0,PJ97=3000 WHERE idx=''6933''','批量编辑','新增批量编辑')
09:22:36.000 UPDATE R_PQS SET PJ96=1500,PJ14=0,PJ97=1500 WHERE idx='6932'
09:22:36.000 INSERT INTO R_PQBF (BF001,BF002,BF003,BF004,BF005,BF006,BF007,BF008) VALUES ('R_347','产品塑料、布和其他零配件采购合同','廖灵飞','2018/10/12 9:22:36','R_347-20181012001','UPDATE R_PQS SET PJ96=1500,PJ14=0,PJ97=1500 WHERE idx=''6932''','批量编辑','新增批量编辑')
10:35:42.000  异常信息：由于连接方在一段时间后没有正确答复或连接的主机没有反应，连接尝试失败。 192.168.0.222:80
  堆栈信息:   在 AutoUpdate.AppUpdate.DownloadFile(String url, String localFilePath) 位置 D:\ProjectData\MLL\Mulaolao\Mulaolao\Class\AppUpdate.cs:行号 242
   在 AutoUpdate.AppUpdate.CheckAppVersion(String& msg) 位置 D:\ProjectData\MLL\Mulaolao\Mulaolao\Class\AppUpdate.cs:行号 310
10:35:50.000 UPDATE R_PQP SET GS73='T' FROM R_PQQ WHERE GS01=CP01 AND GS35=CP09 AND (GS35  LIKE '%丝印%' OR GS35 LIKE '%雕刻%' OR GS35  LIKE '%砂皮%' OR GS35  LIKE '%走台印%' OR GS35  LIKE '%冲印%') 
10:35:50.000 UPDATE R_PQP SET GS73='T' FROM R_PQAH WHERE GS01=AH01 AND GS35=AH18 AND (GS35  LIKE '%丝印%' OR GS35 LIKE '%雕刻%' OR GS35  LIKE '%砂皮%' OR GS35  LIKE '%走台印%' OR GS35  LIKE '%冲印%')
10:35:50.000 UPDATE R_PQP SET GS73='T' FROM R_PQI WHERE GS01=YQ03 AND  GS35 LIKE '%油漆%'  AND YQ139='1'
10:35:50.000 UPDATE R_PQP SET GS73='T' FROM R_PQAF WHERE GS01=AF002 AND GS07=AF015 AND GS02=AF084 AND GS08 ='Φ'+CONVERT(VARCHAR,CONVERT(FLOAT,AF022*10))+'*'+CONVERT(VARCHAR,CONVERT(FLOAT,AF020*10)) 
10:35:51.000 UPDATE R_PQP SET GS73='T' FROM R_PQU WHERE GS01=PQU01 AND GS07=PQU10 AND GS08=PQU12  
10:35:51.000 UPDATE R_PQP SET GS73='T' FROM R_PQS WHERE GS01=PJ01 AND GS56=PJ09 AND GS57=PJ89  
10:35:51.000 UPDATE R_PQP SET GS73='T' FROM R_PQT WHERE GS01=WX01 AND GS56=WX10 AND GS57=WX11 
10:35:52.000 WITH CET AS (select GS70,GS01,GS46,GS49,GS71,GS02,right(GS08,len(GS08) - charindex('*',GS08) ) a from R_PQP  WHERE GS70='R_338' AND GS73='F' ),CFT AS (SELECT GS70,GS01,GS46,GS49,GS71,GS02,right(a,LEN(a)-charindex('*',a)) GS08 FROM CET  ),CHT AS( SELECT DISTINCT GS70,GS01,GS46,GS49,GS71,GS02,CONVERT(FLOAT,CONVERT(DECIMAL(11,2),GS08)*1.0/10) GS08 FROM CFT  )SELECT GS70,GS01,GS46,GS49,GS71,GS02,CONVERT(VARCHAR,GS08) GS08,'' GS07,PQF13,PQF31 FROM CHT A INNER JOIN R_PQF B ON A.GS01=B.PQF01  WHERE (SELECT COUNT(1) FROM R_PQO WHERE GS01=JM90 AND GS02=JM09 AND CONVERT(VARCHAR,GS08)=CONVERT(VARCHAR,CONVERT(FLOAT,CONVERT(DECIMAL(11,4),JM96))))=0 and GS01 not in (SELECT JM90 FROM R_PQO WHERE JM116='1' )
10:35:52.000 从数据类型 nvarchar 转换为 numeric 时出错。
10:36:20.000 WITH CET AS(SELECT AK003,SUM(AK011) AK011 FROM R_PQAK WHERE AK003 NOT LIKE 'R_195%' AND AK003 NOT LIKE 'R_196%' AND AK003 NOT LIKE 'R_199%' AND AK003 NOT LIKE 'R_339%' AND AK003 NOT LIKE 'R_344%' AND AK003 NOT LIKE 'R_495%' AND AK003 NOT LIKE 'R_505%' GROUP BY AK003),CFT AS(SELECT AC16,SUM(AC09*(AC10+ISNULL(AC27,0))) AC FROM R_PQAC WHERE (AC24='未结' OR AC24='未结完' OR AC24='' OR AC24 IS NULL) GROUP BY AC16),CHT AS (SELECT AC16,CONVERT(FLOAT,AC-AK011) KC FROM CFT A LEFT JOIN CET B ON A.AC16=B.AK003) UPDATE R_PQAC SET AC24=(SELECT CASE WHEN KC IS NULL THEN '未结' WHEN KC<=100 OR KC>=-100 THEN '已结' ELSE '未结完' END KC1 FROM CHT  A WHERE A.AC16=CHT.AC16  ) FROM CHT WHERE R_PQAC.AC16=CHT.AC16 
10:36:20.000 UPDATE R_PQAC SET AC24='已结' WHERE LEN(AC16)>17
10:42:24.000  异常信息：由于连接方在一段时间后没有正确答复或连接的主机没有反应，连接尝试失败。 192.168.0.222:80
  堆栈信息:   在 AutoUpdate.AppUpdate.DownloadFile(String url, String localFilePath) 位置 D:\ProjectData\MLL\Mulaolao\Mulaolao\Class\AppUpdate.cs:行号 242
   在 AutoUpdate.AppUpdate.CheckAppVersion(String& msg) 位置 D:\ProjectData\MLL\Mulaolao\Mulaolao\Class\AppUpdate.cs:行号 310
10:43:00.000 UPDATE R_PQP SET GS73='T' FROM R_PQQ WHERE GS01=CP01 AND GS35=CP09 AND (GS35  LIKE '%丝印%' OR GS35 LIKE '%雕刻%' OR GS35  LIKE '%砂皮%' OR GS35  LIKE '%走台印%' OR GS35  LIKE '%冲印%') 
10:43:00.000 UPDATE R_PQP SET GS73='T' FROM R_PQAH WHERE GS01=AH01 AND GS35=AH18 AND (GS35  LIKE '%丝印%' OR GS35 LIKE '%雕刻%' OR GS35  LIKE '%砂皮%' OR GS35  LIKE '%走台印%' OR GS35  LIKE '%冲印%')
10:43:01.000 UPDATE R_PQP SET GS73='T' FROM R_PQI WHERE GS01=YQ03 AND  GS35 LIKE '%油漆%'  AND YQ139='1'
10:43:01.000 UPDATE R_PQP SET GS73='T' FROM R_PQAF WHERE GS01=AF002 AND GS07=AF015 AND GS02=AF084 AND GS08 ='Φ'+CONVERT(VARCHAR,CONVERT(FLOAT,AF022*10))+'*'+CONVERT(VARCHAR,CONVERT(FLOAT,AF020*10)) 
10:43:01.000 UPDATE R_PQP SET GS73='T' FROM R_PQU WHERE GS01=PQU01 AND GS07=PQU10 AND GS08=PQU12  
10:43:01.000 UPDATE R_PQP SET GS73='T' FROM R_PQS WHERE GS01=PJ01 AND GS56=PJ09 AND GS57=PJ89  
10:43:01.000 UPDATE R_PQP SET GS73='T' FROM R_PQT WHERE GS01=WX01 AND GS56=WX10 AND GS57=WX11 
10:43:01.000 WITH CET AS (select GS70,GS01,GS46,GS49,GS71,GS02,right(GS08,len(GS08) - charindex('*',GS08) ) a from R_PQP  WHERE GS70='R_338' AND GS73='F' ),CFT AS (SELECT GS70,GS01,GS46,GS49,GS71,GS02,right(a,LEN(a)-charindex('*',a)) GS08 FROM CET  ),CHT AS( SELECT DISTINCT GS70,GS01,GS46,GS49,GS71,GS02,CONVERT(FLOAT,CONVERT(DECIMAL(11,2),GS08)*1.0/10) GS08 FROM CFT  )SELECT GS70,GS01,GS46,GS49,GS71,GS02,CONVERT(VARCHAR,GS08) GS08,'' GS07,PQF13,PQF31 FROM CHT A INNER JOIN R_PQF B ON A.GS01=B.PQF01  WHERE (SELECT COUNT(1) FROM R_PQO WHERE GS01=JM90 AND GS02=JM09 AND CONVERT(VARCHAR,GS08)=CONVERT(VARCHAR,CONVERT(FLOAT,CONVERT(DECIMAL(11,4),JM96))))=0 and GS01 not in (SELECT JM90 FROM R_PQO WHERE JM116='1' )
10:43:01.000 从数据类型 nvarchar 转换为 numeric 时出错。
10:43:04.000 WITH CET AS(SELECT AK003,SUM(AK011) AK011 FROM R_PQAK WHERE AK003 NOT LIKE 'R_195%' AND AK003 NOT LIKE 'R_196%' AND AK003 NOT LIKE 'R_199%' AND AK003 NOT LIKE 'R_339%' AND AK003 NOT LIKE 'R_344%' AND AK003 NOT LIKE 'R_495%' AND AK003 NOT LIKE 'R_505%' GROUP BY AK003),CFT AS(SELECT AC16,SUM(AC09*(AC10+ISNULL(AC27,0))) AC FROM R_PQAC WHERE (AC24='未结' OR AC24='未结完' OR AC24='' OR AC24 IS NULL) GROUP BY AC16),CHT AS (SELECT AC16,CONVERT(FLOAT,AC-AK011) KC FROM CFT A LEFT JOIN CET B ON A.AC16=B.AK003) UPDATE R_PQAC SET AC24=(SELECT CASE WHEN KC IS NULL THEN '未结' WHEN KC<=100 OR KC>=-100 THEN '已结' ELSE '未结完' END KC1 FROM CHT  A WHERE A.AC16=CHT.AC16  ) FROM CHT WHERE R_PQAC.AC16=CHT.AC16 
10:43:05.000 UPDATE R_PQAC SET AC24='已结' WHERE LEN(AC16)>17
10:43:14.000 INSERT INTO R_PQBF (BF001,BF002,BF003,BF004,BF005,BF006,BF007,BF008) VALUES ('R_464','采购库存专用产品物资跟踪报表(R_464)','廖灵飞','2018/10/12 10:43:14','R_464-20180529001','UPDATE R_PQAC SET AC01=''便携艺术画板'',AC02=''ZE1009b'',AC04=''胶合板'',AC05=''105.00*92.00*1.00'',AC06=''张'',AC21=''2018/10/12 10:43:14'' WHERE AC18=''R_464-20180529001''','编辑','编辑入库')
10:43:14.000 未将对象引用设置到对象的实例。
   在 MulaolaoBll.LogHelperToSql.SaveLog(String cmdText, Object[] parameters) 位置 D:\ProjectData\MLL\Mulaolao\MulaolaoBll\LogHelperToSql.cs:行号 69
   在 StudentMgr.SqlHelper.ExecuteSqlTran(Hashtable SQLStringList) 位置 D:\ProjectData\MLL\Mulaolao\MulaolaoBll\SqlHelper.cs:行号 652
10:43:14.000 UPDATE R_PQAC SET AC01='便携艺术画板',AC02='ZE1009b',AC04='胶合板',AC05='105.00*92.00*1.00',AC06='张',AC21='2018/10/12 10:43:14' WHERE AC18='R_464-20180529001'
10:43:14.000 未将对象引用设置到对象的实例。
   在 MulaolaoBll.LogHelperToSql.SaveLog(String cmdText, Object[] parameters) 位置 D:\ProjectData\MLL\Mulaolao\MulaolaoBll\LogHelperToSql.cs:行号 69
   在 StudentMgr.SqlHelper.ExecuteSqlTran(Hashtable SQLStringList) 位置 D:\ProjectData\MLL\Mulaolao\MulaolaoBll\SqlHelper.cs:行号 652
10:45:57.000  异常信息：由于连接方在一段时间后没有正确答复或连接的主机没有反应，连接尝试失败。 192.168.0.222:80
  堆栈信息:   在 AutoUpdate.AppUpdate.DownloadFile(String url, String localFilePath) 位置 D:\ProjectData\MLL\Mulaolao\Mulaolao\Class\AppUpdate.cs:行号 242
   在 AutoUpdate.AppUpdate.CheckAppVersion(String& msg) 位置 D:\ProjectData\MLL\Mulaolao\Mulaolao\Class\AppUpdate.cs:行号 310
10:46:06.000 UPDATE R_PQP SET GS73='T' FROM R_PQQ WHERE GS01=CP01 AND GS35=CP09 AND (GS35  LIKE '%丝印%' OR GS35 LIKE '%雕刻%' OR GS35  LIKE '%砂皮%' OR GS35  LIKE '%走台印%' OR GS35  LIKE '%冲印%') 
10:46:06.000 UPDATE R_PQP SET GS73='T' FROM R_PQAH WHERE GS01=AH01 AND GS35=AH18 AND (GS35  LIKE '%丝印%' OR GS35 LIKE '%雕刻%' OR GS35  LIKE '%砂皮%' OR GS35  LIKE '%走台印%' OR GS35  LIKE '%冲印%')
10:46:06.000 UPDATE R_PQP SET GS73='T' FROM R_PQI WHERE GS01=YQ03 AND  GS35 LIKE '%油漆%'  AND YQ139='1'
10:46:06.000 UPDATE R_PQP SET GS73='T' FROM R_PQAF WHERE GS01=AF002 AND GS07=AF015 AND GS02=AF084 AND GS08 ='Φ'+CONVERT(VARCHAR,CONVERT(FLOAT,AF022*10))+'*'+CONVERT(VARCHAR,CONVERT(FLOAT,AF020*10)) 
10:46:06.000 UPDATE R_PQP SET GS73='T' FROM R_PQU WHERE GS01=PQU01 AND GS07=PQU10 AND GS08=PQU12  
10:46:06.000 UPDATE R_PQP SET GS73='T' FROM R_PQS WHERE GS01=PJ01 AND GS56=PJ09 AND GS57=PJ89  
10:46:07.000 UPDATE R_PQP SET GS73='T' FROM R_PQT WHERE GS01=WX01 AND GS56=WX10 AND GS57=WX11 
10:46:07.000 WITH CET AS (select GS70,GS01,GS46,GS49,GS71,GS02,right(GS08,len(GS08) - charindex('*',GS08) ) a from R_PQP  WHERE GS70='R_338' AND GS73='F' ),CFT AS (SELECT GS70,GS01,GS46,GS49,GS71,GS02,right(a,LEN(a)-charindex('*',a)) GS08 FROM CET  ),CHT AS( SELECT DISTINCT GS70,GS01,GS46,GS49,GS71,GS02,CONVERT(FLOAT,CONVERT(DECIMAL(11,2),GS08)*1.0/10) GS08 FROM CFT  )SELECT GS70,GS01,GS46,GS49,GS71,GS02,CONVERT(VARCHAR,GS08) GS08,'' GS07,PQF13,PQF31 FROM CHT A INNER JOIN R_PQF B ON A.GS01=B.PQF01  WHERE (SELECT COUNT(1) FROM R_PQO WHERE GS01=JM90 AND GS02=JM09 AND CONVERT(VARCHAR,GS08)=CONVERT(VARCHAR,CONVERT(FLOAT,CONVERT(DECIMAL(11,4),JM96))))=0 and GS01 not in (SELECT JM90 FROM R_PQO WHERE JM116='1' )
10:46:07.000 从数据类型 nvarchar 转换为 numeric 时出错。
10:46:41.000 WITH CET AS(SELECT AK003,SUM(AK011) AK011 FROM R_PQAK WHERE AK003 NOT LIKE 'R_195%' AND AK003 NOT LIKE 'R_196%' AND AK003 NOT LIKE 'R_199%' AND AK003 NOT LIKE 'R_339%' AND AK003 NOT LIKE 'R_344%' AND AK003 NOT LIKE 'R_495%' AND AK003 NOT LIKE 'R_505%' GROUP BY AK003),CFT AS(SELECT AC16,SUM(AC09*(AC10+ISNULL(AC27,0))) AC FROM R_PQAC WHERE (AC24='未结' OR AC24='未结完' OR AC24='' OR AC24 IS NULL) GROUP BY AC16),CHT AS (SELECT AC16,CONVERT(FLOAT,AC-AK011) KC FROM CFT A LEFT JOIN CET B ON A.AC16=B.AK003) UPDATE R_PQAC SET AC24=(SELECT CASE WHEN KC IS NULL THEN '未结' WHEN KC<=100 OR KC>=-100 THEN '已结' ELSE '未结完' END KC1 FROM CHT  A WHERE A.AC16=CHT.AC16  ) FROM CHT WHERE R_PQAC.AC16=CHT.AC16 
10:46:41.000 UPDATE R_PQAC SET AC24='已结' WHERE LEN(AC16)>17
10:47:08.000 UPDATE R_PQAC SET AC01='便携艺术画板',AC02='ZE1009C',AC04='小曲板',AC05='13.50*3.00*1.00',AC06='张',AC21='2018/10/12 10:47:08' WHERE AC18='R_464-20180503002'
10:47:08.000 未将对象引用设置到对象的实例。
   在 MulaolaoBll.LogHelperToSql.SaveLog(String cmdText, Object[] parameters) 位置 D:\ProjectData\MLL\Mulaolao\MulaolaoBll\LogHelperToSql.cs:行号 69
   在 StudentMgr.SqlHelper.ExecuteSqlTran(Hashtable SQLStringList) 位置 D:\ProjectData\MLL\Mulaolao\MulaolaoBll\SqlHelper.cs:行号 652
10:47:08.000 INSERT INTO R_PQBF (BF001,BF002,BF003,BF004,BF005,BF006,BF007,BF008) VALUES ('R_464','采购库存专用产品物资跟踪报表(R_464)','廖灵飞','2018/10/12 10:47:08','R_464-20180503002','UPDATE R_PQAC SET AC01=''便携艺术画板'',AC02=''ZE1009C'',AC04=''小曲板'',AC05=''13.50*3.00*1.00'',AC06=''张'',AC21=''2018/10/12 10:47:08'' WHERE AC18=''R_464-20180503002''','编辑','编辑入库')
10:47:08.000 未将对象引用设置到对象的实例。
   在 MulaolaoBll.LogHelperToSql.SaveLog(String cmdText, Object[] parameters) 位置 D:\ProjectData\MLL\Mulaolao\MulaolaoBll\LogHelperToSql.cs:行号 69
   在 StudentMgr.SqlHelper.ExecuteSqlTran(Hashtable SQLStringList) 位置 D:\ProjectData\MLL\Mulaolao\MulaolaoBll\SqlHelper.cs:行号 652
10:47:41.000 INSERT INTO R_PQBF (BF001,BF002,BF003,BF004,BF005,BF006,BF007,BF008) VALUES ('R_464','采购库存专用产品物资跟踪报表(R_464)','廖灵飞','2018/10/12 10:47:41','R_464-20170705002','UPDATE R_PQAC SET AC01=''便携艺术画板'',AC02=''ZE1009A'',AC04=''小曲板'',AC05=''13.50*3.00*1.00'',AC06=''张'',AC21=''2018/10/12 10:47:41'' WHERE AC18=''R_464-20170705002''','编辑','编辑入库')
10:47:41.000 未将对象引用设置到对象的实例。
   在 MulaolaoBll.LogHelperToSql.SaveLog(String cmdText, Object[] parameters) 位置 D:\ProjectData\MLL\Mulaolao\MulaolaoBll\LogHelperToSql.cs:行号 69
   在 StudentMgr.SqlHelper.ExecuteSqlTran(Hashtable SQLStringList) 位置 D:\ProjectData\MLL\Mulaolao\MulaolaoBll\SqlHelper.cs:行号 652
10:47:41.000 UPDATE R_PQAC SET AC01='便携艺术画板',AC02='ZE1009A',AC04='小曲板',AC05='13.50*3.00*1.00',AC06='张',AC21='2018/10/12 10:47:41' WHERE AC18='R_464-20170705002'
10:47:41.000 未将对象引用设置到对象的实例。
   在 MulaolaoBll.LogHelperToSql.SaveLog(String cmdText, Object[] parameters) 位置 D:\ProjectData\MLL\Mulaolao\MulaolaoBll\LogHelperToSql.cs:行号 69
   在 StudentMgr.SqlHelper.ExecuteSqlTran(Hashtable SQLStringList) 位置 D:\ProjectData\MLL\Mulaolao\MulaolaoBll\SqlHelper.cs:行号 652
10:47:52.000 INSERT INTO R_PQBF (BF001,BF002,BF003,BF004,BF005,BF006,BF007,BF008) VALUES ('R_464','采购库存专用产品物资跟踪报表(R_464)','廖灵飞','2018/10/12 10:47:52','R_464-20170705003','UPDATE R_PQAC SET AC01=''便携艺术画板'',AC02=''ZE1009C'',AC04=''小曲板'',AC05=''13.50*3.00*1.00'',AC06=''张'',AC21=''2018/10/12 10:47:52'' WHERE AC18=''R_464-20170705003''','编辑','编辑入库')
10:47:52.000 未将对象引用设置到对象的实例。
   在 MulaolaoBll.LogHelperToSql.SaveLog(String cmdText, Object[] parameters) 位置 D:\ProjectData\MLL\Mulaolao\MulaolaoBll\LogHelperToSql.cs:行号 69
   在 StudentMgr.SqlHelper.ExecuteSqlTran(Hashtable SQLStringList) 位置 D:\ProjectData\MLL\Mulaolao\MulaolaoBll\SqlHelper.cs:行号 652
10:47:52.000 UPDATE R_PQAC SET AC01='便携艺术画板',AC02='ZE1009C',AC04='小曲板',AC05='13.50*3.00*1.00',AC06='张',AC21='2018/10/12 10:47:52' WHERE AC18='R_464-20170705003'
10:47:52.000 未将对象引用设置到对象的实例。
   在 MulaolaoBll.LogHelperToSql.SaveLog(String cmdText, Object[] parameters) 位置 D:\ProjectData\MLL\Mulaolao\MulaolaoBll\LogHelperToSql.cs:行号 69
   在 StudentMgr.SqlHelper.ExecuteSqlTran(Hashtable SQLStringList) 位置 D:\ProjectData\MLL\Mulaolao\MulaolaoBll\SqlHelper.cs:行号 652
10:48:00.000 INSERT INTO R_PQBF (BF001,BF002,BF003,BF004,BF005,BF006,BF007,BF008) VALUES ('R_464','采购库存专用产品物资跟踪报表(R_464)','廖灵飞','2018/10/12 10:48:00','R_464-20170705002','UPDATE R_PQAC SET AC01=''便携艺术画板'',AC02=''ZE1009A'',AC04=''小曲板'',AC05=''13.50*3.00*1.00'',AC06=''张'',AC21=''2018/10/12 10:48:00'' WHERE AC18=''R_464-20170705002''','编辑','编辑入库')
10:48:00.000 未将对象引用设置到对象的实例。
   在 MulaolaoBll.LogHelperToSql.SaveLog(String cmdText, Object[] parameters) 位置 D:\ProjectData\MLL\Mulaolao\MulaolaoBll\LogHelperToSql.cs:行号 69
   在 StudentMgr.SqlHelper.ExecuteSqlTran(Hashtable SQLStringList) 位置 D:\ProjectData\MLL\Mulaolao\MulaolaoBll\SqlHelper.cs:行号 652
10:48:00.000 UPDATE R_PQAC SET AC01='便携艺术画板',AC02='ZE1009A',AC04='小曲板',AC05='13.50*3.00*1.00',AC06='张',AC21='2018/10/12 10:48:00' WHERE AC18='R_464-20170705002'
10:48:00.000 未将对象引用设置到对象的实例。
   在 MulaolaoBll.LogHelperToSql.SaveLog(String cmdText, Object[] parameters) 位置 D:\ProjectData\MLL\Mulaolao\MulaolaoBll\LogHelperToSql.cs:行号 69
   在 StudentMgr.SqlHelper.ExecuteSqlTran(Hashtable SQLStringList) 位置 D:\ProjectData\MLL\Mulaolao\MulaolaoBll\SqlHelper.cs:行号 652
14:52:21.000  异常信息：由于连接方在一段时间后没有正确答复或连接的主机没有反应，连接尝试失败。 192.168.0.222:80
  堆栈信息:   在 AutoUpdate.AppUpdate.DownloadFile(String url, String localFilePath) 位置 D:\ProjectData\MLL\Mulaolao\Mulaolao\Class\AppUpdate.cs:行号 242
   在 AutoUpdate.AppUpdate.CheckAppVersion(String& msg) 位置 D:\ProjectData\MLL\Mulaolao\Mulaolao\Class\AppUpdate.cs:行号 310
14:52:30.000 UPDATE R_PQP SET GS73='T' FROM R_PQQ WHERE GS01=CP01 AND GS35=CP09 AND (GS35  LIKE '%丝印%' OR GS35 LIKE '%雕刻%' OR GS35  LIKE '%砂皮%' OR GS35  LIKE '%走台印%' OR GS35  LIKE '%冲印%') 
14:52:30.000 UPDATE R_PQP SET GS73='T' FROM R_PQAH WHERE GS01=AH01 AND GS35=AH18 AND (GS35  LIKE '%丝印%' OR GS35 LIKE '%雕刻%' OR GS35  LIKE '%砂皮%' OR GS35  LIKE '%走台印%' OR GS35  LIKE '%冲印%')
14:52:30.000 UPDATE R_PQP SET GS73='T' FROM R_PQI WHERE GS01=YQ03 AND  GS35 LIKE '%油漆%'  AND YQ139='1'
14:52:30.000 UPDATE R_PQP SET GS73='T' FROM R_PQAF WHERE GS01=AF002 AND GS07=AF015 AND GS02=AF084 AND GS08 ='Φ'+CONVERT(VARCHAR,CONVERT(FLOAT,AF022*10))+'*'+CONVERT(VARCHAR,CONVERT(FLOAT,AF020*10)) 
14:52:31.000 UPDATE R_PQP SET GS73='T' FROM R_PQU WHERE GS01=PQU01 AND GS07=PQU10 AND GS08=PQU12  
14:52:31.000 UPDATE R_PQP SET GS73='T' FROM R_PQS WHERE GS01=PJ01 AND GS56=PJ09 AND GS57=PJ89  
14:52:32.000 UPDATE R_PQP SET GS73='T' FROM R_PQT WHERE GS01=WX01 AND GS56=WX10 AND GS57=WX11 
14:52:32.000 WITH CET AS (select GS70,GS01,GS46,GS49,GS71,GS02,right(GS08,len(GS08) - charindex('*',GS08) ) a from R_PQP  WHERE GS70='R_338' AND GS73='F' ),CFT AS (SELECT GS70,GS01,GS46,GS49,GS71,GS02,right(a,LEN(a)-charindex('*',a)) GS08 FROM CET  ),CHT AS( SELECT DISTINCT GS70,GS01,GS46,GS49,GS71,GS02,CONVERT(FLOAT,CONVERT(DECIMAL(11,2),GS08)*1.0/10) GS08 FROM CFT  )SELECT GS70,GS01,GS46,GS49,GS71,GS02,CONVERT(VARCHAR,GS08) GS08,'' GS07,PQF13,PQF31 FROM CHT A INNER JOIN R_PQF B ON A.GS01=B.PQF01  WHERE (SELECT COUNT(1) FROM R_PQO WHERE GS01=JM90 AND GS02=JM09 AND CONVERT(VARCHAR,GS08)=CONVERT(VARCHAR,CONVERT(FLOAT,CONVERT(DECIMAL(11,4),JM96))))=0 and GS01 not in (SELECT JM90 FROM R_PQO WHERE JM116='1' )
14:52:32.000 从数据类型 nvarchar 转换为 numeric 时出错。
14:52:36.000 WITH CET AS(SELECT AK003,SUM(AK011) AK011 FROM R_PQAK WHERE AK003 NOT LIKE 'R_195%' AND AK003 NOT LIKE 'R_196%' AND AK003 NOT LIKE 'R_199%' AND AK003 NOT LIKE 'R_339%' AND AK003 NOT LIKE 'R_344%' AND AK003 NOT LIKE 'R_495%' AND AK003 NOT LIKE 'R_505%' GROUP BY AK003),CFT AS(SELECT AC16,SUM(AC09*(AC10+ISNULL(AC27,0))) AC FROM R_PQAC WHERE (AC24='未结' OR AC24='未结完' OR AC24='' OR AC24 IS NULL) GROUP BY AC16),CHT AS (SELECT AC16,CONVERT(FLOAT,AC-AK011) KC FROM CFT A LEFT JOIN CET B ON A.AC16=B.AK003) UPDATE R_PQAC SET AC24=(SELECT CASE WHEN KC IS NULL THEN '未结' WHEN KC<=100 OR KC>=-100 THEN '已结' ELSE '未结完' END KC1 FROM CHT  A WHERE A.AC16=CHT.AC16  ) FROM CHT WHERE R_PQAC.AC16=CHT.AC16 
14:52:36.000 UPDATE R_PQAC SET AC24='已结' WHERE LEN(AC16)>17
14:52:55.000 UPDATE R_PQAC SET AC02='ZE1009d' WHERE AC18='R_464-20180529001'
14:52:55.000 未将对象引用设置到对象的实例。
   在 MulaolaoBll.LogHelperToSql.SaveLog(String cmdText, Object[] parameters) 位置 D:\ProjectData\MLL\Mulaolao\MulaolaoBll\LogHelperToSql.cs:行号 69
   在 StudentMgr.SqlHelper.ExecuteSqlTran(Hashtable SQLStringList) 位置 D:\ProjectData\MLL\Mulaolao\MulaolaoBll\SqlHelper.cs:行号 652
14:52:55.000 INSERT INTO R_PQBF (BF001,BF002,BF003,BF004,BF005,BF006,BF007,BF008) VALUES ('R_464','采购库存专用产品物资跟踪报表(R_464)','廖灵飞','2018/10/12 14:52:55','R_464-20180529001','UPDATE R_PQAC SET AC02=''ZE1009d'' WHERE AC18=''R_464-20180529001''','编辑','编辑入库')
14:52:55.000 未将对象引用设置到对象的实例。
   在 MulaolaoBll.LogHelperToSql.SaveLog(String cmdText, Object[] parameters) 位置 D:\ProjectData\MLL\Mulaolao\MulaolaoBll\LogHelperToSql.cs:行号 69
   在 StudentMgr.SqlHelper.ExecuteSqlTran(Hashtable SQLStringList) 位置 D:\ProjectData\MLL\Mulaolao\MulaolaoBll\SqlHelper.cs:行号 652
14:53:13.000 UPDATE R_PQAC SET AC02='ZE1009d' WHERE AC18='R_464-20180529001'
14:53:13.000 未将对象引用设置到对象的实例。
   在 MulaolaoBll.LogHelperToSql.SaveLog(String cmdText, Object[] parameters) 位置 D:\ProjectData\MLL\Mulaolao\MulaolaoBll\LogHelperToSql.cs:行号 69
   在 StudentMgr.SqlHelper.ExecuteSqlTran(Hashtable SQLStringList) 位置 D:\ProjectData\MLL\Mulaolao\MulaolaoBll\SqlHelper.cs:行号 652
14:53:13.000 INSERT INTO R_PQBF (BF001,BF002,BF003,BF004,BF005,BF006,BF007,BF008) VALUES ('R_464','采购库存专用产品物资跟踪报表(R_464)','廖灵飞','2018/10/12 14:53:13','R_464-20180529001','UPDATE R_PQAC SET AC02=''ZE1009d'' WHERE AC18=''R_464-20180529001''','编辑','编辑入库')
14:53:13.000 未将对象引用设置到对象的实例。
   在 MulaolaoBll.LogHelperToSql.SaveLog(String cmdText, Object[] parameters) 位置 D:\ProjectData\MLL\Mulaolao\MulaolaoBll\LogHelperToSql.cs:行号 69
   在 StudentMgr.SqlHelper.ExecuteSqlTran(Hashtable SQLStringList) 位置 D:\ProjectData\MLL\Mulaolao\MulaolaoBll\SqlHelper.cs:行号 652
14:53:20.000 UPDATE R_PQAC SET AC02='ZE1009A' WHERE AC18='R_464-20180529001'
14:53:20.000 未将对象引用设置到对象的实例。
   在 MulaolaoBll.LogHelperToSql.SaveLog(String cmdText, Object[] parameters) 位置 D:\ProjectData\MLL\Mulaolao\MulaolaoBll\LogHelperToSql.cs:行号 69
   在 StudentMgr.SqlHelper.ExecuteSqlTran(Hashtable SQLStringList) 位置 D:\ProjectData\MLL\Mulaolao\MulaolaoBll\SqlHelper.cs:行号 652
14:53:20.000 INSERT INTO R_PQBF (BF001,BF002,BF003,BF004,BF005,BF006,BF007,BF008) VALUES ('R_464','采购库存专用产品物资跟踪报表(R_464)','廖灵飞','2018/10/12 14:53:20','R_464-20180529001','UPDATE R_PQAC SET AC02=''ZE1009A'' WHERE AC18=''R_464-20180529001''','编辑','编辑入库')
14:53:20.000 未将对象引用设置到对象的实例。
   在 MulaolaoBll.LogHelperToSql.SaveLog(String cmdText, Object[] parameters) 位置 D:\ProjectData\MLL\Mulaolao\MulaolaoBll\LogHelperToSql.cs:行号 69
   在 StudentMgr.SqlHelper.ExecuteSqlTran(Hashtable SQLStringList) 位置 D:\ProjectData\MLL\Mulaolao\MulaolaoBll\SqlHelper.cs:行号 652
