13:18:08.000 UPDATE R_PQP SET GS73='T' FROM R_PQQ WHERE GS01=CP01 AND GS35=CP09 AND (GS35  LIKE '%丝印%' OR GS35 LIKE '%雕刻%' OR GS35  LIKE '%砂皮%' OR GS35  LIKE '%走台印%' OR GS35  LIKE '%冲印%') 
13:18:08.000 UPDATE R_PQP SET GS73='T' FROM R_PQAH WHERE GS01=AH01 AND GS35=AH18 AND (GS35  LIKE '%丝印%' OR GS35 LIKE '%雕刻%' OR GS35  LIKE '%砂皮%' OR GS35  LIKE '%走台印%' OR GS35  LIKE '%冲印%')
13:18:09.000 UPDATE R_PQP SET GS73='T' FROM R_PQI WHERE GS01=YQ03 AND  GS35 LIKE '%油漆%'  AND YQ139='1'
13:18:09.000 UPDATE R_PQP SET GS73='T' FROM R_PQAF WHERE GS01=AF002 AND GS07=AF015 AND GS02=AF084 AND GS08 ='Φ'+CONVERT(VARCHAR,CONVERT(FLOAT,AF022*10))+'*'+CONVERT(VARCHAR,CONVERT(FLOAT,AF020*10)) 
13:18:09.000 UPDATE R_PQP SET GS73='T' FROM R_PQU WHERE GS01=PQU01 AND GS07=PQU10 AND GS08=PQU12  
13:18:10.000 UPDATE R_PQP SET GS73='T' FROM R_PQS WHERE GS01=PJ01 AND GS56=PJ09 AND GS57=PJ89  
13:18:10.000 UPDATE R_PQP SET GS73='T' FROM R_PQT WHERE GS01=WX01 AND GS56=WX10 AND GS57=WX11 
13:18:10.000 WITH CET AS (select GS70,GS01,GS46,GS49,GS71,GS02,right(GS08,len(GS08) - charindex('*',GS08) ) a from R_PQP  WHERE GS70='R_338' AND GS73='F' ),CFT AS (SELECT GS70,GS01,GS46,GS49,GS71,GS02,right(a,LEN(a)-charindex('*',a)) GS08 FROM CET  ),CHT AS( SELECT DISTINCT GS70,GS01,GS46,GS49,GS71,GS02,CONVERT(FLOAT,CONVERT(DECIMAL(11,2),GS08)*1.0/10) GS08 FROM CFT  )SELECT GS70,GS01,GS46,GS49,GS71,GS02,CONVERT(VARCHAR,GS08) GS08,'' GS07,PQF13,PQF31 FROM CHT A INNER JOIN R_PQF B ON A.GS01=B.PQF01  WHERE (SELECT COUNT(1) FROM R_PQO WHERE GS01=JM90 AND GS02=JM09 AND CONVERT(VARCHAR,GS08)=CONVERT(VARCHAR,CONVERT(FLOAT,CONVERT(DECIMAL(11,4),JM96))))=0 and GS01 not in (SELECT JM90 FROM R_PQO WHERE JM116='1' )
13:18:10.000 从数据类型 nvarchar 转换为 numeric 时出错。
13:19:49.000 WITH CET AS(SELECT AK003,SUM(AK011) AK011 FROM R_PQAK WHERE AK003 NOT LIKE 'R_195%' AND AK003 NOT LIKE 'R_196%' AND AK003 NOT LIKE 'R_199%' AND AK003 NOT LIKE 'R_339%' AND AK003 NOT LIKE 'R_344%' AND AK003 NOT LIKE 'R_495%' AND AK003 NOT LIKE 'R_505%' GROUP BY AK003),CFT AS(SELECT AC16,SUM(AC09*(AC10+ISNULL(AC27,0))) AC FROM R_PQAC WHERE (AC24='未结' OR AC24='未结完' OR AC24='' OR AC24 IS NULL) GROUP BY AC16),CHT AS (SELECT AC16,CONVERT(FLOAT,AC-AK011) KC FROM CFT A LEFT JOIN CET B ON A.AC16=B.AK003) UPDATE R_PQAC SET AC24=(SELECT CASE WHEN KC IS NULL THEN '未结' WHEN KC<=100 OR KC>=-100 THEN '已结' ELSE '未结完' END KC1 FROM CHT  A WHERE A.AC16=CHT.AC16  ) FROM CHT WHERE R_PQAC.AC16=CHT.AC16 
13:19:49.000 UPDATE R_PQAC SET AC24='已结' WHERE LEN(AC16)>17
13:42:00.000 UPDATE R_PQP SET GS73='T' FROM R_PQQ WHERE GS01=CP01 AND GS35=CP09 AND (GS35  LIKE '%丝印%' OR GS35 LIKE '%雕刻%' OR GS35  LIKE '%砂皮%' OR GS35  LIKE '%走台印%' OR GS35  LIKE '%冲印%') 
13:42:00.000 UPDATE R_PQP SET GS73='T' FROM R_PQAH WHERE GS01=AH01 AND GS35=AH18 AND (GS35  LIKE '%丝印%' OR GS35 LIKE '%雕刻%' OR GS35  LIKE '%砂皮%' OR GS35  LIKE '%走台印%' OR GS35  LIKE '%冲印%')
13:42:00.000 UPDATE R_PQP SET GS73='T' FROM R_PQI WHERE GS01=YQ03 AND  GS35 LIKE '%油漆%'  AND YQ139='1'
13:42:00.000 UPDATE R_PQP SET GS73='T' FROM R_PQAF WHERE GS01=AF002 AND GS07=AF015 AND GS02=AF084 AND GS08 ='Φ'+CONVERT(VARCHAR,CONVERT(FLOAT,AF022*10))+'*'+CONVERT(VARCHAR,CONVERT(FLOAT,AF020*10)) 
13:42:00.000 UPDATE R_PQP SET GS73='T' FROM R_PQU WHERE GS01=PQU01 AND GS07=PQU10 AND GS08=PQU12  
13:42:01.000 UPDATE R_PQP SET GS73='T' FROM R_PQS WHERE GS01=PJ01 AND GS56=PJ09 AND GS57=PJ89  
13:42:01.000 UPDATE R_PQP SET GS73='T' FROM R_PQT WHERE GS01=WX01 AND GS56=WX10 AND GS57=WX11 
13:42:01.000 WITH CET AS (select GS70,GS01,GS46,GS49,GS71,GS02,right(GS08,len(GS08) - charindex('*',GS08) ) a from R_PQP  WHERE GS70='R_338' AND GS73='F' ),CFT AS (SELECT GS70,GS01,GS46,GS49,GS71,GS02,right(a,LEN(a)-charindex('*',a)) GS08 FROM CET  ),CHT AS( SELECT DISTINCT GS70,GS01,GS46,GS49,GS71,GS02,CONVERT(FLOAT,CONVERT(DECIMAL(11,2),GS08)*1.0/10) GS08 FROM CFT  )SELECT GS70,GS01,GS46,GS49,GS71,GS02,CONVERT(VARCHAR,GS08) GS08,'' GS07,PQF13,PQF31 FROM CHT A INNER JOIN R_PQF B ON A.GS01=B.PQF01  WHERE (SELECT COUNT(1) FROM R_PQO WHERE GS01=JM90 AND GS02=JM09 AND CONVERT(VARCHAR,GS08)=CONVERT(VARCHAR,CONVERT(FLOAT,CONVERT(DECIMAL(11,4),JM96))))=0 and GS01 not in (SELECT JM90 FROM R_PQO WHERE JM116='1' )
13:42:01.000 从数据类型 nvarchar 转换为 numeric 时出错。
13:44:24.000 UPDATE R_PQMZ SET MZ002='18100333',MZ003='维尼熊生日火车',MZ004='HH180000',MZ005='NY181209',MZ006='36654',MZ007='2019/1/8 0:00:00',MZ008='2019/1/8 0:00:00',MZ009='',MZ010='2019/1/8 0:00:00',MZ011='',MZ012='2019/1/8 0:00:00',MZ013='',MZ014='吴碧园',MZ015='2019/1/8 0:00:00',MZ029='0',MZ030='[廖灵飞20190111][廖灵飞20190111][廖灵飞20190111][廖灵飞20190111]',MZ031='廖灵飞',MZ033='德国',MZ034='3-',MZ035='T',MZ036='T',MZ037='T',MZ038='T',MZ039='T',MZ040='马达庆',MZ041='2019/1/8 0:00:00',MZ042='',MZ043='2019/1/8 0:00:00',MZ044='T',MZ045='F',MZ046='T',MZ047='F',MZ048='T',MZ049='T',MZ050='T',MZ051='F',MZ052='T',MZ053='T',MZ054='T',MZ055='',MZ056='',MZ057='T1',MZ058='F',MZ059='F',MZ060='          ',MZ061='0.2030',MZ062='2019/1/8 0:00:00',MZ063='T',MZ064='T',MZ065='F',MZ066='F',MZ067='T',MZ068='T',MZ069='F',MZ070='T',MZ071='F',MZ072='F',MZ073='F',MZ074='T',MZ075='T',MZ076='T',MZ077='F',MZ078='F',MZ079='F',MZ080='F',MZ081='F',MZ082='F',MZ083='T',MZ084='T',MZ085='F',MZ086='T',MZ087='',MZ088='',MZ089='',MZ090='2019/1/8 0:00:00',MZ091='0',MZ092='F',MZ093='',MZ094='2019/1/8 0:00:00',MZ095='0',MZ096='0',MZ097='0',MZ098='0',MZ099='0',MZ100='0',MZ101='0',MZ102='0',MZ103='0',MZ104='',MZ108='000076',MZ123='T' WHERE MZ001='R_344-20190108028'
13:44:24.000 INSERT INTO R_PQBF (BF001,BF002,BF003,BF004,BF005,BF006,BF007,BF008) VALUES ('R_344','滚漆承揽加工成本合同书','廖灵飞','2019/1/11 13:44:24','R_344-20190108028','UPDATE R_PQMZ SET MZ002=''18100333'',MZ003=''维尼熊生日火车'',MZ004=''HH180000'',MZ005=''NY181209'',MZ006=''36654'',MZ007=''2019/1/8 0:00:00'',MZ008=''2019/1/8 0:00:00'',MZ009='''',MZ010=''2019/1/8 0:00:00'',MZ011='''',MZ012=''2019/1/8 0:00:00'',MZ013='''',MZ014=''吴碧园'',MZ015=''2019/1/8 0:00:00'',MZ029=''0'',MZ030=''[廖灵飞20190111][廖灵飞20190111][廖灵飞20190111][廖灵飞20190111]'',MZ031=''廖灵飞'',MZ033=''德国'',MZ034=''3-'',MZ035=''T'',MZ036=''T'',MZ037=''T'',MZ038=''T'',MZ039=''T'',MZ040=''马达庆'',MZ041=''2019/1/8 0:00:00'',MZ042='''',MZ043=''2019/1/8 0:00:00'',MZ044=''T'',MZ045=''F'',MZ046=''T'',MZ047=''F'',MZ048=''T'',MZ049=''T'',MZ050=''T'',MZ051=''F'',MZ052=''T'',MZ053=''T'',MZ054=''T'',MZ055='''',MZ056='''',MZ057=''T1'',MZ058=''F'',MZ059=''F'',MZ060=''          '',MZ061=''0.2030'',MZ062=''2019/1/8 0:00:00'',MZ063=''T'',MZ064=''T'',MZ065=''F'',MZ066=''F'',MZ067=''T'',MZ068=''T'',MZ069=''F'',MZ070=''T'',MZ071=''F'',MZ072=''F'',MZ073=''F'',MZ074=''T'',MZ075=''T'',MZ076=''T'',MZ077=''F'',MZ078=''F'',MZ079=''F'',MZ080=''F'',MZ081=''F'',MZ082=''F'',MZ083=''T'',MZ084=''T'',MZ085=''F'',MZ086=''T'',MZ087='''',MZ088='''',MZ089='''',MZ090=''2019/1/8 0:00:00'',MZ091=''0'',MZ092=''F'',MZ093='''',MZ094=''2019/1/8 0:00:00'',MZ095=''0'',MZ096=''0'',MZ097=''0'',MZ098=''0'',MZ099=''0'',MZ100=''0'',MZ101=''0'',MZ102=''0'',MZ103=''0'',MZ104='''',MZ108=''000076'',MZ123=''T'' WHERE MZ001=''R_344-20190108028''','保存','维护保存')
13:44:36.000 UPDATE R_PQMZ SET MZ002='18100333',MZ003='维尼熊生日火车',MZ004='HH180000',MZ005='NY181209',MZ006='36654',MZ007='2019/1/8 0:00:00',MZ008='2019/1/8 0:00:00',MZ009='',MZ010='2019/1/8 0:00:00',MZ011='',MZ012='2019/1/8 0:00:00',MZ013='',MZ014='吴碧园',MZ015='2019/1/8 0:00:00',MZ029='0',MZ030='[廖灵飞20190111][廖灵飞20190111][廖灵飞20190111][廖灵飞20190111][廖灵飞20190111]',MZ031='廖灵飞',MZ033='德国',MZ034='3-',MZ035='T',MZ036='T',MZ037='T',MZ038='T',MZ039='T',MZ040='马达庆',MZ041='2019/1/8 0:00:00',MZ042='',MZ043='2019/1/8 0:00:00',MZ044='T',MZ045='F',MZ046='T',MZ047='F',MZ048='T',MZ049='T',MZ050='T',MZ051='F',MZ052='T',MZ053='T',MZ054='T',MZ055='',MZ056='',MZ057='T1',MZ058='F',MZ059='F',MZ060='          ',MZ061='0.2030',MZ062='2019/1/8 0:00:00',MZ063='T',MZ064='T',MZ065='F',MZ066='F',MZ067='T',MZ068='T',MZ069='F',MZ070='T',MZ071='F',MZ072='F',MZ073='F',MZ074='T',MZ075='T',MZ076='T',MZ077='F',MZ078='F',MZ079='F',MZ080='F',MZ081='F',MZ082='F',MZ083='T',MZ084='T',MZ085='F',MZ086='T',MZ087='',MZ088='',MZ089='',MZ090='2019/1/8 0:00:00',MZ091='0',MZ092='F',MZ093='',MZ094='2019/1/8 0:00:00',MZ095='0',MZ096='0',MZ097='0',MZ098='0',MZ099='0',MZ100='0',MZ101='0',MZ102='0',MZ103='0',MZ104='',MZ108='000076',MZ123='T' WHERE MZ001='R_344-20190108028'
13:44:36.000 INSERT INTO R_PQBF (BF001,BF002,BF003,BF004,BF005,BF006,BF007,BF008) VALUES ('R_344','滚漆承揽加工成本合同书','廖灵飞','2019/1/11 13:44:36','R_344-20190108028','UPDATE R_PQMZ SET MZ002=''18100333'',MZ003=''维尼熊生日火车'',MZ004=''HH180000'',MZ005=''NY181209'',MZ006=''36654'',MZ007=''2019/1/8 0:00:00'',MZ008=''2019/1/8 0:00:00'',MZ009='''',MZ010=''2019/1/8 0:00:00'',MZ011='''',MZ012=''2019/1/8 0:00:00'',MZ013='''',MZ014=''吴碧园'',MZ015=''2019/1/8 0:00:00'',MZ029=''0'',MZ030=''[廖灵飞20190111][廖灵飞20190111][廖灵飞20190111][廖灵飞20190111][廖灵飞20190111]'',MZ031=''廖灵飞'',MZ033=''德国'',MZ034=''3-'',MZ035=''T'',MZ036=''T'',MZ037=''T'',MZ038=''T'',MZ039=''T'',MZ040=''马达庆'',MZ041=''2019/1/8 0:00:00'',MZ042='''',MZ043=''2019/1/8 0:00:00'',MZ044=''T'',MZ045=''F'',MZ046=''T'',MZ047=''F'',MZ048=''T'',MZ049=''T'',MZ050=''T'',MZ051=''F'',MZ052=''T'',MZ053=''T'',MZ054=''T'',MZ055='''',MZ056='''',MZ057=''T1'',MZ058=''F'',MZ059=''F'',MZ060=''          '',MZ061=''0.2030'',MZ062=''2019/1/8 0:00:00'',MZ063=''T'',MZ064=''T'',MZ065=''F'',MZ066=''F'',MZ067=''T'',MZ068=''T'',MZ069=''F'',MZ070=''T'',MZ071=''F'',MZ072=''F'',MZ073=''F'',MZ074=''T'',MZ075=''T'',MZ076=''T'',MZ077=''F'',MZ078=''F'',MZ079=''F'',MZ080=''F'',MZ081=''F'',MZ082=''F'',MZ083=''T'',MZ084=''T'',MZ085=''F'',MZ086=''T'',MZ087='''',MZ088='''',MZ089='''',MZ090=''2019/1/8 0:00:00'',MZ091=''0'',MZ092=''F'',MZ093='''',MZ094=''2019/1/8 0:00:00'',MZ095=''0'',MZ096=''0'',MZ097=''0'',MZ098=''0'',MZ099=''0'',MZ100=''0'',MZ101=''0'',MZ102=''0'',MZ103=''0'',MZ104='''',MZ108=''000076'',MZ123=''T'' WHERE MZ001=''R_344-20190108028''','保存','维护保存')
15:32:42.000 UPDATE R_PQP SET GS73='T' FROM R_PQQ WHERE GS01=CP01 AND GS35=CP09 AND (GS35  LIKE '%丝印%' OR GS35 LIKE '%雕刻%' OR GS35  LIKE '%砂皮%' OR GS35  LIKE '%走台印%' OR GS35  LIKE '%冲印%') 
15:32:43.000 UPDATE R_PQP SET GS73='T' FROM R_PQAH WHERE GS01=AH01 AND GS35=AH18 AND (GS35  LIKE '%丝印%' OR GS35 LIKE '%雕刻%' OR GS35  LIKE '%砂皮%' OR GS35  LIKE '%走台印%' OR GS35  LIKE '%冲印%')
15:32:43.000 UPDATE R_PQP SET GS73='T' FROM R_PQI WHERE GS01=YQ03 AND  GS35 LIKE '%油漆%'  AND YQ139='1'
15:32:43.000 UPDATE R_PQP SET GS73='T' FROM R_PQAF WHERE GS01=AF002 AND GS07=AF015 AND GS02=AF084 AND GS08 ='Φ'+CONVERT(VARCHAR,CONVERT(FLOAT,AF022*10))+'*'+CONVERT(VARCHAR,CONVERT(FLOAT,AF020*10)) 
15:32:43.000 UPDATE R_PQP SET GS73='T' FROM R_PQU WHERE GS01=PQU01 AND GS07=PQU10 AND GS08=PQU12  
15:32:43.000 UPDATE R_PQP SET GS73='T' FROM R_PQS WHERE GS01=PJ01 AND GS56=PJ09 AND GS57=PJ89  
15:32:44.000 UPDATE R_PQP SET GS73='T' FROM R_PQT WHERE GS01=WX01 AND GS56=WX10 AND GS57=WX11 
15:32:44.000 WITH CET AS (select GS70,GS01,GS46,GS49,GS71,GS02,right(GS08,len(GS08) - charindex('*',GS08) ) a from R_PQP  WHERE GS70='R_338' AND GS73='F' ),CFT AS (SELECT GS70,GS01,GS46,GS49,GS71,GS02,right(a,LEN(a)-charindex('*',a)) GS08 FROM CET  ),CHT AS( SELECT DISTINCT GS70,GS01,GS46,GS49,GS71,GS02,CONVERT(FLOAT,CONVERT(DECIMAL(11,2),GS08)*1.0/10) GS08 FROM CFT  )SELECT GS70,GS01,GS46,GS49,GS71,GS02,CONVERT(VARCHAR,GS08) GS08,'' GS07,PQF13,PQF31 FROM CHT A INNER JOIN R_PQF B ON A.GS01=B.PQF01  WHERE (SELECT COUNT(1) FROM R_PQO WHERE GS01=JM90 AND GS02=JM09 AND CONVERT(VARCHAR,GS08)=CONVERT(VARCHAR,CONVERT(FLOAT,CONVERT(DECIMAL(11,4),JM96))))=0 and GS01 not in (SELECT JM90 FROM R_PQO WHERE JM116='1' )
15:32:44.000 从数据类型 nvarchar 转换为 numeric 时出错。
15:33:16.000 @GS02[密度板]
15:33:16.000 @GS04[0.0000]
15:33:16.000 @GS05[0.00]
15:33:16.000 @GS07[二层板1]
15:33:16.000 @GS08[207*207*3]
15:33:16.000 @GS09[片]
15:33:16.000 @GS10[1.000000]
15:33:16.000 @GS11[7.900]
15:33:16.000 @GS13[0]
15:33:16.000 @GS14[]
15:33:16.000 @GS15[]
15:33:16.000 @GS16[严少荣]
15:33:16.000 @GS17[吴书松]
15:33:16.000 @GS18[吴小毛]
15:33:16.000 @GS19[2019/1/11 15:33:11]
15:33:16.000 @GS51[0.000]
15:33:16.000 @idx[52718]
15:33:16.000 @GS2[密度板]
15:33:16.000 @GS7[二层板1]
15:33:16.000 @GS20[]
15:33:16.000 @GS70[R_338]
15:33:16.000 @GS71[密度板]
15:33:16.000 @GS78[12]
15:33:16.000 UPDATE R_PQP SET GS02=@GS2,GS04=@GS04,GS05=@GS05,GS07=@GS7,GS08=@GS08,GS09=@GS09,GS10=@GS10,GS11=@GS11,GS13=@GS13,GS14=@GS14,GS15=@GS15,GS16=@GS16,GS17=@GS17,GS18=@GS18,GS19=@GS19,GS20=@GS20,GS51=@GS51,GS70=@GS70,GS71=@GS71,GS78=@GS78 WHERE idx=@idx
15:33:25.000 @GS02[密度板]
15:33:25.000 @GS04[0.0000]
15:33:25.000 @GS05[0.00]
15:33:25.000 @GS07[二层板2]
15:33:25.000 @GS08[286*207*3]
15:33:25.000 @GS09[片]
15:33:25.000 @GS10[1.000000]
15:33:25.000 @GS11[0.000]
15:33:25.000 @GS13[0]
15:33:25.000 @GS14[]
15:33:25.000 @GS15[]
15:33:25.000 @GS16[严少荣]
15:33:25.000 @GS17[吴书松]
15:33:25.000 @GS18[吴小毛]
15:33:25.000 @GS19[2019/1/11 15:33:21]
15:33:25.000 @GS51[0.000]
15:33:25.000 @idx[52717]
15:33:25.000 @GS2[密度板]
15:33:25.000 @GS7[二层板2]
15:33:25.000 @GS20[]
15:33:25.000 @GS70[R_338]
15:33:25.000 @GS71[密度板]
15:33:25.000 @GS78[0]
15:33:25.000 UPDATE R_PQP SET GS02=@GS2,GS04=@GS04,GS05=@GS05,GS07=@GS7,GS08=@GS08,GS09=@GS09,GS10=@GS10,GS11=@GS11,GS13=@GS13,GS14=@GS14,GS15=@GS15,GS16=@GS16,GS17=@GS17,GS18=@GS18,GS19=@GS19,GS20=@GS20,GS51=@GS51,GS70=@GS70,GS71=@GS71,GS78=@GS78 WHERE idx=@idx
15:33:30.000 @GS02[密度板]
15:33:30.000 @GS04[0.0000]
15:33:30.000 @GS05[0.00]
15:33:30.000 @GS07[墙板1]
15:33:30.000 @GS08[207*193*3]
15:33:30.000 @GS09[片]
15:33:30.000 @GS10[3.000000]
15:33:30.000 @GS11[0.000]
15:33:30.000 @GS13[0]
15:33:30.000 @GS14[]
15:33:30.000 @GS15[]
15:33:30.000 @GS16[严少荣]
15:33:30.000 @GS17[吴书松]
15:33:30.000 @GS18[吴小毛]
15:33:30.000 @GS19[2019/1/11 15:33:29]
15:33:30.000 @GS51[0.000]
15:33:30.000 @idx[52712]
15:33:30.000 @GS2[密度板]
15:33:30.000 @GS7[墙板1]
15:33:30.000 @GS20[]
15:33:30.000 @GS70[R_338]
15:33:30.000 @GS71[密度板]
15:33:30.000 @GS78[0]
15:33:30.000 UPDATE R_PQP SET GS02=@GS2,GS04=@GS04,GS05=@GS05,GS07=@GS7,GS08=@GS08,GS09=@GS09,GS10=@GS10,GS11=@GS11,GS13=@GS13,GS14=@GS14,GS15=@GS15,GS16=@GS16,GS17=@GS17,GS18=@GS18,GS19=@GS19,GS20=@GS20,GS51=@GS51,GS70=@GS70,GS71=@GS71,GS78=@GS78 WHERE idx=@idx
15:33:36.000 @GS02[密度板]
15:33:36.000 @GS04[0.0000]
15:33:36.000 @GS05[0.00]
15:33:36.000 @GS07[墙板2]
15:33:36.000 @GS08[207*197*3]
15:33:36.000 @GS09[片]
15:33:36.000 @GS10[2.000000]
15:33:36.000 @GS11[0.000]
15:33:36.000 @GS13[0]
15:33:36.000 @GS14[]
15:33:36.000 @GS15[]
15:33:36.000 @GS16[严少荣]
15:33:36.000 @GS17[吴书松]
15:33:36.000 @GS18[吴小毛]
15:33:36.000 @GS19[2019/1/11 15:33:34]
15:33:36.000 @GS51[0.000]
15:33:36.000 @idx[52711]
15:33:36.000 @GS2[密度板]
15:33:36.000 @GS7[墙板2]
15:33:36.000 @GS20[]
15:33:36.000 @GS70[R_338]
15:33:36.000 @GS71[密度板]
15:33:36.000 @GS78[0]
15:33:36.000 UPDATE R_PQP SET GS02=@GS2,GS04=@GS04,GS05=@GS05,GS07=@GS7,GS08=@GS08,GS09=@GS09,GS10=@GS10,GS11=@GS11,GS13=@GS13,GS14=@GS14,GS15=@GS15,GS16=@GS16,GS17=@GS17,GS18=@GS18,GS19=@GS19,GS20=@GS20,GS51=@GS51,GS70=@GS70,GS71=@GS71,GS78=@GS78 WHERE idx=@idx
15:33:38.000 @GS02[密度板]
15:33:38.000 @GS04[0.0000]
15:33:38.000 @GS05[0.00]
15:33:38.000 @GS07[底板]
15:33:38.000 @GS08[600*300*6]
15:33:38.000 @GS09[片]
15:33:38.000 @GS10[1.000000]
15:33:38.000 @GS11[0.000]
15:33:38.000 @GS13[0]
15:33:38.000 @GS14[]
15:33:38.000 @GS15[]
15:33:38.000 @GS16[严少荣]
15:33:38.000 @GS17[吴书松]
15:33:38.000 @GS18[吴小毛]
15:33:38.000 @GS19[2019/1/11 15:33:37]
15:33:38.000 @GS51[0.000]
15:33:38.000 @idx[52709]
15:33:38.000 @GS2[密度板]
15:33:38.000 @GS7[底板]
15:33:38.000 @GS20[]
15:33:38.000 @GS70[R_338]
15:33:38.000 @GS71[密度板]
15:33:38.000 @GS78[0]
15:33:38.000 UPDATE R_PQP SET GS02=@GS2,GS04=@GS04,GS05=@GS05,GS07=@GS7,GS08=@GS08,GS09=@GS09,GS10=@GS10,GS11=@GS11,GS13=@GS13,GS14=@GS14,GS15=@GS15,GS16=@GS16,GS17=@GS17,GS18=@GS18,GS19=@GS19,GS20=@GS20,GS51=@GS51,GS70=@GS70,GS71=@GS71,GS78=@GS78 WHERE idx=@idx
15:33:40.000 @GS02[密度板]
15:33:40.000 @GS04[0.0000]
15:33:40.000 @GS05[0.00]
15:33:40.000 @GS07[梯底板]
15:33:40.000 @GS08[60*56*9]
15:33:40.000 @GS09[片]
15:33:40.000 @GS10[1.000000]
15:33:40.000 @GS11[0.000]
15:33:40.000 @GS13[0]
15:33:40.000 @GS14[]
15:33:40.000 @GS15[]
15:33:40.000 @GS16[严少荣]
15:33:40.000 @GS17[吴书松]
15:33:40.000 @GS18[吴小毛]
15:33:40.000 @GS19[2019/1/11 15:33:39]
15:33:40.000 @GS51[0.000]
15:33:40.000 @idx[52731]
15:33:40.000 @GS2[密度板]
15:33:40.000 @GS7[梯底板]
15:33:40.000 @GS20[]
15:33:40.000 @GS70[R_338]
15:33:40.000 @GS71[密度板]
15:33:40.000 @GS78[0]
15:33:40.000 UPDATE R_PQP SET GS02=@GS2,GS04=@GS04,GS05=@GS05,GS07=@GS7,GS08=@GS08,GS09=@GS09,GS10=@GS10,GS11=@GS11,GS13=@GS13,GS14=@GS14,GS15=@GS15,GS16=@GS16,GS17=@GS17,GS18=@GS18,GS19=@GS19,GS20=@GS20,GS51=@GS51,GS70=@GS70,GS71=@GS71,GS78=@GS78 WHERE idx=@idx
15:33:42.000 @GS02[密度板]
15:33:42.000 @GS04[0.0000]
15:33:42.000 @GS05[0.00]
15:33:42.000 @GS07[火]
15:33:42.000 @GS08[46*45*9]
15:33:42.000 @GS09[片]
15:33:42.000 @GS10[1.000000]
15:33:42.000 @GS11[0.000]
15:33:42.000 @GS13[0]
15:33:42.000 @GS14[]
15:33:42.000 @GS15[]
15:33:42.000 @GS16[严少荣]
15:33:42.000 @GS17[吴书松]
15:33:42.000 @GS18[吴小毛]
15:33:42.000 @GS19[2019/1/11 15:33:41]
15:33:42.000 @GS51[0.000]
15:33:42.000 @idx[52677]
15:33:42.000 @GS2[密度板]
15:33:42.000 @GS7[火]
15:33:42.000 @GS20[]
15:33:42.000 @GS70[R_338]
15:33:42.000 @GS71[密度板]
15:33:42.000 @GS78[0]
15:33:42.000 UPDATE R_PQP SET GS02=@GS2,GS04=@GS04,GS05=@GS05,GS07=@GS7,GS08=@GS08,GS09=@GS09,GS10=@GS10,GS11=@GS11,GS13=@GS13,GS14=@GS14,GS15=@GS15,GS16=@GS16,GS17=@GS17,GS18=@GS18,GS19=@GS19,GS20=@GS20,GS51=@GS51,GS70=@GS70,GS71=@GS71,GS78=@GS78 WHERE idx=@idx
15:33:46.000 @GS02[密度板]
15:33:46.000 @GS04[0.0000]
15:33:46.000 @GS05[0.00]
15:33:46.000 @GS07[竖隔板]
15:33:46.000 @GS08[177*103*3]
15:33:46.000 @GS09[片]
15:33:46.000 @GS10[1.000000]
15:33:46.000 @GS11[0.000]
15:33:46.000 @GS13[0]
15:33:46.000 @GS14[]
15:33:46.000 @GS15[]
15:33:46.000 @GS16[严少荣]
15:33:46.000 @GS17[吴书松]
15:33:46.000 @GS18[吴小毛]
15:33:46.000 @GS19[2019/1/11 15:33:45]
15:33:46.000 @GS51[0.000]
15:33:46.000 @idx[52710]
15:33:46.000 @GS2[密度板]
15:33:46.000 @GS7[竖隔板]
15:33:46.000 @GS20[]
15:33:46.000 @GS70[R_338]
15:33:46.000 @GS71[密度板]
15:33:46.000 @GS78[0]
15:33:46.000 UPDATE R_PQP SET GS02=@GS2,GS04=@GS04,GS05=@GS05,GS07=@GS7,GS08=@GS08,GS09=@GS09,GS10=@GS10,GS11=@GS11,GS13=@GS13,GS14=@GS14,GS15=@GS15,GS16=@GS16,GS17=@GS17,GS18=@GS18,GS19=@GS19,GS20=@GS20,GS51=@GS51,GS70=@GS70,GS71=@GS71,GS78=@GS78 WHERE idx=@idx
15:33:54.000 @GS02[密度板]
15:33:54.000 @GS04[0.0000]
15:33:54.000 @GS05[0.00]
15:33:54.000 @GS07[车底板]
15:33:54.000 @GS08[202*80*9]
15:33:54.000 @GS09[片]
15:33:54.000 @GS10[1.000000]
15:33:54.000 @GS11[0.000]
15:33:54.000 @GS13[0]
15:33:54.000 @GS14[]
15:33:54.000 @GS15[]
15:33:54.000 @GS16[严少荣]
15:33:54.000 @GS17[吴书松]
15:33:54.000 @GS18[吴小毛]
15:33:54.000 @GS19[2019/1/11 15:33:47]
15:33:54.000 @GS51[0.000]
15:33:54.000 @idx[52730]
15:33:54.000 @GS2[密度板]
15:33:54.000 @GS7[车底板]
15:33:54.000 @GS20[]
15:33:54.000 @GS70[R_338]
15:33:54.000 @GS71[密度板]
15:33:54.000 @GS78[2.3]
15:33:54.000 UPDATE R_PQP SET GS02=@GS2,GS04=@GS04,GS05=@GS05,GS07=@GS7,GS08=@GS08,GS09=@GS09,GS10=@GS10,GS11=@GS11,GS13=@GS13,GS14=@GS14,GS15=@GS15,GS16=@GS16,GS17=@GS17,GS18=@GS18,GS19=@GS19,GS20=@GS20,GS51=@GS51,GS70=@GS70,GS71=@GS71,GS78=@GS78 WHERE idx=@idx
15:33:57.000 @GS02[密度板]
15:33:57.000 @GS04[0.0000]
15:33:57.000 @GS05[0.00]
15:33:57.000 @GS07[车侧板]
15:33:57.000 @GS08[189*83*9]
15:33:57.000 @GS09[片]
15:33:57.000 @GS10[2.000000]
15:33:57.000 @GS11[0.000]
15:33:57.000 @GS13[0]
15:33:57.000 @GS14[]
15:33:57.000 @GS15[]
15:33:57.000 @GS16[严少荣]
15:33:57.000 @GS17[吴书松]
15:33:57.000 @GS18[吴小毛]
15:33:57.000 @GS19[2019/1/11 15:33:56]
15:33:57.000 @GS51[0.000]
15:33:57.000 @idx[52729]
15:33:57.000 @GS2[密度板]
15:33:57.000 @GS7[车侧板]
15:33:57.000 @GS20[]
15:33:57.000 @GS70[R_338]
15:33:57.000 @GS71[密度板]
15:33:57.000 @GS78[2.3]
15:33:57.000 UPDATE R_PQP SET GS02=@GS2,GS04=@GS04,GS05=@GS05,GS07=@GS7,GS08=@GS08,GS09=@GS09,GS10=@GS10,GS11=@GS11,GS13=@GS13,GS14=@GS14,GS15=@GS15,GS16=@GS16,GS17=@GS17,GS18=@GS18,GS19=@GS19,GS20=@GS20,GS51=@GS51,GS70=@GS70,GS71=@GS71,GS78=@GS78 WHERE idx=@idx
15:33:59.000 @GS02[密度板]
15:33:59.000 @GS04[0.0000]
15:33:59.000 @GS05[0.00]
15:33:59.000 @GS07[飞机侧板]
15:33:59.000 @GS08[117*84*9]
15:33:59.000 @GS09[片]
15:33:59.000 @GS10[2.000000]
15:33:59.000 @GS11[0.000]
15:33:59.000 @GS13[0]
15:33:59.000 @GS14[]
15:33:59.000 @GS15[]
15:33:59.000 @GS16[严少荣]
15:33:59.000 @GS17[吴书松]
15:33:59.000 @GS18[吴小毛]
15:33:59.000 @GS19[2019/1/11 15:33:58]
15:33:59.000 @GS51[0.000]
15:33:59.000 @idx[52708]
15:33:59.000 @GS2[密度板]
15:33:59.000 @GS7[飞机侧板]
15:33:59.000 @GS20[]
15:33:59.000 @GS70[R_338]
15:33:59.000 @GS71[密度板]
15:33:59.000 @GS78[2.3]
15:33:59.000 UPDATE R_PQP SET GS02=@GS2,GS04=@GS04,GS05=@GS05,GS07=@GS7,GS08=@GS08,GS09=@GS09,GS10=@GS10,GS11=@GS11,GS13=@GS13,GS14=@GS14,GS15=@GS15,GS16=@GS16,GS17=@GS17,GS18=@GS18,GS19=@GS19,GS20=@GS20,GS51=@GS51,GS70=@GS70,GS71=@GS71,GS78=@GS78 WHERE idx=@idx
15:34:12.000 @GS34[R_509-20181228001]
15:34:12.000 @GS02[密度板]
15:34:12.000 @GS04[0.0000]
15:34:12.000 @GS05[0.00]
15:34:12.000 @GS07[飞机侧板1]
15:34:12.000 @GS08[117*84*9]
15:34:12.000 @GS09[片]
15:34:12.000 @GS10[2.000000]
15:34:12.000 @GS11[0.000]
15:34:12.000 @GS13[0]
15:34:12.000 @GS14[]
15:34:12.000 @GS15[]
15:34:12.000 @GS16[严少荣]
15:34:12.000 @GS17[吴书松]
15:34:12.000 @GS18[吴小毛]
15:34:12.000 @GS19[2019/1/11 15:33:58]
15:34:12.000 @GS20[]
15:34:12.000 @GS49[1333]
15:34:12.000 @GS51[0.000]
15:34:12.000 @GS70[R_338]
15:34:12.000 @GS71[密度板]
15:34:12.000 @GS78[2.3]
15:34:12.000 INSERT INTO R_PQP (GS34,GS02,GS04,GS05,GS07,GS08,GS09,GS10,GS11,GS13,GS14,GS15,GS16,GS17,GS18,GS19,GS20,GS49,GS51,GS70,GS71,GS78) VALUES (@GS34,@GS02,@GS04,@GS05,@GS07,@GS08,@GS09,@GS10,@GS11,@GS13,@GS14,@GS15,@GS16,@GS17,@GS18,@GS19,@GS20,@GS49,@GS51,@GS70,@GS71,@GS78)
15:34:35.000 @GS34[R_509-20181228001]
15:34:35.000 @GS02[密度板]
15:34:35.000 @GS04[0.0000]
15:34:35.000 @GS05[0.00]
15:34:35.000 @GS07[飞机侧板11]
15:34:35.000 @GS08[117*84*9]
15:34:35.000 @GS09[片]
15:34:35.000 @GS10[2.000000]
15:34:35.000 @GS11[0.000]
15:34:35.000 @GS13[0]
15:34:35.000 @GS14[]
15:34:35.000 @GS15[]
15:34:35.000 @GS16[严少荣]
15:34:35.000 @GS17[吴书松]
15:34:35.000 @GS18[吴小毛]
15:34:35.000 @GS19[2019/1/11 0:00:00]
15:34:35.000 @GS20[]
15:34:35.000 @GS49[1333]
15:34:35.000 @GS51[0.000]
15:34:35.000 @GS70[R_338]
15:34:35.000 @GS71[密度板]
15:34:35.000 @GS78[1.2]
15:34:35.000 INSERT INTO R_PQP (GS34,GS02,GS04,GS05,GS07,GS08,GS09,GS10,GS11,GS13,GS14,GS15,GS16,GS17,GS18,GS19,GS20,GS49,GS51,GS70,GS71,GS78) VALUES (@GS34,@GS02,@GS04,@GS05,@GS07,@GS08,@GS09,@GS10,@GS11,@GS13,@GS14,@GS15,@GS16,@GS17,@GS18,@GS19,@GS20,@GS49,@GS51,@GS70,@GS71,@GS78)
15:34:44.000 @GS34[R_509-20181228001]
15:34:44.000 @GS03[新单]
15:34:44.000 @GS22[]
15:34:44.000 @GS23[2018/12/28 0:00:00]
15:34:44.000 @GS24[]
15:34:44.000 @GS25[2018/12/28 0:00:00]
15:34:44.000 @GS26[]
15:34:44.000 @GS27[2018/12/28 0:00:00]
15:34:44.000 @GS28[]
15:34:44.000 @GS29[2018/12/28 0:00:00]
15:34:44.000 @GS30[]
15:34:44.000 @GS31[0]
15:34:44.000 @GS32[0]
15:34:44.000 @GS33[[廖灵飞20190111]]
15:34:44.000 @GS46[城市消防站]
15:34:44.000 @GS47[1822020723]
15:34:44.000 @GS48[ZE3023AM38]
15:34:44.000 @GS49[1333]
15:34:44.000 @GS50[]
15:34:44.000 @GS01[18120354]
15:34:44.000 UPDATE R_PQP SET GS01=@GS01,GS46=@GS46,GS47=@GS47,GS48=@GS48,GS49=@GS49,GS50=@GS50,GS03=@GS03,GS22=@GS22,GS23=@GS23,GS24=@GS24,GS25=@GS25,GS26=@GS26,GS27=@GS27,GS28=@GS28,GS29=@GS29,GS30=@GS30,GS31=@GS31,GS32=@GS32,GS33=@GS33 WHERE GS34=@GS34
15:56:33.000 UPDATE R_PQP SET GS73='T' FROM R_PQQ WHERE GS01=CP01 AND GS35=CP09 AND (GS35  LIKE '%丝印%' OR GS35 LIKE '%雕刻%' OR GS35  LIKE '%砂皮%' OR GS35  LIKE '%走台印%' OR GS35  LIKE '%冲印%') 
15:56:33.000 UPDATE R_PQP SET GS73='T' FROM R_PQAH WHERE GS01=AH01 AND GS35=AH18 AND (GS35  LIKE '%丝印%' OR GS35 LIKE '%雕刻%' OR GS35  LIKE '%砂皮%' OR GS35  LIKE '%走台印%' OR GS35  LIKE '%冲印%')
15:56:33.000 UPDATE R_PQP SET GS73='T' FROM R_PQI WHERE GS01=YQ03 AND  GS35 LIKE '%油漆%'  AND YQ139='1'
15:56:33.000 UPDATE R_PQP SET GS73='T' FROM R_PQAF WHERE GS01=AF002 AND GS07=AF015 AND GS02=AF084 AND GS08 ='Φ'+CONVERT(VARCHAR,CONVERT(FLOAT,AF022*10))+'*'+CONVERT(VARCHAR,CONVERT(FLOAT,AF020*10)) 
15:56:34.000 UPDATE R_PQP SET GS73='T' FROM R_PQU WHERE GS01=PQU01 AND GS07=PQU10 AND GS08=PQU12  
15:56:34.000 UPDATE R_PQP SET GS73='T' FROM R_PQS WHERE GS01=PJ01 AND GS56=PJ09 AND GS57=PJ89  
15:56:34.000 UPDATE R_PQP SET GS73='T' FROM R_PQT WHERE GS01=WX01 AND GS56=WX10 AND GS57=WX11 
15:56:34.000 WITH CET AS (select GS70,GS01,GS46,GS49,GS71,GS02,right(GS08,len(GS08) - charindex('*',GS08) ) a from R_PQP  WHERE GS70='R_338' AND GS73='F' ),CFT AS (SELECT GS70,GS01,GS46,GS49,GS71,GS02,right(a,LEN(a)-charindex('*',a)) GS08 FROM CET  ),CHT AS( SELECT DISTINCT GS70,GS01,GS46,GS49,GS71,GS02,CONVERT(FLOAT,CONVERT(DECIMAL(11,2),GS08)*1.0/10) GS08 FROM CFT  )SELECT GS70,GS01,GS46,GS49,GS71,GS02,CONVERT(VARCHAR,GS08) GS08,'' GS07,PQF13,PQF31 FROM CHT A INNER JOIN R_PQF B ON A.GS01=B.PQF01  WHERE (SELECT COUNT(1) FROM R_PQO WHERE GS01=JM90 AND GS02=JM09 AND CONVERT(VARCHAR,GS08)=CONVERT(VARCHAR,CONVERT(FLOAT,CONVERT(DECIMAL(11,4),JM96))))=0 and GS01 not in (SELECT JM90 FROM R_PQO WHERE JM116='1' )
15:56:34.000 从数据类型 nvarchar 转换为 numeric 时出错。
16:02:56.000 UPDATE R_PQP SET GS73='T' FROM R_PQQ WHERE GS01=CP01 AND GS35=CP09 AND (GS35  LIKE '%丝印%' OR GS35 LIKE '%雕刻%' OR GS35  LIKE '%砂皮%' OR GS35  LIKE '%走台印%' OR GS35  LIKE '%冲印%') 
16:02:56.000 UPDATE R_PQP SET GS73='T' FROM R_PQAH WHERE GS01=AH01 AND GS35=AH18 AND (GS35  LIKE '%丝印%' OR GS35 LIKE '%雕刻%' OR GS35  LIKE '%砂皮%' OR GS35  LIKE '%走台印%' OR GS35  LIKE '%冲印%')
16:02:56.000 UPDATE R_PQP SET GS73='T' FROM R_PQI WHERE GS01=YQ03 AND  GS35 LIKE '%油漆%'  AND YQ139='1'
16:02:56.000 UPDATE R_PQP SET GS73='T' FROM R_PQAF WHERE GS01=AF002 AND GS07=AF015 AND GS02=AF084 AND GS08 ='Φ'+CONVERT(VARCHAR,CONVERT(FLOAT,AF022*10))+'*'+CONVERT(VARCHAR,CONVERT(FLOAT,AF020*10)) 
16:02:57.000 UPDATE R_PQP SET GS73='T' FROM R_PQU WHERE GS01=PQU01 AND GS07=PQU10 AND GS08=PQU12  
16:02:57.000 UPDATE R_PQP SET GS73='T' FROM R_PQS WHERE GS01=PJ01 AND GS56=PJ09 AND GS57=PJ89  
16:02:57.000 UPDATE R_PQP SET GS73='T' FROM R_PQT WHERE GS01=WX01 AND GS56=WX10 AND GS57=WX11 
16:02:58.000 WITH CET AS (select GS70,GS01,GS46,GS49,GS71,GS02,right(GS08,len(GS08) - charindex('*',GS08) ) a from R_PQP  WHERE GS70='R_338' AND GS73='F' ),CFT AS (SELECT GS70,GS01,GS46,GS49,GS71,GS02,right(a,LEN(a)-charindex('*',a)) GS08 FROM CET  ),CHT AS( SELECT DISTINCT GS70,GS01,GS46,GS49,GS71,GS02,CONVERT(FLOAT,CONVERT(DECIMAL(11,2),GS08)*1.0/10) GS08 FROM CFT  )SELECT GS70,GS01,GS46,GS49,GS71,GS02,CONVERT(VARCHAR,GS08) GS08,'' GS07,PQF13,PQF31 FROM CHT A INNER JOIN R_PQF B ON A.GS01=B.PQF01  WHERE (SELECT COUNT(1) FROM R_PQO WHERE GS01=JM90 AND GS02=JM09 AND CONVERT(VARCHAR,GS08)=CONVERT(VARCHAR,CONVERT(FLOAT,CONVERT(DECIMAL(11,4),JM96))))=0 and GS01 not in (SELECT JM90 FROM R_PQO WHERE JM116='1' )
16:02:58.000 从数据类型 nvarchar 转换为 numeric 时出错。
16:04:15.000 @MZ002[18120354]
16:04:15.000 @MZ016[飞机侧板11]
16:04:15.000 @MZ018[117*84*9]
16:04:15.000 @MZ019[清漆]
16:04:15.000 @MZ023[清面]
16:04:15.000 @MZ032[蛐彩康]
16:04:15.000 INSERT INTO R_PQMZ (MZ001,MZ002,MZ006,MZ016,MZ017,MZ018,MZ019,MZ020,MZ021,MZ022,MZ023,MZ024,MZ025,MZ026,MZ027,MZ028,MZ031,MZ032,MZ105,MZ106,MZ107,MZ108,MZ118,MZ119,MZ120,MZ122,MZ124,MZ125,MZ126,MZ130) VALUES ('R_344-20190111002','18120354','1333','飞机侧板11','胶合板','117*84*9','清漆','0.0','1','1.2','清面','1','21.0','1.000','0.400','2.100','廖灵飞','蛐彩康','88452','','厂内','','0','0','0','外购','123c','001','0','密度板')
16:04:15.000 INSERT INTO R_PQBF (BF001,BF002,BF003,BF004,BF005,BF006,BF007,BF008) VALUES ('R_344','滚漆承揽加工成本合同书','廖灵飞','2019/1/11 16:04:15','R_344-20190111002','INSERT INTO R_PQMZ (MZ001,MZ002,MZ006,MZ016,MZ017,MZ018,MZ019,MZ020,MZ021,MZ022,MZ023,MZ024,MZ025,MZ026,MZ027,MZ028,MZ031,MZ032,MZ105,MZ106,MZ107,MZ108,MZ118,MZ119,MZ120,MZ122,MZ124,MZ125,MZ126,MZ130) VALUES (''R_344-20190111002'',''18120354'',''1333'',''飞机侧板11'',''胶合板'',''117*84*9'',''清漆'',''0.0'',''1'',''1.2'',''清面'',''1'',''21.0'',''1.000'',''0.400'',''2.100'',''廖灵飞'',''蛐彩康'',''88452'','''',''厂内'','''',''0'',''0'',''0'',''外购'',''123c'',''001'',''0'',''密度板'')','新建','新增新建')
16:04:24.000 UPDATE R_PQMZ SET MZ002='18120354',MZ003='城市消防站',MZ004='1822020723',MZ005='ZE3023AM38',MZ006='1333',MZ007='2019/1/5 0:00:00',MZ008='2018/12/28 0:00:00',MZ009='廖灵飞',MZ010='2019/1/11 16:03:43',MZ011='廖灵飞',MZ012='2019/1/11 16:03:44',MZ013='廖灵飞',MZ014='吴碧园',MZ015='2019/1/11 16:03:35',MZ029='',MZ030='',MZ031='廖灵飞',MZ033='欧洲',MZ034='3Y+',MZ035='F',MZ036='F',MZ037='F',MZ038='F',MZ039='F',MZ040='',MZ041='2019/1/11 16:03:35',MZ042='',MZ043='2019/1/11 16:03:35',MZ044='F',MZ045='F',MZ046='F',MZ047='F',MZ048='F',MZ049='F',MZ050='F',MZ051='F',MZ052='F',MZ053='F',MZ054='F',MZ055='',MZ056='',MZ057='F',MZ058='F',MZ059='F',MZ060='',MZ061='1.2000',MZ062='2019/1/11 16:03:35',MZ063='F',MZ064='F',MZ065='F',MZ066='F',MZ067='F',MZ068='F',MZ069='F',MZ070='F',MZ071='F',MZ072='F',MZ073='F',MZ074='F',MZ075='F',MZ076='F',MZ077='F',MZ078='F',MZ079='F',MZ080='F',MZ081='F',MZ082='F',MZ083='F',MZ084='F',MZ085='F',MZ086='F',MZ087='',MZ088='',MZ089='',MZ090='2019/1/11 16:03:35',MZ091='0',MZ092='F',MZ093='',MZ094='2019/1/11 16:03:35',MZ095='0',MZ096='0',MZ097='0',MZ098='0',MZ099='0',MZ100='0',MZ101='0',MZ102='0',MZ103='0',MZ104='',MZ108='',MZ123='F' WHERE MZ001='R_344-20190111002'
16:04:24.000 INSERT INTO R_PQBF (BF001,BF002,BF003,BF004,BF005,BF006,BF007,BF008) VALUES ('R_344','滚漆承揽加工成本合同书','廖灵飞','2019/1/11 16:04:24','R_344-20190111002','UPDATE R_PQMZ SET MZ002=''18120354'',MZ003=''城市消防站'',MZ004=''1822020723'',MZ005=''ZE3023AM38'',MZ006=''1333'',MZ007=''2019/1/5 0:00:00'',MZ008=''2018/12/28 0:00:00'',MZ009=''廖灵飞'',MZ010=''2019/1/11 16:03:43'',MZ011=''廖灵飞'',MZ012=''2019/1/11 16:03:44'',MZ013=''廖灵飞'',MZ014=''吴碧园'',MZ015=''2019/1/11 16:03:35'',MZ029='''',MZ030='''',MZ031=''廖灵飞'',MZ033=''欧洲'',MZ034=''3Y+'',MZ035=''F'',MZ036=''F'',MZ037=''F'',MZ038=''F'',MZ039=''F'',MZ040='''',MZ041=''2019/1/11 16:03:35'',MZ042='''',MZ043=''2019/1/11 16:03:35'',MZ044=''F'',MZ045=''F'',MZ046=''F'',MZ047=''F'',MZ048=''F'',MZ049=''F'',MZ050=''F'',MZ051=''F'',MZ052=''F'',MZ053=''F'',MZ054=''F'',MZ055='''',MZ056='''',MZ057=''F'',MZ058=''F'',MZ059=''F'',MZ060='''',MZ061=''1.2000'',MZ062=''2019/1/11 16:03:35'',MZ063=''F'',MZ064=''F'',MZ065=''F'',MZ066=''F'',MZ067=''F'',MZ068=''F'',MZ069=''F'',MZ070=''F'',MZ071=''F'',MZ072=''F'',MZ073=''F'',MZ074=''F'',MZ075=''F'',MZ076=''F'',MZ077=''F'',MZ078=''F'',MZ079=''F'',MZ080=''F'',MZ081=''F'',MZ082=''F'',MZ083=''F'',MZ084=''F'',MZ085=''F'',MZ086=''F'',MZ087='''',MZ088='''',MZ089='''',MZ090=''2019/1/11 16:03:35'',MZ091=''0'',MZ092=''F'',MZ093='''',MZ094=''2019/1/11 16:03:35'',MZ095=''0'',MZ096=''0'',MZ097=''0'',MZ098=''0'',MZ099=''0'',MZ100=''0'',MZ101=''0'',MZ102=''0'',MZ103=''0'',MZ104='''',MZ108='''',MZ123=''F'' WHERE MZ001=''R_344-20190111002''','保存','新增保存')
16:04:58.000 @MZ002[18120354]
16:04:58.000 @MZ016[车侧板]
16:04:58.000 @MZ018[189*83*9]
16:04:58.000 @MZ019[清漆]
16:04:58.000 @MZ023[清面]
16:04:58.000 @MZ032[蛐彩康]
16:04:58.000 UPDATE R_PQMZ SET MZ002='18120354',MZ006='1333',MZ016='车侧板',MZ017='胶合板',MZ018='189*83*9',MZ019='清漆',MZ020='0.00000',MZ021='1',MZ022='2.3',MZ023='清面',MZ024='1',MZ025='21.0',MZ026='1.000',MZ027='0.400',MZ028='2.100',MZ032='蛐彩康',MZ105='141183',MZ106='',MZ107='厂内',MZ118='0',MZ119='0',MZ120='0',MZ122='外购',MZ124='123c',MZ126='0.000000',MZ130='密度板'  WHERE MZ001='R_344-20190111002' AND MZ125='001'
16:04:58.000 INSERT INTO R_PQBF (BF001,BF002,BF003,BF004,BF005,BF006,BF007,BF008) VALUES ('R_344','滚漆承揽加工成本合同书','廖灵飞','2019/1/11 16:04:58','R_344-20190111002','UPDATE R_PQMZ SET MZ002=''18120354'',MZ006=''1333'',MZ016=''车侧板'',MZ017=''胶合板'',MZ018=''189*83*9'',MZ019=''清漆'',MZ020=''0.00000'',MZ021=''1'',MZ022=''2.3'',MZ023=''清面'',MZ024=''1'',MZ025=''21.0'',MZ026=''1.000'',MZ027=''0.400'',MZ028=''2.100'',MZ032=''蛐彩康'',MZ105=''141183'',MZ106='''',MZ107=''厂内'',MZ118=''0'',MZ119=''0'',MZ120=''0'',MZ122=''外购'',MZ124=''123c'',MZ126=''0.000000'',MZ130=''密度板''  WHERE MZ001=''R_344-20190111002'' AND MZ125=''001''','编辑','更改编辑')
16:05:01.000 UPDATE R_PQMZ SET MZ002='18120354',MZ003='城市消防站',MZ004='1822020723',MZ005='ZE3023AM38',MZ006='1333',MZ007='2019/1/5 0:00:00',MZ008='2018/12/28 0:00:00',MZ009='廖灵飞',MZ010='2019/1/11 0:00:00',MZ011='廖灵飞',MZ012='2019/1/11 0:00:00',MZ013='廖灵飞',MZ014='吴碧园',MZ015='2019/1/11 0:00:00',MZ029='',MZ030='',MZ031='廖灵飞',MZ033='欧洲',MZ034='3Y+',MZ035='F',MZ036='F',MZ037='F',MZ038='F',MZ039='F',MZ040='',MZ041='2019/1/11 0:00:00',MZ042='',MZ043='2019/1/11 0:00:00',MZ044='F',MZ045='F',MZ046='F',MZ047='F',MZ048='F',MZ049='F',MZ050='F',MZ051='F',MZ052='F',MZ053='F',MZ054='F',MZ055='',MZ056='',MZ057='F',MZ058='F',MZ059='F',MZ060='          ',MZ061='2.3000',MZ062='2019/1/11 0:00:00',MZ063='F',MZ064='F',MZ065='F',MZ066='F',MZ067='F',MZ068='F',MZ069='F',MZ070='F',MZ071='F',MZ072='F',MZ073='F',MZ074='F',MZ075='F',MZ076='F',MZ077='F',MZ078='F',MZ079='F',MZ080='F',MZ081='F',MZ082='F',MZ083='F',MZ084='F',MZ085='F',MZ086='F',MZ087='',MZ088='',MZ089='',MZ090='2019/1/11 0:00:00',MZ091='0',MZ092='F',MZ093='',MZ094='2019/1/11 0:00:00',MZ095='0',MZ096='0',MZ097='0',MZ098='0',MZ099='0',MZ100='0',MZ101='0',MZ102='0',MZ103='0',MZ104='',MZ108='',MZ123='F' WHERE MZ001='R_344-20190111002'
16:05:01.000 INSERT INTO R_PQBF (BF001,BF002,BF003,BF004,BF005,BF006,BF007,BF008) VALUES ('R_344','滚漆承揽加工成本合同书','廖灵飞','2019/1/11 16:05:01','R_344-20190111002','UPDATE R_PQMZ SET MZ002=''18120354'',MZ003=''城市消防站'',MZ004=''1822020723'',MZ005=''ZE3023AM38'',MZ006=''1333'',MZ007=''2019/1/5 0:00:00'',MZ008=''2018/12/28 0:00:00'',MZ009=''廖灵飞'',MZ010=''2019/1/11 0:00:00'',MZ011=''廖灵飞'',MZ012=''2019/1/11 0:00:00'',MZ013=''廖灵飞'',MZ014=''吴碧园'',MZ015=''2019/1/11 0:00:00'',MZ029='''',MZ030='''',MZ031=''廖灵飞'',MZ033=''欧洲'',MZ034=''3Y+'',MZ035=''F'',MZ036=''F'',MZ037=''F'',MZ038=''F'',MZ039=''F'',MZ040='''',MZ041=''2019/1/11 0:00:00'',MZ042='''',MZ043=''2019/1/11 0:00:00'',MZ044=''F'',MZ045=''F'',MZ046=''F'',MZ047=''F'',MZ048=''F'',MZ049=''F'',MZ050=''F'',MZ051=''F'',MZ052=''F'',MZ053=''F'',MZ054=''F'',MZ055='''',MZ056='''',MZ057=''F'',MZ058=''F'',MZ059=''F'',MZ060=''          '',MZ061=''2.3000'',MZ062=''2019/1/11 0:00:00'',MZ063=''F'',MZ064=''F'',MZ065=''F'',MZ066=''F'',MZ067=''F'',MZ068=''F'',MZ069=''F'',MZ070=''F'',MZ071=''F'',MZ072=''F'',MZ073=''F'',MZ074=''F'',MZ075=''F'',MZ076=''F'',MZ077=''F'',MZ078=''F'',MZ079=''F'',MZ080=''F'',MZ081=''F'',MZ082=''F'',MZ083=''F'',MZ084=''F'',MZ085=''F'',MZ086=''F'',MZ087='''',MZ088='''',MZ089='''',MZ090=''2019/1/11 0:00:00'',MZ091=''0'',MZ092=''F'',MZ093='''',MZ094=''2019/1/11 0:00:00'',MZ095=''0'',MZ096=''0'',MZ097=''0'',MZ098=''0'',MZ099=''0'',MZ100=''0'',MZ101=''0'',MZ102=''0'',MZ103=''0'',MZ104='''',MZ108='''',MZ123=''F'' WHERE MZ001=''R_344-20190111002''','保存','更改保存')
16:07:10.000 UPDATE R_PQP SET GS73='T' FROM R_PQQ WHERE GS01=CP01 AND GS35=CP09 AND (GS35  LIKE '%丝印%' OR GS35 LIKE '%雕刻%' OR GS35  LIKE '%砂皮%' OR GS35  LIKE '%走台印%' OR GS35  LIKE '%冲印%') 
16:07:10.000 UPDATE R_PQP SET GS73='T' FROM R_PQAH WHERE GS01=AH01 AND GS35=AH18 AND (GS35  LIKE '%丝印%' OR GS35 LIKE '%雕刻%' OR GS35  LIKE '%砂皮%' OR GS35  LIKE '%走台印%' OR GS35  LIKE '%冲印%')
16:07:10.000 UPDATE R_PQP SET GS73='T' FROM R_PQI WHERE GS01=YQ03 AND  GS35 LIKE '%油漆%'  AND YQ139='1'
16:07:10.000 UPDATE R_PQP SET GS73='T' FROM R_PQAF WHERE GS01=AF002 AND GS07=AF015 AND GS02=AF084 AND GS08 ='Φ'+CONVERT(VARCHAR,CONVERT(FLOAT,AF022*10))+'*'+CONVERT(VARCHAR,CONVERT(FLOAT,AF020*10)) 
16:07:10.000 UPDATE R_PQP SET GS73='T' FROM R_PQU WHERE GS01=PQU01 AND GS07=PQU10 AND GS08=PQU12  
16:07:11.000 UPDATE R_PQP SET GS73='T' FROM R_PQS WHERE GS01=PJ01 AND GS56=PJ09 AND GS57=PJ89  
16:07:11.000 UPDATE R_PQP SET GS73='T' FROM R_PQT WHERE GS01=WX01 AND GS56=WX10 AND GS57=WX11 
16:07:11.000 WITH CET AS (select GS70,GS01,GS46,GS49,GS71,GS02,right(GS08,len(GS08) - charindex('*',GS08) ) a from R_PQP  WHERE GS70='R_338' AND GS73='F' ),CFT AS (SELECT GS70,GS01,GS46,GS49,GS71,GS02,right(a,LEN(a)-charindex('*',a)) GS08 FROM CET  ),CHT AS( SELECT DISTINCT GS70,GS01,GS46,GS49,GS71,GS02,CONVERT(FLOAT,CONVERT(DECIMAL(11,2),GS08)*1.0/10) GS08 FROM CFT  )SELECT GS70,GS01,GS46,GS49,GS71,GS02,CONVERT(VARCHAR,GS08) GS08,'' GS07,PQF13,PQF31 FROM CHT A INNER JOIN R_PQF B ON A.GS01=B.PQF01  WHERE (SELECT COUNT(1) FROM R_PQO WHERE GS01=JM90 AND GS02=JM09 AND CONVERT(VARCHAR,GS08)=CONVERT(VARCHAR,CONVERT(FLOAT,CONVERT(DECIMAL(11,4),JM96))))=0 and GS01 not in (SELECT JM90 FROM R_PQO WHERE JM116='1' )
16:07:11.000 从数据类型 nvarchar 转换为 numeric 时出错。
16:08:41.000 UPDATE R_PQP SET GS73='T' FROM R_PQQ WHERE GS01=CP01 AND GS35=CP09 AND (GS35  LIKE '%丝印%' OR GS35 LIKE '%雕刻%' OR GS35  LIKE '%砂皮%' OR GS35  LIKE '%走台印%' OR GS35  LIKE '%冲印%') 
16:08:41.000 UPDATE R_PQP SET GS73='T' FROM R_PQAH WHERE GS01=AH01 AND GS35=AH18 AND (GS35  LIKE '%丝印%' OR GS35 LIKE '%雕刻%' OR GS35  LIKE '%砂皮%' OR GS35  LIKE '%走台印%' OR GS35  LIKE '%冲印%')
16:08:41.000 UPDATE R_PQP SET GS73='T' FROM R_PQI WHERE GS01=YQ03 AND  GS35 LIKE '%油漆%'  AND YQ139='1'
16:08:41.000 UPDATE R_PQP SET GS73='T' FROM R_PQAF WHERE GS01=AF002 AND GS07=AF015 AND GS02=AF084 AND GS08 ='Φ'+CONVERT(VARCHAR,CONVERT(FLOAT,AF022*10))+'*'+CONVERT(VARCHAR,CONVERT(FLOAT,AF020*10)) 
16:08:41.000 UPDATE R_PQP SET GS73='T' FROM R_PQU WHERE GS01=PQU01 AND GS07=PQU10 AND GS08=PQU12  
16:08:42.000 UPDATE R_PQP SET GS73='T' FROM R_PQS WHERE GS01=PJ01 AND GS56=PJ09 AND GS57=PJ89  
16:08:42.000 UPDATE R_PQP SET GS73='T' FROM R_PQT WHERE GS01=WX01 AND GS56=WX10 AND GS57=WX11 
16:08:42.000 WITH CET AS (select GS70,GS01,GS46,GS49,GS71,GS02,right(GS08,len(GS08) - charindex('*',GS08) ) a from R_PQP  WHERE GS70='R_338' AND GS73='F' ),CFT AS (SELECT GS70,GS01,GS46,GS49,GS71,GS02,right(a,LEN(a)-charindex('*',a)) GS08 FROM CET  ),CHT AS( SELECT DISTINCT GS70,GS01,GS46,GS49,GS71,GS02,CONVERT(FLOAT,CONVERT(DECIMAL(11,2),GS08)*1.0/10) GS08 FROM CFT  )SELECT GS70,GS01,GS46,GS49,GS71,GS02,CONVERT(VARCHAR,GS08) GS08,'' GS07,PQF13,PQF31 FROM CHT A INNER JOIN R_PQF B ON A.GS01=B.PQF01  WHERE (SELECT COUNT(1) FROM R_PQO WHERE GS01=JM90 AND GS02=JM09 AND CONVERT(VARCHAR,GS08)=CONVERT(VARCHAR,CONVERT(FLOAT,CONVERT(DECIMAL(11,4),JM96))))=0 and GS01 not in (SELECT JM90 FROM R_PQO WHERE JM116='1' )
16:08:42.000 从数据类型 nvarchar 转换为 numeric 时出错。
16:10:18.000 UPDATE R_PQP SET GS73='T' FROM R_PQQ WHERE GS01=CP01 AND GS35=CP09 AND (GS35  LIKE '%丝印%' OR GS35 LIKE '%雕刻%' OR GS35  LIKE '%砂皮%' OR GS35  LIKE '%走台印%' OR GS35  LIKE '%冲印%') 
16:10:18.000 UPDATE R_PQP SET GS73='T' FROM R_PQAH WHERE GS01=AH01 AND GS35=AH18 AND (GS35  LIKE '%丝印%' OR GS35 LIKE '%雕刻%' OR GS35  LIKE '%砂皮%' OR GS35  LIKE '%走台印%' OR GS35  LIKE '%冲印%')
16:10:18.000 UPDATE R_PQP SET GS73='T' FROM R_PQI WHERE GS01=YQ03 AND  GS35 LIKE '%油漆%'  AND YQ139='1'
16:10:18.000 UPDATE R_PQP SET GS73='T' FROM R_PQAF WHERE GS01=AF002 AND GS07=AF015 AND GS02=AF084 AND GS08 ='Φ'+CONVERT(VARCHAR,CONVERT(FLOAT,AF022*10))+'*'+CONVERT(VARCHAR,CONVERT(FLOAT,AF020*10)) 
16:10:19.000 UPDATE R_PQP SET GS73='T' FROM R_PQU WHERE GS01=PQU01 AND GS07=PQU10 AND GS08=PQU12  
16:10:19.000 UPDATE R_PQP SET GS73='T' FROM R_PQS WHERE GS01=PJ01 AND GS56=PJ09 AND GS57=PJ89  
16:10:19.000 UPDATE R_PQP SET GS73='T' FROM R_PQT WHERE GS01=WX01 AND GS56=WX10 AND GS57=WX11 
16:10:20.000 WITH CET AS (select GS70,GS01,GS46,GS49,GS71,GS02,right(GS08,len(GS08) - charindex('*',GS08) ) a from R_PQP  WHERE GS70='R_338' AND GS73='F' ),CFT AS (SELECT GS70,GS01,GS46,GS49,GS71,GS02,right(a,LEN(a)-charindex('*',a)) GS08 FROM CET  ),CHT AS( SELECT DISTINCT GS70,GS01,GS46,GS49,GS71,GS02,CONVERT(FLOAT,CONVERT(DECIMAL(11,2),GS08)*1.0/10) GS08 FROM CFT  )SELECT GS70,GS01,GS46,GS49,GS71,GS02,CONVERT(VARCHAR,GS08) GS08,'' GS07,PQF13,PQF31 FROM CHT A INNER JOIN R_PQF B ON A.GS01=B.PQF01  WHERE (SELECT COUNT(1) FROM R_PQO WHERE GS01=JM90 AND GS02=JM09 AND CONVERT(VARCHAR,GS08)=CONVERT(VARCHAR,CONVERT(FLOAT,CONVERT(DECIMAL(11,4),JM96))))=0 and GS01 not in (SELECT JM90 FROM R_PQO WHERE JM116='1' )
16:10:20.000 从数据类型 nvarchar 转换为 numeric 时出错。
16:11:53.000 UPDATE R_PQP SET GS73='T' FROM R_PQQ WHERE GS01=CP01 AND GS35=CP09 AND (GS35  LIKE '%丝印%' OR GS35 LIKE '%雕刻%' OR GS35  LIKE '%砂皮%' OR GS35  LIKE '%走台印%' OR GS35  LIKE '%冲印%') 
16:11:53.000 UPDATE R_PQP SET GS73='T' FROM R_PQAH WHERE GS01=AH01 AND GS35=AH18 AND (GS35  LIKE '%丝印%' OR GS35 LIKE '%雕刻%' OR GS35  LIKE '%砂皮%' OR GS35  LIKE '%走台印%' OR GS35  LIKE '%冲印%')
16:11:53.000 UPDATE R_PQP SET GS73='T' FROM R_PQI WHERE GS01=YQ03 AND  GS35 LIKE '%油漆%'  AND YQ139='1'
16:11:53.000 UPDATE R_PQP SET GS73='T' FROM R_PQAF WHERE GS01=AF002 AND GS07=AF015 AND GS02=AF084 AND GS08 ='Φ'+CONVERT(VARCHAR,CONVERT(FLOAT,AF022*10))+'*'+CONVERT(VARCHAR,CONVERT(FLOAT,AF020*10)) 
16:11:53.000 UPDATE R_PQP SET GS73='T' FROM R_PQU WHERE GS01=PQU01 AND GS07=PQU10 AND GS08=PQU12  
16:11:53.000 UPDATE R_PQP SET GS73='T' FROM R_PQS WHERE GS01=PJ01 AND GS56=PJ09 AND GS57=PJ89  
16:11:54.000 UPDATE R_PQP SET GS73='T' FROM R_PQT WHERE GS01=WX01 AND GS56=WX10 AND GS57=WX11 
16:11:54.000 WITH CET AS (select GS70,GS01,GS46,GS49,GS71,GS02,right(GS08,len(GS08) - charindex('*',GS08) ) a from R_PQP  WHERE GS70='R_338' AND GS73='F' ),CFT AS (SELECT GS70,GS01,GS46,GS49,GS71,GS02,right(a,LEN(a)-charindex('*',a)) GS08 FROM CET  ),CHT AS( SELECT DISTINCT GS70,GS01,GS46,GS49,GS71,GS02,CONVERT(FLOAT,CONVERT(DECIMAL(11,2),GS08)*1.0/10) GS08 FROM CFT  )SELECT GS70,GS01,GS46,GS49,GS71,GS02,CONVERT(VARCHAR,GS08) GS08,'' GS07,PQF13,PQF31 FROM CHT A INNER JOIN R_PQF B ON A.GS01=B.PQF01  WHERE (SELECT COUNT(1) FROM R_PQO WHERE GS01=JM90 AND GS02=JM09 AND CONVERT(VARCHAR,GS08)=CONVERT(VARCHAR,CONVERT(FLOAT,CONVERT(DECIMAL(11,4),JM96))))=0 and GS01 not in (SELECT JM90 FROM R_PQO WHERE JM116='1' )
16:11:54.000 从数据类型 nvarchar 转换为 numeric 时出错。
16:12:20.000 SELECT AC18,AC10+ISNULL(AC27,0)-ISNULL(SUM(AD12+ISNULL(AD21,0)),0) AC10 FROM R_PQAC A LEFT JOIN R_PQAD B ON A.AC18=B.AD01 WHERE AC02=@AC02 AND AC04=@AC04 AND AC05=@AC05 GROUP BY AC10,AC18 HAVING AC10+ISNULL(AC27,0)-ISNULL(SUM(AD12+ISNULL(AD21,0)),0)>0
16:12:20.000 HAVING 子句中的列 'R_PQAC.AC27' 无效，因为该列没有包含在聚合函数或 GROUP BY 子句中。
16:12:20.000 SELECT AC18,AC10+ISNULL(AC27,0)-ISNULL(SUM(AD12+ISNULL(AD21,0)),0) AC10 FROM R_PQAC A LEFT JOIN R_PQAD B ON A.AC18=B.AD01 WHERE AC02=@AC02 AND AC04=@AC04 AND AC05=@AC05 GROUP BY AC10,AC18 HAVING AC10+ISNULL(AC27,0)-ISNULL(SUM(AD12+ISNULL(AD21,0)),0)>0
16:12:20.000 HAVING 子句中的列 'R_PQAC.AC27' 无效，因为该列没有包含在聚合函数或 GROUP BY 子句中。
16:12:21.000 SELECT AC18,AC10+ISNULL(AC27,0)-ISNULL(SUM(AD12+ISNULL(AD21,0)),0) AC10 FROM R_PQAC A LEFT JOIN R_PQAD B ON A.AC18=B.AD01 WHERE AC02=@AC02 AND AC04=@AC04 AND AC05=@AC05 GROUP BY AC10,AC18 HAVING AC10+ISNULL(AC27,0)-ISNULL(SUM(AD12+ISNULL(AD21,0)),0)>0
16:12:21.000 HAVING 子句中的列 'R_PQAC.AC27' 无效，因为该列没有包含在聚合函数或 GROUP BY 子句中。
16:12:21.000 SELECT AC18,AC10+ISNULL(AC27,0)-ISNULL(SUM(AD12+ISNULL(AD21,0)),0) AC10 FROM R_PQAC A LEFT JOIN R_PQAD B ON A.AC18=B.AD01 WHERE AC02=@AC02 AND AC04=@AC04 AND AC05=@AC05 GROUP BY AC10,AC18 HAVING AC10+ISNULL(AC27,0)-ISNULL(SUM(AD12+ISNULL(AD21,0)),0)>0
16:12:21.000 HAVING 子句中的列 'R_PQAC.AC27' 无效，因为该列没有包含在聚合函数或 GROUP BY 子句中。
16:12:30.000 SELECT AC18,AC10+ISNULL(AC27,0)-ISNULL(SUM(AD12+ISNULL(AD21,0)),0) AC10 FROM R_PQAC A LEFT JOIN R_PQAD B ON A.AC18=B.AD01 WHERE AC02=@AC02 AND AC04=@AC04 AND AC05=@AC05 GROUP BY AC10,AC18 HAVING AC10+ISNULL(AC27,0)-ISNULL(SUM(AD12+ISNULL(AD21,0)),0)>0
16:12:30.000 HAVING 子句中的列 'R_PQAC.AC27' 无效，因为该列没有包含在聚合函数或 GROUP BY 子句中。
16:12:30.000 SELECT AC18,AC10+ISNULL(AC27,0)-ISNULL(SUM(AD12+ISNULL(AD21,0)),0) AC10 FROM R_PQAC A LEFT JOIN R_PQAD B ON A.AC18=B.AD01 WHERE AC02=@AC02 AND AC04=@AC04 AND AC05=@AC05 GROUP BY AC10,AC18 HAVING AC10+ISNULL(AC27,0)-ISNULL(SUM(AD12+ISNULL(AD21,0)),0)>0
16:12:30.000 HAVING 子句中的列 'R_PQAC.AC27' 无效，因为该列没有包含在聚合函数或 GROUP BY 子句中。
16:12:44.000 SELECT AC18,AC10+ISNULL(AC27,0)-ISNULL(SUM(AD12+ISNULL(AD21,0)),0) AC10 FROM R_PQAC A LEFT JOIN R_PQAD B ON A.AC18=B.AD01 WHERE AC02=@AC02 AND AC04=@AC04 AND AC05=@AC05 GROUP BY AC10,AC18 HAVING AC10+ISNULL(AC27,0)-ISNULL(SUM(AD12+ISNULL(AD21,0)),0)>0
16:12:44.000 HAVING 子句中的列 'R_PQAC.AC27' 无效，因为该列没有包含在聚合函数或 GROUP BY 子句中。
16:14:29.000 UPDATE R_PQP SET GS73='T' FROM R_PQQ WHERE GS01=CP01 AND GS35=CP09 AND (GS35  LIKE '%丝印%' OR GS35 LIKE '%雕刻%' OR GS35  LIKE '%砂皮%' OR GS35  LIKE '%走台印%' OR GS35  LIKE '%冲印%') 
16:14:29.000 UPDATE R_PQP SET GS73='T' FROM R_PQAH WHERE GS01=AH01 AND GS35=AH18 AND (GS35  LIKE '%丝印%' OR GS35 LIKE '%雕刻%' OR GS35  LIKE '%砂皮%' OR GS35  LIKE '%走台印%' OR GS35  LIKE '%冲印%')
16:14:29.000 UPDATE R_PQP SET GS73='T' FROM R_PQI WHERE GS01=YQ03 AND  GS35 LIKE '%油漆%'  AND YQ139='1'
16:14:29.000 UPDATE R_PQP SET GS73='T' FROM R_PQAF WHERE GS01=AF002 AND GS07=AF015 AND GS02=AF084 AND GS08 ='Φ'+CONVERT(VARCHAR,CONVERT(FLOAT,AF022*10))+'*'+CONVERT(VARCHAR,CONVERT(FLOAT,AF020*10)) 
16:14:29.000 UPDATE R_PQP SET GS73='T' FROM R_PQU WHERE GS01=PQU01 AND GS07=PQU10 AND GS08=PQU12  
16:14:29.000 UPDATE R_PQP SET GS73='T' FROM R_PQS WHERE GS01=PJ01 AND GS56=PJ09 AND GS57=PJ89  
16:14:30.000 UPDATE R_PQP SET GS73='T' FROM R_PQT WHERE GS01=WX01 AND GS56=WX10 AND GS57=WX11 
16:14:30.000 WITH CET AS (select GS70,GS01,GS46,GS49,GS71,GS02,right(GS08,len(GS08) - charindex('*',GS08) ) a from R_PQP  WHERE GS70='R_338' AND GS73='F' ),CFT AS (SELECT GS70,GS01,GS46,GS49,GS71,GS02,right(a,LEN(a)-charindex('*',a)) GS08 FROM CET  ),CHT AS( SELECT DISTINCT GS70,GS01,GS46,GS49,GS71,GS02,CONVERT(FLOAT,CONVERT(DECIMAL(11,2),GS08)*1.0/10) GS08 FROM CFT  )SELECT GS70,GS01,GS46,GS49,GS71,GS02,CONVERT(VARCHAR,GS08) GS08,'' GS07,PQF13,PQF31 FROM CHT A INNER JOIN R_PQF B ON A.GS01=B.PQF01  WHERE (SELECT COUNT(1) FROM R_PQO WHERE GS01=JM90 AND GS02=JM09 AND CONVERT(VARCHAR,GS08)=CONVERT(VARCHAR,CONVERT(FLOAT,CONVERT(DECIMAL(11,4),JM96))))=0 and GS01 not in (SELECT JM90 FROM R_PQO WHERE JM116='1' )
16:14:30.000 从数据类型 nvarchar 转换为 numeric 时出错。
16:15:23.000 UPDATE R_PQP SET GS73='T' FROM R_PQQ WHERE GS01=CP01 AND GS35=CP09 AND (GS35  LIKE '%丝印%' OR GS35 LIKE '%雕刻%' OR GS35  LIKE '%砂皮%' OR GS35  LIKE '%走台印%' OR GS35  LIKE '%冲印%') 
16:15:24.000 UPDATE R_PQP SET GS73='T' FROM R_PQAH WHERE GS01=AH01 AND GS35=AH18 AND (GS35  LIKE '%丝印%' OR GS35 LIKE '%雕刻%' OR GS35  LIKE '%砂皮%' OR GS35  LIKE '%走台印%' OR GS35  LIKE '%冲印%')
16:15:24.000 UPDATE R_PQP SET GS73='T' FROM R_PQI WHERE GS01=YQ03 AND  GS35 LIKE '%油漆%'  AND YQ139='1'
16:15:24.000 UPDATE R_PQP SET GS73='T' FROM R_PQAF WHERE GS01=AF002 AND GS07=AF015 AND GS02=AF084 AND GS08 ='Φ'+CONVERT(VARCHAR,CONVERT(FLOAT,AF022*10))+'*'+CONVERT(VARCHAR,CONVERT(FLOAT,AF020*10)) 
16:15:24.000 UPDATE R_PQP SET GS73='T' FROM R_PQU WHERE GS01=PQU01 AND GS07=PQU10 AND GS08=PQU12  
16:15:24.000 UPDATE R_PQP SET GS73='T' FROM R_PQS WHERE GS01=PJ01 AND GS56=PJ09 AND GS57=PJ89  
16:15:25.000 UPDATE R_PQP SET GS73='T' FROM R_PQT WHERE GS01=WX01 AND GS56=WX10 AND GS57=WX11 
16:15:25.000 WITH CET AS (select GS70,GS01,GS46,GS49,GS71,GS02,right(GS08,len(GS08) - charindex('*',GS08) ) a from R_PQP  WHERE GS70='R_338' AND GS73='F' ),CFT AS (SELECT GS70,GS01,GS46,GS49,GS71,GS02,right(a,LEN(a)-charindex('*',a)) GS08 FROM CET  ),CHT AS( SELECT DISTINCT GS70,GS01,GS46,GS49,GS71,GS02,CONVERT(FLOAT,CONVERT(DECIMAL(11,2),GS08)*1.0/10) GS08 FROM CFT  )SELECT GS70,GS01,GS46,GS49,GS71,GS02,CONVERT(VARCHAR,GS08) GS08,'' GS07,PQF13,PQF31 FROM CHT A INNER JOIN R_PQF B ON A.GS01=B.PQF01  WHERE (SELECT COUNT(1) FROM R_PQO WHERE GS01=JM90 AND GS02=JM09 AND CONVERT(VARCHAR,GS08)=CONVERT(VARCHAR,CONVERT(FLOAT,CONVERT(DECIMAL(11,4),JM96))))=0 and GS01 not in (SELECT JM90 FROM R_PQO WHERE JM116='1' )
16:15:25.000 从数据类型 nvarchar 转换为 numeric 时出错。
16:16:18.000 UPDATE R_PQP SET GS73='T' FROM R_PQQ WHERE GS01=CP01 AND GS35=CP09 AND (GS35  LIKE '%丝印%' OR GS35 LIKE '%雕刻%' OR GS35  LIKE '%砂皮%' OR GS35  LIKE '%走台印%' OR GS35  LIKE '%冲印%') 
16:16:18.000 UPDATE R_PQP SET GS73='T' FROM R_PQAH WHERE GS01=AH01 AND GS35=AH18 AND (GS35  LIKE '%丝印%' OR GS35 LIKE '%雕刻%' OR GS35  LIKE '%砂皮%' OR GS35  LIKE '%走台印%' OR GS35  LIKE '%冲印%')
16:16:18.000 UPDATE R_PQP SET GS73='T' FROM R_PQI WHERE GS01=YQ03 AND  GS35 LIKE '%油漆%'  AND YQ139='1'
16:16:18.000 UPDATE R_PQP SET GS73='T' FROM R_PQAF WHERE GS01=AF002 AND GS07=AF015 AND GS02=AF084 AND GS08 ='Φ'+CONVERT(VARCHAR,CONVERT(FLOAT,AF022*10))+'*'+CONVERT(VARCHAR,CONVERT(FLOAT,AF020*10)) 
16:16:18.000 UPDATE R_PQP SET GS73='T' FROM R_PQU WHERE GS01=PQU01 AND GS07=PQU10 AND GS08=PQU12  
16:16:19.000 UPDATE R_PQP SET GS73='T' FROM R_PQS WHERE GS01=PJ01 AND GS56=PJ09 AND GS57=PJ89  
16:16:19.000 UPDATE R_PQP SET GS73='T' FROM R_PQT WHERE GS01=WX01 AND GS56=WX10 AND GS57=WX11 
16:16:20.000 WITH CET AS (select GS70,GS01,GS46,GS49,GS71,GS02,right(GS08,len(GS08) - charindex('*',GS08) ) a from R_PQP  WHERE GS70='R_338' AND GS73='F' ),CFT AS (SELECT GS70,GS01,GS46,GS49,GS71,GS02,right(a,LEN(a)-charindex('*',a)) GS08 FROM CET  ),CHT AS( SELECT DISTINCT GS70,GS01,GS46,GS49,GS71,GS02,CONVERT(FLOAT,CONVERT(DECIMAL(11,2),GS08)*1.0/10) GS08 FROM CFT  )SELECT GS70,GS01,GS46,GS49,GS71,GS02,CONVERT(VARCHAR,GS08) GS08,'' GS07,PQF13,PQF31 FROM CHT A INNER JOIN R_PQF B ON A.GS01=B.PQF01  WHERE (SELECT COUNT(1) FROM R_PQO WHERE GS01=JM90 AND GS02=JM09 AND CONVERT(VARCHAR,GS08)=CONVERT(VARCHAR,CONVERT(FLOAT,CONVERT(DECIMAL(11,4),JM96))))=0 and GS01 not in (SELECT JM90 FROM R_PQO WHERE JM116='1' )
16:16:20.000 从数据类型 nvarchar 转换为 numeric 时出错。
16:17:46.000 UPDATE R_PQP SET GS73='T' FROM R_PQQ WHERE GS01=CP01 AND GS35=CP09 AND (GS35  LIKE '%丝印%' OR GS35 LIKE '%雕刻%' OR GS35  LIKE '%砂皮%' OR GS35  LIKE '%走台印%' OR GS35  LIKE '%冲印%') 
16:17:46.000 UPDATE R_PQP SET GS73='T' FROM R_PQAH WHERE GS01=AH01 AND GS35=AH18 AND (GS35  LIKE '%丝印%' OR GS35 LIKE '%雕刻%' OR GS35  LIKE '%砂皮%' OR GS35  LIKE '%走台印%' OR GS35  LIKE '%冲印%')
16:17:47.000 UPDATE R_PQP SET GS73='T' FROM R_PQI WHERE GS01=YQ03 AND  GS35 LIKE '%油漆%'  AND YQ139='1'
16:17:47.000 UPDATE R_PQP SET GS73='T' FROM R_PQAF WHERE GS01=AF002 AND GS07=AF015 AND GS02=AF084 AND GS08 ='Φ'+CONVERT(VARCHAR,CONVERT(FLOAT,AF022*10))+'*'+CONVERT(VARCHAR,CONVERT(FLOAT,AF020*10)) 
16:17:47.000 UPDATE R_PQP SET GS73='T' FROM R_PQU WHERE GS01=PQU01 AND GS07=PQU10 AND GS08=PQU12  
16:17:47.000 UPDATE R_PQP SET GS73='T' FROM R_PQS WHERE GS01=PJ01 AND GS56=PJ09 AND GS57=PJ89  
16:17:47.000 UPDATE R_PQP SET GS73='T' FROM R_PQT WHERE GS01=WX01 AND GS56=WX10 AND GS57=WX11 
16:17:48.000 WITH CET AS (select GS70,GS01,GS46,GS49,GS71,GS02,right(GS08,len(GS08) - charindex('*',GS08) ) a from R_PQP  WHERE GS70='R_338' AND GS73='F' ),CFT AS (SELECT GS70,GS01,GS46,GS49,GS71,GS02,right(a,LEN(a)-charindex('*',a)) GS08 FROM CET  ),CHT AS( SELECT DISTINCT GS70,GS01,GS46,GS49,GS71,GS02,CONVERT(FLOAT,CONVERT(DECIMAL(11,2),GS08)*1.0/10) GS08 FROM CFT  )SELECT GS70,GS01,GS46,GS49,GS71,GS02,CONVERT(VARCHAR,GS08) GS08,'' GS07,PQF13,PQF31 FROM CHT A INNER JOIN R_PQF B ON A.GS01=B.PQF01  WHERE (SELECT COUNT(1) FROM R_PQO WHERE GS01=JM90 AND GS02=JM09 AND CONVERT(VARCHAR,GS08)=CONVERT(VARCHAR,CONVERT(FLOAT,CONVERT(DECIMAL(11,4),JM96))))=0 and GS01 not in (SELECT JM90 FROM R_PQO WHERE JM116='1' )
16:17:48.000 从数据类型 nvarchar 转换为 numeric 时出错。
16:29:34.000 UPDATE R_PQP SET GS73='T' FROM R_PQQ WHERE GS01=CP01 AND GS35=CP09 AND (GS35  LIKE '%丝印%' OR GS35 LIKE '%雕刻%' OR GS35  LIKE '%砂皮%' OR GS35  LIKE '%走台印%' OR GS35  LIKE '%冲印%') 
16:29:35.000 UPDATE R_PQP SET GS73='T' FROM R_PQAH WHERE GS01=AH01 AND GS35=AH18 AND (GS35  LIKE '%丝印%' OR GS35 LIKE '%雕刻%' OR GS35  LIKE '%砂皮%' OR GS35  LIKE '%走台印%' OR GS35  LIKE '%冲印%')
16:29:35.000 UPDATE R_PQP SET GS73='T' FROM R_PQI WHERE GS01=YQ03 AND  GS35 LIKE '%油漆%'  AND YQ139='1'
16:29:35.000 UPDATE R_PQP SET GS73='T' FROM R_PQAF WHERE GS01=AF002 AND GS07=AF015 AND GS02=AF084 AND GS08 ='Φ'+CONVERT(VARCHAR,CONVERT(FLOAT,AF022*10))+'*'+CONVERT(VARCHAR,CONVERT(FLOAT,AF020*10)) 
16:29:35.000 UPDATE R_PQP SET GS73='T' FROM R_PQU WHERE GS01=PQU01 AND GS07=PQU10 AND GS08=PQU12  
16:29:35.000 UPDATE R_PQP SET GS73='T' FROM R_PQS WHERE GS01=PJ01 AND GS56=PJ09 AND GS57=PJ89  
16:29:35.000 UPDATE R_PQP SET GS73='T' FROM R_PQT WHERE GS01=WX01 AND GS56=WX10 AND GS57=WX11 
16:29:36.000 WITH CET AS (select GS70,GS01,GS46,GS49,GS71,GS02,right(GS08,len(GS08) - charindex('*',GS08) ) a from R_PQP  WHERE GS70='R_338' AND GS73='F' ),CFT AS (SELECT GS70,GS01,GS46,GS49,GS71,GS02,right(a,LEN(a)-charindex('*',a)) GS08 FROM CET  ),CHT AS( SELECT DISTINCT GS70,GS01,GS46,GS49,GS71,GS02,CONVERT(FLOAT,CONVERT(DECIMAL(11,2),GS08)*1.0/10) GS08 FROM CFT  )SELECT GS70,GS01,GS46,GS49,GS71,GS02,CONVERT(VARCHAR,GS08) GS08,'' GS07,PQF13,PQF31 FROM CHT A INNER JOIN R_PQF B ON A.GS01=B.PQF01  WHERE (SELECT COUNT(1) FROM R_PQO WHERE GS01=JM90 AND GS02=JM09 AND CONVERT(VARCHAR,GS08)=CONVERT(VARCHAR,CONVERT(FLOAT,CONVERT(DECIMAL(11,4),JM96))))=0 and GS01 not in (SELECT JM90 FROM R_PQO WHERE JM116='1' )
16:29:36.000 从数据类型 nvarchar 转换为 numeric 时出错。
16:33:24.000 UPDATE R_PQP SET GS73='T' FROM R_PQQ WHERE GS01=CP01 AND GS35=CP09 AND (GS35  LIKE '%丝印%' OR GS35 LIKE '%雕刻%' OR GS35  LIKE '%砂皮%' OR GS35  LIKE '%走台印%' OR GS35  LIKE '%冲印%') 
16:33:24.000 UPDATE R_PQP SET GS73='T' FROM R_PQAH WHERE GS01=AH01 AND GS35=AH18 AND (GS35  LIKE '%丝印%' OR GS35 LIKE '%雕刻%' OR GS35  LIKE '%砂皮%' OR GS35  LIKE '%走台印%' OR GS35  LIKE '%冲印%')
16:33:24.000 UPDATE R_PQP SET GS73='T' FROM R_PQI WHERE GS01=YQ03 AND  GS35 LIKE '%油漆%'  AND YQ139='1'
16:33:24.000 UPDATE R_PQP SET GS73='T' FROM R_PQAF WHERE GS01=AF002 AND GS07=AF015 AND GS02=AF084 AND GS08 ='Φ'+CONVERT(VARCHAR,CONVERT(FLOAT,AF022*10))+'*'+CONVERT(VARCHAR,CONVERT(FLOAT,AF020*10)) 
16:33:24.000 UPDATE R_PQP SET GS73='T' FROM R_PQU WHERE GS01=PQU01 AND GS07=PQU10 AND GS08=PQU12  
16:33:25.000 UPDATE R_PQP SET GS73='T' FROM R_PQS WHERE GS01=PJ01 AND GS56=PJ09 AND GS57=PJ89  
16:33:25.000 UPDATE R_PQP SET GS73='T' FROM R_PQT WHERE GS01=WX01 AND GS56=WX10 AND GS57=WX11 
16:33:25.000 WITH CET AS (select GS70,GS01,GS46,GS49,GS71,GS02,right(GS08,len(GS08) - charindex('*',GS08) ) a from R_PQP  WHERE GS70='R_338' AND GS73='F' ),CFT AS (SELECT GS70,GS01,GS46,GS49,GS71,GS02,right(a,LEN(a)-charindex('*',a)) GS08 FROM CET  ),CHT AS( SELECT DISTINCT GS70,GS01,GS46,GS49,GS71,GS02,CONVERT(FLOAT,CONVERT(DECIMAL(11,2),GS08)*1.0/10) GS08 FROM CFT  )SELECT GS70,GS01,GS46,GS49,GS71,GS02,CONVERT(VARCHAR,GS08) GS08,'' GS07,PQF13,PQF31 FROM CHT A INNER JOIN R_PQF B ON A.GS01=B.PQF01  WHERE (SELECT COUNT(1) FROM R_PQO WHERE GS01=JM90 AND GS02=JM09 AND CONVERT(VARCHAR,GS08)=CONVERT(VARCHAR,CONVERT(FLOAT,CONVERT(DECIMAL(11,4),JM96))))=0 and GS01 not in (SELECT JM90 FROM R_PQO WHERE JM116='1' )
16:33:25.000 从数据类型 nvarchar 转换为 numeric 时出错。
